 KPT            1  SPIN            1  KWEIGHT    1.0000000000000000     
     1   -20.186  2.00000
     2   -19.826  2.00000
     3   -19.825  2.00000
     4   -19.825  2.00000
     5   -19.824  2.00000
     6   -19.824  2.00000
     7   -19.824  2.00000
     8   -19.019  2.00000
     9   -19.019  2.00000
    10   -18.889  2.00000
    11   -18.870  2.00000
    12   -18.870  2.00000
    13   -18.818  2.00000
    14   -18.818  2.00000
    15   -18.779  2.00000
    16   -18.778  2.00000
    17   -18.773  2.00000
    18   -18.767  2.00000
    19   -18.737  2.00000
    20   -18.654  2.00000
    21   -18.654  2.00000
    22   -18.645  2.00000
    23   -18.565  2.00000
    24   -18.565  2.00000
    25   -18.423  2.00000
    26   -18.423  2.00000
    27   -18.390  2.00000
    28   -18.390  2.00000
    29   -18.360  2.00000
    30   -18.300  2.00000
    31   -18.277  2.00000
    32   -18.212  2.00000
    33   -18.181  2.00000
    34   -18.181  2.00000
    35   -18.068  2.00000
    36   -18.068  2.00000
    37   -17.865  2.00000
    38   -17.865  2.00000
    39   -17.858  2.00000
    40   -17.858  2.00000
    41   -17.846  2.00000
    42   -17.823  2.00000
    43   -17.596  2.00000
    44   -17.596  2.00000
    45   -17.586  2.00000
    46   -17.509  2.00000
    47   -17.331  2.00000
    48   -17.331  2.00000
    49   -17.282  2.00000
    50   -17.282  2.00000
    51   -17.236  2.00000
    52   -16.990  2.00000
    53   -16.985  2.00000
    54   -16.985  2.00000
    55   -16.863  2.00000
    56   -16.807  2.00000
    57   -16.807  2.00000
    58   -16.663  2.00000
    59   -16.617  2.00000
    60   -16.617  2.00000
    61   -16.343  2.00000
    62   -16.313  2.00000
    63   -16.313  2.00000
    64   -16.275  2.00000
    65   -16.275  2.00000
    66   -16.249  2.00000
    67   -16.238  2.00000
    68   -16.113  2.00000
    69   -16.112  2.00000
    70   -15.189  2.00000
    71   -15.189  2.00000
    72   -15.002  2.00000
    73   -14.944  2.00000
    74   -14.944  2.00000
    75   -14.870  2.00000
    76   -14.856  2.00000
    77   -14.855  2.00000
    78   -14.834  2.00000
    79   -14.519  2.00000
    80   -14.519  2.00000
    81   -14.490  2.00000
    82   -14.490  2.00000
    83   -14.483  2.00000
    84   -14.345  2.00000
    85   -14.190  2.00000
    86   -14.174  2.00000
    87   -14.173  2.00000
    88   -13.918  2.00000
    89   -13.868  2.00000
    90   -13.868  2.00000
    91   -13.773  2.00000
    92   -13.773  2.00000
    93   -13.629  2.00000
    94   -13.614  2.00000
    95   -13.614  2.00000
    96   -13.322  2.00000
    97   -13.118  2.00000
    98   -13.004  2.00000
    99   -13.004  2.00000
   100   -12.987  2.00000
   101   -12.856  2.00000
   102   -12.856  2.00000
   103   -12.669  2.00000
   104   -12.669  2.00000
   105   -12.551  2.00000
   106   -12.551  2.00000
   107   -12.537  2.00000
   108   -12.246  2.00000
   109   -12.091  2.00000
   110   -12.036  2.00000
   111   -12.000  2.00000
   112   -12.000  2.00000
   113   -11.731  2.00000
   114   -11.731  2.00000
   115   -11.698  2.00000
   116   -11.698  2.00000
   117   -11.548  2.00000
   118   -11.548  2.00000
   119   -11.478  2.00000
   120   -11.397  2.00000
   121   -11.368  2.00000
   122   -11.248  2.00000
   123   -11.172  2.00000
   124   -11.172  2.00000
   125   -11.162  2.00000
   126   -11.112  2.00000
   127   -11.112  2.00000
   128   -10.967  2.00000
   129   -10.966  2.00000
   130   -10.966  2.00000
   131   -10.925  2.00000
   132   -10.925  2.00000
   133   -10.877  2.00000
   134   -10.842  2.00000
   135   -10.716  2.00000
   136   -10.715  2.00000
   137   -10.715  2.00000
   138   -10.714  2.00000
   139   -10.714  2.00000
   140   -10.714  2.00000
   141   -10.399  2.00000
   142   -10.399  2.00000
   143   -10.334  2.00000
   144   -10.103  2.00000
   145   -10.085  2.00000
   146   -10.085  2.00000
   147   -10.051  2.00000
   148   -10.050  2.00000
   149   -10.034  2.00000
   150    -9.991  2.00000
   151    -9.988  2.00000
   152    -9.988  2.00000
   153    -9.981  2.00000
   154    -9.981  2.00000
   155    -9.977  2.00000
   156    -9.901  2.00000
   157    -9.900  2.00000
   158    -9.899  2.00000
   159    -9.895  2.00000
   160    -9.894  2.00000
   161    -9.894  2.00000
   162    -9.601  2.00000
   163    -9.600  2.00000
   164    -9.454  2.00000
   165    -9.454  2.00000
   166    -9.433  2.00000
   167    -9.410  2.00000
   168    -9.410  2.00000
   169    -9.371  2.00000
   170    -9.356  2.00000
   171    -9.356  2.00000
   172    -9.335  2.00000
   173    -9.335  2.00000
   174    -9.326  2.00000
   175    -9.326  2.00000
   176    -9.321  2.00000
   177    -9.321  2.00000
   178    -9.320  2.00000
   179    -9.318  2.00000
   180    -9.300  2.00000
   181    -9.295  2.00000
   182    -9.295  2.00000
   183    -9.285  2.00000
   184    -9.268  2.00000
   185    -9.226  2.00000
   186    -9.226  2.00000
   187    -9.210  2.00000
   188    -9.051  2.00000
   189    -9.051  2.00000
   190    -9.038  2.00000
   191    -8.931  2.00000
   192    -8.930  2.00000
   193    -8.917  2.00000
   194    -8.871  2.00000
   195    -8.871  2.00000
   196    -8.827  2.00000
   197    -8.827  2.00000
   198    -8.781  2.00000
   199    -8.780  2.00000
   200    -8.779  2.00000
   201    -8.743  2.00000
   202    -8.722  2.00000
   203    -8.721  2.00000
   204    -8.719  2.00000
   205    -8.718  2.00000
   206    -8.706  2.00000
   207    -8.703  2.00000
   208    -8.703  2.00000
   209    -8.659  2.00000
   210    -8.597  2.00000
   211    -8.592  2.00000
   212    -8.562  2.00000
   213    -8.511  2.00000
   214    -8.510  2.00000
   215    -8.432  2.00000
   216    -8.432  2.00000
   217    -8.402  2.00000
   218    -8.399  2.00000
   219    -8.389  2.00000
   220    -8.387  2.00000
   221    -8.376  2.00000
   222    -8.372  2.00000
   223    -8.371  2.00000
   224    -8.367  2.00000
   225    -8.367  2.00000
   226    -8.364  2.00000
   227    -8.237  2.00000
   228    -8.236  2.00000
   229    -8.043  2.00000
   230    -8.043  2.00000
   231    -8.002  2.00000
   232    -8.001  2.00000
   233    -8.001  2.00000
   234    -7.925  2.00000
   235    -7.624  2.00000
   236    -7.583  2.00000
   237    -7.582  2.00000
   238    -7.564  2.00000
   239    -7.481  2.00000
   240    -7.471  2.00000
   241    -7.471  2.00000
   242    -7.458  2.00000
   243    -7.457  2.00000
   244    -7.443  2.00000
   245    -7.443  2.00000
   246    -7.428  2.00000
   247    -7.420  2.00000
   248    -7.419  2.00000
   249    -7.377  2.00000
   250    -7.369  2.00000
   251    -7.306  2.00000
   252    -7.306  2.00000
   253    -7.262  2.00000
   254    -7.262  2.00000
   255    -7.232  2.00000
   256    -6.850  2.00000
   257    -6.850  2.00000
   258    -6.764  2.00000
   259    -6.697  2.00000
   260    -6.559  2.00000
   261    -6.558  2.00000
   262    -6.468  2.00000
   263    -6.369  2.00000
   264    -6.368  2.00000
   265    -6.187  2.00000
   266    -6.167  2.00000
   267    -6.167  2.00000
   268    -6.133  2.00000
   269    -6.133  2.00000
   270    -6.128  2.00000
   271    -6.128  2.00000
   272    -6.112  2.00000
   273    -6.111  2.00000
   274    -6.107  2.00000
   275    -6.073  2.00000
   276    -6.042  2.00000
   277    -5.956  2.00000
   278    -5.956  2.00000
   279    -5.895  2.00000
   280    -5.867  2.00000
   281    -5.813  2.00000
   282    -5.813  2.00000
   283    -5.768  2.00000
   284    -5.602  2.00000
   285    -5.602  2.00000
   286    -3.692  0.00000
   287    -3.692  0.00000
   288    -3.408  0.00000
   289    -3.375  0.00000
   290    -3.375  0.00000
   291    -3.332  0.00000
   292    -3.258  0.00000
   293    -3.258  0.00000
   294    -3.243  0.00000
   295    -2.679  0.00000
   296    -2.678  0.00000
   297    -2.629  0.00000
   298    -2.606  0.00000
   299    -2.605  0.00000
   300    -2.601  0.00000
   301    -2.600  0.00000
   302    -2.599  0.00000
   303    -2.594  0.00000
   304    -2.558  0.00000
   305    -2.558  0.00000
   306    -2.546  0.00000
   307    -2.542  0.00000
   308    -2.539  0.00000
   309    -2.501  0.00000
   310    -2.471  0.00000
   311    -2.449  0.00000
   312    -2.274  0.00000
   313    -2.182  0.00000
   314    -1.955  0.00000
   315    -1.954  0.00000
   316    -1.457  0.00000
   317    -1.375  0.00000
   318    -1.375  0.00000
   319    -1.343  0.00000
   320    -1.343  0.00000
   321    -1.020  0.00000
   322    -1.020  0.00000
   323    -1.017  0.00000
   324    -0.409  0.00000
   325    -0.236  0.00000
   326    -0.221  0.00000
   327    -0.192  0.00000
   328    -0.192  0.00000
   329    -0.168  0.00000
   330    -0.168  0.00000
   331    -0.152  0.00000
   332    -0.151  0.00000
   333    -0.100  0.00000
   334    -0.099  0.00000
   335    -0.079  0.00000
   336    -0.077  0.00000
   337    -0.005  0.00000
   338     0.041  0.00000
   339     0.043  0.00000
   340     0.289  0.00000
   341     0.322  0.00000
   342     0.322  0.00000
   343     0.703  0.00000
   344     0.703  0.00000
   345     0.944  0.00000
   346     0.944  0.00000
   347     1.044  0.00000
   348     1.434  0.00000
   349     1.659  0.00000
   350     1.812  0.00000
   351     1.812  0.00000
   352     2.340  0.00000
   353     2.342  0.00000
   354     2.493  0.00000
   355     2.523  0.00000
   356     2.524  0.00000
   357     2.556  0.00000
   358     2.557  0.00000
   359     2.566  0.00000
   360     2.567  0.00000
   361     2.588  0.00000
   362     2.588  0.00000
   363     2.618  0.00000
   364     2.644  0.00000
   365     2.675  0.00000
   366     2.909  0.00000
   367     2.934  0.00000
   368     3.008  0.00000
   369     3.008  0.00000
   370     3.251  0.00000
   371     3.251  0.00000
   372     3.277  0.00000
   373     3.839  0.00000
   374     3.840  0.00000
   375     4.008  0.00000
   376     4.009  0.00000
   377     4.105  0.00000
   378     4.258  0.00000
   379     4.780  0.00000
   380     4.794  0.00000
   381     4.794  0.00000
   382     4.819  0.00000
   383     4.819  0.00000
   384     4.832  0.00000
   385     4.848  0.00000
   386     4.849  0.00000
   387     4.851  0.00000
   388     4.852  0.00000
   389     4.887  0.00000
   390     4.891  0.00000
   391     5.015  0.00000
   392     5.016  0.00000
   393     5.041  0.00000
   394     5.051  0.00000
   395     5.052  0.00000
   396     5.131  0.00000
   397     5.203  0.00000
   398     5.206  0.00000
   399     5.207  0.00000
   400     5.312  0.00000
   401     5.313  0.00000
   402     5.510  0.00000
   403     8.413  0.00000
   404     8.417  0.00000
   405     8.418  0.00000
   406     8.427  0.00000
   407     8.428  0.00000
   408     8.432  0.00000
   409     9.794  0.00000
   410     9.822  0.00000
   411     9.824  0.00000
   412     9.895  0.00000
   413     9.898  0.00000
   414     9.921  0.00000
   415     9.951  0.00000
   416    10.279  0.00000
   417    10.358  0.00000
   418    10.360  0.00000
   419    10.401  0.00000
   420    10.406  0.00000
   421    10.661  0.00000
   422    10.889  0.00000
   423    10.891  0.00000
   424    11.425  0.00000
   425    11.505  0.00000
   426    11.508  0.00000
   427    11.802  0.00000
   428    11.830  0.00000
   429    11.831  0.00000
   430    12.452  0.00000
   431    12.461  0.00000
   432    12.465  0.00000
   433    12.598  0.00000
   434    12.806  0.00000
   435    12.809  0.00000
   436    13.473  0.00000
   437    13.485  0.00000
   438    13.486  0.00000
   439    13.516  0.00000
   440    13.517  0.00000
   441    13.715  0.00000
   442    13.730  0.00000
   443    13.858  0.00000
   444    13.860  0.00000
   445    14.542  0.00000
   446    14.743  0.00000
   447    14.746  0.00000
   448    14.917  0.00000
   449    15.008  0.00000
   450    15.011  0.00000
   451    15.893  0.00000
   452    15.898  0.00000
   453    16.082  0.00000
   454    16.277  0.00000
   455    16.542  0.00000
   456    16.546  0.00000
   457    17.566  0.00000
   458    17.569  0.00000
   459    17.648  0.00000
   460    17.807  0.00000
   461    17.812  0.00000
   462    18.336  0.00000
   463    18.338  0.00000
   464    18.424  0.00000
   465    18.435  0.00000
   466    18.437  0.00000
   467    18.560  0.00000
   468    18.591  0.00000
   469    18.656  0.00000
   470    18.660  0.00000
   471    18.663  0.00000
   472    18.673  0.00000
   473    18.675  0.00000
   474    18.780  0.00000
   475    18.849  0.00000
   476    18.849  0.00000
   477    19.100  0.00000
   478    19.296  0.00000
   479    19.299  0.00000
   480    19.680  0.00000
   481    19.681  0.00000
   482    19.691  0.00000
   483    20.429  0.00000
   484    20.430  0.00000
   485    20.606  0.00000
   486    20.922  0.00000
   487    20.983  0.00000
   488    20.986  0.00000
   489    21.122  0.00000
   490    21.133  0.00000
   491    21.134  0.00000
   492    21.474  0.00000
   493    21.480  0.00000
   494    21.572  0.00000
   495    21.573  0.00000
   496    21.612  0.00000
   497    22.989  0.00000
   498    23.136  0.00000
   499    23.139  0.00000
   500    23.156  0.00000
   501    23.214  0.00000
   502    23.370  0.00000
   503    23.373  0.00000
   504    23.470  0.00000
   505    23.615  0.00000
   506    23.617  0.00000
   507    23.622  0.00000
   508    23.625  0.00000
   509    23.925  0.00000
   510    24.639  0.00000
   511    24.642  0.00000
   512    24.643  0.00000
   513    24.649  0.00000
   514    24.650  0.00000
   515    24.654  0.00000
   516    26.872  0.00000
   517    28.096  0.00000
   518    28.112  0.00000
   519    28.113  0.00000
   520    28.143  0.00000
   521    28.144  0.00000
   522    28.161  0.00000
   523    46.078  0.00000
   524    46.182  0.00000
   525    46.185  0.00000
   526    46.281  0.00000
   527    46.284  0.00000
   528    46.336  0.00000
   529    46.361  0.00000
   530    46.397  0.00000
   531    46.398  0.00000
   532    46.414  0.00000
   533    46.419  0.00000
   534    46.432  0.00000
   535    52.329  0.00000
   536    52.432  0.00000
   537    52.443  0.00000
   538    52.446  0.00000
   539    52.459  0.00000
   540    52.464  0.00000
   541    52.628  0.00000
   542    52.692  0.00000
   543    52.697  0.00000
   544    52.862  0.00000
   545    52.868  0.00000
   546    52.960  0.00000
   547    59.075  0.00000
   548    59.191  0.00000
   549    59.195  0.00000
   550    59.320  0.00000
   551    59.324  0.00000
   552    59.374  0.00000
   553    59.459  0.00000
   554    59.507  0.00000
   555    59.511  0.00000
   556    59.563  0.00000
   557    59.572  0.00000
   558    59.606  0.00000
   559    64.518  0.00000
   560    64.523  0.00000
   561    64.524  0.00000
   562    64.537  0.00000
   563    64.541  0.00000
   564    64.552  0.00000
   565    64.603  0.00000
   566    64.656  0.00000
   567    64.665  0.00000
   568    64.720  0.00000
   569    64.730  0.00000
   570    64.753  0.00000

