 Fermi distribution function

Calculation with static geometry


********************************************************************************
 iSCC Total electronic   Diff electronic      SCC error    
  153   -0.24828081E+03   -0.13642421E-11    0.97347379E-05
********************************************************************************

 Total charge:    -0.00000000

 Atomic gross charges (e)
 Atom           Charge
    1       0.05961641
    2       0.05964721
    3       0.05966667
    4       0.05963707
    5       0.05965235
    6       0.05964923
    7      -0.06805142
    8       0.00675042
    9      -0.00264632
   10      -0.00139228
   11      -0.00663174
   12       0.00205738
   13       0.00056577
   14      -0.06812173
   15       0.06810235
   16      -0.06805305
   17       0.00673907
   18      -0.00265025
   19      -0.00139167
   20      -0.00663538
   21       0.00205642
   22       0.00056332
   23      -0.06811800
   24       0.06811600
   25      -0.06804833
   26       0.00674425
   27      -0.00264343
   28      -0.00139469
   29      -0.00662519
   30       0.00204669
   31       0.00058443
   32      -0.06813713
   33       0.06807853
   34      -0.06804667
   35       0.00674061
   36      -0.00264604
   37      -0.00139389
   38      -0.00663094
   39       0.00205494
   40       0.00057132
   41      -0.06812901
   42       0.06811342
   43      -0.06805122
   44       0.00673837
   45      -0.00265611
   46      -0.00139022
   47      -0.00663840
   48       0.00205762
   49       0.00055281
   50      -0.06809952
   51       0.06814062
   52      -0.06805101
   53       0.00674975
   54      -0.00264345
   55      -0.00139811
   56      -0.00662152
   57       0.00204807
   58       0.00059290
   59      -0.06815080
   60       0.06809797
   61       0.09229730
   62      -0.09673406
   63      -0.07169393
   64      -0.09671140
   65       0.09229513
   66       0.09226966
   67      -0.09672385
   68      -0.07169061
   69      -0.09674292
   70       0.09231790
   71       0.09228714
   72      -0.09672049
   73      -0.07169870
   74      -0.09674296
   75       0.09230712
   76       0.09228758
   77       0.09231034
   78      -0.09676295
   79      -0.07168326
   80      -0.09677695
   81       0.09226160
   82      -0.09670337
   83      -0.07168748
   84      -0.09671257
   85       0.09230290
   86       0.09228212
   87      -0.09669379
   88      -0.07166802
   89      -0.09673656
   90       0.09228915
   91       0.08943515
   92       0.08946699
   93       0.08943520
   94       0.08944484
   95       0.08303873
   96       0.08945200
   97      -0.07572521
   98       0.08943516
   99       0.08302676
  100       0.08944684
  101       0.08946057
  102       0.08304849
  103       0.08944235
  104       0.08945525
  105       0.08302486
  106       0.08301121
  107       0.08944957
  108       0.08302540
  109      -0.07573216
  110      -0.00195468
  111      -0.00179842
  112      -0.00631780
  113      -0.00631610
  114      -0.00180007
  115      -0.00190536
  116      -0.07577191
  117      -0.07577188
  118      -0.00191644
  119      -0.00179939
  120      -0.00178665
  121      -0.00202634
  122      -0.07566732
  123      -0.00631039
  124      -0.00634580
  125      -0.07573113
  126      -0.00197475
  127      -0.00179794
  128      -0.00632556
  129      -0.00634872
  130      -0.00205786
  131      -0.07565197
  132      -0.00178351
  133      -0.07569803
  134      -0.00199773
  135      -0.00178804
  136      -0.00633831
  137      -0.00632336
  138      -0.00180429
  139      -0.00198373
  140      -0.07570826
  141      -0.07576809
  142      -0.00191996
  143      -0.00180454
  144      -0.00631557
  145      -0.00633567
  146      -0.00178705
  147      -0.00199415
  148      -0.07570405
  149      -0.07573248
  150      -0.00196810
  151      -0.00179479
  152      -0.00633165
  153      -0.00631843
  154      -0.00179954
  155      -0.00197811
  156       0.08944335

Nr. of electrons (up):    570.00000000
Atom populations (up)
 Atom       Population
    1       3.94038359
    2       3.94035279
    3       3.94033333
    4       3.94036293
    5       3.94034765
    6       3.94035077
    7       4.06805142
    8       3.99324958
    9       4.00264632
   10       4.00139228
   11       4.00663174
   12       3.99794262
   13       3.99943423
   14       4.06812173
   15       3.93189765
   16       4.06805305
   17       3.99326093
   18       4.00265025
   19       4.00139167
   20       4.00663538
   21       3.99794358
   22       3.99943668
   23       4.06811800
   24       3.93188400
   25       4.06804833
   26       3.99325575
   27       4.00264343
   28       4.00139469
   29       4.00662519
   30       3.99795331
   31       3.99941557
   32       4.06813713
   33       3.93192147
   34       4.06804667
   35       3.99325939
   36       4.00264604
   37       4.00139389
   38       4.00663094
   39       3.99794506
   40       3.99942868
   41       4.06812901
   42       3.93188658
   43       4.06805122
   44       3.99326163
   45       4.00265611
   46       4.00139022
   47       4.00663840
   48       3.99794238
   49       3.99944719
   50       4.06809952
   51       3.93185938
   52       4.06805101
   53       3.99325025
   54       4.00264345
   55       4.00139811
   56       4.00662152
   57       3.99795193
   58       3.99940710
   59       4.06815080
   60       3.93190203
   61       3.90770270
   62       4.09673406
   63       4.07169393
   64       4.09671140
   65       3.90770487
   66       3.90773034
   67       4.09672385
   68       4.07169061
   69       4.09674292
   70       3.90768210
   71       3.90771286
   72       4.09672049
   73       4.07169870
   74       4.09674296
   75       3.90769288
   76       3.90771242
   77       3.90768966
   78       4.09676295
   79       4.07168326
   80       4.09677695
   81       3.90773840
   82       4.09670337
   83       4.07168748
   84       4.09671257
   85       3.90769710
   86       3.90771788
   87       4.09669379
   88       4.07166802
   89       4.09673656
   90       3.90771085
   91       0.91056485
   92       0.91053301
   93       0.91056480
   94       0.91055516
   95       0.91696127
   96       0.91054800
   97       4.07572521
   98       0.91056484
   99       0.91697324
  100       0.91055316
  101       0.91053943
  102       0.91695151
  103       0.91055765
  104       0.91054475
  105       0.91697514
  106       0.91698879
  107       0.91055043
  108       0.91697460
  109       4.07573216
  110       4.00195468
  111       4.00179842
  112       4.00631780
  113       4.00631610
  114       4.00180007
  115       4.00190536
  116       4.07577191
  117       4.07577188
  118       4.00191644
  119       4.00179939
  120       4.00178665
  121       4.00202634
  122       4.07566732
  123       4.00631039
  124       4.00634580
  125       4.07573113
  126       4.00197475
  127       4.00179794
  128       4.00632556
  129       4.00634872
  130       4.00205786
  131       4.07565197
  132       4.00178351
  133       4.07569803
  134       4.00199773
  135       4.00178804
  136       4.00633831
  137       4.00632336
  138       4.00180429
  139       4.00198373
  140       4.07570826
  141       4.07576809
  142       4.00191996
  143       4.00180454
  144       4.00631557
  145       4.00633567
  146       4.00178705
  147       4.00199415
  148       4.07570405
  149       4.07573248
  150       4.00196810
  151       4.00179479
  152       4.00633165
  153       4.00631843
  154       4.00179954
  155       4.00197811
  156       0.91055665

l-shell populations (up)
 Atom Sh.   l       Population
    1   1   0       1.17155417
    1   2   1       2.76882942
    2   1   0       1.17156695
    2   2   1       2.76878584
    3   1   0       1.17155881
    3   2   1       2.76877452
    4   1   0       1.17154645
    4   2   1       2.76881648
    5   1   0       1.17158791
    5   2   1       2.76875975
    6   1   0       1.17158435
    6   2   1       2.76876642
    7   1   0       1.20058932
    7   2   1       2.86746210
    8   1   0       1.15739778
    8   2   1       2.83585180
    9   1   0       1.16231699
    9   2   1       2.84032933
   10   1   0       1.16118688
   10   2   1       2.84020540
   11   1   0       1.16095946
   11   2   1       2.84567227
   12   1   0       1.16270042
   12   2   1       2.83524220
   13   1   0       1.15742417
   13   2   1       2.84201006
   14   1   0       1.20386617
   14   2   1       2.86425556
   15   1   0       1.17195275
   15   2   1       2.75994490
   16   1   0       1.20056216
   16   2   1       2.86749089
   17   1   0       1.15736185
   17   2   1       2.83589908
   18   1   0       1.16228620
   18   2   1       2.84036405
   19   1   0       1.16115271
   19   2   1       2.84023896
   20   1   0       1.16092809
   20   2   1       2.84570729
   21   1   0       1.16267084
   21   2   1       2.83527273
   22   1   0       1.15738594
   22   2   1       2.84205075
   23   1   0       1.20384210
   23   2   1       2.86427590
   24   1   0       1.17194984
   24   2   1       2.75993416
   25   1   0       1.20059388
   25   2   1       2.86745444
   26   1   0       1.15739970
   26   2   1       2.83585605
   27   1   0       1.16232475
   27   2   1       2.84031868
   28   1   0       1.16119164
   28   2   1       2.84020305
   29   1   0       1.16096784
   29   2   1       2.84565735
   30   1   0       1.16271300
   30   2   1       2.83524031
   31   1   0       1.15742637
   31   2   1       2.84198919
   32   1   0       1.20387382
   32   2   1       2.86426331
   33   1   0       1.17195920
   33   2   1       2.75996227
   34   1   0       1.20057209
   34   2   1       2.86747458
   35   1   0       1.15737376
   35   2   1       2.83588564
   36   1   0       1.16229737
   36   2   1       2.84034868
   37   1   0       1.16116184
   37   2   1       2.84023205
   38   1   0       1.16093682
   38   2   1       2.84569412
   39   1   0       1.16267863
   39   2   1       2.83526643
   40   1   0       1.15740128
   40   2   1       2.84202740
   41   1   0       1.20386291
   41   2   1       2.86426609
   42   1   0       1.17195562
   42   2   1       2.75993096
   43   1   0       1.20056741
   43   2   1       2.86748381
   44   1   0       1.15736991
   44   2   1       2.83589172
   45   1   0       1.16229759
   45   2   1       2.84035852
   46   1   0       1.16115595
   46   2   1       2.84023427
   47   1   0       1.16093127
   47   2   1       2.84570712
   48   1   0       1.16267670
   48   2   1       2.83526568
   49   1   0       1.15739109
   49   2   1       2.84205610
   50   1   0       1.20384154
   50   2   1       2.86425798
   51   1   0       1.17195917
   51   2   1       2.75990020
   52   1   0       1.20059630
   52   2   1       2.86745471
   53   1   0       1.15740606
   53   2   1       2.83584418
   54   1   0       1.16233019
   54   2   1       2.84031326
   55   1   0       1.16119775
   55   2   1       2.84020036
   56   1   0       1.16096637
   56   2   1       2.84565515
   57   1   0       1.16270474
   57   2   1       2.83524718
   58   1   0       1.15742917
   58   2   1       2.84197793
   59   1   0       1.20389189
   59   2   1       2.86425892
   60   1   0       1.17197230
   60   2   1       2.75992973
   61   1   0       1.16461571
   61   2   1       2.74308699
   62   1   0       1.23097011
   62   2   1       2.86576395
   63   1   0       1.22307920
   63   2   1       2.84861473
   64   1   0       1.23095687
   64   2   1       2.86575453
   65   1   0       1.16462270
   65   2   1       2.74308217
   66   1   0       1.16461125
   66   2   1       2.74311909
   67   1   0       1.23094921
   67   2   1       2.86577464
   68   1   0       1.22306644
   68   2   1       2.84862417
   69   1   0       1.23093888
   69   2   1       2.86580404
   70   1   0       1.16461809
   70   2   1       2.74306402
   71   1   0       1.16460628
   71   2   1       2.74310658
   72   1   0       1.23096375
   72   2   1       2.86575674
   73   1   0       1.22307391
   73   2   1       2.84862478
   74   1   0       1.23094777
   74   2   1       2.86579519
   75   1   0       1.16461858
   75   2   1       2.74307430
   76   1   0       1.16460033
   76   2   1       2.74311208
   77   1   0       1.16460830
   77   2   1       2.74308136
   78   1   0       1.23094072
   78   2   1       2.86582224
   79   1   0       1.22306705
   79   2   1       2.84861622
   80   1   0       1.23095027
   80   2   1       2.86582668
   81   1   0       1.16461010
   81   2   1       2.74312830
   82   1   0       1.23096352
   82   2   1       2.86573985
   83   1   0       1.22306329
   83   2   1       2.84862419
   84   1   0       1.23095988
   84   2   1       2.86575269
   85   1   0       1.16464256
   85   2   1       2.74305454
   86   1   0       1.16463680
   86   2   1       2.74308108
   87   1   0       1.23094926
   87   2   1       2.86574452
   88   1   0       1.22305509
   88   2   1       2.84861293
   89   1   0       1.23095050
   89   2   1       2.86578607
   90   1   0       1.16461177
   90   2   1       2.74309908
   91   1   0       0.91056485
   92   1   0       0.91053301
   93   1   0       0.91056480
   94   1   0       0.91055516
   95   1   0       0.91696127
   96   1   0       0.91054800
   97   1   0       1.20752157
   97   2   1       2.86820364
   98   1   0       0.91056484
   99   1   0       0.91697324
  100   1   0       0.91055316
  101   1   0       0.91053943
  102   1   0       0.91695151
  103   1   0       0.91055765
  104   1   0       0.91054475
  105   1   0       0.91697514
  106   1   0       0.91698879
  107   1   0       0.91055043
  108   1   0       0.91697460
  109   1   0       1.20750648
  109   2   1       2.86822569
  110   1   0       1.15825878
  110   2   1       2.84369591
  111   1   0       1.16305512
  111   2   1       2.83874330
  112   1   0       1.16135664
  112   2   1       2.84496117
  113   1   0       1.16135891
  113   2   1       2.84495719
  114   1   0       1.16305918
  114   2   1       2.83874089
  115   1   0       1.15826212
  115   2   1       2.84364324
  116   1   0       1.20751747
  116   2   1       2.86825444
  117   1   0       1.20752344
  117   2   1       2.86824843
  118   1   0       1.15827133
  118   2   1       2.84364511
  119   1   0       1.16305442
  119   2   1       2.83874497
  120   1   0       1.16307240
  120   2   1       2.83871426
  121   1   0       1.15827711
  121   2   1       2.84374923
  122   1   0       1.20750971
  122   2   1       2.86815761
  123   1   0       1.16137020
  123   2   1       2.84494020
  124   1   0       1.16137988
  124   2   1       2.84496593
  125   1   0       1.20750270
  125   2   1       2.86822843
  126   1   0       1.15825353
  126   2   1       2.84372122
  127   1   0       1.16304678
  127   2   1       2.83875117
  128   1   0       1.16135566
  128   2   1       2.84496991
  129   1   0       1.16136097
  129   2   1       2.84498775
  130   1   0       1.15825922
  130   2   1       2.84379865
  131   1   0       1.20748857
  131   2   1       2.86816340
  132   1   0       1.16304324
  132   2   1       2.83874026
  133   1   0       1.20751631
  133   2   1       2.86818172
  134   1   0       1.15827581
  134   2   1       2.84372192
  135   1   0       1.16306944
  135   2   1       2.83871859
  136   1   0       1.16137340
  136   2   1       2.84496491
  137   1   0       1.16137321
  137   2   1       2.84495015
  138   1   0       1.16307024
  138   2   1       2.83873405
  139   1   0       1.15827441
  139   2   1       2.84370932
  140   1   0       1.20750982
  140   2   1       2.86819844
  141   1   0       1.20752675
  141   2   1       2.86824133
  142   1   0       1.15826909
  142   2   1       2.84365087
  143   1   0       1.16306974
  143   2   1       2.83873480
  144   1   0       1.16137467
  144   2   1       2.84494089
  145   1   0       1.16137378
  145   2   1       2.84496189
  146   1   0       1.16306103
  146   2   1       2.83872602
  147   1   0       1.15827137
  147   2   1       2.84372278
  148   1   0       1.20751371
  148   2   1       2.86819034
  149   1   0       1.20752267
  149   2   1       2.86820982
  150   1   0       1.15826581
  150   2   1       2.84370229
  151   1   0       1.16306743
  151   2   1       2.83872735
  152   1   0       1.16137442
  152   2   1       2.84495722
  153   1   0       1.16137065
  153   2   1       2.84494777
  154   1   0       1.16306373
  154   2   1       2.83873581
  155   1   0       1.15828182
  155   2   1       2.84369629
  156   1   0       0.91055665

Orbital populations (up)
 Atom Sh.   l   m       Population  Label
    1   1   0   0       1.17155417  s
    1   2   1  -1       0.88749768  p_y
    1   2   1   0       1.00888012  p_z
    1   2   1   1       0.87245162  p_x
    2   1   0   0       1.17156695  s
    2   2   1  -1       0.88370232  p_y
    2   2   1   0       1.00924934  p_z
    2   2   1   1       0.87583418  p_x
    3   1   0   0       1.17155881  s
    3   2   1  -1       0.86210301  p_y
    3   2   1   0       1.00954754  p_z
    3   2   1   1       0.89712398  p_x
    4   1   0   0       1.17154645  s
    4   2   1  -1       0.88752014  p_y
    4   2   1   0       1.00830270  p_z
    4   2   1   1       0.87299364  p_x
    5   1   0   0       1.17158791  s
    5   2   1  -1       0.88368641  p_y
    5   2   1   0       1.00899272  p_z
    5   2   1   1       0.87608061  p_x
    6   1   0   0       1.17158435  s
    6   2   1  -1       0.86217015  p_y
    6   2   1   0       1.00949783  p_z
    6   2   1   1       0.89709844  p_x
    7   1   0   0       1.20058932  s
    7   2   1  -1       0.86113436  p_y
    7   2   1   0       1.00950920  p_z
    7   2   1   1       0.99681854  p_x
    8   1   0   0       1.15739778  s
    8   2   1  -1       0.83786512  p_y
    8   2   1   0       0.98632031  p_z
    8   2   1   1       1.01166638  p_x
    9   1   0   0       1.16231699  s
    9   2   1  -1       0.84013138  p_y
    9   2   1   0       0.99885962  p_z
    9   2   1   1       1.00133833  p_x
   10   1   0   0       1.16118688  s
   10   2   1  -1       0.84036983  p_y
   10   2   1   0       0.99479334  p_z
   10   2   1   1       1.00504223  p_x
   11   1   0   0       1.16095946  s
   11   2   1  -1       0.84024187  p_y
   11   2   1   0       0.99813658  p_z
   11   2   1   1       1.00729382  p_x
   12   1   0   0       1.16270042  s
   12   2   1  -1       0.84061912  p_y
   12   2   1   0       0.99579838  p_z
   12   2   1   1       0.99882471  p_x
   13   1   0   0       1.15742417  s
   13   2   1  -1       0.83797807  p_y
   13   2   1   0       0.98997534  p_z
   13   2   1   1       1.01405665  p_x
   14   1   0   0       1.20386617  s
   14   2   1  -1       0.86447119  p_y
   14   2   1   0       1.00646106  p_z
   14   2   1   1       0.99332330  p_x
   15   1   0   0       1.17195275  s
   15   2   1  -1       0.85724131  p_y
   15   2   1   0       1.00322114  p_z
   15   2   1   1       0.89948245  p_x
   16   1   0   0       1.20056216  s
   16   2   1  -1       0.97075966  p_y
   16   2   1   0       1.00472335  p_z
   16   2   1   1       0.89200789  p_x
   17   1   0   0       1.15736185  s
   17   2   1  -1       0.97976727  p_y
   17   2   1   0       0.97948909  p_z
   17   2   1   1       0.87664272  p_x
   18   1   0   0       1.16228620  s
   18   2   1  -1       0.97136870  p_y
   18   2   1   0       0.99232655  p_z
   18   2   1   1       0.87666880  p_x
   19   1   0   0       1.16115271  s
   19   2   1  -1       0.97484148  p_y
   19   2   1   0       0.98773919  p_z
   19   2   1   1       0.87765829  p_x
   20   1   0   0       1.16092809  s
   20   2   1  -1       0.97667802  p_y
   20   2   1   0       0.99107374  p_z
   20   2   1   1       0.87795554  p_x
   21   1   0   0       1.16267084  s
   21   2   1  -1       0.96971553  p_y
   21   2   1   0       0.98881375  p_z
   21   2   1   1       0.87674345  p_x
   22   1   0   0       1.15738594  s
   22   2   1  -1       0.98240658  p_y
   22   2   1   0       0.98269981  p_z
   22   2   1   1       0.87694436  p_x
   23   1   0   0       1.20384210  s
   23   2   1  -1       0.96914164  p_y
   23   2   1   0       1.00046037  p_z
   23   2   1   1       0.89467389  p_x
   24   1   0   0       1.17194984  s
   24   2   1  -1       0.88855999  p_y
   24   2   1   0       0.99959916  p_z
   24   2   1   1       0.87177501  p_x
   25   1   0   0       1.20059388  s
   25   2   1  -1       0.95430008  p_y
   25   2   1   0       1.00742483  p_z
   25   2   1   1       0.90572953  p_x
   26   1   0   0       1.15739970  s
   26   2   1  -1       0.95770670  p_y
   26   2   1   0       0.98326911  p_z
   26   2   1   1       0.89488025  p_x
   27   1   0   0       1.16232475  s
   27   2   1  -1       0.95047007  p_y
   27   2   1   0       0.99594654  p_z
   27   2   1   1       0.89390207  p_x
   28   1   0   0       1.16119164  s
   28   2   1  -1       0.95292464  p_y
   28   2   1   0       0.99158708  p_z
   28   2   1   1       0.89569133  p_x
   29   1   0   0       1.16096784  s
   29   2   1  -1       0.95425407  p_y
   29   2   1   0       0.99499793  p_z
   29   2   1   1       0.89640535  p_x
   30   1   0   0       1.16271300  s
   30   2   1  -1       0.94849250  p_y
   30   2   1   0       0.99258029  p_z
   30   2   1   1       0.89416753  p_x
   31   1   0   0       1.15742637  s
   31   2   1  -1       0.95850445  p_y
   31   2   1   0       0.98678254  p_z
   31   2   1   1       0.89670220  p_x
   32   1   0   0       1.20387382  s
   32   2   1  -1       0.95241941  p_y
   32   2   1   0       1.00354908  p_z
   32   2   1   1       0.90829483  p_x
   33   1   0   0       1.17195920  s
   33   2   1  -1       0.88389970  p_y
   33   2   1   0       1.00078088  p_z
   33   2   1   1       0.87528170  p_x
   34   1   0   0       1.20057209  s
   34   2   1  -1       0.95429424  p_y
   34   2   1   0       1.00782899  p_z
   34   2   1   1       0.90535135  p_x
   35   1   0   0       1.15737376  s
   35   2   1  -1       0.95769283  p_y
   35   2   1   0       0.98432520  p_z
   35   2   1   1       0.89386761  p_x
   36   1   0   0       1.16229737  s
   36   2   1  -1       0.95073238  p_y
   36   2   1   0       0.99704321  p_z
   36   2   1   1       0.89257309  p_x
   37   1   0   0       1.16116184  s
   37   2   1  -1       0.95328097  p_y
   37   2   1   0       0.99312824  p_z
   37   2   1   1       0.89382284  p_x
   38   1   0   0       1.16093682  s
   38   2   1  -1       0.95455168  p_y
   38   2   1   0       0.99636744  p_z
   38   2   1   1       0.89477500  p_x
   39   1   0   0       1.16267863  s
   39   2   1  -1       0.94886916  p_y
   39   2   1   0       0.99438792  p_z
   39   2   1   1       0.89200935  p_x
   40   1   0   0       1.15740128  s
   40   2   1  -1       0.95883477  p_y
   40   2   1   0       0.98810523  p_z
   40   2   1   1       0.89508741  p_x
   41   1   0   0       1.20386291  s
   41   2   1  -1       0.95282851  p_y
   41   2   1   0       1.00563531  p_z
   41   2   1   1       0.90580228  p_x
   42   1   0   0       1.17195562  s
   42   2   1  -1       0.88385304  p_y
   42   2   1   0       1.00439394  p_z
   42   2   1   1       0.87168398  p_x
   43   1   0   0       1.20056741  s
   43   2   1  -1       0.97079238  p_y
   43   2   1   0       1.00587655  p_z
   43   2   1   1       0.89081488  p_x
   44   1   0   0       1.15736991  s
   44   2   1  -1       0.97964733  p_y
   44   2   1   0       0.98198764  p_z
   44   2   1   1       0.87425675  p_x
   45   1   0   0       1.16229759  s
   45   2   1  -1       0.97085052  p_y
   45   2   1   0       0.99498600  p_z
   45   2   1   1       0.87452200  p_x
   46   1   0   0       1.16115595  s
   46   2   1  -1       0.97414719  p_y
   46   2   1   0       0.99112162  p_z
   46   2   1   1       0.87496546  p_x
   47   1   0   0       1.16093127  s
   47   2   1  -1       0.97595970  p_y
   47   2   1   0       0.99440942  p_z
   47   2   1   1       0.87533800  p_x
   48   1   0   0       1.16267670  s
   48   2   1  -1       0.96910433  p_y
   48   2   1   0       0.99258964  p_z
   48   2   1   1       0.87357171  p_x
   49   1   0   0       1.15739109  s
   49   2   1  -1       0.98156526  p_y
   49   2   1   0       0.98601906  p_z
   49   2   1   1       0.87447178  p_x
   50   1   0   0       1.20384154  s
   50   2   1  -1       0.96883593  p_y
   50   2   1   0       1.00421432  p_z
   50   2   1   1       0.89120772  p_x
   51   1   0   0       1.17195917  s
   51   2   1  -1       0.88856846  p_y
   51   2   1   0       1.00410901  p_z
   51   2   1   1       0.86722273  p_x
   52   1   0   0       1.20059630  s
   52   2   1  -1       0.86122768  p_y
   52   2   1   0       1.00933396  p_z
   52   2   1   1       0.99689307  p_x
   53   1   0   0       1.15740606  s
   53   2   1  -1       0.83801703  p_y
   53   2   1   0       0.98603296  p_z
   53   2   1   1       1.01179419  p_x
   54   1   0   0       1.16233019  s
   54   2   1  -1       0.84025343  p_y
   54   2   1   0       0.99858486  p_z
   54   2   1   1       1.00147497  p_x
   55   1   0   0       1.16119775  s
   55   2   1  -1       0.84058118  p_y
   55   2   1   0       0.99446029  p_z
   55   2   1   1       1.00515889  p_x
   56   1   0   0       1.16096637  s
   56   2   1  -1       0.84045674  p_y
   56   2   1   0       0.99775977  p_z
   56   2   1   1       1.00743864  p_x
   57   1   0   0       1.16270474  s
   57   2   1  -1       0.84107147  p_y
   57   2   1   0       0.99527900  p_z
   57   2   1   1       0.99889671  p_x
   58   1   0   0       1.15742917  s
   58   2   1  -1       0.83845431  p_y
   58   2   1   0       0.98932501  p_z
   58   2   1   1       1.01419861  p_x
   59   1   0   0       1.20389189  s
   59   2   1  -1       0.86532964  p_y
   59   2   1   0       1.00558305  p_z
   59   2   1   1       0.99334623  p_x
   60   1   0   0       1.17197230  s
   60   2   1  -1       0.85830038  p_y
   60   2   1   0       1.00247601  p_z
   60   2   1   1       0.89915334  p_x
   61   1   0   0       1.16461571  s
   61   2   1  -1       0.89409779  p_y
   61   2   1   0       0.98629154  p_z
   61   2   1   1       0.86269766  p_x
   62   1   0   0       1.23097011  s
   62   2   1  -1       0.91693723  p_y
   62   2   1   0       1.01071060  p_z
   62   2   1   1       0.93811612  p_x
   63   1   0   0       1.22307920  s
   63   2   1  -1       0.93871895  p_y
   63   2   1   0       0.99345757  p_z
   63   2   1   1       0.91643821  p_x
   64   1   0   0       1.23095687  s
   64   2   1  -1       0.91329803  p_y
   64   2   1   0       1.01094488  p_z
   64   2   1   1       0.94151162  p_x
   65   1   0   0       1.16462270  s
   65   2   1  -1       0.88869313  p_y
   65   2   1   0       0.98658454  p_z
   65   2   1   1       0.86780450  p_x
   66   1   0   0       1.16461125  s
   66   2   1  -1       0.88670477  p_y
   66   2   1   0       0.98802783  p_z
   66   2   1   1       0.86838650  p_x
   67   1   0   0       1.23094921  s
   67   2   1  -1       0.94148311  p_y
   67   2   1   0       1.01141853  p_z
   67   2   1   1       0.91287300  p_x
   68   1   0   0       1.22306644  s
   68   2   1  -1       0.92139738  p_y
   68   2   1   0       0.99479336  p_z
   68   2   1   1       0.93243343  p_x
   69   1   0   0       1.23093888  s
   69   2   1  -1       0.91939058  p_y
   69   2   1   0       1.01197437  p_z
   69   2   1   1       0.93443910  p_x
   70   1   0   0       1.16461809  s
   70   2   1  -1       0.85399015  p_y
   70   2   1   0       0.98882138  p_z
   70   2   1   1       0.90025249  p_x
   71   1   0   0       1.16460628  s
   71   2   1  -1       0.85271472  p_y
   71   2   1   0       0.98615931  p_z
   71   2   1   1       0.90423255  p_x
   72   1   0   0       1.23096375  s
   72   2   1  -1       0.92380022  p_y
   72   2   1   0       1.00882619  p_z
   72   2   1   1       0.93313033  p_x
   73   1   0   0       1.22307391  s
   73   2   1  -1       0.91827551  p_y
   73   2   1   0       0.99318886  p_z
   73   2   1   1       0.93716042  p_x
   74   1   0   0       1.23094777  s
   74   2   1  -1       0.94245644  p_y
   74   2   1   0       1.00814722  p_z
   74   2   1   1       0.91519154  p_x
   75   1   0   0       1.16461858  s
   75   2   1  -1       0.88031020  p_y
   75   2   1   0       0.98513113  p_z
   75   2   1   1       0.87763296  p_x
   76   1   0   0       1.16460033  s
   76   2   1  -1       0.88049836  p_y
   76   2   1   0       0.98890170  p_z
   76   2   1   1       0.87371202  p_x
   77   1   0   0       1.16460830  s
   77   2   1  -1       0.85278890  p_y
   77   2   1   0       0.98908492  p_z
   77   2   1   1       0.90120755  p_x
   78   1   0   0       1.23094072  s
   78   2   1  -1       0.92382949  p_y
   78   2   1   0       1.01166644  p_z
   78   2   1   1       0.93032631  p_x
   79   1   0   0       1.22306705  s
   79   2   1  -1       0.91833916  p_y
   79   2   1   0       0.99518660  p_z
   79   2   1   1       0.93509045  p_x
   80   1   0   0       1.23095027  s
   80   2   1  -1       0.94251062  p_y
   80   2   1   0       1.01152792  p_z
   80   2   1   1       0.91178814  p_x
   81   1   0   0       1.16461010  s
   81   2   1  -1       0.88707969  p_y
   81   2   1   0       0.98426835  p_z
   81   2   1   1       0.87178027  p_x
   82   1   0   0       1.23096352  s
   82   2   1  -1       0.94156965  p_y
   82   2   1   0       1.00863758  p_z
   82   2   1   1       0.91553263  p_x
   83   1   0   0       1.22306329  s
   83   2   1  -1       0.92168150  p_y
   83   2   1   0       0.99276501  p_z
   83   2   1   1       0.93417768  p_x
   84   1   0   0       1.23095988  s
   84   2   1  -1       0.91936799  p_y
   84   2   1   0       1.00984669  p_z
   84   2   1   1       0.93653801  p_x
   85   1   0   0       1.16464256  s
   85   2   1  -1       0.85432029  p_y
   85   2   1   0       0.98601900  p_z
   85   2   1   1       0.90271524  p_x
   86   1   0   0       1.16463680  s
   86   2   1  -1       0.88948169  p_y
   86   2   1   0       0.98681523  p_z
   86   2   1   1       0.86678416  p_x
   87   1   0   0       1.23094926  s
   87   2   1  -1       0.91403763  p_y
   87   2   1   0       1.01072757  p_z
   87   2   1   1       0.94097932  p_x
   88   1   0   0       1.22305509  s
   88   2   1  -1       0.93921296  p_y
   88   2   1   0       0.99326206  p_z
   88   2   1   1       0.91613792  p_x
   89   1   0   0       1.23095050  s
   89   2   1  -1       0.91778032  p_y
   89   2   1   0       1.00981175  p_z
   89   2   1   1       0.93819400  p_x
   90   1   0   0       1.16461177  s
   90   2   1  -1       0.89494157  p_y
   90   2   1   0       0.98536728  p_z
   90   2   1   1       0.86279024  p_x
   91   1   0   0       0.91056485  s
   92   1   0   0       0.91053301  s
   93   1   0   0       0.91056480  s
   94   1   0   0       0.91055516  s
   95   1   0   0       0.91696127  s
   96   1   0   0       0.91054800  s
   97   1   0   0       1.20752157  s
   97   2   1  -1       0.97061316  p_y
   97   2   1   0       1.00434101  p_z
   97   2   1   1       0.89324948  p_x
   98   1   0   0       0.91056484  s
   99   1   0   0       0.91697324  s
  100   1   0   0       0.91055316  s
  101   1   0   0       0.91053943  s
  102   1   0   0       0.91695151  s
  103   1   0   0       0.91055765  s
  104   1   0   0       0.91054475  s
  105   1   0   0       0.91697514  s
  106   1   0   0       0.91698879  s
  107   1   0   0       0.91055043  s
  108   1   0   0       0.91697460  s
  109   1   0   0       1.20750648  s
  109   2   1  -1       0.86649462  p_y
  109   2   1   0       1.00808872  p_z
  109   2   1   1       0.99364234  p_x
  110   1   0   0       1.15825878  s
  110   2   1  -1       0.83773085  p_y
  110   2   1   0       0.99078865  p_z
  110   2   1   1       1.01517640  p_x
  111   1   0   0       1.16305512  s
  111   2   1  -1       0.84001988  p_y
  111   2   1   0       0.99835977  p_z
  111   2   1   1       1.00036365  p_x
  112   1   0   0       1.16135664  s
  112   2   1  -1       0.83987277  p_y
  112   2   1   0       0.99812785  p_z
  112   2   1   1       1.00696055  p_x
  113   1   0   0       1.16135891  s
  113   2   1  -1       0.83998469  p_y
  113   2   1   0       0.99811261  p_z
  113   2   1   1       1.00685988  p_x
  114   1   0   0       1.16305918  s
  114   2   1  -1       0.84018747  p_y
  114   2   1   0       0.99836823  p_z
  114   2   1   1       1.00018519  p_x
  115   1   0   0       1.15826212  s
  115   2   1  -1       0.83811065  p_y
  115   2   1   0       0.99072717  p_z
  115   2   1   1       1.01480542  p_x
  116   1   0   0       1.20751747  s
  116   2   1  -1       0.86649991  p_y
  116   2   1   0       1.00812507  p_z
  116   2   1   1       0.99362945  p_x
  117   1   0   0       1.20752344  s
  117   2   1  -1       0.95308766  p_y
  117   2   1   0       1.00758023  p_z
  117   2   1   1       0.90758054  p_x
  118   1   0   0       1.15827133  s
  118   2   1  -1       0.96127469  p_y
  118   2   1   0       0.98995549  p_z
  118   2   1   1       0.89241493  p_x
  119   1   0   0       1.16305442  s
  119   2   1  -1       0.95103857  p_y
  119   2   1   0       0.99780212  p_z
  119   2   1   1       0.88990428  p_x
  120   1   0   0       1.16307240  s
  120   2   1  -1       0.95094519  p_y
  120   2   1   0       0.99757512  p_z
  120   2   1   1       0.89019395  p_x
  121   1   0   0       1.15827711  s
  121   2   1  -1       0.96038670  p_y
  121   2   1   0       0.99041391  p_z
  121   2   1   1       0.89294862  p_x
  122   1   0   0       1.20750971  s
  122   2   1  -1       0.95438100  p_y
  122   2   1   0       1.00703235  p_z
  122   2   1   1       0.90674426  p_x
  123   1   0   0       1.16137020  s
  123   2   1  -1       0.95608389  p_y
  123   2   1   0       0.99741745  p_z
  123   2   1   1       0.89143885  p_x
  124   1   0   0       1.16137988  s
  124   2   1  -1       0.95554145  p_y
  124   2   1   0       0.99760471  p_z
  124   2   1   1       0.89181976  p_x
  125   1   0   0       1.20750270  s
  125   2   1  -1       0.97117205  p_y
  125   2   1   0       1.00253790  p_z
  125   2   1   1       0.89451848  p_x
  126   1   0   0       1.15825353  s
  126   2   1  -1       0.98264404  p_y
  126   2   1   0       0.98334410  p_z
  126   2   1   1       0.87773308  p_x
  127   1   0   0       1.16304678  s
  127   2   1  -1       0.97097165  p_y
  127   2   1   0       0.99103059  p_z
  127   2   1   1       0.87674893  p_x
  128   1   0   0       1.16135566  s
  128   2   1  -1       0.97574263  p_y
  128   2   1   0       0.99032599  p_z
  128   2   1   1       0.87890129  p_x
  129   1   0   0       1.16136097  s
  129   2   1  -1       0.97596098  p_y
  129   2   1   0       0.99039700  p_z
  129   2   1   1       0.87862977  p_x
  130   1   0   0       1.15825922  s
  130   2   1  -1       0.98164131  p_y
  130   2   1   0       0.98315921  p_z
  130   2   1   1       0.87899813  p_x
  131   1   0   0       1.20748857  s
  131   2   1  -1       0.96858293  p_y
  131   2   1   0       1.00168461  p_z
  131   2   1   1       0.89789586  p_x
  132   1   0   0       1.16304324  s
  132   2   1  -1       0.96998673  p_y
  132   2   1   0       0.99067389  p_z
  132   2   1   1       0.87807965  p_x
  133   1   0   0       1.20751631  s
  133   2   1  -1       0.86691442  p_y
  133   2   1   0       1.00726010  p_z
  133   2   1   1       0.99400721  p_x
  134   1   0   0       1.15827581  s
  134   2   1  -1       0.83820776  p_y
  134   2   1   0       0.99103480  p_z
  134   2   1   1       1.01447935  p_x
  135   1   0   0       1.16306944  s
  135   2   1  -1       0.84047294  p_y
  135   2   1   0       0.99800518  p_z
  135   2   1   1       1.00024048  p_x
  136   1   0   0       1.16137340  s
  136   2   1  -1       0.84022588  p_y
  136   2   1   0       0.99801050  p_z
  136   2   1   1       1.00672853  p_x
  137   1   0   0       1.16137321  s
  137   2   1  -1       0.84026642  p_y
  137   2   1   0       0.99806633  p_z
  137   2   1   1       1.00661740  p_x
  138   1   0   0       1.16307024  s
  138   2   1  -1       0.84031076  p_y
  138   2   1   0       0.99815657  p_z
  138   2   1   1       1.00026673  p_x
  139   1   0   0       1.15827441  s
  139   2   1  -1       0.83808223  p_y
  139   2   1   0       0.99135361  p_z
  139   2   1   1       1.01427348  p_x
  140   1   0   0       1.20750982  s
  140   2   1  -1       0.86642495  p_y
  140   2   1   0       1.00753570  p_z
  140   2   1   1       0.99423779  p_x
  141   1   0   0       1.20752675  s
  141   2   1  -1       0.95281223  p_y
  141   2   1   0       1.00432628  p_z
  141   2   1   1       0.91110283  p_x
  142   1   0   0       1.15826909  s
  142   2   1  -1       0.96044148  p_y
  142   2   1   0       0.98694589  p_z
  142   2   1   1       0.89626350  p_x
  143   1   0   0       1.16306974  s
  143   2   1  -1       0.95021256  p_y
  143   2   1   0       0.99421139  p_z
  143   2   1   1       0.89431086  p_x
  144   1   0   0       1.16137467  s
  144   2   1  -1       0.95491855  p_y
  144   2   1   0       0.99421182  p_z
  144   2   1   1       0.89581053  p_x
  145   1   0   0       1.16137378  s
  145   2   1  -1       0.95434457  p_y
  145   2   1   0       0.99415636  p_z
  145   2   1   1       0.89646095  p_x
  146   1   0   0       1.16306103  s
  146   2   1  -1       0.94979287  p_y
  146   2   1   0       0.99475655  p_z
  146   2   1   1       0.89417660  p_x
  147   1   0   0       1.15827137  s
  147   2   1  -1       0.95922063  p_y
  147   2   1   0       0.98724394  p_z
  147   2   1   1       0.89725821  p_x
  148   1   0   0       1.20751371  s
  148   2   1  -1       0.95378919  p_y
  148   2   1   0       1.00536426  p_z
  148   2   1   1       0.90903689  p_x
  149   1   0   0       1.20752267  s
  149   2   1  -1       0.96834042  p_y
  149   2   1   0       1.00560005  p_z
  149   2   1   1       0.89426935  p_x
  150   1   0   0       1.15826581  s
  150   2   1  -1       0.98183746  p_y
  150   2   1   0       0.98716543  p_z
  150   2   1   1       0.87469940  p_x
  151   1   0   0       1.16306743  s
  151   2   1  -1       0.96986330  p_y
  151   2   1   0       0.99507467  p_z
  151   2   1   1       0.87378938  p_x
  152   1   0   0       1.16137442  s
  152   2   1  -1       0.97577794  p_y
  152   2   1   0       0.99448661  p_z
  152   2   1   1       0.87469267  p_x
  153   1   0   0       1.16137065  s
  153   2   1  -1       0.97536630  p_y
  153   2   1   0       0.99448551  p_z
  153   2   1   1       0.87509596  p_x
  154   1   0   0       1.16306373  s
  154   2   1  -1       0.97038469  p_y
  154   2   1   0       0.99448550  p_z
  154   2   1   1       0.87386562  p_x
  155   1   0   0       1.15828182  s
  155   2   1  -1       0.98238984  p_y
  155   2   1   0       0.98664503  p_z
  155   2   1   1       0.87466143  p_x
  156   1   0   0       0.91055665  s

Fermi level:                        -0.1707798241 H           -4.6472 eV
Band energy:                      -245.2469303445 H        -6673.5085 eV
TS:                                  0.0000000000 H            0.0000 eV
Band free energy (E-TS):          -245.2469303445 H        -6673.5085 eV
Extrapolated E(0K):               -245.2469303445 H        -6673.5085 eV
Input / Output electrons (q):    570.0000000000    570.0000000000

Energy H0:                        -248.3037463573 H        -6756.6887 eV
Energy SCC:                          0.0229319706 H            0.6240 eV
Total Electronic energy:          -248.2808143867 H        -6756.0647 eV
Repulsive energy:                    8.2439527272 H          224.3294 eV
Dispersion energy:                   0.7611617076 H           20.7123 eV
Total energy:                     -239.2756999520 H        -6511.0231 eV
Extrapolated to 0:                -239.2756999520 H        -6511.0231 eV
Total Mermin free energy:         -239.2756999520 H        -6511.0231 eV
Force related energy:             -239.2756999520 H        -6511.0231 eV

SCC converged

Dipole moment:   -0.01483532    0.00087219    0.05614948 au
Dipole moment:   -0.03770764    0.00221690    0.14271775 Debye


