 KPT            1  SPIN            1  KWEIGHT    1.0000000000000000     
     1   -20.456  2.00000
     2   -20.216  2.00000
     3   -20.216  2.00000
     4   -20.216  2.00000
     5   -19.241  2.00000
     6   -19.241  2.00000
     7   -19.241  2.00000
     8   -18.764  2.00000
     9   -18.764  2.00000
    10   -18.764  2.00000
    11   -18.256  2.00000
    12   -18.256  2.00000
    13   -18.084  2.00000
    14   -18.084  2.00000
    15   -17.818  2.00000
    16   -17.818  2.00000
    17   -17.818  2.00000
    18   -17.171  2.00000
    19   -17.003  2.00000
    20   -17.003  2.00000
    21   -17.003  2.00000
    22   -15.979  2.00000
    23   -15.979  2.00000
    24   -15.979  2.00000
    25   -15.557  2.00000
    26   -15.557  2.00000
    27   -15.557  2.00000
    28   -14.641  2.00000
    29   -14.641  2.00000
    30   -14.641  2.00000
    31   -13.725  2.00000
    32   -13.725  2.00000
    33   -13.706  2.00000
    34   -12.680  2.00000
    35   -12.680  2.00000
    36   -12.680  2.00000
    37   -12.567  2.00000
    38   -12.567  2.00000
    39   -12.566  2.00000
    40   -11.667  2.00000
    41   -11.667  2.00000
    42   -11.637  2.00000
    43   -11.504  2.00000
    44   -11.137  2.00000
    45   -11.136  2.00000
    46   -11.136  2.00000
    47   -10.656  2.00000
    48   -10.643  2.00000
    49   -10.643  2.00000
    50   -10.642  2.00000
    51   -10.324  2.00000
    52   -10.324  2.00000
    53   -10.324  2.00000
    54   -10.105  2.00000
    55   -10.104  2.00000
    56   -10.104  2.00000
    57   -10.048  2.00000
    58   -10.048  2.00000
    59   -10.048  2.00000
    60    -9.613  2.00000
    61    -9.613  2.00000
    62    -9.613  2.00000
    63    -9.512  2.00000
    64    -9.512  2.00000
    65    -9.512  2.00000
    66    -8.996  2.00000
    67    -8.996  2.00000
    68    -8.996  2.00000
    69    -8.963  2.00000
    70    -8.963  2.00000
    71    -8.473  2.00000
    72    -8.473  2.00000
    73    -8.114  2.00000
    74    -8.114  2.00000
    75    -7.958  2.00000
    76    -7.958  2.00000
    77    -7.958  2.00000
    78    -7.606  2.00000
    79    -7.606  2.00000
    80    -7.575  2.00000
    81    -7.574  2.00000
    82    -7.574  2.00000
    83    -7.509  2.00000
    84    -7.509  2.00000
    85    -7.508  2.00000
    86    -7.396  2.00000
    87    -7.396  2.00000
    88    -7.396  2.00000
    89    -7.330  2.00000
    90    -7.032  2.00000
    91    -7.032  2.00000
    92    -7.032  2.00000
    93    -6.769  2.00000
    94    -5.572  2.00000
    95    -5.571  2.00000
    96    -5.571  2.00000
    97    -4.203  0.00000
    98    -4.203  0.00000
    99    -4.202  0.00000
   100    -2.374  0.00000
   101    -2.338  0.00000
   102    -2.338  0.00000
   103    -2.338  0.00000
   104    -1.184  0.00000
   105    -1.184  0.00000
   106    -0.192  0.00000
   107    -0.192  0.00000
   108    -0.192  0.00000
   109     0.102  0.00000
   110     0.103  0.00000
   111     0.312  0.00000
   112     0.313  0.00000
   113     0.313  0.00000
   114     0.383  0.00000
   115     0.383  0.00000
   116     0.384  0.00000
   117     0.476  0.00000
   118     0.476  0.00000
   119     0.476  0.00000
   120     1.001  0.00000
   121     1.700  0.00000
   122     1.701  0.00000
   123     2.208  0.00000
   124     2.208  0.00000
   125     2.208  0.00000
   126     3.390  0.00000
   127     3.391  0.00000
   128     3.391  0.00000
   129     4.059  0.00000
   130     4.059  0.00000
   131     4.060  0.00000
   132     5.481  0.00000
   133     9.309  0.00000
   134     9.311  0.00000
   135     9.311  0.00000
   136     9.747  0.00000
   137     9.749  0.00000
   138    10.528  0.00000
   139    10.528  0.00000
   140    10.533  0.00000
   141    13.043  0.00000
   142    13.673  0.00000
   143    13.771  0.00000
   144    13.772  0.00000
   145    13.772  0.00000
   146    14.032  0.00000
   147    14.035  0.00000
   148    14.036  0.00000
   149    17.290  0.00000
   150    17.294  0.00000
   151    17.295  0.00000
   152    18.138  0.00000
   153    18.138  0.00000
   154    18.139  0.00000
   155    18.848  0.00000
   156    18.848  0.00000
   157    18.852  0.00000
   158    18.954  0.00000
   159    18.959  0.00000
   160    19.273  0.00000
   161    19.273  0.00000
   162    19.276  0.00000
   163    20.072  0.00000
   164    20.073  0.00000
   165    20.439  0.00000
   166    20.444  0.00000
   167    21.912  0.00000
   168    21.912  0.00000
   169    21.913  0.00000
   170    22.385  0.00000
   171    22.387  0.00000
   172    22.388  0.00000
   173    24.709  0.00000
   174    24.710  0.00000
   175    24.711  0.00000
   176    25.449  0.00000
   177    27.071  0.00000
   178    27.908  0.00000
   179    27.909  0.00000
   180    27.909  0.00000
   181    56.344  0.00000
   182    56.349  0.00000
   183    56.350  0.00000
   184    56.700  0.00000
   185    56.707  0.00000
   186    57.202  0.00000
   187    57.203  0.00000
   188    57.215  0.00000
   189    57.655  0.00000
   190    57.661  0.00000
   191    57.662  0.00000
   192    58.102  0.00000

