 Fermi distribution function

Geometry optimization step: 36


********************************************************************************
 iSCC Total electronic   Diff electronic      SCC error    
    3   -0.83952314E+02   -0.66364692E-11    0.50421733E-05
********************************************************************************

 Total charge:    -0.00000000

 Atomic gross charges (e)
 Atom           Charge
    1       0.06347079
    2       0.06344671
    3       0.06347582
    4       0.06347713
    5       0.06344604
    6       0.06347762
    7      -0.06345973
    8      -0.06347063
    9      -0.06348015
   10      -0.06345901
   11      -0.06346134
   12      -0.06347155
   13       0.06346479
   14       0.06345510
   15       0.06347977
   16       0.06347135
   17       0.06345176
   18       0.06347731
   19      -0.06346458
   20      -0.06346332
   21      -0.06346990
   22      -0.06348039
   23      -0.06346382
   24      -0.06346479
   25       0.06347555
   26       0.06345621
   27       0.06347086
   28       0.06347840
   29       0.06345513
   30       0.06346891
   31      -0.06346997
   32      -0.06345928
   33      -0.06347751
   34      -0.06346714
   35      -0.06346335
   36      -0.06346650
   37       0.06346466
   38       0.06346912
   39       0.06347016
   40       0.06347042
   41       0.06346583
   42       0.06346613
   43      -0.06347548
   44      -0.06344973
   45      -0.06345962
   46      -0.06348456
   47      -0.06346758
   48      -0.06345567

Nr. of electrons (up):    192.00000000
Atom populations (up)
 Atom       Population
    1       3.93652921
    2       3.93655329
    3       3.93652418
    4       3.93652287
    5       3.93655396
    6       3.93652238
    7       4.06345973
    8       4.06347063
    9       4.06348015
   10       4.06345901
   11       4.06346134
   12       4.06347155
   13       3.93653521
   14       3.93654490
   15       3.93652023
   16       3.93652865
   17       3.93654824
   18       3.93652269
   19       4.06346458
   20       4.06346332
   21       4.06346990
   22       4.06348039
   23       4.06346382
   24       4.06346479
   25       3.93652445
   26       3.93654379
   27       3.93652914
   28       3.93652160
   29       3.93654487
   30       3.93653109
   31       4.06346997
   32       4.06345928
   33       4.06347751
   34       4.06346714
   35       4.06346335
   36       4.06346650
   37       3.93653534
   38       3.93653088
   39       3.93652984
   40       3.93652958
   41       3.93653417
   42       3.93653387
   43       4.06347548
   44       4.06344973
   45       4.06345962
   46       4.06348456
   47       4.06346758
   48       4.06345567

l-shell populations (up)
 Atom Sh.   l       Population
    1   1   0       1.17020446
    1   2   1       2.76632474
    2   1   0       1.17017975
    2   2   1       2.76637354
    3   1   0       1.17019765
    3   2   1       2.76632652
    4   1   0       1.17019624
    4   2   1       2.76632663
    5   1   0       1.17018091
    5   2   1       2.76637306
    6   1   0       1.17019978
    6   2   1       2.76632261
    7   1   0       1.19573857
    7   2   1       2.86772115
    8   1   0       1.19574187
    8   2   1       2.86772876
    9   1   0       1.19570862
    9   2   1       2.86777153
   10   1   0       1.19570752
   10   2   1       2.86775149
   11   1   0       1.19573690
   11   2   1       2.86772444
   12   1   0       1.19574033
   12   2   1       2.86773122
   13   1   0       1.17019583
   13   2   1       2.76633937
   14   1   0       1.17017345
   14   2   1       2.76637145
   15   1   0       1.17018236
   15   2   1       2.76633787
   16   1   0       1.17018045
   16   2   1       2.76634821
   17   1   0       1.17018298
   17   2   1       2.76636526
   18   1   0       1.17020237
   18   2   1       2.76632032
   19   1   0       1.19574185
   19   2   1       2.86772273
   20   1   0       1.19574082
   20   2   1       2.86772250
   21   1   0       1.19570827
   21   2   1       2.86776162
   22   1   0       1.19571700
   22   2   1       2.86776339
   23   1   0       1.19573225
   23   2   1       2.86773156
   24   1   0       1.19574108
   24   2   1       2.86772370
   25   1   0       1.17018979
   25   2   1       2.76633466
   26   1   0       1.17018571
   26   2   1       2.76635807
   27   1   0       1.17019132
   27   2   1       2.76633781
   28   1   0       1.17020080
   28   2   1       2.76632080
   29   1   0       1.17018662
   29   2   1       2.76635825
   30   1   0       1.17018879
   30   2   1       2.76634230
   31   1   0       1.19573531
   31   2   1       2.86773466
   32   1   0       1.19573757
   32   2   1       2.86772171
   33   1   0       1.19571470
   33   2   1       2.86776281
   34   1   0       1.19570958
   34   2   1       2.86775756
   35   1   0       1.19574062
   35   2   1       2.86772273
   36   1   0       1.19574322
   36   2   1       2.86772327
   37   1   0       1.17019441
   37   2   1       2.76634093
   38   1   0       1.17017232
   38   2   1       2.76635855
   39   1   0       1.17018384
   39   2   1       2.76634599
   40   1   0       1.17018323
   40   2   1       2.76634635
   41   1   0       1.17017628
   41   2   1       2.76635789
   42   1   0       1.17019509
   42   2   1       2.76633878
   43   1   0       1.19573987
   43   2   1       2.86773562
   44   1   0       1.19573456
   44   2   1       2.86771516
   45   1   0       1.19570590
   45   2   1       2.86775372
   46   1   0       1.19571225
   46   2   1       2.86777231
   47   1   0       1.19573039
   47   2   1       2.86773718
   48   1   0       1.19573379
   48   2   1       2.86772188

Orbital populations (up)
 Atom Sh.   l   m       Population  Label
    1   1   0   0       1.17020446  s
    1   2   1  -1       0.89014494  p_y
    1   2   1   0       1.00425762  p_z
    1   2   1   1       0.87192219  p_x
    2   1   0   0       1.17017975  s
    2   2   1  -1       0.89013619  p_y
    2   2   1   0       1.00426240  p_z
    2   2   1   1       0.87197495  p_x
    3   1   0   0       1.17019765  s
    3   2   1  -1       0.86284523  p_y
    3   2   1   0       1.00425565  p_z
    3   2   1   1       0.89922564  p_x
    4   1   0   0       1.17019624  s
    4   2   1  -1       0.89013482  p_y
    4   2   1   0       1.00425675  p_z
    4   2   1   1       0.87193506  p_x
    5   1   0   0       1.17018091  s
    5   2   1  -1       0.89013148  p_y
    5   2   1   0       1.00427358  p_z
    5   2   1   1       0.87196800  p_x
    6   1   0   0       1.17019978  s
    6   2   1  -1       0.86284533  p_y
    6   2   1   0       1.00425797  p_z
    6   2   1   1       0.89921931  p_x
    7   1   0   0       1.19573857  s
    7   2   1  -1       0.85885531  p_y
    7   2   1   0       0.99574018  p_z
    7   2   1   1       1.01312566  p_x
    8   1   0   0       1.19574187  s
    8   2   1  -1       0.85885449  p_y
    8   2   1   0       0.99573485  p_z
    8   2   1   1       1.01313942  p_x
    9   1   0   0       1.19570862  s
    9   2   1  -1       0.97454696  p_y
    9   2   1   0       0.99573942  p_z
    9   2   1   1       0.89748515  p_x
   10   1   0   0       1.19570752  s
   10   2   1  -1       0.97454227  p_y
   10   2   1   0       0.99574604  p_z
   10   2   1   1       0.89746318  p_x
   11   1   0   0       1.19573690  s
   11   2   1  -1       0.97426399  p_y
   11   2   1   0       0.99574026  p_z
   11   2   1   1       0.89772019  p_x
   12   1   0   0       1.19574033  s
   12   2   1  -1       0.97441596  p_y
   12   2   1   0       0.99573561  p_z
   12   2   1   1       0.89757965  p_x
   13   1   0   0       1.17019583  s
   13   2   1  -1       0.89016245  p_y
   13   2   1   0       1.00427048  p_z
   13   2   1   1       0.87190644  p_x
   14   1   0   0       1.17017345  s
   14   2   1  -1       0.89007248  p_y
   14   2   1   0       1.00426142  p_z
   14   2   1   1       0.87203756  p_x
   15   1   0   0       1.17018236  s
   15   2   1  -1       0.86285741  p_y
   15   2   1   0       1.00424115  p_z
   15   2   1   1       0.89923931  p_x
   16   1   0   0       1.17018045  s
   16   2   1  -1       0.89016074  p_y
   16   2   1   0       1.00426676  p_z
   16   2   1   1       0.87192071  p_x
   17   1   0   0       1.17018298  s
   17   2   1  -1       0.89008082  p_y
   17   2   1   0       1.00426425  p_z
   17   2   1   1       0.87202019  p_x
   18   1   0   0       1.17020237  s
   18   2   1  -1       0.86283472  p_y
   18   2   1   0       1.00425563  p_z
   18   2   1   1       0.89922997  p_x
   19   1   0   0       1.19574185  s
   19   2   1  -1       0.85885065  p_y
   19   2   1   0       0.99573950  p_z
   19   2   1   1       1.01313258  p_x
   20   1   0   0       1.19574082  s
   20   2   1  -1       0.85885746  p_y
   20   2   1   0       0.99573541  p_z
   20   2   1   1       1.01312962  p_x
   21   1   0   0       1.19570827  s
   21   2   1  -1       0.97435474  p_y
   21   2   1   0       0.99574130  p_z
   21   2   1   1       0.89766558  p_x
   22   1   0   0       1.19571700  s
   22   2   1  -1       0.97470731  p_y
   22   2   1   0       0.99574306  p_z
   22   2   1   1       0.89731303  p_x
   23   1   0   0       1.19573225  s
   23   2   1  -1       0.97440085  p_y
   23   2   1   0       0.99573679  p_z
   23   2   1   1       0.89759392  p_x
   24   1   0   0       1.19574108  s
   24   2   1  -1       0.97427928  p_y
   24   2   1   0       0.99573975  p_z
   24   2   1   1       0.89770466  p_x
   25   1   0   0       1.17018979  s
   25   2   1  -1       0.89014929  p_y
   25   2   1   0       1.00423878  p_z
   25   2   1   1       0.87194659  p_x
   26   1   0   0       1.17018571  s
   26   2   1  -1       0.89020009  p_y
   26   2   1   0       1.00425678  p_z
   26   2   1   1       0.87190120  p_x
   27   1   0   0       1.17019132  s
   27   2   1  -1       0.86283825  p_y
   27   2   1   0       1.00427035  p_z
   27   2   1   1       0.89922921  p_x
   28   1   0   0       1.17020080  s
   28   2   1  -1       0.89011665  p_y
   28   2   1   0       1.00425636  p_z
   28   2   1   1       0.87194779  p_x
   29   1   0   0       1.17018662  s
   29   2   1  -1       0.89016654  p_y
   29   2   1   0       1.00426946  p_z
   29   2   1   1       0.87192224  p_x
   30   1   0   0       1.17018879  s
   30   2   1  -1       0.86283948  p_y
   30   2   1   0       1.00427020  p_z
   30   2   1   1       0.89923262  p_x
   31   1   0   0       1.19573531  s
   31   2   1  -1       0.85885738  p_y
   31   2   1   0       0.99573689  p_z
   31   2   1   1       1.01314039  p_x
   32   1   0   0       1.19573757  s
   32   2   1  -1       0.85885938  p_y
   32   2   1   0       0.99573897  p_z
   32   2   1   1       1.01312335  p_x
   33   1   0   0       1.19571470  s
   33   2   1  -1       0.97475018  p_y
   33   2   1   0       0.99574249  p_z
   33   2   1   1       0.89727014  p_x
   34   1   0   0       1.19570958  s
   34   2   1  -1       0.97440573  p_y
   34   2   1   0       0.99574234  p_z
   34   2   1   1       0.89760949  p_x
   35   1   0   0       1.19574062  s
   35   2   1  -1       0.97465519  p_y
   35   2   1   0       0.99573941  p_z
   35   2   1   1       0.89732813  p_x
   36   1   0   0       1.19574322  s
   36   2   1  -1       0.97480205  p_y
   36   2   1   0       0.99573556  p_z
   36   2   1   1       0.89718567  p_x
   37   1   0   0       1.17019441  s
   37   2   1  -1       0.89016174  p_y
   37   2   1   0       1.00425769  p_z
   37   2   1   1       0.87192150  p_x
   38   1   0   0       1.17017232  s
   38   2   1  -1       0.89013681  p_y
   38   2   1   0       1.00425170  p_z
   38   2   1   1       0.87197005  p_x
   39   1   0   0       1.17018384  s
   39   2   1  -1       0.86284689  p_y
   39   2   1   0       1.00425946  p_z
   39   2   1   1       0.89923964  p_x
   40   1   0   0       1.17018323  s
   40   2   1  -1       0.89014818  p_y
   40   2   1   0       1.00426513  p_z
   40   2   1   1       0.87193304  p_x
   41   1   0   0       1.17017628  s
   41   2   1  -1       0.89012690  p_y
   41   2   1   0       1.00425479  p_z
   41   2   1   1       0.87197620  p_x
   42   1   0   0       1.17019509  s
   42   2   1  -1       0.86283166  p_y
   42   2   1   0       1.00427034  p_z
   42   2   1   1       0.89923678  p_x
   43   1   0   0       1.19573987  s
   43   2   1  -1       0.85885255  p_y
   43   2   1   0       0.99573597  p_z
   43   2   1   1       1.01314710  p_x
   44   1   0   0       1.19573456  s
   44   2   1  -1       0.85886035  p_y
   44   2   1   0       0.99573913  p_z
   44   2   1   1       1.01311569  p_x
   45   1   0   0       1.19570590  s
   45   2   1  -1       0.97454956  p_y
   45   2   1   0       0.99574316  p_z
   45   2   1   1       0.89746099  p_x
   46   1   0   0       1.19571225  s
   46   2   1  -1       0.97455409  p_y
   46   2   1   0       0.99573938  p_z
   46   2   1   1       0.89747884  p_x
   47   1   0   0       1.19573039  s
   47   2   1  -1       0.97478476  p_y
   47   2   1   0       0.99573649  p_z
   47   2   1   1       0.89721593  p_x
   48   1   0   0       1.19573379  s
   48   2   1  -1       0.97466310  p_y
   48   2   1   0       0.99573989  p_z
   48   2   1   1       0.89731889  p_x

Fermi level:                        -0.1795927758 H           -4.8870 eV
Band energy:                       -84.7181280078 H        -2305.2976 eV
TS:                                  0.0000000000 H            0.0000 eV
Band free energy (E-TS):           -84.7181280078 H        -2305.2976 eV
Extrapolated E(0K):                -84.7181280078 H        -2305.2976 eV
Input / Output electrons (q):    192.0000000000    192.0000000000

Energy H0:                         -83.9708555589 H        -2284.9632 eV
Energy SCC:                          0.0184084532 H            0.5009 eV
Energy 3rd:                          0.0001330190 H            0.0036 eV
Total Electronic energy:           -83.9523140867 H        -2284.4587 eV
Repulsive energy:                    2.5621933016 H           69.7208 eV
Dispersion energy:                  -0.0946128419 H           -2.5745 eV
Total energy:                      -81.4847336269 H        -2217.3124 eV
Extrapolated to 0:                 -81.4847336269 H        -2217.3124 eV
Total Mermin free energy:          -81.4847336269 H        -2217.3124 eV
Force related energy:              -81.4847336269 H        -2217.3124 eV

SCC converged

Full geometry written in geo_opt_out.{xyz|gen}

Total Forces
    1     -0.000003899494      0.000001543521     -0.000013009677
    2      0.000004713257      0.000010805737     -0.000014805553
    3     -0.000007869538     -0.000001464868     -0.000005819098
    4     -0.000009824936     -0.000002626423      0.000002969198
    5     -0.000016202136     -0.000006174429      0.000005233006
    6     -0.000010697493     -0.000012134259      0.000001416109
    7      0.000004298963      0.000030817474     -0.000007508053
    8      0.000030243542     -0.000025871282     -0.000016685850
    9      0.000001525908      0.000005263287      0.000007049656
   10     -0.000006696395     -0.000014156851     -0.000006763164
   11      0.000015389715     -0.000010025608     -0.000002740735
   12      0.000005333521      0.000032346121     -0.000002665400
   13     -0.000017519293      0.000010976601      0.000007043116
   14      0.000002768839      0.000016671292      0.000001836019
   15      0.000003562091     -0.000005630446      0.000005328862
   16      0.000009438331      0.000006614288     -0.000014794727
   17      0.000004792467      0.000014238301     -0.000013846187
   18     -0.000015490915     -0.000008209828      0.000012217940
   19      0.000016547137     -0.000006078575      0.000007190231
   20      0.000007340197     -0.000024169178     -0.000008792679
   21      0.000006160206     -0.000054897831     -0.000007708747
   22      0.000086768070     -0.000044664766     -0.000028641883
   23      0.000001471496     -0.000019995808     -0.000012541699
   24      0.000020694801      0.000006882373     -0.000022644164
   25     -0.000006950958      0.000003539608      0.000010730370
   26     -0.000021049060     -0.000017704800     -0.000004697922
   27     -0.000011172021     -0.000020859197      0.000007685841
   28     -0.000007124491     -0.000004070057      0.000015709567
   29     -0.000004461231      0.000006149818     -0.000009950590
   30      0.000000261231      0.000009596083     -0.000014573705
   31     -0.000001540190      0.000000590558      0.000014144487
   32      0.000013963109      0.000003540388      0.000001490332
   33     -0.000013263276      0.000050392604      0.000021711871
   34     -0.000061246893      0.000044422523      0.000010053509
   35      0.000004291995      0.000019204977     -0.000003467351
   36      0.000005728283      0.000019345447     -0.000015830073
   37     -0.000024072125      0.000025705830      0.000025628400
   38      0.000009919562      0.000009114353      0.000026844480
   39      0.000006588764     -0.000038782193      0.000025759279
   40      0.000003097190     -0.000006191924      0.000011890973
   41     -0.000019071238      0.000011171299     -0.000025590404
   42     -0.000022318368      0.000004710725     -0.000000037742
   43      0.000005344917     -0.000008092169      0.000018827686
   44     -0.000009959221     -0.000032615891      0.000012999433
   45      0.000036938014      0.000024874866      0.000010843582
   46     -0.000012787594     -0.000008741125     -0.000003003906
   47     -0.000027363484      0.000013879758     -0.000002420860
   48      0.000023398744     -0.000009240324     -0.000006063776

Total stress tensor
      0.000000011928      0.000000033186      0.000000000053
      0.000000033186     -0.000000024380     -0.000000000049
      0.000000000053     -0.000000000049     -0.000000000036

Total lattice derivs
     -0.000029526221     -0.000082107234     -0.000000132075
     -0.000056346020      0.000093299641      0.000000170544
     -0.000000019260      0.000000021382      0.000000021573

Maximal derivative component:        0.867681E-04 au

Volume:                              0.561170E+05 au^3
Pressure:                           -0.416290E-08 au    -0.122477E+06 Pa

Warning: dipole moment is not defined absolutely!
Dipole moment:   -5.75696391   -3.32471707   -0.00249847 au
Dipole moment:  -14.63274387   -8.45058856   -0.00635048 Debye

Geometry converged

