 KPT            1  SPIN            1  KWEIGHT    1.0000000000000000     
     1   -19.809  2.00000
     2   -19.547  2.00000
     3   -19.547  2.00000
     4   -19.528  2.00000
     5   -19.445  2.00000
     6   -19.445  2.00000
     7   -19.384  2.00000
     8   -18.466  2.00000
     9   -18.466  2.00000
    10   -18.356  2.00000
    11   -18.212  2.00000
    12   -18.212  2.00000
    13   -17.895  2.00000
    14   -17.895  2.00000
    15   -17.863  2.00000
    16   -17.863  2.00000
    17   -17.796  2.00000
    18   -17.795  2.00000
    19   -17.419  2.00000
    20   -17.419  2.00000
    21   -17.388  2.00000
    22   -17.226  2.00000
    23   -16.867  2.00000
    24   -16.867  2.00000
    25   -16.697  2.00000
    26   -16.697  2.00000
    27   -16.640  2.00000
    28   -16.163  2.00000
    29   -16.163  2.00000
    30   -16.089  2.00000
    31   -16.081  2.00000
    32   -15.759  2.00000
    33   -15.759  2.00000
    34   -14.719  2.00000
    35   -14.719  2.00000
    36   -14.345  2.00000
    37   -14.302  2.00000
    38   -14.258  2.00000
    39   -14.257  2.00000
    40   -13.879  2.00000
    41   -13.844  2.00000
    42   -13.844  2.00000
    43   -13.636  2.00000
    44   -13.636  2.00000
    45   -13.373  2.00000
    46   -13.331  2.00000
    47   -13.331  2.00000
    48   -12.667  2.00000
    49   -12.343  2.00000
    50   -12.124  2.00000
    51   -12.095  2.00000
    52   -12.095  2.00000
    53   -11.678  2.00000
    54   -11.678  2.00000
    55   -11.334  2.00000
    56   -11.334  2.00000
    57   -11.230  2.00000
    58   -11.230  2.00000
    59   -11.107  2.00000
    60   -10.851  2.00000
    61   -10.784  2.00000
    62   -10.747  2.00000
    63   -10.471  2.00000
    64   -10.442  2.00000
    65   -10.442  2.00000
    66   -10.421  2.00000
    67   -10.334  2.00000
    68   -10.334  2.00000
    69   -10.284  2.00000
    70   -10.284  2.00000
    71   -10.244  2.00000
    72   -10.006  2.00000
    73   -10.006  2.00000
    74    -9.979  2.00000
    75    -9.858  2.00000
    76    -9.858  2.00000
    77    -9.711  2.00000
    78    -9.711  2.00000
    79    -9.655  2.00000
    80    -9.650  2.00000
    81    -9.562  2.00000
    82    -9.556  2.00000
    83    -9.556  2.00000
    84    -9.545  2.00000
    85    -9.545  2.00000
    86    -9.452  2.00000
    87    -9.452  2.00000
    88    -9.449  2.00000
    89    -9.444  2.00000
    90    -9.037  2.00000
    91    -9.037  2.00000
    92    -8.689  2.00000
    93    -8.689  2.00000
    94    -8.667  2.00000
    95    -8.504  2.00000
    96    -8.495  2.00000
    97    -8.495  2.00000
    98    -8.462  2.00000
    99    -8.462  2.00000
   100    -8.444  2.00000
   101    -8.444  2.00000
   102    -8.408  2.00000
   103    -8.338  2.00000
   104    -8.315  2.00000
   105    -8.315  2.00000
   106    -8.267  2.00000
   107    -8.179  2.00000
   108    -8.179  2.00000
   109    -8.112  2.00000
   110    -8.112  2.00000
   111    -8.043  2.00000
   112    -8.038  2.00000
   113    -8.038  2.00000
   114    -7.836  2.00000
   115    -7.439  2.00000
   116    -7.324  2.00000
   117    -7.324  2.00000
   118    -7.285  2.00000
   119    -7.087  2.00000
   120    -7.066  2.00000
   121    -7.066  2.00000
   122    -7.044  2.00000
   123    -7.044  2.00000
   124    -7.025  2.00000
   125    -7.024  2.00000
   126    -6.955  2.00000
   127    -6.955  2.00000
   128    -6.940  2.00000
   129    -6.846  2.00000
   130    -6.843  2.00000
   131    -6.822  2.00000
   132    -6.822  2.00000
   133    -6.660  2.00000
   134    -6.657  2.00000
   135    -6.657  2.00000
   136    -5.993  2.00000
   137    -5.993  2.00000
   138    -5.938  2.00000
   139    -5.667  2.00000
   140    -5.378  2.00000
   141    -5.378  2.00000
   142    -3.355  0.00000
   143    -3.355  0.00000
   144    -2.929  0.00000
   145    -2.790  0.00000
   146    -2.680  0.00000
   147    -2.680  0.00000
   148    -1.784  0.00000
   149    -1.784  0.00000
   150    -1.752  0.00000
   151    -1.606  0.00000
   152    -1.606  0.00000
   153    -1.092  0.00000
   154    -1.075  0.00000
   155    -1.075  0.00000
   156    -0.046  0.00000
   157     0.286  0.00000
   158     0.528  0.00000
   159     0.610  0.00000
   160     0.610  0.00000
   161     0.669  0.00000
   162     0.669  0.00000
   163     0.690  0.00000
   164     0.690  0.00000
   165     0.713  0.00000
   166     0.713  0.00000
   167     0.862  0.00000
   168     0.862  0.00000
   169     0.900  0.00000
   170     0.904  0.00000
   171     1.113  0.00000
   172     1.190  0.00000
   173     1.190  0.00000
   174     1.249  0.00000
   175     2.530  0.00000
   176     2.530  0.00000
   177     2.904  0.00000
   178     2.904  0.00000
   179     3.051  0.00000
   180     3.469  0.00000
   181     4.075  0.00000
   182     4.088  0.00000
   183     4.088  0.00000
   184     4.721  0.00000
   185     4.721  0.00000
   186     5.405  0.00000
   187     8.488  0.00000
   188     8.564  0.00000
   189     8.564  0.00000
   190     8.699  0.00000
   191     8.699  0.00000
   192     8.762  0.00000
   193     9.784  0.00000
   194     9.814  0.00000
   195     9.815  0.00000
   196     9.907  0.00000
   197    10.142  0.00000
   198    10.142  0.00000
   199    10.468  0.00000
   200    10.699  0.00000
   201    10.745  0.00000
   202    10.746  0.00000
   203    11.142  0.00000
   204    11.142  0.00000
   205    13.029  0.00000
   206    13.029  0.00000
   207    13.318  0.00000
   208    13.476  0.00000
   209    13.634  0.00000
   210    13.635  0.00000
   211    13.853  0.00000
   212    13.853  0.00000
   213    14.124  0.00000
   214    14.294  0.00000
   215    14.405  0.00000
   216    14.406  0.00000
   217    14.897  0.00000
   218    15.641  0.00000
   219    15.641  0.00000
   220    17.883  0.00000
   221    17.883  0.00000
   222    18.145  0.00000
   223    18.146  0.00000
   224    18.171  0.00000
   225    18.250  0.00000
   226    18.271  0.00000
   227    18.355  0.00000
   228    18.355  0.00000
   229    19.120  0.00000
   230    19.121  0.00000
   231    19.122  0.00000
   232    19.122  0.00000
   233    19.140  0.00000
   234    19.152  0.00000
   235    19.220  0.00000
   236    19.221  0.00000
   237    19.426  0.00000
   238    19.426  0.00000
   239    19.513  0.00000
   240    19.717  0.00000
   241    19.781  0.00000
   242    19.781  0.00000
   243    20.703  0.00000
   244    20.703  0.00000
   245    21.249  0.00000
   246    21.517  0.00000
   247    21.719  0.00000
   248    21.729  0.00000
   249    21.729  0.00000
   250    21.888  0.00000
   251    21.888  0.00000
   252    22.251  0.00000
   253    22.304  0.00000
   254    22.304  0.00000
   255    22.358  0.00000
   256    22.358  0.00000
   257    24.639  0.00000
   258    24.903  0.00000
   259    24.980  0.00000
   260    24.981  0.00000
   261    25.141  0.00000
   262    25.141  0.00000
   263    25.291  0.00000
   264    27.367  0.00000
   265    28.404  0.00000
   266    28.438  0.00000
   267    28.439  0.00000
   268    28.627  0.00000
   269    28.628  0.00000
   270    28.701  0.00000
   271    56.117  0.00000
   272    56.290  0.00000
   273    56.319  0.00000
   274    56.323  0.00000
   275    56.378  0.00000
   276    56.379  0.00000
   277    56.742  0.00000
   278    56.955  0.00000
   279    56.956  0.00000
   280    57.403  0.00000
   281    57.406  0.00000
   282    57.629  0.00000

