 Fermi distribution function

Calculation with static geometry


********************************************************************************
 iSCC Total electronic   Diff electronic      SCC error    
  151   -0.12165931E+03   -0.11795009E-11    0.95367047E-05
********************************************************************************

 Total charge:    -0.00000000

 Atomic gross charges (e)
 Atom           Charge
    1       0.06098323
    2       0.06098529
    3       0.06097880
    4       0.06098250
    5       0.06098360
    6       0.06097908
    7      -0.06582206
    8      -0.06735576
    9       0.07228309
   10      -0.06582268
   11      -0.06735388
   12       0.07228290
   13      -0.06582407
   14       0.07228178
   15      -0.06582050
   16      -0.06735789
   17      -0.06582431
   18      -0.06735357
   19      -0.06582492
   20      -0.06735349
   21       0.09400913
   22      -0.10078016
   23      -0.07544972
   24      -0.10078308
   25       0.09401363
   26      -0.08025298
   27       0.07908587
   28       0.08516422
   29       0.07228076
   30       0.09401383
   31      -0.10077962
   32      -0.07545141
   33      -0.10077792
   34       0.09401035
   35       0.09401346
   36      -0.10077707
   37      -0.07544903
   38      -0.10079156
   39       0.09400894
   40       0.07228334
   41       0.08516009
   42       0.08517037
   43       0.08516123
   44       0.09400907
   45      -0.10077977
   46      -0.07544848
   47       0.09401218
   48      -0.10078318
   49       0.09400690
   50      -0.10077341
   51      -0.07544365
   52      -0.10077539
   53       0.09401799
   54       0.07228114
   55      -0.06735317
   56       0.09401051
   57      -0.10078375
   58       0.09401052
   59      -0.10078074
   60      -0.07544873
   61       0.08516522
   62       0.08516465
   63       0.08515270
   64       0.07908809
   65       0.08516009
   66       0.08516390
   67       0.08516300
   68       0.07908651
   69       0.07907848
   70       0.07908472
   71       0.08516281
   72       0.07908616
   73      -0.08025775
   74      -0.08025241
   75      -0.08025528
   76      -0.08025593
   77      -0.08025613
   78      -0.08025472
   79      -0.08025407
   80      -0.08025348
   81      -0.08025486
   82      -0.08025597
   83      -0.08025704
   84       0.08516344

Nr. of electrons (up):    282.00000000
Atom populations (up)
 Atom       Population
    1       3.93901677
    2       3.93901471
    3       3.93902120
    4       3.93901750
    5       3.93901640
    6       3.93902092
    7       4.06582206
    8       4.06735576
    9       3.92771691
   10       4.06582268
   11       4.06735388
   12       3.92771710
   13       4.06582407
   14       3.92771822
   15       4.06582050
   16       4.06735789
   17       4.06582431
   18       4.06735357
   19       4.06582492
   20       4.06735349
   21       3.90599087
   22       4.10078016
   23       4.07544972
   24       4.10078308
   25       3.90598637
   26       4.08025298
   27       0.92091413
   28       0.91483578
   29       3.92771924
   30       3.90598617
   31       4.10077962
   32       4.07545141
   33       4.10077792
   34       3.90598965
   35       3.90598654
   36       4.10077707
   37       4.07544903
   38       4.10079156
   39       3.90599106
   40       3.92771666
   41       0.91483991
   42       0.91482963
   43       0.91483877
   44       3.90599093
   45       4.10077977
   46       4.07544848
   47       3.90598782
   48       4.10078318
   49       3.90599310
   50       4.10077341
   51       4.07544365
   52       4.10077539
   53       3.90598201
   54       3.92771886
   55       4.06735317
   56       3.90598949
   57       4.10078375
   58       3.90598948
   59       4.10078074
   60       4.07544873
   61       0.91483478
   62       0.91483535
   63       0.91484730
   64       0.92091191
   65       0.91483991
   66       0.91483610
   67       0.91483700
   68       0.92091349
   69       0.92092152
   70       0.92091528
   71       0.91483719
   72       0.92091384
   73       4.08025775
   74       4.08025241
   75       4.08025528
   76       4.08025593
   77       4.08025613
   78       4.08025472
   79       4.08025407
   80       4.08025348
   81       4.08025486
   82       4.08025597
   83       4.08025704
   84       0.91483656

l-shell populations (up)
 Atom Sh.   l       Population
    1   1   0       1.17247513
    1   2   1       2.76654164
    2   1   0       1.17247224
    2   2   1       2.76654247
    3   1   0       1.17247939
    3   2   1       2.76654181
    4   1   0       1.17247604
    4   2   1       2.76654146
    5   1   0       1.17247402
    5   2   1       2.76654238
    6   1   0       1.17247989
    6   2   1       2.76654104
    7   1   0       1.19638027
    7   2   1       2.86944180
    8   1   0       1.19899564
    8   2   1       2.86836012
    9   1   0       1.17229015
    9   2   1       2.75542677
   10   1   0       1.19638046
   10   2   1       2.86944221
   11   1   0       1.19899615
   11   2   1       2.86835773
   12   1   0       1.17228614
   12   2   1       2.75543096
   13   1   0       1.19638170
   13   2   1       2.86944236
   14   1   0       1.17228769
   14   2   1       2.75543053
   15   1   0       1.19637642
   15   2   1       2.86944407
   16   1   0       1.19899424
   16   2   1       2.86836364
   17   1   0       1.19638222
   17   2   1       2.86944209
   18   1   0       1.19899599
   18   2   1       2.86835758
   19   1   0       1.19638233
   19   2   1       2.86944260
   20   1   0       1.19899597
   20   2   1       2.86835752
   21   1   0       1.16521977
   21   2   1       2.74077110
   22   1   0       1.23064876
   22   2   1       2.87013140
   23   1   0       1.22301408
   23   2   1       2.85243563
   24   1   0       1.23065013
   24   2   1       2.87013296
   25   1   0       1.16521469
   25   2   1       2.74077167
   26   1   0       1.20345316
   26   2   1       2.87679982
   27   1   0       0.92091413
   28   1   0       0.91483578
   29   1   0       1.17229440
   29   2   1       2.75542484
   30   1   0       1.16521473
   30   2   1       2.74077144
   31   1   0       1.23065080
   31   2   1       2.87012881
   32   1   0       1.22301401
   32   2   1       2.85243739
   33   1   0       1.23064899
   33   2   1       2.87012893
   34   1   0       1.16521777
   34   2   1       2.74077188
   35   1   0       1.16521575
   35   2   1       2.74077079
   36   1   0       1.23064467
   36   2   1       2.87013240
   37   1   0       1.22301055
   37   2   1       2.85243848
   38   1   0       1.23066316
   38   2   1       2.87012841
   39   1   0       1.16522350
   39   2   1       2.74076756
   40   1   0       1.17228575
   40   2   1       2.75543091
   41   1   0       0.91483991
   42   1   0       0.91482963
   43   1   0       0.91483877
   44   1   0       1.16521887
   44   2   1       2.74077206
   45   1   0       1.23064786
   45   2   1       2.87013192
   46   1   0       1.22301232
   46   2   1       2.85243616
   47   1   0       1.16521581
   47   2   1       2.74077201
   48   1   0       1.23065125
   48   2   1       2.87013193
   49   1   0       1.16521957
   49   2   1       2.74077353
   50   1   0       1.23063966
   50   2   1       2.87013375
   51   1   0       1.22300772
   51   2   1       2.85243593
   52   1   0       1.23064761
   52   2   1       2.87012779
   53   1   0       1.16520689
   53   2   1       2.74077511
   54   1   0       1.17228496
   54   2   1       2.75543389
   55   1   0       1.19899511
   55   2   1       2.86835806
   56   1   0       1.16522161
   56   2   1       2.74076788
   57   1   0       1.23065117
   57   2   1       2.87013258
   58   1   0       1.16522025
   58   2   1       2.74076923
   59   1   0       1.23064749
   59   2   1       2.87013325
   60   1   0       1.22301382
   60   2   1       2.85243491
   61   1   0       0.91483478
   62   1   0       0.91483535
   63   1   0       0.91484730
   64   1   0       0.92091191
   65   1   0       0.91483991
   66   1   0       0.91483610
   67   1   0       0.91483700
   68   1   0       0.92091349
   69   1   0       0.92092152
   70   1   0       0.92091528
   71   1   0       0.91483719
   72   1   0       0.92091384
   73   1   0       1.20345935
   73   2   1       2.87679839
   74   1   0       1.20345877
   74   2   1       2.87679365
   75   1   0       1.20345964
   75   2   1       2.87679563
   76   1   0       1.20345979
   76   2   1       2.87679614
   77   1   0       1.20345633
   77   2   1       2.87679980
   78   1   0       1.20345591
   78   2   1       2.87679881
   79   1   0       1.20345401
   79   2   1       2.87680006
   80   1   0       1.20345251
   80   2   1       2.87680097
   81   1   0       1.20345306
   81   2   1       2.87680181
   82   1   0       1.20345224
   82   2   1       2.87680373
   83   1   0       1.20345579
   83   2   1       2.87680124
   84   1   0       0.91483656

Orbital populations (up)
 Atom Sh.   l   m       Population  Label
    1   1   0   0       1.17247513  s
    1   2   1  -1       0.88953515  p_y
    1   2   1   0       1.00565893  p_z
    1   2   1   1       0.87134756  p_x
    2   1   0   0       1.17247224  s
    2   2   1  -1       0.88881308  p_y
    2   2   1   0       1.00582117  p_z
    2   2   1   1       0.87190821  p_x
    3   1   0   0       1.17247939  s
    3   2   1  -1       0.86372526  p_y
    3   2   1   0       1.00562532  p_z
    3   2   1   1       0.89719124  p_x
    4   1   0   0       1.17247604  s
    4   2   1  -1       0.88952507  p_y
    4   2   1   0       1.00567849  p_z
    4   2   1   1       0.87133790  p_x
    5   1   0   0       1.17247402  s
    5   2   1  -1       0.88881245  p_y
    5   2   1   0       1.00582093  p_z
    5   2   1   1       0.87190900  p_x
    6   1   0   0       1.17247989  s
    6   2   1  -1       0.86370730  p_y
    6   2   1   0       1.00564352  p_z
    6   2   1   1       0.89719022  p_x
    7   1   0   0       1.19638027  s
    7   2   1  -1       0.85927760  p_y
    7   2   1   0       0.99534067  p_z
    7   2   1   1       1.01482353  p_x
    8   1   0   0       1.19899564  s
    8   2   1  -1       0.86190879  p_y
    8   2   1   0       0.99353101  p_z
    8   2   1   1       1.01292032  p_x
    9   1   0   0       1.17229015  s
    9   2   1  -1       0.85914736  p_y
    9   2   1   0       0.99834025  p_z
    9   2   1   1       0.89793915  p_x
   10   1   0   0       1.19638046  s
   10   2   1  -1       0.97424298  p_y
   10   2   1   0       0.99618164  p_z
   10   2   1   1       0.89901759  p_x
   11   1   0   0       1.19899615  s
   11   2   1  -1       0.97350775  p_y
   11   2   1   0       0.99433009  p_z
   11   2   1   1       0.90051989  p_x
   12   1   0   0       1.17228614  s
   12   2   1  -1       0.88811559  p_y
   12   2   1   0       0.99855979  p_z
   12   2   1   1       0.86875559  p_x
   13   1   0   0       1.19638170  s
   13   2   1  -1       0.97751325  p_y
   13   2   1   0       0.99550419  p_z
   13   2   1   1       0.89642492  p_x
   14   1   0   0       1.17228769  s
   14   2   1  -1       0.88896759  p_y
   14   2   1   0       0.99838193  p_z
   14   2   1   1       0.86808101  p_x
   15   1   0   0       1.19637642  s
   15   2   1  -1       0.85929289  p_y
   15   2   1   0       0.99532142  p_z
   15   2   1   1       1.01482976  p_x
   16   1   0   0       1.19899424  s
   16   2   1  -1       0.86201042  p_y
   16   2   1   0       0.99343660  p_z
   16   2   1   1       1.01291663  p_x
   17   1   0   0       1.19638222  s
   17   2   1  -1       0.97422008  p_y
   17   2   1   0       0.99621086  p_z
   17   2   1   1       0.89901115  p_x
   18   1   0   0       1.19899599  s
   18   2   1  -1       0.97352470  p_y
   18   2   1   0       0.99431607  p_z
   18   2   1   1       0.90051681  p_x
   19   1   0   0       1.19638233  s
   19   2   1  -1       0.97752841  p_y
   19   2   1   0       0.99548539  p_z
   19   2   1   1       0.89642880  p_x
   20   1   0   0       1.19899597  s
   20   2   1  -1       0.97673406  p_y
   20   2   1   0       0.99359312  p_z
   20   2   1   1       0.89803033  p_x
   21   1   0   0       1.16521977  s
   21   2   1  -1       0.88642292  p_y
   21   2   1   0       0.98560488  p_z
   21   2   1   1       0.86874330  p_x
   22   1   0   0       1.23064876  s
   22   2   1  -1       0.94039348  p_y
   22   2   1   0       1.01674514  p_z
   22   2   1   1       0.91299278  p_x
   23   1   0   0       1.22301408  s
   23   2   1  -1       0.92043339  p_y
   23   2   1   0       1.00052764  p_z
   23   2   1   1       0.93147460  p_x
   24   1   0   0       1.23065013  s
   24   2   1  -1       0.92222277  p_y
   24   2   1   0       1.01661700  p_z
   24   2   1   1       0.93129319  p_x
   25   1   0   0       1.16521469  s
   25   2   1  -1       0.85475539  p_y
   25   2   1   0       0.98537848  p_z
   25   2   1   1       0.90063781  p_x
   26   1   0   0       1.20345316  s
   26   2   1  -1       0.97722250  p_y
   26   2   1   0       0.99748822  p_z
   26   2   1   1       0.90208909  p_x
   27   1   0   0       0.92091413  s
   28   1   0   0       0.91483578  s
   29   1   0   0       1.17229440  s
   29   2   1  -1       0.85925888  p_y
   29   2   1   0       0.99825042  p_z
   29   2   1   1       0.89791554  p_x
   30   1   0   0       1.16521473  s
   30   2   1  -1       0.89242766  p_y
   30   2   1   0       0.98535178  p_z
   30   2   1   1       0.86299199  p_x
   31   1   0   0       1.23065080  s
   31   2   1  -1       0.91880264  p_y
   31   2   1   0       1.01652909  p_z
   31   2   1   1       0.93479709  p_x
   32   1   0   0       1.22301401  s
   32   2   1  -1       0.93710990  p_y
   32   2   1   0       1.00050179  p_z
   32   2   1   1       0.91482571  p_x
   33   1   0   0       1.23064899  s
   33   2   1  -1       0.91828863  p_y
   33   2   1   0       1.01663961  p_z
   33   2   1   1       0.93520069  p_x
   34   1   0   0       1.16521777  s
   34   2   1  -1       0.89153166  p_y
   34   2   1   0       0.98554852  p_z
   34   2   1   1       0.86369169  p_x
   35   1   0   0       1.16521575  s
   35   2   1  -1       0.88750820  p_y
   35   2   1   0       0.98529950  p_z
   35   2   1   1       0.86796309  p_x
   36   1   0   0       1.23064467  s
   36   2   1  -1       0.94033361  p_y
   36   2   1   0       1.01669488  p_z
   36   2   1   1       0.91310392  p_x
   37   1   0   0       1.22301055  s
   37   2   1  -1       0.92093525  p_y
   37   2   1   0       1.00036217  p_z
   37   2   1   1       0.93114105  p_x
   38   1   0   0       1.23066316  s
   38   2   1  -1       0.92166152  p_y
   38   2   1   0       1.01667031  p_z
   38   2   1   1       0.93179657  p_x
   39   1   0   0       1.16522350  s
   39   2   1  -1       0.85496703  p_y
   39   2   1   0       0.98524999  p_z
   39   2   1   1       0.90055054  p_x
   40   1   0   0       1.17228575  s
   40   2   1  -1       0.88819714  p_y
   40   2   1   0       0.99846461  p_z
   40   2   1   1       0.86876916  p_x
   41   1   0   0       0.91483991  s
   42   1   0   0       0.91482963  s
   43   1   0   0       0.91483877  s
   44   1   0   0       1.16521887  s
   44   2   1  -1       0.88742920  p_y
   44   2   1   0       0.98540359  p_z
   44   2   1   1       0.86793927  p_x
   45   1   0   0       1.23064786  s
   45   2   1  -1       0.94027684  p_y
   45   2   1   0       1.01676699  p_z
   45   2   1   1       0.91308808  p_x
   46   1   0   0       1.22301232  s
   46   2   1  -1       0.92087017  p_y
   46   2   1   0       1.00044374  p_z
   46   2   1   1       0.93112225  p_x
   47   1   0   0       1.16521581  s
   47   2   1  -1       0.85486821  p_y
   47   2   1   0       0.98536176  p_z
   47   2   1   1       0.90054203  p_x
   48   1   0   0       1.23065125  s
   48   2   1  -1       0.92159156  p_y
   48   2   1   0       1.01674552  p_z
   48   2   1   1       0.93179484  p_x
   49   1   0   0       1.16521957  s
   49   2   1  -1       0.88642093  p_y
   49   2   1   0       0.98554760  p_z
   49   2   1   1       0.86880500  p_x
   50   1   0   0       1.23063966  s
   50   2   1  -1       0.94040936  p_y
   50   2   1   0       1.01667003  p_z
   50   2   1   1       0.91305436  p_x
   51   1   0   0       1.22300772  s
   51   2   1  -1       0.92044481  p_y
   51   2   1   0       1.00047650  p_z
   51   2   1   1       0.93151462  p_x
   52   1   0   0       1.23064761  s
   52   2   1  -1       0.92225959  p_y
   52   2   1   0       1.01653144  p_z
   52   2   1   1       0.93133676  p_x
   53   1   0   0       1.16520689  s
   53   2   1  -1       0.85479703  p_y
   53   2   1   0       0.98528990  p_z
   53   2   1   1       0.90068818  p_x
   54   1   0   0       1.17228496  s
   54   2   1  -1       0.88900216  p_y
   54   2   1   0       0.99828872  p_z
   54   2   1   1       0.86814302  p_x
   55   1   0   0       1.19899511  s
   55   2   1  -1       0.97668323  p_y
   55   2   1   0       0.99369075  p_z
   55   2   1   1       0.89798408  p_x
   56   1   0   0       1.16522161  s
   56   2   1  -1       0.89142591  p_y
   56   2   1   0       0.98561360  p_z
   56   2   1   1       0.86372837  p_x
   57   1   0   0       1.23065117  s
   57   2   1  -1       0.91819066  p_y
   57   2   1   0       1.01671636  p_z
   57   2   1   1       0.93522556  p_x
   58   1   0   0       1.16522025  s
   58   2   1  -1       0.89233946  p_y
   58   2   1   0       0.98542585  p_z
   58   2   1   1       0.86300392  p_x
   59   1   0   0       1.23064749  s
   59   2   1  -1       0.91871561  p_y
   59   2   1   0       1.01660616  p_z
   59   2   1   1       0.93481148  p_x
   60   1   0   0       1.22301382  s
   60   2   1  -1       0.93704264  p_y
   60   2   1   0       1.00054820  p_z
   60   2   1   1       0.91484407  p_x
   61   1   0   0       0.91483478  s
   62   1   0   0       0.91483535  s
   63   1   0   0       0.91484730  s
   64   1   0   0       0.92091191  s
   65   1   0   0       0.91483991  s
   66   1   0   0       0.91483610  s
   67   1   0   0       0.91483700  s
   68   1   0   0       0.92091349  s
   69   1   0   0       0.92092152  s
   70   1   0   0       0.92091528  s
   71   1   0   0       0.91483719  s
   72   1   0   0       0.92091384  s
   73   1   0   0       1.20345935  s
   73   2   1  -1       0.86467754  p_y
   73   2   1   0       0.99728954  p_z
   73   2   1   1       1.01483132  p_x
   74   1   0   0       1.20345877  s
   74   2   1  -1       0.86479383  p_y
   74   2   1   0       0.99724933  p_z
   74   2   1   1       1.01475049  p_x
   75   1   0   0       1.20345964  s
   75   2   1  -1       0.86468228  p_y
   75   2   1   0       0.99734905  p_z
   75   2   1   1       1.01476430  p_x
   76   1   0   0       1.20345979  s
   76   2   1  -1       0.86461896  p_y
   76   2   1   0       0.99734983  p_z
   76   2   1   1       1.01482736  p_x
   77   1   0   0       1.20345633  s
   77   2   1  -1       0.97724707  p_y
   77   2   1   0       0.99742462  p_z
   77   2   1   1       0.90212810  p_x
   78   1   0   0       1.20345591  s
   78   2   1  -1       0.98035840  p_y
   78   2   1   0       0.99746649  p_z
   78   2   1   1       0.89897392  p_x
   79   1   0   0       1.20345401  s
   79   2   1  -1       0.97403954  p_y
   79   2   1   0       0.99814766  p_z
   79   2   1   1       0.90461287  p_x
   80   1   0   0       1.20345251  s
   80   2   1  -1       0.97727221  p_y
   80   2   1   0       0.99812223  p_z
   80   2   1   1       0.90140652  p_x
   81   1   0   0       1.20345306  s
   81   2   1  -1       0.97398906  p_y
   81   2   1   0       0.99813346  p_z
   81   2   1   1       0.90467929  p_x
   82   1   0   0       1.20345224  s
   82   2   1  -1       0.97717201  p_y
   82   2   1   0       0.99816856  p_z
   82   2   1   1       0.90146316  p_x
   83   1   0   0       1.20345579  s
   83   2   1  -1       0.98034526  p_y
   83   2   1   0       0.99749185  p_z
   83   2   1   1       0.89896413  p_x
   84   1   0   0       0.91483656  s

Fermi level:                        -0.1604647914 H           -4.3665 eV
Band energy:                      -118.4516234457 H        -3223.2327 eV
TS:                                  0.0000000000 H            0.0000 eV
Band free energy (E-TS):          -118.4516234457 H        -3223.2327 eV
Extrapolated E(0K):               -118.4516234457 H        -3223.2327 eV
Input / Output electrons (q):    282.0000000000    282.0000000000

Energy H0:                        -121.6846057264 H        -3311.2066 eV
Energy SCC:                          0.0252943281 H            0.6883 eV
Total Electronic energy:          -121.6593113983 H        -3310.5183 eV
Repulsive energy:                    2.6901542020 H           73.2028 eV
Dispersion energy:                   0.4749787015 H           12.9248 eV
Total energy:                     -118.4941784949 H        -3224.3907 eV
Extrapolated to 0:                -118.4941784949 H        -3224.3907 eV
Total Mermin free energy:         -118.4941784949 H        -3224.3907 eV
Force related energy:             -118.4941784949 H        -3224.3907 eV

SCC converged

Dipole moment:    0.00000940   -0.00001205   -0.00001945 au
Dipole moment:    0.00002388   -0.00003062   -0.00004943 Debye


