 KPT            1  SPIN            1  KWEIGHT    1.0000000000000000     
     1   -20.108  2.00000
     2   -19.767  2.00000
     3   -19.765  2.00000
     4   -19.765  2.00000
     5   -19.761  2.00000
     6   -19.761  2.00000
     7   -19.759  2.00000
     8   -18.928  2.00000
     9   -18.927  2.00000
    10   -18.786  2.00000
    11   -18.754  2.00000
    12   -18.754  2.00000
    13   -18.664  2.00000
    14   -18.664  2.00000
    15   -18.612  2.00000
    16   -18.612  2.00000
    17   -18.590  2.00000
    18   -18.573  2.00000
    19   -18.541  2.00000
    20   -18.446  2.00000
    21   -18.419  2.00000
    22   -18.419  2.00000
    23   -18.309  2.00000
    24   -18.309  2.00000
    25   -18.143  2.00000
    26   -18.143  2.00000
    27   -18.080  2.00000
    28   -18.045  2.00000
    29   -18.045  2.00000
    30   -17.968  2.00000
    31   -17.836  2.00000
    32   -17.813  2.00000
    33   -17.813  2.00000
    34   -17.812  2.00000
    35   -17.629  2.00000
    36   -17.629  2.00000
    37   -17.339  2.00000
    38   -17.294  2.00000
    39   -17.294  2.00000
    40   -17.284  2.00000
    41   -17.284  2.00000
    42   -17.248  2.00000
    43   -16.971  2.00000
    44   -16.949  2.00000
    45   -16.949  2.00000
    46   -16.710  2.00000
    47   -16.578  2.00000
    48   -16.578  2.00000
    49   -16.462  2.00000
    50   -16.462  2.00000
    51   -16.435  2.00000
    52   -16.239  2.00000
    53   -16.239  2.00000
    54   -16.218  2.00000
    55   -16.180  2.00000
    56   -16.021  2.00000
    57   -16.021  2.00000
    58   -15.109  2.00000
    59   -15.109  2.00000
    60   -14.882  2.00000
    61   -14.751  2.00000
    62   -14.751  2.00000
    63   -14.732  2.00000
    64   -14.627  2.00000
    65   -14.627  2.00000
    66   -14.595  2.00000
    67   -14.427  2.00000
    68   -14.427  2.00000
    69   -14.205  2.00000
    70   -14.205  2.00000
    71   -14.188  2.00000
    72   -14.153  2.00000
    73   -13.792  2.00000
    74   -13.688  2.00000
    75   -13.688  2.00000
    76   -13.601  2.00000
    77   -13.601  2.00000
    78   -13.579  2.00000
    79   -13.278  2.00000
    80   -13.278  2.00000
    81   -13.172  2.00000
    82   -13.141  2.00000
    83   -13.141  2.00000
    84   -12.719  2.00000
    85   -12.544  2.00000
    86   -12.422  2.00000
    87   -12.422  2.00000
    88   -12.421  2.00000
    89   -12.071  2.00000
    90   -12.071  2.00000
    91   -12.051  2.00000
    92   -12.051  2.00000
    93   -11.840  2.00000
    94   -11.840  2.00000
    95   -11.729  2.00000
    96   -11.643  2.00000
    97   -11.506  2.00000
    98   -11.370  2.00000
    99   -11.313  2.00000
   100   -11.313  2.00000
   101   -11.193  2.00000
   102   -11.193  2.00000
   103   -11.083  2.00000
   104   -10.999  2.00000
   105   -10.999  2.00000
   106   -10.995  2.00000
   107   -10.951  2.00000
   108   -10.951  2.00000
   109   -10.868  2.00000
   110   -10.815  2.00000
   111   -10.657  2.00000
   112   -10.655  2.00000
   113   -10.655  2.00000
   114   -10.654  2.00000
   115   -10.653  2.00000
   116   -10.653  2.00000
   117   -10.333  2.00000
   118   -10.332  2.00000
   119   -10.255  2.00000
   120   -10.095  2.00000
   121   -10.049  2.00000
   122   -10.049  2.00000
   123    -9.972  2.00000
   124    -9.972  2.00000
   125    -9.937  2.00000
   126    -9.935  2.00000
   127    -9.930  2.00000
   128    -9.930  2.00000
   129    -9.912  2.00000
   130    -9.911  2.00000
   131    -9.901  2.00000
   132    -9.848  2.00000
   133    -9.847  2.00000
   134    -9.847  2.00000
   135    -9.831  2.00000
   136    -9.830  2.00000
   137    -9.829  2.00000
   138    -9.507  2.00000
   139    -9.507  2.00000
   140    -9.330  2.00000
   141    -9.329  2.00000
   142    -9.299  2.00000
   143    -9.257  2.00000
   144    -9.257  2.00000
   145    -9.189  2.00000
   146    -9.161  2.00000
   147    -9.160  2.00000
   148    -9.125  2.00000
   149    -9.125  2.00000
   150    -9.124  2.00000
   151    -9.124  2.00000
   152    -9.111  2.00000
   153    -9.090  2.00000
   154    -9.089  2.00000
   155    -9.088  2.00000
   156    -9.061  2.00000
   157    -9.061  2.00000
   158    -9.041  2.00000
   159    -9.040  2.00000
   160    -9.013  2.00000
   161    -8.973  2.00000
   162    -8.973  2.00000
   163    -8.919  2.00000
   164    -8.739  2.00000
   165    -8.728  2.00000
   166    -8.728  2.00000
   167    -8.725  2.00000
   168    -8.666  2.00000
   169    -8.665  2.00000
   170    -8.590  2.00000
   171    -8.590  2.00000
   172    -8.571  2.00000
   173    -8.570  2.00000
   174    -8.570  2.00000
   175    -8.527  2.00000
   176    -8.527  2.00000
   177    -8.526  2.00000
   178    -8.526  2.00000
   179    -8.524  2.00000
   180    -8.500  2.00000
   181    -8.375  2.00000
   182    -8.375  2.00000
   183    -8.323  2.00000
   184    -8.315  2.00000
   185    -8.315  2.00000
   186    -8.123  2.00000
   187    -8.104  2.00000
   188    -7.886  2.00000
   189    -7.885  2.00000
   190    -7.859  2.00000
   191    -7.857  2.00000
   192    -7.857  2.00000
   193    -7.855  2.00000
   194    -7.855  2.00000
   195    -7.847  2.00000
   196    -7.842  2.00000
   197    -7.803  2.00000
   198    -7.803  2.00000
   199    -7.798  2.00000
   200    -7.796  2.00000
   201    -7.760  2.00000
   202    -7.753  2.00000
   203    -7.682  2.00000
   204    -7.681  2.00000
   205    -7.313  2.00000
   206    -7.295  2.00000
   207    -7.295  2.00000
   208    -7.289  2.00000
   209    -7.289  2.00000
   210    -7.271  2.00000
   211    -6.839  2.00000
   212    -6.790  2.00000
   213    -6.790  2.00000
   214    -6.492  2.00000
   215    -6.359  2.00000
   216    -6.339  2.00000
   217    -6.335  2.00000
   218    -6.327  2.00000
   219    -6.327  2.00000
   220    -6.292  2.00000
   221    -6.292  2.00000
   222    -6.272  2.00000
   223    -6.272  2.00000
   224    -6.267  2.00000
   225    -6.267  2.00000
   226    -6.249  2.00000
   227    -6.211  2.00000
   228    -6.183  2.00000
   229    -6.177  2.00000
   230    -6.176  2.00000
   231    -6.172  2.00000
   232    -5.924  2.00000
   233    -5.899  2.00000
   234    -5.899  2.00000
   235    -5.673  2.00000
   236    -5.523  2.00000
   237    -5.523  2.00000
   238    -3.651  0.00000
   239    -3.651  0.00000
   240    -3.387  0.00000
   241    -3.200  0.00000
   242    -3.199  0.00000
   243    -3.199  0.00000
   244    -2.863  0.00000
   245    -2.863  0.00000
   246    -2.748  0.00000
   247    -2.612  0.00000
   248    -2.611  0.00000
   249    -2.227  0.00000
   250    -2.226  0.00000
   251    -2.178  0.00000
   252    -2.159  0.00000
   253    -2.141  0.00000
   254    -2.117  0.00000
   255    -2.116  0.00000
   256    -2.087  0.00000
   257    -2.087  0.00000
   258    -2.070  0.00000
   259    -2.069  0.00000
   260    -2.013  0.00000
   261    -2.011  0.00000
   262    -2.006  0.00000
   263    -2.003  0.00000
   264    -1.910  0.00000
   265    -1.234  0.00000
   266    -1.153  0.00000
   267    -1.152  0.00000
   268    -1.090  0.00000
   269    -1.027  0.00000
   270    -1.027  0.00000
   271    -0.630  0.00000
   272    -0.630  0.00000
   273    -0.370  0.00000
   274    -0.370  0.00000
   275    -0.302  0.00000
   276     0.431  0.00000
   277     0.444  0.00000
   278     0.797  0.00000
   279     0.797  0.00000
   280     1.052  0.00000
   281     1.097  0.00000
   282     1.097  0.00000
   283     1.117  0.00000
   284     1.117  0.00000
   285     1.154  0.00000
   286     1.155  0.00000
   287     1.194  0.00000
   288     1.195  0.00000
   289     1.221  0.00000
   290     1.262  0.00000
   291     1.313  0.00000
   292     1.425  0.00000
   293     1.426  0.00000
   294     1.719  0.00000
   295     1.845  0.00000
   296     1.846  0.00000
   297     2.135  0.00000
   298     2.282  0.00000
   299     2.283  0.00000
   300     2.340  0.00000
   301     3.200  0.00000
   302     3.200  0.00000
   303     3.455  0.00000
   304     3.456  0.00000
   305     3.591  0.00000
   306     3.673  0.00000
   307     4.296  0.00000
   308     4.320  0.00000
   309     4.321  0.00000
   310     4.368  0.00000
   311     4.368  0.00000
   312     4.384  0.00000
   313     4.385  0.00000
   314     4.386  0.00000
   315     4.387  0.00000
   316     4.392  0.00000
   317     4.452  0.00000
   318     4.464  0.00000
   319     4.716  0.00000
   320     4.717  0.00000
   321     4.781  0.00000
   322     4.782  0.00000
   323     4.783  0.00000
   324     4.906  0.00000
   325     5.047  0.00000
   326     5.048  0.00000
   327     5.053  0.00000
   328     5.222  0.00000
   329     5.223  0.00000
   330     5.503  0.00000
   331     8.445  0.00000
   332     8.457  0.00000
   333     8.457  0.00000
   334     8.481  0.00000
   335     8.482  0.00000
   336     8.494  0.00000
   337     9.787  0.00000
   338     9.830  0.00000
   339     9.831  0.00000
   340     9.912  0.00000
   341     9.953  0.00000
   342     9.954  0.00000
   343    10.072  0.00000
   344    10.271  0.00000
   345    10.425  0.00000
   346    10.425  0.00000
   347    10.433  0.00000
   348    10.434  0.00000
   349    10.982  0.00000
   350    11.166  0.00000
   351    11.168  0.00000
   352    11.736  0.00000
   353    11.866  0.00000
   354    11.866  0.00000
   355    12.262  0.00000
   356    12.333  0.00000
   357    12.335  0.00000
   358    13.101  0.00000
   359    13.151  0.00000
   360    13.153  0.00000
   361    13.531  0.00000
   362    13.696  0.00000
   363    13.697  0.00000
   364    13.711  0.00000
   365    13.761  0.00000
   366    13.762  0.00000
   367    14.004  0.00000
   368    14.005  0.00000
   369    14.143  0.00000
   370    14.679  0.00000
   371    14.805  0.00000
   372    14.807  0.00000
   373    16.163  0.00000
   374    16.225  0.00000
   375    16.227  0.00000
   376    16.650  0.00000
   377    16.667  0.00000
   378    16.668  0.00000
   379    17.446  0.00000
   380    17.448  0.00000
   381    17.528  0.00000
   382    17.811  0.00000
   383    17.815  0.00000
   384    17.918  0.00000
   385    18.416  0.00000
   386    18.417  0.00000
   387    18.747  0.00000
   388    18.748  0.00000
   389    18.749  0.00000
   390    18.751  0.00000
   391    18.752  0.00000
   392    18.762  0.00000
   393    18.764  0.00000
   394    18.818  0.00000
   395    18.819  0.00000
   396    19.116  0.00000
   397    19.162  0.00000
   398    19.164  0.00000
   399    19.607  0.00000
   400    19.608  0.00000
   401    20.144  0.00000
   402    20.185  0.00000
   403    20.336  0.00000
   404    20.337  0.00000
   405    20.789  0.00000
   406    20.912  0.00000
   407    20.913  0.00000
   408    21.065  0.00000
   409    21.066  0.00000
   410    21.330  0.00000
   411    21.330  0.00000
   412    21.391  0.00000
   413    22.192  0.00000
   414    22.463  0.00000
   415    22.464  0.00000
   416    22.486  0.00000
   417    22.488  0.00000
   418    22.831  0.00000
   419    22.833  0.00000
   420    22.973  0.00000
   421    22.999  0.00000
   422    23.004  0.00000
   423    23.086  0.00000
   424    23.089  0.00000
   425    24.059  0.00000
   426    24.714  0.00000
   427    24.716  0.00000
   428    24.717  0.00000
   429    24.721  0.00000
   430    24.721  0.00000
   431    24.724  0.00000
   432    26.951  0.00000
   433    28.151  0.00000
   434    28.173  0.00000
   435    28.174  0.00000
   436    28.226  0.00000
   437    28.227  0.00000
   438    28.251  0.00000
   439    47.746  0.00000
   440    47.837  0.00000
   441    47.849  0.00000
   442    47.850  0.00000
   443    47.871  0.00000
   444    47.876  0.00000
   445    48.012  0.00000
   446    48.075  0.00000
   447    48.079  0.00000
   448    48.231  0.00000
   449    48.234  0.00000
   450    48.324  0.00000
   451    55.738  0.00000
   452    55.930  0.00000
   453    55.932  0.00000
   454    56.131  0.00000
   455    56.136  0.00000
   456    56.220  0.00000
   457    56.329  0.00000
   458    56.405  0.00000
   459    56.407  0.00000
   460    56.477  0.00000
   461    56.484  0.00000
   462    56.533  0.00000
   463    63.664  0.00000
   464    63.675  0.00000
   465    63.678  0.00000
   466    63.700  0.00000
   467    63.706  0.00000
   468    63.734  0.00000
   469    63.758  0.00000
   470    63.867  0.00000
   471    63.876  0.00000
   472    63.983  0.00000
   473    63.990  0.00000
   474    64.036  0.00000

