 Fermi distribution function

Calculation with static geometry


********************************************************************************
 iSCC Total electronic   Diff electronic      SCC error    
  153   -0.20607639E+03   -0.13926638E-11    0.96379574E-05
********************************************************************************

 Total charge:    -0.00000000

 Atomic gross charges (e)
 Atom           Charge
    1       0.06000426
    2       0.06001166
    3       0.05998386
    4       0.05999432
    5       0.06001888
    6       0.05999982
    7      -0.06995224
    8       0.00714899
    9      -0.00518724
   10      -0.00007389
   11       0.00133329
   12      -0.07026478
   13       0.06878315
   14      -0.06996699
   15       0.00717215
   16      -0.00519322
   17      -0.00006511
   18       0.00133120
   19      -0.07025361
   20       0.06877950
   21      -0.06995530
   22       0.00715629
   23      -0.00519057
   24      -0.00007146
   25       0.00133575
   26      -0.07028109
   27       0.06879110
   28      -0.06995336
   29       0.00715215
   30      -0.00518856
   31      -0.00007134
   32       0.00133323
   33      -0.07027732
   34      -0.06996577
   35       0.00717149
   36      -0.00519488
   37      -0.00006575
   38       0.00133786
   39      -0.07026573
   40       0.06877626
   41      -0.06995540
   42       0.00715479
   43      -0.00518675
   44      -0.00007710
   45       0.00134116
   46      -0.07027235
   47       0.06878626
   48       0.09265296
   49      -0.09741432
   50      -0.07231714
   51      -0.09740150
   52       0.09265011
   53       0.09266661
   54      -0.09741895
   55       0.09262972
   56      -0.07229655
   57      -0.09740040
   58       0.09266640
   59      -0.09742470
   60      -0.07232115
   61      -0.09738684
   62       0.08887844
   63       0.08235002
   64       0.08887069
   65       0.08887121
   66       0.08886563
   67       0.08236080
   68       0.09264809
   69      -0.07818118
   70       0.08235927
   71       0.08886352
   72       0.09266030
   73      -0.09742415
   74      -0.07232756
   75      -0.09740162
   76       0.09265504
   77       0.09265006
   78      -0.09739455
   79      -0.07234435
   80      -0.09741308
   81       0.09267228
   82       0.09265462
   83      -0.09741925
   84      -0.07232177
   85      -0.09739837
   86       0.09265880
   87       0.08886795
   88       0.08888001
   89       0.08236696
   90       0.08887190
   91       0.08886949
   92       0.08237499
   93       0.08886250
   94       0.08236094
   95       0.08887137
   96      -0.07815526
   97      -0.00163621
   98      -0.00523812
   99      -0.00524186
  100      -0.00166628
  101      -0.07812526
  102      -0.07815882
  103      -0.00162153
  104      -0.00526243
  105      -0.00521955
  106      -0.00167740
  107      -0.07810935
  108      -0.07814966
  109       0.06878261
  110      -0.00163749
  111      -0.00524766
  112      -0.00523874
  113      -0.00165717
  114      -0.07814103
  115      -0.07813110
  116      -0.00166915
  117      -0.00524813
  118      -0.00523617
  119      -0.00169256
  120      -0.07810637
  121      -0.07811190
  122      -0.00168212
  123      -0.00524208
  124      -0.00524183
  125      -0.00165764
  126      -0.07814068
  127      -0.07812243
  128      -0.00166833
  129      -0.00522829
  130      -0.00525271
  131      -0.00161381
  132       0.08887568

Nr. of electrons (up):    474.00000000
Atom populations (up)
 Atom       Population
    1       3.93999574
    2       3.93998834
    3       3.94001614
    4       3.94000568
    5       3.93998112
    6       3.94000018
    7       4.06995224
    8       3.99285101
    9       4.00518724
   10       4.00007389
   11       3.99866671
   12       4.07026478
   13       3.93121685
   14       4.06996699
   15       3.99282785
   16       4.00519322
   17       4.00006511
   18       3.99866880
   19       4.07025361
   20       3.93122050
   21       4.06995530
   22       3.99284371
   23       4.00519057
   24       4.00007146
   25       3.99866425
   26       4.07028109
   27       3.93120890
   28       4.06995336
   29       3.99284785
   30       4.00518856
   31       4.00007134
   32       3.99866677
   33       4.07027732
   34       4.06996577
   35       3.99282851
   36       4.00519488
   37       4.00006575
   38       3.99866214
   39       4.07026573
   40       3.93122374
   41       4.06995540
   42       3.99284521
   43       4.00518675
   44       4.00007710
   45       3.99865884
   46       4.07027235
   47       3.93121374
   48       3.90734704
   49       4.09741432
   50       4.07231714
   51       4.09740150
   52       3.90734989
   53       3.90733339
   54       4.09741895
   55       3.90737028
   56       4.07229655
   57       4.09740040
   58       3.90733360
   59       4.09742470
   60       4.07232115
   61       4.09738684
   62       0.91112156
   63       0.91764998
   64       0.91112931
   65       0.91112879
   66       0.91113437
   67       0.91763920
   68       3.90735191
   69       4.07818118
   70       0.91764073
   71       0.91113648
   72       3.90733970
   73       4.09742415
   74       4.07232756
   75       4.09740162
   76       3.90734496
   77       3.90734994
   78       4.09739455
   79       4.07234435
   80       4.09741308
   81       3.90732772
   82       3.90734538
   83       4.09741925
   84       4.07232177
   85       4.09739837
   86       3.90734120
   87       0.91113205
   88       0.91111999
   89       0.91763304
   90       0.91112810
   91       0.91113051
   92       0.91762501
   93       0.91113750
   94       0.91763906
   95       0.91112863
   96       4.07815526
   97       4.00163621
   98       4.00523812
   99       4.00524186
  100       4.00166628
  101       4.07812526
  102       4.07815882
  103       4.00162153
  104       4.00526243
  105       4.00521955
  106       4.00167740
  107       4.07810935
  108       4.07814966
  109       3.93121739
  110       4.00163749
  111       4.00524766
  112       4.00523874
  113       4.00165717
  114       4.07814103
  115       4.07813110
  116       4.00166915
  117       4.00524813
  118       4.00523617
  119       4.00169256
  120       4.07810637
  121       4.07811190
  122       4.00168212
  123       4.00524208
  124       4.00524183
  125       4.00165764
  126       4.07814068
  127       4.07812243
  128       4.00166833
  129       4.00522829
  130       4.00525271
  131       4.00161381
  132       0.91112432

l-shell populations (up)
 Atom Sh.   l       Population
    1   1   0       1.17164455
    1   2   1       2.76835119
    2   1   0       1.17165192
    2   2   1       2.76833642
    3   1   0       1.17165167
    3   2   1       2.76836447
    4   1   0       1.17165724
    4   2   1       2.76834845
    5   1   0       1.17164890
    5   2   1       2.76833222
    6   1   0       1.17164269
    6   2   1       2.76835749
    7   1   0       1.20041391
    7   2   1       2.86953833
    8   1   0       1.15769226
    8   2   1       2.83515875
    9   1   0       1.16207306
    9   2   1       2.84311418
   10   1   0       1.16245149
   10   2   1       2.83762240
   11   1   0       1.15771145
   11   2   1       2.84095526
   12   1   0       1.20363453
   12   2   1       2.86663025
   13   1   0       1.17192221
   13   2   1       2.75929464
   14   1   0       1.20043991
   14   2   1       2.86952708
   15   1   0       1.15772013
   15   2   1       2.83510772
   16   1   0       1.16209868
   16   2   1       2.84309454
   17   1   0       1.16247643
   17   2   1       2.83758868
   18   1   0       1.15774272
   18   2   1       2.84092608
   19   1   0       1.20365165
   19   2   1       2.86660196
   20   1   0       1.17194730
   20   2   1       2.75927320
   21   1   0       1.20040919
   21   2   1       2.86954611
   22   1   0       1.15768799
   22   2   1       2.83515573
   23   1   0       1.16206675
   23   2   1       2.84312382
   24   1   0       1.16244540
   24   2   1       2.83762606
   25   1   0       1.15770393
   25   2   1       2.84096032
   26   1   0       1.20364406
   26   2   1       2.86663704
   27   1   0       1.17193723
   27   2   1       2.75927167
   28   1   0       1.20040681
   28   2   1       2.86954655
   29   1   0       1.15768264
   29   2   1       2.83516521
   30   1   0       1.16205794
   30   2   1       2.84313062
   31   1   0       1.16243996
   31   2   1       2.83763138
   32   1   0       1.15769160
   32   2   1       2.84097517
   33   1   0       1.20363398
   33   2   1       2.86664334
   34   1   0       1.20043314
   34   2   1       2.86953263
   35   1   0       1.15771323
   35   2   1       2.83511529
   36   1   0       1.16209442
   36   2   1       2.84310046
   37   1   0       1.16247078
   37   2   1       2.83759497
   38   1   0       1.15772605
   38   2   1       2.84093609
   39   1   0       1.20365283
   39   2   1       2.86661290
   40   1   0       1.17194342
   40   2   1       2.75928032
   41   1   0       1.20042722
   41   2   1       2.86952818
   42   1   0       1.15770645
   42   2   1       2.83513876
   43   1   0       1.16208892
   43   2   1       2.84309783
   44   1   0       1.16246822
   44   2   1       2.83760888
   45   1   0       1.15772567
   45   2   1       2.84093317
   46   1   0       1.20364977
   46   2   1       2.86662258
   47   1   0       1.17194363
   47   2   1       2.75927010
   48   1   0       1.16463676
   48   2   1       2.74271028
   49   1   0       1.23087680
   49   2   1       2.86653752
   50   1   0       1.22301853
   50   2   1       2.84929861
   51   1   0       1.23088531
   51   2   1       2.86651619
   52   1   0       1.16464493
   52   2   1       2.74270496
   53   1   0       1.16465417
   53   2   1       2.74267922
   54   1   0       1.23086640
   54   2   1       2.86655254
   55   1   0       1.16463707
   55   2   1       2.74273321
   56   1   0       1.22301405
   56   2   1       2.84928250
   57   1   0       1.23088625
   57   2   1       2.86651415
   58   1   0       1.16465201
   58   2   1       2.74268159
   59   1   0       1.23087854
   59   2   1       2.86654616
   60   1   0       1.22302645
   60   2   1       2.84929470
   61   1   0       1.23088382
   61   2   1       2.86650302
   62   1   0       0.91112156
   63   1   0       0.91764998
   64   1   0       0.91112931
   65   1   0       0.91112879
   66   1   0       0.91113437
   67   1   0       0.91763920
   68   1   0       1.16463322
   68   2   1       2.74271869
   69   1   0       1.20733613
   69   2   1       2.87084505
   70   1   0       0.91764073
   71   1   0       0.91113648
   72   1   0       1.16466186
   72   2   1       2.74267784
   73   1   0       1.23087924
   73   2   1       2.86654491
   74   1   0       1.22302267
   74   2   1       2.84930489
   75   1   0       1.23088453
   75   2   1       2.86651710
   76   1   0       1.16463170
   76   2   1       2.74271326
   77   1   0       1.16464159
   77   2   1       2.74270835
   78   1   0       1.23088985
   78   2   1       2.86650470
   79   1   0       1.22303605
   79   2   1       2.84930830
   80   1   0       1.23088852
   80   2   1       2.86652456
   81   1   0       1.16462962
   81   2   1       2.74269810
   82   1   0       1.16464838
   82   2   1       2.74269700
   83   1   0       1.23089105
   83   2   1       2.86652821
   84   1   0       1.22303276
   84   2   1       2.84928901
   85   1   0       1.23088442
   85   2   1       2.86651395
   86   1   0       1.16464872
   86   2   1       2.74269247
   87   1   0       0.91113205
   88   1   0       0.91111999
   89   1   0       0.91763304
   90   1   0       0.91112810
   91   1   0       0.91113051
   92   1   0       0.91762501
   93   1   0       0.91113750
   94   1   0       0.91763906
   95   1   0       0.91112863
   96   1   0       1.20732549
   96   2   1       2.87082977
   97   1   0       1.15866357
   97   2   1       2.84297265
   98   1   0       1.16286271
   98   2   1       2.84237541
   99   1   0       1.16286591
   99   2   1       2.84237595
  100   1   0       1.15866931
  100   2   1       2.84299697
  101   1   0       1.20732041
  101   2   1       2.87080485
  102   1   0       1.20734015
  102   2   1       2.87081867
  103   1   0       1.15868898
  103   2   1       2.84293254
  104   1   0       1.16289426
  104   2   1       2.84236817
  105   1   0       1.16288857
  105   2   1       2.84233098
  106   1   0       1.15869877
  106   2   1       2.84297864
  107   1   0       1.20734023
  107   2   1       2.87076912
  108   1   0       1.20732818
  108   2   1       2.87082148
  109   1   0       1.17192461
  109   2   1       2.75929279
  110   1   0       1.15867981
  110   2   1       2.84295768
  111   1   0       1.16288547
  111   2   1       2.84236220
  112   1   0       1.16287710
  112   2   1       2.84236164
  113   1   0       1.15867683
  113   2   1       2.84298034
  114   1   0       1.20733411
  114   2   1       2.87080691
  115   1   0       1.20732162
  115   2   1       2.87080948
  116   1   0       1.15867114
  116   2   1       2.84299801
  117   1   0       1.16286217
  117   2   1       2.84238597
  118   1   0       1.16285988
  118   2   1       2.84237629
  119   1   0       1.15866837
  119   2   1       2.84302419
  120   1   0       1.20731294
  120   2   1       2.87079343
  121   1   0       1.20730231
  121   2   1       2.87080959
  122   1   0       1.15866513
  122   2   1       2.84301699
  123   1   0       1.16285753
  123   2   1       2.84238455
  124   1   0       1.16285939
  124   2   1       2.84238244
  125   1   0       1.15866449
  125   2   1       2.84299315
  126   1   0       1.20732071
  126   2   1       2.87081997
  127   1   0       1.20732220
  127   2   1       2.87080024
  128   1   0       1.15867323
  128   2   1       2.84299510
  129   1   0       1.16286755
  129   2   1       2.84236073
  130   1   0       1.16287107
  130   2   1       2.84238165
  131   1   0       1.15867251
  131   2   1       2.84294130
  132   1   0       0.91112432

Orbital populations (up)
 Atom Sh.   l   m       Population  Label
    1   1   0   0       1.17164455  s
    1   2   1  -1       0.88692235  p_y
    1   2   1   0       1.00624979  p_z
    1   2   1   1       0.87517905  p_x
    2   1   0   0       1.17165192  s
    2   2   1  -1       0.88668654  p_y
    2   2   1   0       1.00558004  p_z
    2   2   1   1       0.87606984  p_x
    3   1   0   0       1.17165167  s
    3   2   1  -1       0.86297176  p_y
    3   2   1   0       1.00671407  p_z
    3   2   1   1       0.89867864  p_x
    4   1   0   0       1.17165724  s
    4   2   1  -1       0.88698673  p_y
    4   2   1   0       1.00638228  p_z
    4   2   1   1       0.87497944  p_x
    5   1   0   0       1.17164890  s
    5   2   1  -1       0.88679324  p_y
    5   2   1   0       1.00506975  p_z
    5   2   1   1       0.87646923  p_x
    6   1   0   0       1.17164269  s
    6   2   1  -1       0.86305599  p_y
    6   2   1   0       1.00657779  p_z
    6   2   1   1       0.89872372  p_x
    7   1   0   0       1.20041391  s
    7   2   1  -1       0.86149592  p_y
    7   2   1   0       1.00819789  p_z
    7   2   1   1       0.99984452  p_x
    8   1   0   0       1.15769226  s
    8   2   1  -1       0.83793825  p_y
    8   2   1   0       0.98548468  p_z
    8   2   1   1       1.01173582  p_x
    9   1   0   0       1.16207306  s
    9   2   1  -1       0.84037503  p_y
    9   2   1   0       0.99662351  p_z
    9   2   1   1       1.00611564  p_x
   10   1   0   0       1.16245149  s
   10   2   1  -1       0.84059330  p_y
   10   2   1   0       0.99357950  p_z
   10   2   1   1       1.00344961  p_x
   11   1   0   0       1.15771145  s
   11   2   1  -1       0.83768045  p_y
   11   2   1   0       0.98874273  p_z
   11   2   1   1       1.01453208  p_x
   12   1   0   0       1.20363453  s
   12   2   1  -1       0.86437577  p_y
   12   2   1   0       1.00582939  p_z
   12   2   1   1       0.99642510  p_x
   13   1   0   0       1.17192221  s
   13   2   1  -1       0.85794458  p_y
   13   2   1   0       1.00209879  p_z
   13   2   1   1       0.89925127  p_x
   14   1   0   0       1.20043991  s
   14   2   1  -1       0.96448860  p_y
   14   2   1   0       1.00299719  p_z
   14   2   1   1       0.90204130  p_x
   15   1   0   0       1.15772013  s
   15   2   1  -1       0.96791723  p_y
   15   2   1   0       0.97936728  p_z
   15   2   1   1       0.88782322  p_x
   16   1   0   0       1.16209868  s
   16   2   1  -1       0.96356287  p_y
   16   2   1   0       0.99110778  p_z
   16   2   1   1       0.88842389  p_x
   17   1   0   0       1.16247643  s
   17   2   1  -1       0.96135237  p_y
   17   2   1   0       0.98855883  p_z
   17   2   1   1       0.88767748  p_x
   18   1   0   0       1.15774272  s
   18   2   1  -1       0.96877960  p_y
   18   2   1   0       0.98346559  p_z
   18   2   1   1       0.88868089  p_x
   19   1   0   0       1.20365165  s
   19   2   1  -1       0.96173192  p_y
   19   2   1   0       1.00240069  p_z
   19   2   1   1       0.90246935  p_x
   20   1   0   0       1.17194730  s
   20   2   1  -1       0.88609957  p_y
   20   2   1   0       1.00154741  p_z
   20   2   1   1       0.87162622  p_x
   21   1   0   0       1.20040919  s
   21   2   1  -1       0.96548714  p_y
   21   2   1   0       1.00666038  p_z
   21   2   1   1       0.89739858  p_x
   22   1   0   0       1.15768799  s
   22   2   1  -1       0.96995215  p_y
   22   2   1   0       0.98292281  p_z
   22   2   1   1       0.88228076  p_x
   23   1   0   0       1.16206675  s
   23   2   1  -1       0.96584304  p_y
   23   2   1   0       0.99417636  p_z
   23   2   1   1       0.88310442  p_x
   24   1   0   0       1.16244540  s
   24   2   1  -1       0.96417017  p_y
   24   2   1   0       0.99044934  p_z
   24   2   1   1       0.88300656  p_x
   25   1   0   0       1.15770393  s
   25   2   1  -1       0.97227614  p_y
   25   2   1   0       0.98572696  p_z
   25   2   1   1       0.88295722  p_x
   26   1   0   0       1.20364406  s
   26   2   1  -1       0.96417290  p_y
   26   2   1   0       1.00225067  p_z
   26   2   1   1       0.90021346  p_x
   27   1   0   0       1.17193723  s
   27   2   1  -1       0.88686037  p_y
   27   2   1   0       0.99834461  p_z
   27   2   1   1       0.87406669  p_x
   28   1   0   0       1.20040681  s
   28   2   1  -1       0.86167225  p_y
   28   2   1   0       1.00816841  p_z
   28   2   1   1       0.99970589  p_x
   29   1   0   0       1.15768264  s
   29   2   1  -1       0.83841373  p_y
   29   2   1   0       0.98500392  p_z
   29   2   1   1       1.01174757  p_x
   30   1   0   0       1.16205794  s
   30   2   1  -1       0.84089866  p_y
   30   2   1   0       0.99644119  p_z
   30   2   1   1       1.00579076  p_x
   31   1   0   0       1.16243996  s
   31   2   1  -1       0.84135432  p_y
   31   2   1   0       0.99281223  p_z
   31   2   1   1       1.00346483  p_x
   32   1   0   0       1.15769160  s
   32   2   1  -1       0.83850214  p_y
   32   2   1   0       0.98874759  p_z
   32   2   1   1       1.01372544  p_x
   33   1   0   0       1.20363398  s
   33   2   1  -1       0.86535680  p_y
   33   2   1   0       1.00448906  p_z
   33   2   1   1       0.99679748  p_x
   34   1   0   0       1.20043314  s
   34   2   1  -1       0.96443744  p_y
   34   2   1   0       1.00195247  p_z
   34   2   1   1       0.90314272  p_x
   35   1   0   0       1.15771323  s
   35   2   1  -1       0.96795304  p_y
   35   2   1   0       0.97679256  p_z
   35   2   1   1       0.89036968  p_x
   36   1   0   0       1.16209442  s
   36   2   1  -1       0.96370045  p_y
   36   2   1   0       0.98835344  p_z
   36   2   1   1       0.89104657  p_x
   37   1   0   0       1.16247078  s
   37   2   1  -1       0.96205528  p_y
   37   2   1   0       0.98465479  p_z
   37   2   1   1       0.89088490  p_x
   38   1   0   0       1.15772605  s
   38   2   1  -1       0.96985540  p_y
   38   2   1   0       0.97949830  p_z
   38   2   1   1       0.89158239  p_x
   39   1   0   0       1.20365283  s
   39   2   1  -1       0.96322757  p_y
   39   2   1   0       0.99761800  p_z
   39   2   1   1       0.90576733  p_x
   40   1   0   0       1.17194342  s
   40   2   1  -1       0.88815978  p_y
   40   2   1   0       0.99666033  p_z
   40   2   1   1       0.87446021  p_x
   41   1   0   0       1.20042722  s
   41   2   1  -1       0.96557585  p_y
   41   2   1   0       1.00683433  p_z
   41   2   1   1       0.89711799  p_x
   42   1   0   0       1.15770645  s
   42   2   1  -1       0.97029143  p_y
   42   2   1   0       0.98368971  p_z
   42   2   1   1       0.88115761  p_x
   43   1   0   0       1.16208892  s
   43   2   1  -1       0.96622920  p_y
   43   2   1   0       0.99506864  p_z
   43   2   1   1       0.88179999  p_x
   44   1   0   0       1.16246822  s
   44   2   1  -1       0.96471857  p_y
   44   2   1   0       0.99198633  p_z
   44   2   1   1       0.88090398  p_x
   45   1   0   0       1.15772567  s
   45   2   1  -1       0.97240224  p_y
   45   2   1   0       0.98738089  p_z
   45   2   1   1       0.88115004  p_x
   46   1   0   0       1.20364977  s
   46   2   1  -1       0.96477318  p_y
   46   2   1   0       1.00460027  p_z
   46   2   1   1       0.89724913  p_x
   47   1   0   0       1.17194363  s
   47   2   1  -1       0.88803044  p_y
   47   2   1   0       1.00065953  p_z
   47   2   1   1       0.87058014  p_x
   48   1   0   0       1.16463676  s
   48   2   1  -1       0.89245422  p_y
   48   2   1   0       0.98648244  p_z
   48   2   1   1       0.86377362  p_x
   49   1   0   0       1.23087680  s
   49   2   1  -1       0.91616267  p_y
   49   2   1   0       1.01173608  p_z
   49   2   1   1       0.93863877  p_x
   50   1   0   0       1.22301853  s
   50   2   1  -1       0.93885658  p_y
   50   2   1   0       0.99432852  p_z
   50   2   1   1       0.91611351  p_x
   51   1   0   0       1.23088531  s
   51   2   1  -1       0.91563981  p_y
   51   2   1   0       1.01105331  p_z
   51   2   1   1       0.93982307  p_x
   52   1   0   0       1.16464493  s
   52   2   1  -1       0.89168492  p_y
   52   2   1   0       0.98541635  p_z
   52   2   1   1       0.86560370  p_x
   53   1   0   0       1.16465417  s
   53   2   1  -1       0.85320319  p_y
   53   2   1   0       0.98761208  p_z
   53   2   1   1       0.90186395  p_x
   54   1   0   0       1.23086640  s
   54   2   1  -1       0.92113399  p_y
   54   2   1   0       1.01149071  p_z
   54   2   1   1       0.93392785  p_x
   55   1   0   0       1.16463707  s
   55   2   1  -1       0.88453758  p_y
   55   2   1   0       0.98701971  p_z
   55   2   1   1       0.87117592  p_x
   56   1   0   0       1.22301405  s
   56   2   1  -1       0.92012032  p_y
   56   2   1   0       0.99531834  p_z
   56   2   1   1       0.93384384  p_x
   57   1   0   0       1.23088625  s
   57   2   1  -1       0.94176998  p_y
   57   2   1   0       1.01105651  p_z
   57   2   1   1       0.91368766  p_x
   58   1   0   0       1.16465201  s
   58   2   1  -1       0.88477566  p_y
   58   2   1   0       0.98420621  p_z
   58   2   1   1       0.87369973  p_x
   59   1   0   0       1.23087854  s
   59   2   1  -1       0.94269356  p_y
   59   2   1   0       1.01003337  p_z
   59   2   1   1       0.91381923  p_x
   60   1   0   0       1.22302645  s
   60   2   1  -1       0.92057395  p_y
   60   2   1   0       0.99363204  p_z
   60   2   1   1       0.93508870  p_x
   61   1   0   0       1.23088382  s
   61   2   1  -1       0.92276373  p_y
   61   2   1   0       1.01089834  p_z
   61   2   1   1       0.93284096  p_x
   62   1   0   0       0.91112156  s
   63   1   0   0       0.91764998  s
   64   1   0   0       0.91112931  s
   65   1   0   0       0.91112879  s
   66   1   0   0       0.91113437  s
   67   1   0   0       0.91763920  s
   68   1   0   0       1.16463322  s
   68   2   1  -1       0.85459875  p_y
   68   2   1   0       0.98550636  p_z
   68   2   1   1       0.90261358  p_x
   69   1   0   0       1.20733613  s
   69   2   1  -1       0.96259007  p_y
   69   2   1   0       1.00222812  p_z
   69   2   1   1       0.90602686  p_x
   70   1   0   0       0.91764073  s
   71   1   0   0       0.91113648  s
   72   1   0   0       1.16466186  s
   72   2   1  -1       0.88405702  p_y
   72   2   1   0       0.98227790  p_z
   72   2   1   1       0.87634292  p_x
   73   1   0   0       1.23087924  s
   73   2   1  -1       0.94204006  p_y
   73   2   1   0       1.00807920  p_z
   73   2   1   1       0.91642565  p_x
   74   1   0   0       1.22302267  s
   74   2   1  -1       0.91994379  p_y
   74   2   1   0       0.99282832  p_z
   74   2   1   1       0.93653279  p_x
   75   1   0   0       1.23088453  s
   75   2   1  -1       0.92179077  p_y
   75   2   1   0       1.00956454  p_z
   75   2   1   1       0.93516179  p_x
   76   1   0   0       1.16463170  s
   76   2   1  -1       0.85330908  p_y
   76   2   1   0       0.98462649  p_z
   76   2   1   1       0.90477769  p_x
   77   1   0   0       1.16464159  s
   77   2   1  -1       0.89256028  p_y
   77   2   1   0       0.98090153  p_z
   77   2   1   1       0.86924654  p_x
   78   1   0   0       1.23088985  s
   78   2   1  -1       0.91645161  p_y
   78   2   1   0       1.00805226  p_z
   78   2   1   1       0.94200083  p_x
   79   1   0   0       1.22303605  s
   79   2   1  -1       0.93926623  p_y
   79   2   1   0       0.99168874  p_z
   79   2   1   1       0.91835333  p_x
   80   1   0   0       1.23088852  s
   80   2   1  -1       0.91669539  p_y
   80   2   1   0       1.00930632  p_z
   80   2   1   1       0.94052285  p_x
   81   1   0   0       1.16462962  s
   81   2   1  -1       0.89289783  p_y
   81   2   1   0       0.98275067  p_z
   81   2   1   1       0.86704959  p_x
   82   1   0   0       1.16464838  s
   82   2   1  -1       0.88603775  p_y
   82   2   1   0       0.98402914  p_z
   82   2   1   1       0.87263011  p_x
   83   1   0   0       1.23089105  s
   83   2   1  -1       0.94299075  p_y
   83   2   1   0       1.00789444  p_z
   83   2   1   1       0.91564302  p_x
   84   1   0   0       1.22303276  s
   84   2   1  -1       0.92129192  p_y
   84   2   1   0       0.99339665  p_z
   84   2   1   1       0.93460044  p_x
   85   1   0   0       1.23088442  s
   85   2   1  -1       0.92275565  p_y
   85   2   1   0       1.00791130  p_z
   85   2   1   1       0.93584701  p_x
   86   1   0   0       1.16464872  s
   86   2   1  -1       0.85535184  p_y
   86   2   1   0       0.98409063  p_z
   86   2   1   1       0.90325000  p_x
   87   1   0   0       0.91113205  s
   88   1   0   0       0.91111999  s
   89   1   0   0       0.91763304  s
   90   1   0   0       0.91112810  s
   91   1   0   0       0.91113051  s
   92   1   0   0       0.91762501  s
   93   1   0   0       0.91113750  s
   94   1   0   0       0.91763906  s
   95   1   0   0       0.91112863  s
   96   1   0   0       1.20732549  s
   96   2   1  -1       0.86578659  p_y
   96   2   1   0       1.00818806  p_z
   96   2   1   1       0.99685512  p_x
   97   1   0   0       1.15866357  s
   97   2   1  -1       0.83694497  p_y
   97   2   1   0       0.99074567  p_z
   97   2   1   1       1.01528201  p_x
   98   1   0   0       1.16286271  s
   98   2   1  -1       0.83937226  p_y
   98   2   1   0       0.99783173  p_z
   98   2   1   1       1.00517142  p_x
   99   1   0   0       1.16286591  s
   99   2   1  -1       0.83943142  p_y
   99   2   1   0       0.99740934  p_z
   99   2   1   1       1.00553520  p_x
  100   1   0   0       1.15866931  s
  100   2   1  -1       0.83703764  p_y
  100   2   1   0       0.99142961  p_z
  100   2   1   1       1.01452971  p_x
  101   1   0   0       1.20732041  s
  101   2   1  -1       0.86598390  p_y
  101   2   1   0       1.00733691  p_z
  101   2   1   1       0.99748404  p_x
  102   1   0   0       1.20734015  s
  102   2   1  -1       0.96259757  p_y
  102   2   1   0       1.00007778  p_z
  102   2   1   1       0.90814333  p_x
  103   1   0   0       1.15868898  s
  103   2   1  -1       0.97098725  p_y
  103   2   1   0       0.98056730  p_z
  103   2   1   1       0.89137800  p_x
  104   1   0   0       1.16289426  s
  104   2   1  -1       0.96383986  p_y
  104   2   1   0       0.98740976  p_z
  104   2   1   1       0.89111855  p_x
  105   1   0   0       1.16288857  s
  105   2   1  -1       0.96454698  p_y
  105   2   1   0       0.98693335  p_z
  105   2   1   1       0.89085065  p_x
  106   1   0   0       1.15869877  s
  106   2   1  -1       0.97109509  p_y
  106   2   1   0       0.97988467  p_z
  106   2   1   1       0.89199888  p_x
  107   1   0   0       1.20734023  s
  107   2   1  -1       0.96491700  p_y
  107   2   1   0       0.99860629  p_z
  107   2   1   1       0.90724582  p_x
  108   1   0   0       1.20732818  s
  108   2   1  -1       0.96576202  p_y
  108   2   1   0       1.00450885  p_z
  108   2   1   1       0.90055061  p_x
  109   1   0   0       1.17192461  s
  109   2   1  -1       0.85895087  p_y
  109   2   1   0       0.99814326  p_z
  109   2   1   1       0.90219865  p_x
  110   1   0   0       1.15867981  s
  110   2   1  -1       0.97196369  p_y
  110   2   1   0       0.98789601  p_z
  110   2   1   1       0.88309798  p_x
  111   1   0   0       1.16288547  s
  111   2   1  -1       0.96536071  p_y
  111   2   1   0       0.99439643  p_z
  111   2   1   1       0.88260506  p_x
  112   1   0   0       1.16287710  s
  112   2   1  -1       0.96502200  p_y
  112   2   1   0       0.99474960  p_z
  112   2   1   1       0.88259003  p_x
  113   1   0   0       1.15867683  s
  113   2   1  -1       0.97215967  p_y
  113   2   1   0       0.98843471  p_z
  113   2   1   1       0.88238597  p_x
  114   1   0   0       1.20733411  s
  114   2   1  -1       0.96436586  p_y
  114   2   1   0       1.00561225  p_z
  114   2   1   1       0.90082880  p_x
  115   1   0   0       1.20732162  s
  115   2   1  -1       0.86806146  p_y
  115   2   1   0       1.00566494  p_z
  115   2   1   1       0.99708309  p_x
  116   1   0   0       1.15867114  s
  116   2   1  -1       0.83917099  p_y
  116   2   1   0       0.98917661  p_z
  116   2   1   1       1.01465041  p_x
  117   1   0   0       1.16286217  s
  117   2   1  -1       0.84162469  p_y
  117   2   1   0       0.99544279  p_z
  117   2   1   1       1.00531848  p_x
  118   1   0   0       1.16285988  s
  118   2   1  -1       0.84142493  p_y
  118   2   1   0       0.99576783  p_z
  118   2   1   1       1.00518354  p_x
  119   1   0   0       1.15866837  s
  119   2   1  -1       0.83896171  p_y
  119   2   1   0       0.98899028  p_z
  119   2   1   1       1.01507219  p_x
  120   1   0   0       1.20731294  s
  120   2   1  -1       0.86745988  p_y
  120   2   1   0       1.00638738  p_z
  120   2   1   1       0.99694617  p_x
  121   1   0   0       1.20730231  s
  121   2   1  -1       0.96406179  p_y
  121   2   1   0       1.00622914  p_z
  121   2   1   1       0.90051866  p_x
  122   1   0   0       1.15866513  s
  122   2   1  -1       0.97262971  p_y
  122   2   1   0       0.98857609  p_z
  122   2   1   1       0.88181119  p_x
  123   1   0   0       1.16285753  s
  123   2   1  -1       0.96532350  p_y
  123   2   1   0       0.99571118  p_z
  123   2   1   1       0.88134987  p_x
  124   1   0   0       1.16285939  s
  124   2   1  -1       0.96599511  p_y
  124   2   1   0       0.99573395  p_z
  124   2   1   1       0.88065337  p_x
  125   1   0   0       1.15866449  s
  125   2   1  -1       0.97295386  p_y
  125   2   1   0       0.98898477  p_z
  125   2   1   1       0.88105453  p_x
  126   1   0   0       1.20732071  s
  126   2   1  -1       0.96629580  p_y
  126   2   1   0       1.00649940  p_z
  126   2   1   1       0.89802477  p_x
  127   1   0   0       1.20732220  s
  127   2   1  -1       0.96388149  p_y
  127   2   1   0       1.00322677  p_z
  127   2   1   1       0.90369198  p_x
  128   1   0   0       1.15867323  s
  128   2   1  -1       0.97006866  p_y
  128   2   1   0       0.98410979  p_z
  128   2   1   1       0.88881665  p_x
  129   1   0   0       1.16286755  s
  129   2   1  -1       0.96334904  p_y
  129   2   1   0       0.99128141  p_z
  129   2   1   1       0.88773029  p_x
  130   1   0   0       1.16287107  s
  130   2   1  -1       0.96305714  p_y
  130   2   1   0       0.99096363  p_z
  130   2   1   1       0.88836088  p_x
  131   1   0   0       1.15867251  s
  131   2   1  -1       0.97029149  p_y
  131   2   1   0       0.98386778  p_z
  131   2   1   1       0.88878203  p_x
  132   1   0   0       0.91112432  s

Fermi level:                        -0.1685629789 H           -4.5868 eV
Band energy:                      -202.9221489753 H        -5521.7926 eV
TS:                                  0.0000000000 H            0.0000 eV
Band free energy (E-TS):          -202.9221489753 H        -5521.7926 eV
Extrapolated E(0K):               -202.9221489753 H        -5521.7926 eV
Input / Output electrons (q):    474.0000000000    474.0000000000

Energy H0:                        -206.0996095898 H        -5608.2557 eV
Energy SCC:                          0.0232163207 H            0.6317 eV
Total Electronic energy:          -206.0763932691 H        -5607.6240 eV
Repulsive energy:                    6.4035492500 H          174.2494 eV
Dispersion energy:                   0.6649274277 H           18.0936 eV
Total energy:                     -199.0079165915 H        -5415.2809 eV
Extrapolated to 0:                -199.0079165915 H        -5415.2809 eV
Total Mermin free energy:         -199.0079165915 H        -5415.2809 eV
Force related energy:             -199.0079165915 H        -5415.2809 eV

SCC converged

Dipole moment:   -0.00754385   -0.00367566    0.03637241 au
Dipole moment:   -0.01917456   -0.00934261    0.09244945 Debye


