 KPT            1  SPIN            1  KWEIGHT    1.0000000000000000     
     1   -20.449  2.00000
     2   -20.347  2.00000
     3   -20.347  2.00000
     4   -20.347  2.00000
     5   -20.347  2.00000
     6   -20.347  2.00000
     7   -20.347  2.00000
     8   -20.208  2.00000
     9   -20.208  2.00000
    10   -20.208  2.00000
    11   -20.208  2.00000
    12   -20.208  2.00000
    13   -20.208  2.00000
    14   -20.204  2.00000
    15   -20.204  2.00000
    16   -20.204  2.00000
    17   -19.250  2.00000
    18   -19.250  2.00000
    19   -19.250  2.00000
    20   -19.131  2.00000
    21   -19.131  2.00000
    22   -19.131  2.00000
    23   -19.130  2.00000
    24   -19.130  2.00000
    25   -19.130  2.00000
    26   -18.962  2.00000
    27   -18.962  2.00000
    28   -18.962  2.00000
    29   -18.962  2.00000
    30   -18.962  2.00000
    31   -18.962  2.00000
    32   -18.871  2.00000
    33   -18.871  2.00000
    34   -18.871  2.00000
    35   -18.871  2.00000
    36   -18.871  2.00000
    37   -18.871  2.00000
    38   -18.770  2.00000
    39   -18.770  2.00000
    40   -18.770  2.00000
    41   -18.620  2.00000
    42   -18.620  2.00000
    43   -18.620  2.00000
    44   -18.620  2.00000
    45   -18.620  2.00000
    46   -18.620  2.00000
    47   -18.257  2.00000
    48   -18.257  2.00000
    49   -18.091  2.00000
    50   -18.091  2.00000
    51   -17.851  2.00000
    52   -17.851  2.00000
    53   -17.851  2.00000
    54   -17.851  2.00000
    55   -17.851  2.00000
    56   -17.851  2.00000
    57   -17.817  2.00000
    58   -17.817  2.00000
    59   -17.817  2.00000
    60   -17.615  2.00000
    61   -17.615  2.00000
    62   -17.615  2.00000
    63   -17.615  2.00000
    64   -17.615  2.00000
    65   -17.615  2.00000
    66   -17.502  2.00000
    67   -17.502  2.00000
    68   -17.502  2.00000
    69   -17.502  2.00000
    70   -17.502  2.00000
    71   -17.502  2.00000
    72   -17.147  2.00000
    73   -17.066  2.00000
    74   -17.066  2.00000
    75   -17.066  2.00000
    76   -17.066  2.00000
    77   -17.066  2.00000
    78   -17.066  2.00000
    79   -16.996  2.00000
    80   -16.996  2.00000
    81   -16.996  2.00000
    82   -16.603  2.00000
    83   -16.603  2.00000
    84   -16.603  2.00000
    85   -16.603  2.00000
    86   -16.603  2.00000
    87   -16.603  2.00000
    88   -16.273  2.00000
    89   -16.273  2.00000
    90   -16.273  2.00000
    91   -16.273  2.00000
    92   -16.273  2.00000
    93   -16.273  2.00000
    94   -15.948  2.00000
    95   -15.948  2.00000
    96   -15.948  2.00000
    97   -15.579  2.00000
    98   -15.579  2.00000
    99   -15.579  2.00000
   100   -15.280  2.00000
   101   -15.280  2.00000
   102   -15.280  2.00000
   103   -15.280  2.00000
   104   -15.280  2.00000
   105   -15.280  2.00000
   106   -14.885  2.00000
   107   -14.885  2.00000
   108   -14.885  2.00000
   109   -14.885  2.00000
   110   -14.885  2.00000
   111   -14.885  2.00000
   112   -14.643  2.00000
   113   -14.643  2.00000
   114   -14.643  2.00000
   115   -14.476  2.00000
   116   -14.476  2.00000
   117   -14.476  2.00000
   118   -14.476  2.00000
   119   -14.476  2.00000
   120   -14.476  2.00000
   121   -14.071  2.00000
   122   -14.071  2.00000
   123   -14.071  2.00000
   124   -14.071  2.00000
   125   -14.071  2.00000
   126   -14.071  2.00000
   127   -13.751  2.00000
   128   -13.711  2.00000
   129   -13.711  2.00000
   130   -13.428  2.00000
   131   -13.428  2.00000
   132   -13.428  2.00000
   133   -13.428  2.00000
   134   -13.428  2.00000
   135   -13.428  2.00000
   136   -12.833  2.00000
   137   -12.833  2.00000
   138   -12.833  2.00000
   139   -12.833  2.00000
   140   -12.833  2.00000
   141   -12.833  2.00000
   142   -12.675  2.00000
   143   -12.675  2.00000
   144   -12.675  2.00000
   145   -12.587  2.00000
   146   -12.587  2.00000
   147   -12.587  2.00000
   148   -12.448  2.00000
   149   -12.448  2.00000
   150   -12.448  2.00000
   151   -12.448  2.00000
   152   -12.448  2.00000
   153   -12.448  2.00000
   154   -11.722  2.00000
   155   -11.722  2.00000
   156   -11.722  2.00000
   157   -11.722  2.00000
   158   -11.722  2.00000
   159   -11.722  2.00000
   160   -11.665  2.00000
   161   -11.665  2.00000
   162   -11.636  2.00000
   163   -11.502  2.00000
   164   -11.333  2.00000
   165   -11.333  2.00000
   166   -11.333  2.00000
   167   -11.333  2.00000
   168   -11.333  2.00000
   169   -11.333  2.00000
   170   -11.333  2.00000
   171   -11.333  2.00000
   172   -11.333  2.00000
   173   -11.333  2.00000
   174   -11.333  2.00000
   175   -11.333  2.00000
   176   -11.147  2.00000
   177   -11.147  2.00000
   178   -11.147  2.00000
   179   -11.147  2.00000
   180   -11.147  2.00000
   181   -11.147  2.00000
   182   -11.127  2.00000
   183   -11.127  2.00000
   184   -11.127  2.00000
   185   -11.034  2.00000
   186   -11.034  2.00000
   187   -11.034  2.00000
   188   -11.034  2.00000
   189   -11.034  2.00000
   190   -11.034  2.00000
   191   -10.652  2.00000
   192   -10.652  2.00000
   193   -10.652  2.00000
   194   -10.651  2.00000
   195   -10.648  2.00000
   196   -10.648  2.00000
   197   -10.648  2.00000
   198   -10.648  2.00000
   199   -10.648  2.00000
   200   -10.648  2.00000
   201   -10.520  2.00000
   202   -10.520  2.00000
   203   -10.520  2.00000
   204   -10.520  2.00000
   205   -10.520  2.00000
   206   -10.520  2.00000
   207   -10.322  2.00000
   208   -10.322  2.00000
   209   -10.322  2.00000
   210   -10.322  2.00000
   211   -10.322  2.00000
   212   -10.322  2.00000
   213   -10.312  2.00000
   214   -10.312  2.00000
   215   -10.312  2.00000
   216   -10.299  2.00000
   217   -10.299  2.00000
   218   -10.299  2.00000
   219   -10.299  2.00000
   220   -10.299  2.00000
   221   -10.299  2.00000
   222   -10.109  2.00000
   223   -10.109  2.00000
   224   -10.109  2.00000
   225   -10.047  2.00000
   226   -10.047  2.00000
   227   -10.047  2.00000
   228    -9.828  2.00000
   229    -9.828  2.00000
   230    -9.828  2.00000
   231    -9.828  2.00000
   232    -9.828  2.00000
   233    -9.828  2.00000
   234    -9.630  2.00000
   235    -9.630  2.00000
   236    -9.630  2.00000
   237    -9.540  2.00000
   238    -9.540  2.00000
   239    -9.540  2.00000
   240    -9.540  2.00000
   241    -9.540  2.00000
   242    -9.540  2.00000
   243    -9.523  2.00000
   244    -9.523  2.00000
   245    -9.522  2.00000
   246    -9.383  2.00000
   247    -9.383  2.00000
   248    -9.383  2.00000
   249    -9.383  2.00000
   250    -9.383  2.00000
   251    -9.383  2.00000
   252    -9.370  2.00000
   253    -9.370  2.00000
   254    -9.370  2.00000
   255    -9.370  2.00000
   256    -9.370  2.00000
   257    -9.370  2.00000
   258    -9.264  2.00000
   259    -9.264  2.00000
   260    -9.264  2.00000
   261    -9.264  2.00000
   262    -9.264  2.00000
   263    -9.264  2.00000
   264    -9.214  2.00000
   265    -9.214  2.00000
   266    -9.214  2.00000
   267    -9.214  2.00000
   268    -9.214  2.00000
   269    -9.214  2.00000
   270    -9.058  2.00000
   271    -9.058  2.00000
   272    -9.058  2.00000
   273    -9.058  2.00000
   274    -9.058  2.00000
   275    -9.058  2.00000
   276    -9.003  2.00000
   277    -9.003  2.00000
   278    -9.003  2.00000
   279    -8.974  2.00000
   280    -8.974  2.00000
   281    -8.835  2.00000
   282    -8.835  2.00000
   283    -8.835  2.00000
   284    -8.835  2.00000
   285    -8.835  2.00000
   286    -8.835  2.00000
   287    -8.479  2.00000
   288    -8.479  2.00000
   289    -8.113  2.00000
   290    -8.113  2.00000
   291    -7.978  2.00000
   292    -7.978  2.00000
   293    -7.978  2.00000
   294    -7.978  2.00000
   295    -7.978  2.00000
   296    -7.978  2.00000
   297    -7.949  2.00000
   298    -7.948  2.00000
   299    -7.948  2.00000
   300    -7.871  2.00000
   301    -7.871  2.00000
   302    -7.871  2.00000
   303    -7.871  2.00000
   304    -7.871  2.00000
   305    -7.870  2.00000
   306    -7.622  2.00000
   307    -7.622  2.00000
   308    -7.622  2.00000
   309    -7.622  2.00000
   310    -7.622  2.00000
   311    -7.622  2.00000
   312    -7.595  2.00000
   313    -7.595  2.00000
   314    -7.572  2.00000
   315    -7.572  2.00000
   316    -7.571  2.00000
   317    -7.571  2.00000
   318    -7.571  2.00000
   319    -7.571  2.00000
   320    -7.540  2.00000
   321    -7.540  2.00000
   322    -7.540  2.00000
   323    -7.532  2.00000
   324    -7.532  2.00000
   325    -7.532  2.00000
   326    -7.532  2.00000
   327    -7.532  2.00000
   328    -7.532  2.00000
   329    -7.514  2.00000
   330    -7.514  2.00000
   331    -7.514  2.00000
   332    -7.514  2.00000
   333    -7.514  2.00000
   334    -7.514  2.00000
   335    -7.484  2.00000
   336    -7.484  2.00000
   337    -7.484  2.00000
   338    -7.467  2.00000
   339    -7.467  2.00000
   340    -7.467  2.00000
   341    -7.467  2.00000
   342    -7.467  2.00000
   343    -7.467  2.00000
   344    -7.374  2.00000
   345    -7.374  2.00000
   346    -7.374  2.00000
   347    -7.361  2.00000
   348    -7.361  2.00000
   349    -7.361  2.00000
   350    -7.361  2.00000
   351    -7.361  2.00000
   352    -7.361  2.00000
   353    -7.280  2.00000
   354    -7.267  2.00000
   355    -7.267  2.00000
   356    -7.267  2.00000
   357    -7.267  2.00000
   358    -7.267  2.00000
   359    -7.267  2.00000
   360    -7.017  2.00000
   361    -7.017  2.00000
   362    -7.017  2.00000
   363    -6.877  2.00000
   364    -6.877  2.00000
   365    -6.877  2.00000
   366    -6.877  2.00000
   367    -6.877  2.00000
   368    -6.877  2.00000
   369    -6.713  2.00000
   370    -6.112  2.00000
   371    -6.112  2.00000
   372    -6.112  2.00000
   373    -6.112  2.00000
   374    -6.112  2.00000
   375    -6.112  2.00000
   376    -5.884  2.00000
   377    -5.884  2.00000
   378    -5.884  2.00000
   379    -5.884  2.00000
   380    -5.884  2.00000
   381    -5.884  2.00000
   382    -5.508  2.00000
   383    -5.508  2.00000
   384    -5.508  2.00000
   385    -4.254  0.00000
   386    -4.254  0.00000
   387    -4.254  0.00000
   388    -3.814  0.00000
   389    -3.814  0.00000
   390    -3.814  0.00000
   391    -3.814  0.00000
   392    -3.814  0.00000
   393    -3.814  0.00000
   394    -3.479  0.00000
   395    -3.479  0.00000
   396    -3.479  0.00000
   397    -3.479  0.00000
   398    -3.479  0.00000
   399    -3.479  0.00000
   400    -2.592  0.00000
   401    -2.592  0.00000
   402    -2.592  0.00000
   403    -2.592  0.00000
   404    -2.592  0.00000
   405    -2.592  0.00000
   406    -2.452  0.00000
   407    -2.335  0.00000
   408    -2.335  0.00000
   409    -2.335  0.00000
   410    -1.727  0.00000
   411    -1.727  0.00000
   412    -1.727  0.00000
   413    -1.727  0.00000
   414    -1.727  0.00000
   415    -1.727  0.00000
   416    -1.152  0.00000
   417    -1.152  0.00000
   418    -0.493  0.00000
   419    -0.493  0.00000
   420    -0.492  0.00000
   421    -0.492  0.00000
   422    -0.492  0.00000
   423    -0.492  0.00000
   424    -0.234  0.00000
   425    -0.234  0.00000
   426    -0.233  0.00000
   427    -0.233  0.00000
   428    -0.233  0.00000
   429    -0.233  0.00000
   430    -0.215  0.00000
   431    -0.214  0.00000
   432    -0.214  0.00000
   433     0.068  0.00000
   434     0.068  0.00000
   435     0.089  0.00000
   436     0.090  0.00000
   437     0.090  0.00000
   438     0.090  0.00000
   439     0.090  0.00000
   440     0.090  0.00000
   441     0.142  0.00000
   442     0.142  0.00000
   443     0.142  0.00000
   444     0.142  0.00000
   445     0.142  0.00000
   446     0.142  0.00000
   447     0.251  0.00000
   448     0.251  0.00000
   449     0.251  0.00000
   450     0.254  0.00000
   451     0.254  0.00000
   452     0.254  0.00000
   453     0.254  0.00000
   454     0.254  0.00000
   455     0.254  0.00000
   456     0.310  0.00000
   457     0.310  0.00000
   458     0.310  0.00000
   459     0.310  0.00000
   460     0.310  0.00000
   461     0.310  0.00000
   462     0.340  0.00000
   463     0.340  0.00000
   464     0.340  0.00000
   465     0.451  0.00000
   466     0.451  0.00000
   467     0.451  0.00000
   468     0.598  0.00000
   469     0.598  0.00000
   470     0.598  0.00000
   471     0.598  0.00000
   472     0.598  0.00000
   473     0.598  0.00000
   474     0.704  0.00000
   475     0.704  0.00000
   476     0.704  0.00000
   477     0.704  0.00000
   478     0.704  0.00000
   479     0.704  0.00000
   480     0.943  0.00000
   481     1.707  0.00000
   482     1.707  0.00000
   483     1.995  0.00000
   484     1.995  0.00000
   485     1.995  0.00000
   486     1.995  0.00000
   487     1.995  0.00000
   488     1.996  0.00000
   489     2.226  0.00000
   490     2.226  0.00000
   491     2.226  0.00000
   492     2.296  0.00000
   493     2.296  0.00000
   494     2.296  0.00000
   495     2.297  0.00000
   496     2.297  0.00000
   497     2.297  0.00000
   498     2.735  0.00000
   499     2.735  0.00000
   500     2.735  0.00000
   501     2.735  0.00000
   502     2.735  0.00000
   503     2.735  0.00000
   504     2.831  0.00000
   505     2.831  0.00000
   506     2.831  0.00000
   507     2.832  0.00000
   508     2.832  0.00000
   509     2.832  0.00000
   510     3.426  0.00000
   511     3.426  0.00000
   512     3.426  0.00000
   513     4.080  0.00000
   514     4.080  0.00000
   515     4.080  0.00000
   516     4.227  0.00000
   517     4.227  0.00000
   518     4.227  0.00000
   519     4.227  0.00000
   520     4.227  0.00000
   521     4.227  0.00000
   522     5.046  0.00000
   523     5.046  0.00000
   524     5.046  0.00000
   525     5.046  0.00000
   526     5.046  0.00000
   527     5.046  0.00000
   528     5.516  0.00000
   529     9.545  0.00000
   530     9.545  0.00000
   531     9.545  0.00000
   532     9.546  0.00000
   533     9.546  0.00000
   534     9.546  0.00000
   535     9.745  0.00000
   536     9.746  0.00000
   537     9.746  0.00000
   538     9.955  0.00000
   539     9.956  0.00000
   540     9.956  0.00000
   541     9.956  0.00000
   542     9.957  0.00000
   543     9.957  0.00000
   544    10.103  0.00000
   545    10.103  0.00000
   546    10.527  0.00000
   547    10.527  0.00000
   548    10.527  0.00000
   549    10.527  0.00000
   550    10.528  0.00000
   551    10.528  0.00000
   552    10.901  0.00000
   553    10.901  0.00000
   554    10.901  0.00000
   555    11.391  0.00000
   556    11.391  0.00000
   557    11.392  0.00000
   558    11.392  0.00000
   559    11.392  0.00000
   560    11.392  0.00000
   561    12.956  0.00000
   562    12.956  0.00000
   563    12.957  0.00000
   564    12.957  0.00000
   565    12.957  0.00000
   566    12.957  0.00000
   567    13.388  0.00000
   568    13.761  0.00000
   569    13.761  0.00000
   570    13.762  0.00000
   571    13.762  0.00000
   572    13.762  0.00000
   573    13.763  0.00000
   574    14.102  0.00000
   575    14.103  0.00000
   576    14.103  0.00000
   577    14.126  0.00000
   578    14.127  0.00000
   579    14.127  0.00000
   580    14.127  0.00000
   581    14.127  0.00000
   582    14.128  0.00000
   583    14.281  0.00000
   584    14.433  0.00000
   585    14.433  0.00000
   586    14.434  0.00000
   587    15.540  0.00000
   588    15.540  0.00000
   589    15.540  0.00000
   590    15.541  0.00000
   591    15.541  0.00000
   592    15.541  0.00000
   593    17.631  0.00000
   594    17.631  0.00000
   595    17.632  0.00000
   596    17.788  0.00000
   597    17.788  0.00000
   598    17.789  0.00000
   599    17.789  0.00000
   600    17.789  0.00000
   601    17.789  0.00000
   602    18.003  0.00000
   603    18.004  0.00000
   604    18.004  0.00000
   605    18.288  0.00000
   606    18.288  0.00000
   607    18.288  0.00000
   608    18.289  0.00000
   609    18.289  0.00000
   610    18.289  0.00000
   611    18.315  0.00000
   612    18.316  0.00000
   613    18.316  0.00000
   614    18.316  0.00000
   615    18.317  0.00000
   616    18.317  0.00000
   617    18.359  0.00000
   618    18.360  0.00000
   619    18.360  0.00000
   620    18.360  0.00000
   621    18.360  0.00000
   622    18.360  0.00000
   623    18.541  0.00000
   624    18.541  0.00000
   625    18.541  0.00000
   626    18.541  0.00000
   627    18.541  0.00000
   628    18.542  0.00000
   629    18.644  0.00000
   630    18.645  0.00000
   631    18.646  0.00000
   632    18.762  0.00000
   633    18.763  0.00000
   634    18.812  0.00000
   635    18.812  0.00000
   636    18.812  0.00000
   637    18.812  0.00000
   638    18.812  0.00000
   639    18.813  0.00000
   640    19.295  0.00000
   641    19.296  0.00000
   642    19.296  0.00000
   643    19.296  0.00000
   644    19.296  0.00000
   645    19.296  0.00000
   646    19.820  0.00000
   647    19.820  0.00000
   648    19.821  0.00000
   649    19.955  0.00000
   650    19.955  0.00000
   651    19.956  0.00000
   652    19.956  0.00000
   653    19.956  0.00000
   654    19.957  0.00000
   655    19.958  0.00000
   656    19.958  0.00000
   657    21.108  0.00000
   658    21.109  0.00000
   659    21.399  0.00000
   660    21.400  0.00000
   661    21.400  0.00000
   662    21.401  0.00000
   663    21.401  0.00000
   664    21.401  0.00000
   665    21.859  0.00000
   666    21.859  0.00000
   667    21.860  0.00000
   668    21.860  0.00000
   669    21.861  0.00000
   670    21.861  0.00000
   671    21.918  0.00000
   672    21.918  0.00000
   673    21.919  0.00000
   674    22.425  0.00000
   675    22.425  0.00000
   676    22.426  0.00000
   677    22.426  0.00000
   678    22.426  0.00000
   679    22.427  0.00000
   680    22.480  0.00000
   681    22.480  0.00000
   682    22.480  0.00000
   683    22.480  0.00000
   684    22.480  0.00000
   685    22.481  0.00000
   686    22.537  0.00000
   687    22.538  0.00000
   688    22.539  0.00000
   689    24.499  0.00000
   690    24.499  0.00000
   691    24.500  0.00000
   692    24.506  0.00000
   693    24.506  0.00000
   694    24.506  0.00000
   695    24.507  0.00000
   696    24.507  0.00000
   697    24.507  0.00000
   698    24.922  0.00000
   699    24.922  0.00000
   700    24.923  0.00000
   701    24.923  0.00000
   702    24.923  0.00000
   703    24.924  0.00000
   704    25.259  0.00000
   705    26.775  0.00000
   706    27.322  0.00000
   707    27.322  0.00000
   708    27.323  0.00000
   709    27.323  0.00000
   710    27.323  0.00000
   711    27.324  0.00000
   712    27.737  0.00000
   713    27.737  0.00000
   714    27.738  0.00000
   715    27.738  0.00000
   716    27.739  0.00000
   717    27.739  0.00000
   718    27.785  0.00000
   719    27.786  0.00000
   720    27.787  0.00000
   721    56.010  0.00000
   722    56.011  0.00000
   723    56.012  0.00000
   724    56.016  0.00000
   725    56.017  0.00000
   726    56.017  0.00000
   727    56.018  0.00000
   728    56.018  0.00000
   729    56.018  0.00000
   730    56.195  0.00000
   731    56.197  0.00000
   732    56.197  0.00000
   733    56.198  0.00000
   734    56.199  0.00000
   735    56.200  0.00000
   736    56.381  0.00000
   737    56.381  0.00000
   738    56.583  0.00000
   739    56.584  0.00000
   740    56.584  0.00000
   741    56.585  0.00000
   742    56.585  0.00000
   743    56.586  0.00000
   744    56.898  0.00000
   745    56.898  0.00000
   746    56.898  0.00000
   747    56.899  0.00000
   748    56.899  0.00000
   749    56.900  0.00000
   750    56.908  0.00000
   751    56.908  0.00000
   752    56.909  0.00000
   753    57.379  0.00000
   754    57.381  0.00000
   755    57.381  0.00000
   756    57.383  0.00000
   757    57.384  0.00000
   758    57.384  0.00000
   759    57.385  0.00000
   760    57.385  0.00000
   761    57.386  0.00000
   762    57.672  0.00000
   763    57.673  0.00000
   764    57.673  0.00000
   765    57.674  0.00000
   766    57.676  0.00000
   767    57.676  0.00000
   768    57.846  0.00000

