 Fermi distribution function

Geometry optimization step: 66


********************************************************************************
 iSCC Total electronic   Diff electronic      SCC error    
    3   -0.33590439E+03   -0.39563020E-10    0.70986612E-05
********************************************************************************

 Total charge:    -0.00000000

 Atomic gross charges (e)
 Atom           Charge
    1       0.06203286
    2      -0.06203607
    3      -0.06203649
    4      -0.06204707
    5      -0.06203995
    6      -0.06203065
    7      -0.06202683
    8       0.06203892
    9       0.06203105
   10       0.06203981
   11       0.06203364
   12       0.06202804
   13       0.06203686
   14      -0.06202897
   15       0.06203690
   16      -0.06202825
   17       0.06202432
   18       0.06202826
   19       0.06204163
   20       0.06203323
   21       0.06203256
   22      -0.06203658
   23      -0.06203471
   24      -0.06203556
   25      -0.06203199
   26      -0.06203691
   27      -0.06202737
   28       0.06203280
   29       0.06203787
   30       0.06202819
   31       0.06204005
   32       0.06203615
   33       0.06203273
   34      -0.06203615
   35      -0.06203581
   36      -0.06203331
   37       0.06203883
   38      -0.06203838
   39      -0.06202891
   40      -0.06203239
   41      -0.06204360
   42       0.06202731
   43       0.06204316
   44       0.06202795
   45       0.06202973
   46       0.06204085
   47       0.06204121
   48       0.06202786
   49       0.06203809
   50       0.06202804
   51       0.06202260
   52       0.06204851
   53      -0.06201626
   54      -0.06203582
   55      -0.06204135
   56      -0.06203099
   57      -0.06204296
   58      -0.06202857
   59       0.06203814
   60       0.06203219
   61       0.06202933
   62       0.06203200
   63       0.06202750
   64       0.06204160
   65      -0.06202969
   66      -0.06203605
   67      -0.06204309
   68      -0.06203097
   69      -0.06203950
   70      -0.06202557
   71       0.06203956
   72       0.06202581
   73       0.06204413
   74       0.06203299
   75       0.06201828
   76       0.06205060
   77      -0.06202918
   78      -0.06202947
   79       0.06204174
   80       0.06203607
   81       0.06203893
   82       0.06203521
   83       0.06203735
   84       0.06202983
   85      -0.06202860
   86      -0.06204152
   87      -0.06202846
   88      -0.06204172
   89      -0.06203019
   90      -0.06203118
   91      -0.06204542
   92      -0.06203669
   93      -0.06202853
   94      -0.06203703
   95      -0.06202942
   96       0.06203981
   97      -0.06204235
   98       0.06203916
   99      -0.06203235
  100      -0.06203801
  101      -0.06203505
  102      -0.06203024
  103       0.06204131
  104       0.06203115
  105       0.06203292
  106       0.06203680
  107       0.06202715
  108       0.06203380
  109      -0.06203227
  110      -0.06203788
  111      -0.06204053
  112      -0.06204226
  113      -0.06203389
  114      -0.06202658
  115       0.06203038
  116       0.06204436
  117       0.06202811
  118       0.06204795
  119       0.06203377
  120       0.06202510
  121      -0.06203751
  122      -0.06203769
  123      -0.06202433
  124      -0.06204456
  125      -0.06203429
  126      -0.06202372
  127       0.06203117
  128       0.06204210
  129       0.06202038
  130       0.06204101
  131       0.06203058
  132       0.06203525
  133       0.06203625
  134       0.06203741
  135       0.06203241
  136       0.06203818
  137      -0.06203196
  138      -0.06203529
  139      -0.06203635
  140      -0.06203849
  141      -0.06203530
  142      -0.06203767
  143       0.06202838
  144       0.06203804
  145       0.06203092
  146       0.06203602
  147       0.06203565
  148       0.06202989
  149      -0.06203853
  150      -0.06203433
  151      -0.06203548
  152      -0.06202840
  153      -0.06203340
  154      -0.06203164
  155       0.06202892
  156       0.06203953
  157       0.06203274
  158      -0.06203679
  159      -0.06204031
  160      -0.06202715
  161      -0.06203346
  162      -0.06203142
  163      -0.06203187
  164       0.06203238
  165       0.06203861
  166       0.06203871
  167       0.06202880
  168       0.06204169
  169       0.06203025
  170      -0.06204073
  171      -0.06203926
  172      -0.06203182
  173      -0.06203717
  174      -0.06203693
  175      -0.06204291
  176       0.06204169
  177       0.06203581
  178       0.06202663
  179       0.06203381
  180       0.06203357
  181       0.06202508
  182      -0.06203110
  183      -0.06205252
  184      -0.06204456
  185      -0.06201833
  186      -0.06203344
  187      -0.06202860
  188      -0.06202634
  189       0.06203290
  190      -0.06202508
  191      -0.06203410
  192       0.06203061

Nr. of electrons (up):    768.00000000
Atom populations (up)
 Atom       Population
    1       3.93796714
    2       4.06203607
    3       4.06203649
    4       4.06204707
    5       4.06203995
    6       4.06203065
    7       4.06202683
    8       3.93796108
    9       3.93796895
   10       3.93796019
   11       3.93796636
   12       3.93797196
   13       3.93796314
   14       4.06202897
   15       3.93796310
   16       4.06202825
   17       3.93797568
   18       3.93797174
   19       3.93795837
   20       3.93796677
   21       3.93796744
   22       4.06203658
   23       4.06203471
   24       4.06203556
   25       4.06203199
   26       4.06203691
   27       4.06202737
   28       3.93796720
   29       3.93796213
   30       3.93797181
   31       3.93795995
   32       3.93796385
   33       3.93796727
   34       4.06203615
   35       4.06203581
   36       4.06203331
   37       3.93796117
   38       4.06203838
   39       4.06202891
   40       4.06203239
   41       4.06204360
   42       3.93797269
   43       3.93795684
   44       3.93797205
   45       3.93797027
   46       3.93795915
   47       3.93795879
   48       3.93797214
   49       3.93796191
   50       3.93797196
   51       3.93797740
   52       3.93795149
   53       4.06201626
   54       4.06203582
   55       4.06204135
   56       4.06203099
   57       4.06204296
   58       4.06202857
   59       3.93796186
   60       3.93796781
   61       3.93797067
   62       3.93796800
   63       3.93797250
   64       3.93795840
   65       4.06202969
   66       4.06203605
   67       4.06204309
   68       4.06203097
   69       4.06203950
   70       4.06202557
   71       3.93796044
   72       3.93797419
   73       3.93795587
   74       3.93796701
   75       3.93798172
   76       3.93794940
   77       4.06202918
   78       4.06202947
   79       3.93795826
   80       3.93796393
   81       3.93796107
   82       3.93796479
   83       3.93796265
   84       3.93797017
   85       4.06202860
   86       4.06204152
   87       4.06202846
   88       4.06204172
   89       4.06203019
   90       4.06203118
   91       4.06204542
   92       4.06203669
   93       4.06202853
   94       4.06203703
   95       4.06202942
   96       3.93796019
   97       4.06204235
   98       3.93796084
   99       4.06203235
  100       4.06203801
  101       4.06203505
  102       4.06203024
  103       3.93795869
  104       3.93796885
  105       3.93796708
  106       3.93796320
  107       3.93797285
  108       3.93796620
  109       4.06203227
  110       4.06203788
  111       4.06204053
  112       4.06204226
  113       4.06203389
  114       4.06202658
  115       3.93796962
  116       3.93795564
  117       3.93797189
  118       3.93795205
  119       3.93796623
  120       3.93797490
  121       4.06203751
  122       4.06203769
  123       4.06202433
  124       4.06204456
  125       4.06203429
  126       4.06202372
  127       3.93796883
  128       3.93795790
  129       3.93797962
  130       3.93795899
  131       3.93796942
  132       3.93796475
  133       3.93796375
  134       3.93796259
  135       3.93796759
  136       3.93796182
  137       4.06203196
  138       4.06203529
  139       4.06203635
  140       4.06203849
  141       4.06203530
  142       4.06203767
  143       3.93797162
  144       3.93796196
  145       3.93796908
  146       3.93796398
  147       3.93796435
  148       3.93797011
  149       4.06203853
  150       4.06203433
  151       4.06203548
  152       4.06202840
  153       4.06203340
  154       4.06203164
  155       3.93797108
  156       3.93796047
  157       3.93796726
  158       4.06203679
  159       4.06204031
  160       4.06202715
  161       4.06203346
  162       4.06203142
  163       4.06203187
  164       3.93796762
  165       3.93796139
  166       3.93796129
  167       3.93797120
  168       3.93795831
  169       3.93796975
  170       4.06204073
  171       4.06203926
  172       4.06203182
  173       4.06203717
  174       4.06203693
  175       4.06204291
  176       3.93795831
  177       3.93796419
  178       3.93797337
  179       3.93796619
  180       3.93796643
  181       3.93797492
  182       4.06203110
  183       4.06205252
  184       4.06204456
  185       4.06201833
  186       4.06203344
  187       4.06202860
  188       4.06202634
  189       3.93796710
  190       4.06202508
  191       4.06203410
  192       3.93796939

l-shell populations (up)
 Atom Sh.   l       Population
    1   1   0       1.16959128
    1   2   1       2.76837586
    2   1   0       1.19476309
    2   2   1       2.86727298
    3   1   0       1.19476072
    3   2   1       2.86727577
    4   1   0       1.19476167
    4   2   1       2.86728540
    5   1   0       1.19476019
    5   2   1       2.86727976
    6   1   0       1.19474316
    6   2   1       2.86728749
    7   1   0       1.19474111
    7   2   1       2.86728572
    8   1   0       1.16957955
    8   2   1       2.76838153
    9   1   0       1.16958338
    9   2   1       2.76838556
   10   1   0       1.16959401
   10   2   1       2.76836618
   11   1   0       1.16960338
   11   2   1       2.76836298
   12   1   0       1.16959754
   12   2   1       2.76837442
   13   1   0       1.16958938
   13   2   1       2.76837376
   14   1   0       1.19474956
   14   2   1       2.86727940
   15   1   0       1.16959964
   15   2   1       2.76836347
   16   1   0       1.19474957
   16   2   1       2.86727869
   17   1   0       1.16961590
   17   2   1       2.76835979
   18   1   0       1.16961783
   18   2   1       2.76835391
   19   1   0       1.16959730
   19   2   1       2.76836108
   20   1   0       1.16958184
   20   2   1       2.76838493
   21   1   0       1.16959300
   21   2   1       2.76837444
   22   1   0       1.19474788
   22   2   1       2.86728870
   23   1   0       1.19474528
   23   2   1       2.86728943
   24   1   0       1.19473721
   24   2   1       2.86729834
   25   1   0       1.19473754
   25   2   1       2.86729445
   26   1   0       1.19475120
   26   2   1       2.86728571
   27   1   0       1.19474657
   27   2   1       2.86728079
   28   1   0       1.16959747
   28   2   1       2.76836972
   29   1   0       1.16960227
   29   2   1       2.76835987
   30   1   0       1.16960502
   30   2   1       2.76836680
   31   1   0       1.16959006
   31   2   1       2.76836989
   32   1   0       1.16959452
   32   2   1       2.76836933
   33   1   0       1.16959213
   33   2   1       2.76837514
   34   1   0       1.19475169
   34   2   1       2.86728447
   35   1   0       1.19474307
   35   2   1       2.86729274
   36   1   0       1.19475442
   36   2   1       2.86727889
   37   1   0       1.16959795
   37   2   1       2.76836322
   38   1   0       1.19475626
   38   2   1       2.86728212
   39   1   0       1.19475131
   39   2   1       2.86727760
   40   1   0       1.19475343
   40   2   1       2.86727897
   41   1   0       1.19476489
   41   2   1       2.86727871
   42   1   0       1.16960805
   42   2   1       2.76836464
   43   1   0       1.16959823
   43   2   1       2.76835861
   44   1   0       1.16960152
   44   2   1       2.76837053
   45   1   0       1.16959045
   45   2   1       2.76837981
   46   1   0       1.16958545
   46   2   1       2.76837370
   47   1   0       1.16958006
   47   2   1       2.76837873
   48   1   0       1.16961590
   48   2   1       2.76835624
   49   1   0       1.16961764
   49   2   1       2.76834427
   50   1   0       1.16961580
   50   2   1       2.76835615
   51   1   0       1.16960989
   51   2   1       2.76836751
   52   1   0       1.16956409
   52   2   1       2.76838740
   53   1   0       1.19472463
   53   2   1       2.86729163
   54   1   0       1.19473681
   54   2   1       2.86729901
   55   1   0       1.19476682
   55   2   1       2.86727452
   56   1   0       1.19475474
   56   2   1       2.86727625
   57   1   0       1.19476083
   57   2   1       2.86728213
   58   1   0       1.19475049
   58   2   1       2.86727807
   59   1   0       1.16959256
   59   2   1       2.76836929
   60   1   0       1.16960214
   60   2   1       2.76836567
   61   1   0       1.16961048
   61   2   1       2.76836019
   62   1   0       1.16960835
   62   2   1       2.76835965
   63   1   0       1.16960140
   63   2   1       2.76837110
   64   1   0       1.16958992
   64   2   1       2.76836848
   65   1   0       1.19473878
   65   2   1       2.86729091
   66   1   0       1.19474920
   66   2   1       2.86728686
   67   1   0       1.19475619
   67   2   1       2.86728689
   68   1   0       1.19474691
   68   2   1       2.86728407
   69   1   0       1.19475934
   69   2   1       2.86728016
   70   1   0       1.19474936
   70   2   1       2.86727621
   71   1   0       1.16958026
   71   2   1       2.76838018
   72   1   0       1.16959781
   72   2   1       2.76837638
   73   1   0       1.16958644
   73   2   1       2.76836943
   74   1   0       1.16959838
   74   2   1       2.76836863
   75   1   0       1.16960142
   75   2   1       2.76838029
   76   1   0       1.16956429
   76   2   1       2.76838511
   77   1   0       1.19472372
   77   2   1       2.86730547
   78   1   0       1.19473851
   78   2   1       2.86729097
   79   1   0       1.16958579
   79   2   1       2.76837247
   80   1   0       1.16957948
   80   2   1       2.76838445
   81   1   0       1.16957041
   81   2   1       2.76839066
   82   1   0       1.16957674
   82   2   1       2.76838806
   83   1   0       1.16959384
   83   2   1       2.76836881
   84   1   0       1.16960194
   84   2   1       2.76836823
   85   1   0       1.19476276
   85   2   1       2.86726584
   86   1   0       1.19476573
   86   2   1       2.86727579
   87   1   0       1.19475873
   87   2   1       2.86726973
   88   1   0       1.19476060
   88   2   1       2.86728112
   89   1   0       1.19474301
   89   2   1       2.86728718
   90   1   0       1.19474751
   90   2   1       2.86728367
   91   1   0       1.19476411
   91   2   1       2.86728131
   92   1   0       1.19475718
   92   2   1       2.86727952
   93   1   0       1.19476414
   93   2   1       2.86726439
   94   1   0       1.19476583
   94   2   1       2.86727120
   95   1   0       1.19473877
   95   2   1       2.86729065
   96   1   0       1.16958435
   96   2   1       2.76837584
   97   1   0       1.19475645
   97   2   1       2.86728590
   98   1   0       1.16958585
   98   2   1       2.76837499
   99   1   0       1.19474530
   99   2   1       2.86728704
  100   1   0       1.19474649
  100   2   1       2.86729152
  101   1   0       1.19475867
  101   2   1       2.86727638
  102   1   0       1.19475241
  102   2   1       2.86727783
  103   1   0       1.16959036
  103   2   1       2.76836833
  104   1   0       1.16959792
  104   2   1       2.76837093
  105   1   0       1.16959652
  105   2   1       2.76837057
  106   1   0       1.16960013
  106   2   1       2.76836307
  107   1   0       1.16960663
  107   2   1       2.76836623
  108   1   0       1.16959616
  108   2   1       2.76837003
  109   1   0       1.19475306
  109   2   1       2.86727921
  110   1   0       1.19476068
  110   2   1       2.86727720
  111   1   0       1.19475529
  111   2   1       2.86728524
  112   1   0       1.19476358
  112   2   1       2.86727869
  113   1   0       1.19475662
  113   2   1       2.86727727
  114   1   0       1.19475387
  114   2   1       2.86727272
  115   1   0       1.16959712
  115   2   1       2.76837250
  116   1   0       1.16958589
  116   2   1       2.76836975
  117   1   0       1.16958147
  117   2   1       2.76839041
  118   1   0       1.16958266
  118   2   1       2.76836939
  119   1   0       1.16959698
  119   2   1       2.76836926
  120   1   0       1.16960005
  120   2   1       2.76837484
  121   1   0       1.19475643
  121   2   1       2.86728109
  122   1   0       1.19475524
  122   2   1       2.86728245
  123   1   0       1.19476077
  123   2   1       2.86726356
  124   1   0       1.19476318
  124   2   1       2.86728138
  125   1   0       1.19474621
  125   2   1       2.86728808
  126   1   0       1.19474833
  126   2   1       2.86727538
  127   1   0       1.16960922
  127   2   1       2.76835961
  128   1   0       1.16959433
  128   2   1       2.76836357
  129   1   0       1.16960226
  129   2   1       2.76837736
  130   1   0       1.16958488
  130   2   1       2.76837412
  131   1   0       1.16958692
  131   2   1       2.76838250
  132   1   0       1.16958662
  132   2   1       2.76837812
  133   1   0       1.16960114
  133   2   1       2.76836261
  134   1   0       1.16959874
  134   2   1       2.76836385
  135   1   0       1.16959493
  135   2   1       2.76837266
  136   1   0       1.16958839
  136   2   1       2.76837343
  137   1   0       1.19475581
  137   2   1       2.86727615
  138   1   0       1.19475866
  138   2   1       2.86727664
  139   1   0       1.19475662
  139   2   1       2.86727973
  140   1   0       1.19475815
  140   2   1       2.86728034
  141   1   0       1.19476379
  141   2   1       2.86727150
  142   1   0       1.19476441
  142   2   1       2.86727326
  143   1   0       1.16960711
  143   2   1       2.76836450
  144   1   0       1.16960906
  144   2   1       2.76835290
  145   1   0       1.16961828
  145   2   1       2.76835079
  146   1   0       1.16960234
  146   2   1       2.76836164
  147   1   0       1.16958762
  147   2   1       2.76837673
  148   1   0       1.16959971
  148   2   1       2.76837040
  149   1   0       1.19475777
  149   2   1       2.86728076
  150   1   0       1.19475784
  150   2   1       2.86727649
  151   1   0       1.19473871
  151   2   1       2.86729677
  152   1   0       1.19474220
  152   2   1       2.86728621
  153   1   0       1.19475404
  153   2   1       2.86727936
  154   1   0       1.19475303
  154   2   1       2.86727861
  155   1   0       1.16961080
  155   2   1       2.76836027
  156   1   0       1.16958446
  156   2   1       2.76837601
  157   1   0       1.16960025
  157   2   1       2.76836701
  158   1   0       1.19476022
  158   2   1       2.86727656
  159   1   0       1.19476336
  159   2   1       2.86727694
  160   1   0       1.19474271
  160   2   1       2.86728444
  161   1   0       1.19474289
  161   2   1       2.86729057
  162   1   0       1.19474816
  162   2   1       2.86728326
  163   1   0       1.19474896
  163   2   1       2.86728292
  164   1   0       1.16957182
  164   2   1       2.76839579
  165   1   0       1.16956991
  165   2   1       2.76839148
  166   1   0       1.16957514
  166   2   1       2.76838615
  167   1   0       1.16960727
  167   2   1       2.76836393
  168   1   0       1.16961347
  168   2   1       2.76834483
  169   1   0       1.16959736
  169   2   1       2.76837238
  170   1   0       1.19475149
  170   2   1       2.86728925
  171   1   0       1.19475107
  171   2   1       2.86728820
  172   1   0       1.19477485
  172   2   1       2.86725696
  173   1   0       1.19476885
  173   2   1       2.86726832
  174   1   0       1.19475849
  174   2   1       2.86727844
  175   1   0       1.19476141
  175   2   1       2.86728149
  176   1   0       1.16960411
  176   2   1       2.76835420
  177   1   0       1.16959628
  177   2   1       2.76836791
  178   1   0       1.16960840
  178   2   1       2.76836498
  179   1   0       1.16960098
  179   2   1       2.76836521
  180   1   0       1.16960000
  180   2   1       2.76836643
  181   1   0       1.16960928
  181   2   1       2.76836564
  182   1   0       1.19475484
  182   2   1       2.86727626
  183   1   0       1.19476669
  183   2   1       2.86728584
  184   1   0       1.19474568
  184   2   1       2.86729888
  185   1   0       1.19473639
  185   2   1       2.86728194
  186   1   0       1.19475007
  186   2   1       2.86728337
  187   1   0       1.19474366
  187   2   1       2.86728494
  188   1   0       1.19475042
  188   2   1       2.86727591
  189   1   0       1.16961274
  189   2   1       2.76835436
  190   1   0       1.19473788
  190   2   1       2.86728720
  191   1   0       1.19476680
  191   2   1       2.86726730
  192   1   0       1.16960800
  192   2   1       2.76836140

Orbital populations (up)
 Atom Sh.   l   m       Population  Label
    1   1   0   0       1.16959128  s
    1   2   1  -1       0.88981329  p_y
    1   2   1   0       1.00568740  p_z
    1   2   1   1       0.87287517  p_x
    2   1   0   0       1.19476309  s
    2   2   1  -1       0.85931494  p_y
    2   2   1   0       0.99431255  p_z
    2   2   1   1       1.01364550  p_x
    3   1   0   0       1.19476072  s
    3   2   1  -1       0.85931788  p_y
    3   2   1   0       0.99431493  p_z
    3   2   1   1       1.01364296  p_x
    4   1   0   0       1.19476167  s
    4   2   1  -1       0.97498498  p_y
    4   2   1   0       0.99431496  p_z
    4   2   1   1       0.89798546  p_x
    5   1   0   0       1.19476019  s
    5   2   1  -1       0.97496358  p_y
    5   2   1   0       0.99431443  p_z
    5   2   1   1       0.89800175  p_x
    6   1   0   0       1.19474316  s
    6   2   1  -1       0.97509660  p_y
    6   2   1   0       0.99431285  p_z
    6   2   1   1       0.89787804  p_x
    7   1   0   0       1.19474111  s
    7   2   1  -1       0.97513148  p_y
    7   2   1   0       0.99431495  p_z
    7   2   1   1       0.89783929  p_x
    8   1   0   0       1.16957955  s
    8   2   1  -1       0.88983575  p_y
    8   2   1   0       1.00567667  p_z
    8   2   1   1       0.87286911  p_x
    9   1   0   0       1.16958338  s
    9   2   1  -1       0.88981355  p_y
    9   2   1   0       1.00568002  p_z
    9   2   1   1       0.87289199  p_x
   10   1   0   0       1.16959401  s
   10   2   1  -1       0.86439640  p_y
   10   2   1   0       1.00567634  p_z
   10   2   1   1       0.89829343  p_x
   11   1   0   0       1.16960338  s
   11   2   1  -1       0.88981253  p_y
   11   2   1   0       1.00568857  p_z
   11   2   1   1       0.87286188  p_x
   12   1   0   0       1.16959754  s
   12   2   1  -1       0.88980503  p_y
   12   2   1   0       1.00569025  p_z
   12   2   1   1       0.87287915  p_x
   13   1   0   0       1.16958938  s
   13   2   1  -1       0.86439444  p_y
   13   2   1   0       1.00569046  p_z
   13   2   1   1       0.89828886  p_x
   14   1   0   0       1.19474956  s
   14   2   1  -1       0.85931827  p_y
   14   2   1   0       0.99431342  p_z
   14   2   1   1       1.01364771  p_x
   15   1   0   0       1.16959964  s
   15   2   1  -1       0.88980176  p_y
   15   2   1   0       1.00568508  p_z
   15   2   1   1       0.87287662  p_x
   16   1   0   0       1.19474957  s
   16   2   1  -1       0.85931789  p_y
   16   2   1   0       0.99431629  p_z
   16   2   1   1       1.01364450  p_x
   17   1   0   0       1.16961590  s
   17   2   1  -1       0.88979620  p_y
   17   2   1   0       1.00570544  p_z
   17   2   1   1       0.87285815  p_x
   18   1   0   0       1.16961783  s
   18   2   1  -1       0.86439677  p_y
   18   2   1   0       1.00568882  p_z
   18   2   1   1       0.89826832  p_x
   19   1   0   0       1.16959730  s
   19   2   1  -1       0.88983157  p_y
   19   2   1   0       1.00567796  p_z
   19   2   1   1       0.87285155  p_x
   20   1   0   0       1.16958184  s
   20   2   1  -1       0.88981740  p_y
   20   2   1   0       1.00567263  p_z
   20   2   1   1       0.87289489  p_x
   21   1   0   0       1.16959300  s
   21   2   1  -1       0.86440930  p_y
   21   2   1   0       1.00568242  p_z
   21   2   1   1       0.89828273  p_x
   22   1   0   0       1.19474788  s
   22   2   1  -1       0.85932594  p_y
   22   2   1   0       0.99431584  p_z
   22   2   1   1       1.01364692  p_x
   23   1   0   0       1.19474528  s
   23   2   1  -1       0.85932810  p_y
   23   2   1   0       0.99431451  p_z
   23   2   1   1       1.01364682  p_x
   24   1   0   0       1.19473721  s
   24   2   1  -1       0.97504691  p_y
   24   2   1   0       0.99431600  p_z
   24   2   1   1       0.89793544  p_x
   25   1   0   0       1.19473754  s
   25   2   1  -1       0.97505288  p_y
   25   2   1   0       0.99431462  p_z
   25   2   1   1       0.89792695  p_x
   26   1   0   0       1.19475120  s
   26   2   1  -1       0.97503725  p_y
   26   2   1   0       0.99431627  p_z
   26   2   1   1       0.89793218  p_x
   27   1   0   0       1.19474657  s
   27   2   1  -1       0.97503446  p_y
   27   2   1   0       0.99431248  p_z
   27   2   1   1       0.89793385  p_x
   28   1   0   0       1.16959747  s
   28   2   1  -1       0.88983883  p_y
   28   2   1   0       1.00567672  p_z
   28   2   1   1       0.87285418  p_x
   29   1   0   0       1.16960227  s
   29   2   1  -1       0.88980923  p_y
   29   2   1   0       1.00568556  p_z
   29   2   1   1       0.87286507  p_x
   30   1   0   0       1.16960502  s
   30   2   1  -1       0.86440073  p_y
   30   2   1   0       1.00569592  p_z
   30   2   1   1       0.89827015  p_x
   31   1   0   0       1.16959006  s
   31   2   1  -1       0.88983999  p_y
   31   2   1   0       1.00568596  p_z
   31   2   1   1       0.87284394  p_x
   32   1   0   0       1.16959452  s
   32   2   1  -1       0.88979207  p_y
   32   2   1   0       1.00568182  p_z
   32   2   1   1       0.87289543  p_x
   33   1   0   0       1.16959213  s
   33   2   1  -1       0.86440911  p_y
   33   2   1   0       1.00568292  p_z
   33   2   1   1       0.89828310  p_x
   34   1   0   0       1.19475169  s
   34   2   1  -1       0.85932447  p_y
   34   2   1   0       0.99431444  p_z
   34   2   1   1       1.01364556  p_x
   35   1   0   0       1.19474307  s
   35   2   1  -1       0.85932523  p_y
   35   2   1   0       0.99431763  p_z
   35   2   1   1       1.01364988  p_x
   36   1   0   0       1.19475442  s
   36   2   1  -1       0.97507474  p_y
   36   2   1   0       0.99431803  p_z
   36   2   1   1       0.89788612  p_x
   37   1   0   0       1.16959795  s
   37   2   1  -1       0.88980045  p_y
   37   2   1   0       1.00567885  p_z
   37   2   1   1       0.87288392  p_x
   38   1   0   0       1.19475626  s
   38   2   1  -1       0.97518008  p_y
   38   2   1   0       0.99431314  p_z
   38   2   1   1       0.89778890  p_x
   39   1   0   0       1.19475131  s
   39   2   1  -1       0.97505326  p_y
   39   2   1   0       0.99431380  p_z
   39   2   1   1       0.89791054  p_x
   40   1   0   0       1.19475343  s
   40   2   1  -1       0.97495237  p_y
   40   2   1   0       0.99431488  p_z
   40   2   1   1       0.89801172  p_x
   41   1   0   0       1.19476489  s
   41   2   1  -1       0.85931602  p_y
   41   2   1   0       0.99431318  p_z
   41   2   1   1       1.01364951  p_x
   42   1   0   0       1.16960805  s
   42   2   1  -1       0.86438959  p_y
   42   2   1   0       1.00568498  p_z
   42   2   1   1       0.89829008  p_x
   43   1   0   0       1.16959823  s
   43   2   1  -1       0.88980664  p_y
   43   2   1   0       1.00568070  p_z
   43   2   1   1       0.87287128  p_x
   44   1   0   0       1.16960152  s
   44   2   1  -1       0.88980203  p_y
   44   2   1   0       1.00569762  p_z
   44   2   1   1       0.87287088  p_x
   45   1   0   0       1.16959045  s
   45   2   1  -1       0.86441421  p_y
   45   2   1   0       1.00568125  p_z
   45   2   1   1       0.89828435  p_x
   46   1   0   0       1.16958545  s
   46   2   1  -1       0.88982051  p_y
   46   2   1   0       1.00567687  p_z
   46   2   1   1       0.87287632  p_x
   47   1   0   0       1.16958006  s
   47   2   1  -1       0.88983511  p_y
   47   2   1   0       1.00568139  p_z
   47   2   1   1       0.87286223  p_x
   48   1   0   0       1.16961590  s
   48   2   1  -1       0.88980234  p_y
   48   2   1   0       1.00568719  p_z
   48   2   1   1       0.87286671  p_x
   49   1   0   0       1.16961764  s
   49   2   1  -1       0.86436715  p_y
   49   2   1   0       1.00568624  p_z
   49   2   1   1       0.89829088  p_x
   50   1   0   0       1.16961580  s
   50   2   1  -1       0.88983423  p_y
   50   2   1   0       1.00567433  p_z
   50   2   1   1       0.87284759  p_x
   51   1   0   0       1.16960989  s
   51   2   1  -1       0.88981670  p_y
   51   2   1   0       1.00569569  p_z
   51   2   1   1       0.87285512  p_x
   52   1   0   0       1.16956409  s
   52   2   1  -1       0.86442220  p_y
   52   2   1   0       1.00568246  p_z
   52   2   1   1       0.89828274  p_x
   53   1   0   0       1.19472463  s
   53   2   1  -1       0.85933089  p_y
   53   2   1   0       0.99431878  p_z
   53   2   1   1       1.01364196  p_x
   54   1   0   0       1.19473681  s
   54   2   1  -1       0.85932688  p_y
   54   2   1   0       0.99431469  p_z
   54   2   1   1       1.01365744  p_x
   55   1   0   0       1.19476682  s
   55   2   1  -1       0.97493069  p_y
   55   2   1   0       0.99431272  p_z
   55   2   1   1       0.89803111  p_x
   56   1   0   0       1.19475474  s
   56   2   1  -1       0.97500521  p_y
   56   2   1   0       0.99431708  p_z
   56   2   1   1       0.89795396  p_x
   57   1   0   0       1.19476083  s
   57   2   1  -1       0.97512717  p_y
   57   2   1   0       0.99430961  p_z
   57   2   1   1       0.89784535  p_x
   58   1   0   0       1.19475049  s
   58   2   1  -1       0.97502933  p_y
   58   2   1   0       0.99431576  p_z
   58   2   1   1       0.89793298  p_x
   59   1   0   0       1.16959256  s
   59   2   1  -1       0.88980325  p_y
   59   2   1   0       1.00567921  p_z
   59   2   1   1       0.87288684  p_x
   60   1   0   0       1.16960214  s
   60   2   1  -1       0.88980940  p_y
   60   2   1   0       1.00569583  p_z
   60   2   1   1       0.87286045  p_x
   61   1   0   0       1.16961048  s
   61   2   1  -1       0.86439309  p_y
   61   2   1   0       1.00568422  p_z
   61   2   1   1       0.89828288  p_x
   62   1   0   0       1.16960835  s
   62   2   1  -1       0.88982215  p_y
   62   2   1   0       1.00568069  p_z
   62   2   1   1       0.87285682  p_x
   63   1   0   0       1.16960140  s
   63   2   1  -1       0.88983414  p_y
   63   2   1   0       1.00568435  p_z
   63   2   1   1       0.87285262  p_x
   64   1   0   0       1.16958992  s
   64   2   1  -1       0.86439826  p_y
   64   2   1   0       1.00568619  p_z
   64   2   1   1       0.89828404  p_x
   65   1   0   0       1.19473878  s
   65   2   1  -1       0.85932818  p_y
   65   2   1   0       0.99431817  p_z
   65   2   1   1       1.01364456  p_x
   66   1   0   0       1.19474920  s
   66   2   1  -1       0.85933251  p_y
   66   2   1   0       0.99431114  p_z
   66   2   1   1       1.01364320  p_x
   67   1   0   0       1.19475619  s
   67   2   1  -1       0.97492548  p_y
   67   2   1   0       0.99431195  p_z
   67   2   1   1       0.89804947  p_x
   68   1   0   0       1.19474691  s
   68   2   1  -1       0.97490908  p_y
   68   2   1   0       0.99431642  p_z
   68   2   1   1       0.89805857  p_x
   69   1   0   0       1.19475934  s
   69   2   1  -1       0.97513932  p_y
   69   2   1   0       0.99431231  p_z
   69   2   1   1       0.89782853  p_x
   70   1   0   0       1.19474936  s
   70   2   1  -1       0.97514419  p_y
   70   2   1   0       0.99431574  p_z
   70   2   1   1       0.89781628  p_x
   71   1   0   0       1.16958026  s
   71   2   1  -1       0.88981850  p_y
   71   2   1   0       1.00567897  p_z
   71   2   1   1       0.87288271  p_x
   72   1   0   0       1.16959781  s
   72   2   1  -1       0.88980737  p_y
   72   2   1   0       1.00568957  p_z
   72   2   1   1       0.87287944  p_x
   73   1   0   0       1.16958644  s
   73   2   1  -1       0.86439290  p_y
   73   2   1   0       1.00567966  p_z
   73   2   1   1       0.89829687  p_x
   74   1   0   0       1.16959838  s
   74   2   1  -1       0.88982162  p_y
   74   2   1   0       1.00568525  p_z
   74   2   1   1       0.87286177  p_x
   75   1   0   0       1.16960142  s
   75   2   1  -1       0.88981501  p_y
   75   2   1   0       1.00569856  p_z
   75   2   1   1       0.87286672  p_x
   76   1   0   0       1.16956429  s
   76   2   1  -1       0.86441461  p_y
   76   2   1   0       1.00567374  p_z
   76   2   1   1       0.89829677  p_x
   77   1   0   0       1.19472372  s
   77   2   1  -1       0.85933049  p_y
   77   2   1   0       0.99432114  p_z
   77   2   1   1       1.01365384  p_x
   78   1   0   0       1.19473851  s
   78   2   1  -1       0.85933799  p_y
   78   2   1   0       0.99430966  p_z
   78   2   1   1       1.01364332  p_x
   79   1   0   0       1.16958579  s
   79   2   1  -1       0.88984716  p_y
   79   2   1   0       1.00567535  p_z
   79   2   1   1       0.87284995  p_x
   80   1   0   0       1.16957948  s
   80   2   1  -1       0.88981678  p_y
   80   2   1   0       1.00567894  p_z
   80   2   1   1       0.87288873  p_x
   81   1   0   0       1.16957041  s
   81   2   1  -1       0.86441590  p_y
   81   2   1   0       1.00568080  p_z
   81   2   1   1       0.89829395  p_x
   82   1   0   0       1.16957674  s
   82   2   1  -1       0.88983473  p_y
   82   2   1   0       1.00568125  p_z
   82   2   1   1       0.87287208  p_x
   83   1   0   0       1.16959384  s
   83   2   1  -1       0.88980233  p_y
   83   2   1   0       1.00568422  p_z
   83   2   1   1       0.87288226  p_x
   84   1   0   0       1.16960194  s
   84   2   1  -1       0.86439020  p_y
   84   2   1   0       1.00569016  p_z
   84   2   1   1       0.89828787  p_x
   85   1   0   0       1.19476276  s
   85   2   1  -1       0.85931718  p_y
   85   2   1   0       0.99431404  p_z
   85   2   1   1       1.01363463  p_x
   86   1   0   0       1.19476573  s
   86   2   1  -1       0.85930980  p_y
   86   2   1   0       0.99431480  p_z
   86   2   1   1       1.01365120  p_x
   87   1   0   0       1.19475873  s
   87   2   1  -1       0.97499487  p_y
   87   2   1   0       0.99431445  p_z
   87   2   1   1       0.89796040  p_x
   88   1   0   0       1.19476060  s
   88   2   1  -1       0.97507592  p_y
   88   2   1   0       0.99431493  p_z
   88   2   1   1       0.89789027  p_x
   89   1   0   0       1.19474301  s
   89   2   1  -1       0.97511781  p_y
   89   2   1   0       0.99431323  p_z
   89   2   1   1       0.89785613  p_x
   90   1   0   0       1.19474751  s
   90   2   1  -1       0.97504869  p_y
   90   2   1   0       0.99431590  p_z
   90   2   1   1       0.89791908  p_x
   91   1   0   0       1.19476411  s
   91   2   1  -1       0.97500029  p_y
   91   2   1   0       0.99431217  p_z
   91   2   1   1       0.89796884  p_x
   92   1   0   0       1.19475718  s
   92   2   1  -1       0.97498784  p_y
   92   2   1   0       0.99431830  p_z
   92   2   1   1       0.89797337  p_x
   93   1   0   0       1.19476414  s
   93   2   1  -1       0.97507381  p_y
   93   2   1   0       0.99431280  p_z
   93   2   1   1       0.89787778  p_x
   94   1   0   0       1.19476583  s
   94   2   1  -1       0.97508629  p_y
   94   2   1   0       0.99431549  p_z
   94   2   1   1       0.89786943  p_x
   95   1   0   0       1.19473877  s
   95   2   1  -1       0.97514253  p_y
   95   2   1   0       0.99431709  p_z
   95   2   1   1       0.89783103  p_x
   96   1   0   0       1.16958435  s
   96   2   1  -1       0.88981708  p_y
   96   2   1   0       1.00567769  p_z
   96   2   1   1       0.87288107  p_x
   97   1   0   0       1.19475645  s
   97   2   1  -1       0.97507654  p_y
   97   2   1   0       0.99431593  p_z
   97   2   1   1       0.89789343  p_x
   98   1   0   0       1.16958585  s
   98   2   1  -1       0.88981691  p_y
   98   2   1   0       1.00567786  p_z
   98   2   1   1       0.87288023  p_x
   99   1   0   0       1.19474530  s
   99   2   1  -1       0.97504573  p_y
   99   2   1   0       0.99431239  p_z
   99   2   1   1       0.89792893  p_x
  100   1   0   0       1.19474649  s
  100   2   1  -1       0.97503620  p_y
  100   2   1   0       0.99431668  p_z
  100   2   1   1       0.89793864  p_x
  101   1   0   0       1.19475867  s
  101   2   1  -1       0.97507362  p_y
  101   2   1   0       0.99431224  p_z
  101   2   1   1       0.89789052  p_x
  102   1   0   0       1.19475241  s
  102   2   1  -1       0.97508923  p_y
  102   2   1   0       0.99431672  p_z
  102   2   1   1       0.89787188  p_x
  103   1   0   0       1.16959036  s
  103   2   1  -1       0.88982463  p_y
  103   2   1   0       1.00568264  p_z
  103   2   1   1       0.87286106  p_x
  104   1   0   0       1.16959792  s
  104   2   1  -1       0.88979790  p_y
  104   2   1   0       1.00568922  p_z
  104   2   1   1       0.87288381  p_x
  105   1   0   0       1.16959652  s
  105   2   1  -1       0.86440986  p_y
  105   2   1   0       1.00567504  p_z
  105   2   1   1       0.89828567  p_x
  106   1   0   0       1.16960013  s
  106   2   1  -1       0.88980181  p_y
  106   2   1   0       1.00568539  p_z
  106   2   1   1       0.87287587  p_x
  107   1   0   0       1.16960663  s
  107   2   1  -1       0.88978783  p_y
  107   2   1   0       1.00569126  p_z
  107   2   1   1       0.87288713  p_x
  108   1   0   0       1.16959616  s
  108   2   1  -1       0.86440246  p_y
  108   2   1   0       1.00568631  p_z
  108   2   1   1       0.89828126  p_x
  109   1   0   0       1.19475306  s
  109   2   1  -1       0.85931797  p_y
  109   2   1   0       0.99431562  p_z
  109   2   1   1       1.01364562  p_x
  110   1   0   0       1.19476068  s
  110   2   1  -1       0.85931822  p_y
  110   2   1   0       0.99431441  p_z
  110   2   1   1       1.01364458  p_x
  111   1   0   0       1.19475529  s
  111   2   1  -1       0.97510632  p_y
  111   2   1   0       0.99431412  p_z
  111   2   1   1       0.89786480  p_x
  112   1   0   0       1.19476358  s
  112   2   1  -1       0.97509603  p_y
  112   2   1   0       0.99431346  p_z
  112   2   1   1       0.89786920  p_x
  113   1   0   0       1.19475662  s
  113   2   1  -1       0.97499218  p_y
  113   2   1   0       0.99431301  p_z
  113   2   1   1       0.89797208  p_x
  114   1   0   0       1.19475387  s
  114   2   1  -1       0.97505707  p_y
  114   2   1   0       0.99431383  p_z
  114   2   1   1       0.89790182  p_x
  115   1   0   0       1.16959712  s
  115   2   1  -1       0.88978578  p_y
  115   2   1   0       1.00569150  p_z
  115   2   1   1       0.87289522  p_x
  116   1   0   0       1.16958589  s
  116   2   1  -1       0.88979437  p_y
  116   2   1   0       1.00568756  p_z
  116   2   1   1       0.87288782  p_x
  117   1   0   0       1.16958147  s
  117   2   1  -1       0.86442329  p_y
  117   2   1   0       1.00568591  p_z
  117   2   1   1       0.89828121  p_x
  118   1   0   0       1.16958266  s
  118   2   1  -1       0.88982002  p_y
  118   2   1   0       1.00568262  p_z
  118   2   1   1       0.87286675  p_x
  119   1   0   0       1.16959698  s
  119   2   1  -1       0.88981480  p_y
  119   2   1   0       1.00568348  p_z
  119   2   1   1       0.87287098  p_x
  120   1   0   0       1.16960005  s
  120   2   1  -1       0.86440102  p_y
  120   2   1   0       1.00568756  p_z
  120   2   1   1       0.89828626  p_x
  121   1   0   0       1.19475643  s
  121   2   1  -1       0.85932317  p_y
  121   2   1   0       0.99431071  p_z
  121   2   1   1       1.01364721  p_x
  122   1   0   0       1.19475524  s
  122   2   1  -1       0.85932076  p_y
  122   2   1   0       0.99431806  p_z
  122   2   1   1       1.01364363  p_x
  123   1   0   0       1.19476077  s
  123   2   1  -1       0.97503676  p_y
  123   2   1   0       0.99431213  p_z
  123   2   1   1       0.89791466  p_x
  124   1   0   0       1.19476318  s
  124   2   1  -1       0.97498159  p_y
  124   2   1   0       0.99431530  p_z
  124   2   1   1       0.89798449  p_x
  125   1   0   0       1.19474621  s
  125   2   1  -1       0.97520791  p_y
  125   2   1   0       0.99431808  p_z
  125   2   1   1       0.89776209  p_x
  126   1   0   0       1.19474833  s
  126   2   1  -1       0.97521596  p_y
  126   2   1   0       0.99431011  p_z
  126   2   1   1       0.89774932  p_x
  127   1   0   0       1.16960922  s
  127   2   1  -1       0.88980172  p_y
  127   2   1   0       1.00568716  p_z
  127   2   1   1       0.87287073  p_x
  128   1   0   0       1.16959433  s
  128   2   1  -1       0.88981858  p_y
  128   2   1   0       1.00567671  p_z
  128   2   1   1       0.87286829  p_x
  129   1   0   0       1.16960226  s
  129   2   1  -1       0.86440189  p_y
  129   2   1   0       1.00569314  p_z
  129   2   1   1       0.89828233  p_x
  130   1   0   0       1.16958488  s
  130   2   1  -1       0.88981588  p_y
  130   2   1   0       1.00568672  p_z
  130   2   1   1       0.87287151  p_x
  131   1   0   0       1.16958692  s
  131   2   1  -1       0.88982023  p_y
  131   2   1   0       1.00568586  p_z
  131   2   1   1       0.87287641  p_x
  132   1   0   0       1.16958662  s
  132   2   1  -1       0.88980554  p_y
  132   2   1   0       1.00569032  p_z
  132   2   1   1       0.87288226  p_x
  133   1   0   0       1.16960114  s
  133   2   1  -1       0.86439769  p_y
  133   2   1   0       1.00568354  p_z
  133   2   1   1       0.89828138  p_x
  134   1   0   0       1.16959874  s
  134   2   1  -1       0.88982648  p_y
  134   2   1   0       1.00568334  p_z
  134   2   1   1       0.87285403  p_x
  135   1   0   0       1.16959493  s
  135   2   1  -1       0.88980619  p_y
  135   2   1   0       1.00568101  p_z
  135   2   1   1       0.87288546  p_x
  136   1   0   0       1.16958839  s
  136   2   1  -1       0.86440003  p_y
  136   2   1   0       1.00568224  p_z
  136   2   1   1       0.89829116  p_x
  137   1   0   0       1.19475581  s
  137   2   1  -1       0.85931641  p_y
  137   2   1   0       0.99431286  p_z
  137   2   1   1       1.01364687  p_x
  138   1   0   0       1.19475866  s
  138   2   1  -1       0.85931606  p_y
  138   2   1   0       0.99431452  p_z
  138   2   1   1       1.01364606  p_x
  139   1   0   0       1.19475662  s
  139   2   1  -1       0.97509371  p_y
  139   2   1   0       0.99431532  p_z
  139   2   1   1       0.89787069  p_x
  140   1   0   0       1.19475815  s
  140   2   1  -1       0.97509929  p_y
  140   2   1   0       0.99431432  p_z
  140   2   1   1       0.89786673  p_x
  141   1   0   0       1.19476379  s
  141   2   1  -1       0.97501339  p_y
  141   2   1   0       0.99431465  p_z
  141   2   1   1       0.89794346  p_x
  142   1   0   0       1.19476441  s
  142   2   1  -1       0.97500956  p_y
  142   2   1   0       0.99431254  p_z
  142   2   1   1       0.89795117  p_x
  143   1   0   0       1.16960711  s
  143   2   1  -1       0.88981867  p_y
  143   2   1   0       1.00568612  p_z
  143   2   1   1       0.87285972  p_x
  144   1   0   0       1.16960906  s
  144   2   1  -1       0.88980345  p_y
  144   2   1   0       1.00568868  p_z
  144   2   1   1       0.87286077  p_x
  145   1   0   0       1.16961828  s
  145   2   1  -1       0.86439455  p_y
  145   2   1   0       1.00568784  p_z
  145   2   1   1       0.89826841  p_x
  146   1   0   0       1.16960234  s
  146   2   1  -1       0.88981803  p_y
  146   2   1   0       1.00568535  p_z
  146   2   1   1       0.87285825  p_x
  147   1   0   0       1.16958762  s
  147   2   1  -1       0.88979454  p_y
  147   2   1   0       1.00567828  p_z
  147   2   1   1       0.87290390  p_x
  148   1   0   0       1.16959971  s
  148   2   1  -1       0.86440593  p_y
  148   2   1   0       1.00568184  p_z
  148   2   1   1       0.89828263  p_x
  149   1   0   0       1.19475777  s
  149   2   1  -1       0.85931768  p_y
  149   2   1   0       0.99431348  p_z
  149   2   1   1       1.01364960  p_x
  150   1   0   0       1.19475784  s
  150   2   1  -1       0.85932012  p_y
  150   2   1   0       0.99431309  p_z
  150   2   1   1       1.01364328  p_x
  151   1   0   0       1.19473871  s
  151   2   1  -1       0.97515736  p_y
  151   2   1   0       0.99431530  p_z
  151   2   1   1       0.89782411  p_x
  152   1   0   0       1.19474220  s
  152   2   1  -1       0.97517137  p_y
  152   2   1   0       0.99431259  p_z
  152   2   1   1       0.89780225  p_x
  153   1   0   0       1.19475404  s
  153   2   1  -1       0.97491845  p_y
  153   2   1   0       0.99431167  p_z
  153   2   1   1       0.89804924  p_x
  154   1   0   0       1.19475303  s
  154   2   1  -1       0.97495659  p_y
  154   2   1   0       0.99431290  p_z
  154   2   1   1       0.89800913  p_x
  155   1   0   0       1.16961080  s
  155   2   1  -1       0.86439076  p_y
  155   2   1   0       1.00568205  p_z
  155   2   1   1       0.89828747  p_x
  156   1   0   0       1.16958446  s
  156   2   1  -1       0.88982406  p_y
  156   2   1   0       1.00567775  p_z
  156   2   1   1       0.87287420  p_x
  157   1   0   0       1.16960025  s
  157   2   1  -1       0.86439819  p_y
  157   2   1   0       1.00568415  p_z
  157   2   1   1       0.89828468  p_x
  158   1   0   0       1.19476022  s
  158   2   1  -1       0.85931721  p_y
  158   2   1   0       0.99431410  p_z
  158   2   1   1       1.01364526  p_x
  159   1   0   0       1.19476336  s
  159   2   1  -1       0.85931812  p_y
  159   2   1   0       0.99431366  p_z
  159   2   1   1       1.01364516  p_x
  160   1   0   0       1.19474271  s
  160   2   1  -1       0.97502371  p_y
  160   2   1   0       0.99431668  p_z
  160   2   1   1       0.89794406  p_x
  161   1   0   0       1.19474289  s
  161   2   1  -1       0.97493901  p_y
  161   2   1   0       0.99431394  p_z
  161   2   1   1       0.89803761  p_x
  162   1   0   0       1.19474816  s
  162   2   1  -1       0.97525824  p_y
  162   2   1   0       0.99431610  p_z
  162   2   1   1       0.89770892  p_x
  163   1   0   0       1.19474896  s
  163   2   1  -1       0.97526795  p_y
  163   2   1   0       0.99431506  p_z
  163   2   1   1       0.89769991  p_x
  164   1   0   0       1.16957182  s
  164   2   1  -1       0.88983487  p_y
  164   2   1   0       1.00568530  p_z
  164   2   1   1       0.87287562  p_x
  165   1   0   0       1.16956991  s
  165   2   1  -1       0.88982972  p_y
  165   2   1   0       1.00567724  p_z
  165   2   1   1       0.87288451  p_x
  166   1   0   0       1.16957514  s
  166   2   1  -1       0.86440485  p_y
  166   2   1   0       1.00569392  p_z
  166   2   1   1       0.89828738  p_x
  167   1   0   0       1.16960727  s
  167   2   1  -1       0.88982159  p_y
  167   2   1   0       1.00568751  p_z
  167   2   1   1       0.87285483  p_x
  168   1   0   0       1.16961347  s
  168   2   1  -1       0.88979989  p_y
  168   2   1   0       1.00568283  p_z
  168   2   1   1       0.87286212  p_x
  169   1   0   0       1.16959736  s
  169   2   1  -1       0.86440129  p_y
  169   2   1   0       1.00568015  p_z
  169   2   1   1       0.89829094  p_x
  170   1   0   0       1.19475149  s
  170   2   1  -1       0.85932710  p_y
  170   2   1   0       0.99431764  p_z
  170   2   1   1       1.01364451  p_x
  171   1   0   0       1.19475107  s
  171   2   1  -1       0.85932676  p_y
  171   2   1   0       0.99431388  p_z
  171   2   1   1       1.01364756  p_x
  172   1   0   0       1.19477485  s
  172   2   1  -1       0.97503687  p_y
  172   2   1   0       0.99431702  p_z
  172   2   1   1       0.89790307  p_x
  173   1   0   0       1.19476885  s
  173   2   1  -1       0.97504299  p_y
  173   2   1   0       0.99431251  p_z
  173   2   1   1       0.89791281  p_x
  174   1   0   0       1.19475849  s
  174   2   1  -1       0.97524878  p_y
  174   2   1   0       0.99431483  p_z
  174   2   1   1       0.89771483  p_x
  175   1   0   0       1.19476141  s
  175   2   1  -1       0.97516422  p_y
  175   2   1   0       0.99431517  p_z
  175   2   1   1       0.89780211  p_x
  176   1   0   0       1.16960411  s
  176   2   1  -1       0.88982270  p_y
  176   2   1   0       1.00568327  p_z
  176   2   1   1       0.87284823  p_x
  177   1   0   0       1.16959628  s
  177   2   1  -1       0.88981266  p_y
  177   2   1   0       1.00567768  p_z
  177   2   1   1       0.87287757  p_x
  178   1   0   0       1.16960840  s
  178   2   1  -1       0.86439795  p_y
  178   2   1   0       1.00569019  p_z
  178   2   1   1       0.89827684  p_x
  179   1   0   0       1.16960098  s
  179   2   1  -1       0.88981348  p_y
  179   2   1   0       1.00567700  p_z
  179   2   1   1       0.87287473  p_x
  180   1   0   0       1.16960000  s
  180   2   1  -1       0.88981304  p_y
  180   2   1   0       1.00569509  p_z
  180   2   1   1       0.87285830  p_x
  181   1   0   0       1.16960928  s
  181   2   1  -1       0.86441135  p_y
  181   2   1   0       1.00568971  p_z
  181   2   1   1       0.89826458  p_x
  182   1   0   0       1.19475484  s
  182   2   1  -1       0.85932477  p_y
  182   2   1   0       0.99431155  p_z
  182   2   1   1       1.01363994  p_x
  183   1   0   0       1.19476669  s
  183   2   1  -1       0.85931804  p_y
  183   2   1   0       0.99431676  p_z
  183   2   1   1       1.01365103  p_x
  184   1   0   0       1.19474568  s
  184   2   1  -1       0.97501136  p_y
  184   2   1   0       0.99431398  p_z
  184   2   1   1       0.89797355  p_x
  185   1   0   0       1.19473639  s
  185   2   1  -1       0.97500665  p_y
  185   2   1   0       0.99431857  p_z
  185   2   1   1       0.89795672  p_x
  186   1   0   0       1.19475007  s
  186   2   1  -1       0.97500602  p_y
  186   2   1   0       0.99431389  p_z
  186   2   1   1       0.89796346  p_x
  187   1   0   0       1.19474366  s
  187   2   1  -1       0.97507307  p_y
  187   2   1   0       0.99431551  p_z
  187   2   1   1       0.89789636  p_x
  188   1   0   0       1.19475042  s
  188   2   1  -1       0.97512727  p_y
  188   2   1   0       0.99431409  p_z
  188   2   1   1       0.89783455  p_x
  189   1   0   0       1.16961274  s
  189   2   1  -1       0.86438539  p_y
  189   2   1   0       1.00569005  p_z
  189   2   1   1       0.89827891  p_x
  190   1   0   0       1.19473788  s
  190   2   1  -1       0.97518902  p_y
  190   2   1   0       0.99431480  p_z
  190   2   1   1       0.89778338  p_x
  191   1   0   0       1.19476680  s
  191   2   1  -1       0.85931989  p_y
  191   2   1   0       0.99430949  p_z
  191   2   1   1       1.01363793  p_x
  192   1   0   0       1.16960800  s
  192   2   1  -1       0.88981652  p_y
  192   2   1   0       1.00568189  p_z
  192   2   1   1       0.87286298  p_x

Fermi level:                        -0.1793835218 H           -4.8813 eV
Band energy:                      -338.8564191706 H        -9220.7523 eV
TS:                                  0.0000000000 H            0.0000 eV
Band free energy (E-TS):          -338.8564191706 H        -9220.7523 eV
Extrapolated E(0K):               -338.8564191706 H        -9220.7523 eV
Input / Output electrons (q):    768.0000000000    768.0000000000

Energy H0:                        -335.9745888965 H        -9142.3337 eV
Energy SCC:                          0.0697094565 H            1.8969 eV
Energy 3rd:                          0.0004915352 H            0.0134 eV
Total Electronic energy:          -335.9043879048 H        -9140.4235 eV
Repulsive energy:                   10.2130601252 H          277.9115 eV
Dispersion energy:                  -0.3792627821 H          -10.3203 eV
Total energy:                     -326.0705905618 H        -8872.8322 eV
Extrapolated to 0:                -326.0705905618 H        -8872.8322 eV
Total Mermin free energy:         -326.0705905618 H        -8872.8322 eV
Force related energy:             -326.0705905618 H        -8872.8322 eV

SCC converged

Full geometry written in geo_opt_out.{xyz|gen}

Total Forces
    1      0.000007761100     -0.000014853293      0.000001402813
    2     -0.000011413784     -0.000045568774     -0.000005416083
    3     -0.000006299288      0.000026249537     -0.000006282648
    4     -0.000036526253     -0.000006054655      0.000001775022
    5      0.000013783870      0.000007156158      0.000014750691
    6     -0.000006052211      0.000010955738      0.000000000247
    7     -0.000005495428      0.000018419161      0.000002337646
    8      0.000006000428     -0.000011884348      0.000000397404
    9      0.000012506762     -0.000009843135     -0.000007365052
   10      0.000007469317     -0.000002496605     -0.000008884797
   11     -0.000003930978     -0.000002427686     -0.000003496016
   12      0.000002144830     -0.000013331978      0.000005576531
   13      0.000007701381     -0.000016842394      0.000007352854
   14      0.000010136534     -0.000000647274      0.000013797642
   15      0.000012702049     -0.000012718887     -0.000004656279
   16      0.000007293852      0.000002023166      0.000009217326
   17      0.000014460977     -0.000009811464      0.000005805529
   18     -0.000001749153     -0.000017068280      0.000012132799
   19     -0.000019293073     -0.000004667232     -0.000001072231
   20     -0.000003080832     -0.000003491094     -0.000003216018
   21      0.000001895444     -0.000004392395     -0.000007070464
   22     -0.000012923797     -0.000020704213     -0.000008885059
   23     -0.000011663933      0.000004628117     -0.000002807455
   24     -0.000024974593     -0.000017187942     -0.000000611800
   25      0.000026369369      0.000018286694     -0.000008887491
   26     -0.000039829047      0.000007101526     -0.000000186384
   27     -0.000005372550     -0.000003666111     -0.000002221586
   28      0.000010962620      0.000015516766      0.000007644984
   29     -0.000006119203      0.000020744582      0.000002752815
   30     -0.000021907784     -0.000016461178     -0.000004181288
   31     -0.000027578693     -0.000003926706      0.000002223142
   32      0.000006219020      0.000002268600     -0.000012645436
   33      0.000010200436     -0.000004742517      0.000019820478
   34      0.000018998337      0.000018834399      0.000000395286
   35     -0.000011087863     -0.000046378350      0.000014364165
   36      0.000004566518     -0.000021322886      0.000001241033
   37      0.000013590729     -0.000018839712      0.000005987859
   38      0.000017858487      0.000013750457     -0.000000665265
   39      0.000008993665     -0.000033170621      0.000001909987
   40     -0.000028166452     -0.000004284446     -0.000007708403
   41     -0.000004138036     -0.000025866330     -0.000013055167
   42     -0.000007383685      0.000012357638     -0.000025725610
   43      0.000021129796      0.000000426255     -0.000009731952
   44      0.000000142408      0.000004923588     -0.000002615850
   45     -0.000011193895      0.000000953764     -0.000000630831
   46     -0.000017740836      0.000030850241     -0.000000119325
   47      0.000007115776     -0.000042946966      0.000014757109
   48     -0.000027192715     -0.000035335004      0.000001814907
   49     -0.000007755182     -0.000004392292      0.000009608448
   50     -0.000005786421     -0.000016302579     -0.000017547702
   51      0.000043407242     -0.000035352312      0.000001801149
   52      0.000039467339     -0.000054744393      0.000005340533
   53      0.000012296883      0.000044049444      0.000013761116
   54      0.000007181508      0.000001363143      0.000001864507
   55     -0.000012805835      0.000029588511      0.000013157911
   56     -0.000017621303     -0.000018493377      0.000017454874
   57     -0.000040584128      0.000014508896     -0.000009055307
   58     -0.000016977938     -0.000007726639     -0.000009692082
   59     -0.000016240577     -0.000009673020     -0.000010499031
   60      0.000016343637     -0.000019516911     -0.000013098760
   61      0.000013651426     -0.000016951357     -0.000008309547
   62     -0.000002241351      0.000007578011     -0.000002598594
   63      0.000024571145      0.000004246171     -0.000011005328
   64      0.000009013289     -0.000012244112     -0.000009612269
   65      0.000000586581     -0.000088838701      0.000001093446
   66      0.000032976456      0.000097522981      0.000022547842
   67     -0.000046779161      0.000012800215     -0.000000024307
   68      0.000013408231      0.000002124354      0.000023684388
   69     -0.000032256541      0.000016612272     -0.000002087523
   70     -0.000016690696     -0.000002087164      0.000012995294
   71     -0.000027740969     -0.000029194069      0.000010995019
   72     -0.000034086440     -0.000031428825      0.000010932308
   73     -0.000002794277      0.000014227041      0.000001485410
   74      0.000014551384      0.000010362791      0.000004869426
   75      0.000041482157     -0.000002642168     -0.000005912002
   76      0.000013719367     -0.000048192794      0.000003080158
   77      0.000013246200     -0.000008587565      0.000000421129
   78      0.000029662590      0.000020533970      0.000008316345
   79      0.000011627159      0.000029374314      0.000018631542
   80     -0.000027916410      0.000021844444      0.000031236854
   81     -0.000019777537      0.000008025233      0.000018016900
   82     -0.000010416414      0.000004224439     -0.000015133485
   83      0.000009156095      0.000015716222     -0.000020278967
   84      0.000016201182      0.000037738724     -0.000000357117
   85      0.000011060533     -0.000034574671     -0.000004591553
   86     -0.000020809325      0.000074607978     -0.000005421399
   87      0.000019399944      0.000008267455     -0.000007970429
   88      0.000005156776      0.000000198756     -0.000012426908
   89      0.000008906694     -0.000008115393      0.000003673130
   90      0.000001870798     -0.000011737047     -0.000006630067
   91      0.000007543417      0.000025159957     -0.000007921156
   92     -0.000026302407     -0.000002441921     -0.000025193704
   93      0.000036874757     -0.000019008276     -0.000008020328
   94     -0.000010912456      0.000016658715     -0.000002505035
   95      0.000006301727      0.000026495218      0.000014375908
   96      0.000008030791     -0.000005917147      0.000010925258
   97      0.000034152661      0.000005274948     -0.000010491340
   98      0.000007161615     -0.000010668615     -0.000009963613
   99     -0.000016088046     -0.000002618128      0.000008783296
  100      0.000023962705      0.000012312666      0.000008736072
  101     -0.000010030599      0.000016495956     -0.000000696545
  102     -0.000005008423      0.000012020911     -0.000000573638
  103     -0.000000021983     -0.000011343265     -0.000002800876
  104     -0.000006346981     -0.000013903910     -0.000005933212
  105     -0.000007433065     -0.000006453978      0.000002469531
  106     -0.000008967157      0.000004861298     -0.000001148838
  107      0.000021686858     -0.000000930239      0.000007048501
  108      0.000017386722     -0.000007065172      0.000003600765
  109      0.000000883945      0.000005703468      0.000003859774
  110     -0.000008805900      0.000014743897     -0.000000655815
  111     -0.000029474494     -0.000034716150      0.000002980488
  112      0.000054904259      0.000025446745     -0.000017560331
  113     -0.000004282163      0.000029680909     -0.000008830707
  114      0.000005172132      0.000019214043     -0.000027329645
  115     -0.000013239119      0.000018459475     -0.000034632954
  116     -0.000033051300      0.000011113318      0.000015337895
  117      0.000007422329     -0.000009850464     -0.000015790054
  118     -0.000007967864      0.000027595548      0.000019604901
  119     -0.000002751117      0.000031571866     -0.000011106895
  120     -0.000005559877      0.000016912806      0.000006667162
  121     -0.000002360082     -0.000027550725      0.000010743708
  122     -0.000012614701      0.000027800687      0.000003477650
  123      0.000032145775      0.000024112278      0.000000725738
  124      0.000000690753     -0.000001479896      0.000013109467
  125     -0.000006116830      0.000006056399     -0.000012920539
  126     -0.000004964325     -0.000005436391     -0.000000692169
  127     -0.000024180717      0.000012588175      0.000024372968
  128      0.000020374046      0.000003315307     -0.000036419892
  129      0.000006859885     -0.000030946955     -0.000033212270
  130     -0.000012139466      0.000006972737      0.000011980683
  131     -0.000001771084      0.000004648436     -0.000003152339
  132      0.000020606930     -0.000003239883      0.000001762395
  133      0.000014642702     -0.000015090408      0.000000603859
  134      0.000003815425     -0.000001715001      0.000002469306
  135      0.000019950896     -0.000003786756      0.000001462821
  136      0.000014894182     -0.000007949022     -0.000003238677
  137      0.000000410625      0.000034699996     -0.000005537699
  138      0.000009005874     -0.000026696612     -0.000013128077
  139      0.000008335914     -0.000001777004      0.000003987026
  140     -0.000004684381      0.000013467455     -0.000002652069
  141      0.000027018846     -0.000028167831      0.000007680791
  142     -0.000033892392      0.000022777441      0.000011315580
  143     -0.000000290752     -0.000000640800      0.000010481452
  144      0.000015369939      0.000004626896      0.000014110833
  145     -0.000006854156     -0.000024338445      0.000006320815
  146     -0.000014328268     -0.000017058761      0.000007721192
  147     -0.000018029553     -0.000016680444      0.000012846253
  148     -0.000006179811     -0.000007035797      0.000019783147
  149      0.000000924317      0.000029355561      0.000012544173
  150     -0.000013385004     -0.000036124068      0.000000973317
  151     -0.000014157694     -0.000040326076      0.000003613424
  152      0.000024646637      0.000003569585     -0.000009593272
  153     -0.000025398544      0.000007371816     -0.000004272200
  154      0.000020887389      0.000001088510     -0.000016819557
  155     -0.000004900014     -0.000035352327     -0.000002854257
  156     -0.000021608268      0.000021235935      0.000005282971
  157     -0.000031494279      0.000017952776      0.000005648866
  158     -0.000015532833     -0.000006474071      0.000001884895
  159     -0.000020745642      0.000014603793      0.000007783450
  160     -0.000012888551      0.000002368986      0.000003801913
  161      0.000016211761      0.000014333127      0.000002138376
  162      0.000009979789     -0.000002495589     -0.000013050233
  163     -0.000012119084     -0.000011097329     -0.000010317969
  164      0.000039879838      0.000017704163     -0.000009249736
  165      0.000005496517      0.000010032006     -0.000055289069
  166      0.000032014808      0.000032913816      0.000010998279
  167      0.000041154502      0.000006442046      0.000011252688
  168      0.000015097838      0.000004140043      0.000023954041
  169      0.000029000136      0.000029999244     -0.000023759217
  170     -0.000004483420     -0.000057277055     -0.000009623690
  171     -0.000015715012      0.000058586244      0.000001406640
  172     -0.000004100950     -0.000007201650     -0.000002856792
  173     -0.000007574324     -0.000002204615      0.000011666292
  174     -0.000045510597      0.000012471588      0.000003543381
  175      0.000048472791     -0.000046752344      0.000000636536
  176      0.000011553059     -0.000007043351      0.000012959352
  177      0.000011318792     -0.000009247764     -0.000001261419
  178      0.000000555463     -0.000006848120      0.000007422251
  179     -0.000022285866      0.000001382480      0.000005066573
  180     -0.000040687250     -0.000014866005      0.000001251285
  181     -0.000004102642      0.000012177800     -0.000008939129
  182      0.000015161815     -0.000000757591     -0.000014325249
  183      0.000016435020      0.000049408813     -0.000033247128
  184     -0.000038966853     -0.000008374993      0.000003788333
  185     -0.000021697416     -0.000037022376      0.000016668361
  186      0.000008207625      0.000007219481      0.000007789845
  187     -0.000015562060      0.000025375369     -0.000010143199
  188      0.000018376814     -0.000018821916     -0.000001808773
  189      0.000014592618      0.000011879976     -0.000003248405
  190     -0.000010526048      0.000004701075      0.000036680058
  191     -0.000020230451      0.000023283222      0.000002970476
  192      0.000014195298      0.000033176335     -0.000000338427

Total stress tensor
     -0.000000010638      0.000000003539      0.000000000002
      0.000000003539     -0.000000006455      0.000000000002
      0.000000000002      0.000000000002     -0.000000000044

Total lattice derivs
      0.000052586365     -0.000017488185     -0.000000011614
     -0.000041453033      0.000036384289     -0.000000003794
     -0.000000012552      0.000000000725      0.000000104810

Maximal derivative component:        0.975230E-04 au

Volume:                              0.224012E+06 au^3
Pressure:                           -0.571237E-08 au    -0.168064E+06 Pa

Warning: dipole moment is not defined absolutely!
Dipole moment:  -22.48506240  -12.98777438   -0.00015344 au
Dipole moment:  -57.15133260  -33.01163233   -0.00039002 Debye

Geometry converged

