 KPT            1  SPIN            1  KWEIGHT    1.0000000000000000     
     1   -21.318  2.00000
     2   -21.263  2.00000
     3   -21.263  2.00000
     4   -21.193  2.00000
     5   -21.193  2.00000
     6   -21.172  2.00000
     7   -21.119  2.00000
     8   -21.099  2.00000
     9   -21.067  2.00000
    10   -21.067  2.00000
    11   -21.014  2.00000
    12   -21.014  2.00000
    13   -20.942  2.00000
    14   -20.942  2.00000
    15   -20.929  2.00000
    16   -20.902  2.00000
    17   -20.902  2.00000
    18   -20.835  2.00000
    19   -20.782  2.00000
    20   -20.781  2.00000
    21   -20.771  2.00000
    22   -20.771  2.00000
    23   -20.771  2.00000
    24   -20.677  2.00000
    25   -20.677  2.00000
    26   -20.637  2.00000
    27   -20.637  2.00000
    28   -20.589  2.00000
    29   -20.589  2.00000
    30   -20.577  2.00000
    31   -20.507  2.00000
    32   -20.507  2.00000
    33   -20.482  2.00000
    34   -20.482  2.00000
    35   -20.480  2.00000
    36   -20.382  2.00000
    37   -20.362  2.00000
    38   -20.362  2.00000
    39   -20.346  2.00000
    40   -20.317  2.00000
    41   -20.308  2.00000
    42   -20.305  2.00000
    43   -20.275  2.00000
    44   -20.275  2.00000
    45   -20.145  2.00000
    46   -20.145  2.00000
    47   -20.143  2.00000
    48   -20.143  2.00000
    49   -20.114  2.00000
    50   -20.107  2.00000
    51   -20.107  2.00000
    52   -20.061  2.00000
    53   -20.061  2.00000
    54   -20.013  2.00000
    55   -19.933  2.00000
    56   -19.933  2.00000
    57   -19.930  2.00000
    58   -19.930  2.00000
    59   -19.903  2.00000
    60   -19.846  2.00000
    61   -19.838  2.00000
    62   -19.838  2.00000
    63   -19.813  2.00000
    64   -19.747  2.00000
    65   -19.747  2.00000
    66   -19.737  2.00000
    67   -19.726  2.00000
    68   -19.686  2.00000
    69   -19.685  2.00000
    70   -19.650  2.00000
    71   -19.650  2.00000
    72   -19.539  2.00000
    73   -19.539  2.00000
    74   -19.528  2.00000
    75   -19.508  2.00000
    76   -19.508  2.00000
    77   -19.479  2.00000
    78   -19.479  2.00000
    79   -19.439  2.00000
    80   -19.439  2.00000
    81   -19.432  2.00000
    82   -19.409  2.00000
    83   -19.409  2.00000
    84   -19.276  2.00000
    85   -19.268  2.00000
    86   -19.247  2.00000
    87   -19.247  2.00000
    88   -19.234  2.00000
    89   -19.234  2.00000
    90   -19.191  2.00000
    91   -19.191  2.00000
    92   -19.190  2.00000
    93   -19.161  2.00000
    94   -19.142  2.00000
    95   -19.107  2.00000
    96   -19.107  2.00000
    97   -18.973  2.00000
    98   -18.973  2.00000
    99   -18.973  2.00000
   100   -18.967  2.00000
   101   -18.952  2.00000
   102   -18.942  2.00000
   103   -18.942  2.00000
   104   -18.921  2.00000
   105   -18.848  2.00000
   106   -18.847  2.00000
   107   -18.847  2.00000
   108   -18.842  2.00000
   109   -18.842  2.00000
   110   -18.756  2.00000
   111   -18.709  2.00000
   112   -18.709  2.00000
   113   -18.705  2.00000
   114   -18.705  2.00000
   115   -18.656  2.00000
   116   -18.656  2.00000
   117   -18.607  2.00000
   118   -18.598  2.00000
   119   -18.598  2.00000
   120   -18.518  2.00000
   121   -18.507  2.00000
   122   -18.481  2.00000
   123   -18.481  2.00000
   124   -18.435  2.00000
   125   -18.435  2.00000
   126   -18.415  2.00000
   127   -18.409  2.00000
   128   -18.409  2.00000
   129   -18.382  2.00000
   130   -18.373  2.00000
   131   -18.361  2.00000
   132   -18.353  2.00000
   133   -18.353  2.00000
   134   -18.282  2.00000
   135   -18.282  2.00000
   136   -18.137  2.00000
   137   -18.136  2.00000
   138   -18.136  2.00000
   139   -18.117  2.00000
   140   -18.111  2.00000
   141   -18.111  2.00000
   142   -18.088  2.00000
   143   -18.074  2.00000
   144   -18.074  2.00000
   145   -18.062  2.00000
   146   -18.035  2.00000
   147   -18.035  2.00000
   148   -18.030  2.00000
   149   -18.003  2.00000
   150   -17.976  2.00000
   151   -17.976  2.00000
   152   -17.880  2.00000
   153   -17.880  2.00000
   154   -17.854  2.00000
   155   -17.828  2.00000
   156   -17.828  2.00000
   157   -17.769  2.00000
   158   -17.769  2.00000
   159   -17.749  2.00000
   160   -17.732  2.00000
   161   -17.732  2.00000
   162   -17.707  2.00000
   163   -17.691  2.00000
   164   -17.691  2.00000
   165   -17.680  2.00000
   166   -17.641  2.00000
   167   -17.636  2.00000
   168   -17.636  2.00000
   169   -17.619  2.00000
   170   -17.533  2.00000
   171   -17.533  2.00000
   172   -17.511  2.00000
   173   -17.507  2.00000
   174   -17.507  2.00000
   175   -17.483  2.00000
   176   -17.483  2.00000
   177   -17.463  2.00000
   178   -17.426  2.00000
   179   -17.378  2.00000
   180   -17.378  2.00000
   181   -17.363  2.00000
   182   -17.317  2.00000
   183   -17.315  2.00000
   184   -17.315  2.00000
   185   -17.298  2.00000
   186   -17.298  2.00000
   187   -17.287  2.00000
   188   -17.287  2.00000
   189   -17.282  2.00000
   190   -17.225  2.00000
   191   -17.221  2.00000
   192   -17.221  2.00000
   193   -17.186  2.00000
   194   -17.178  2.00000
   195   -17.152  2.00000
   196   -17.152  2.00000
   197   -17.133  2.00000
   198   -17.133  2.00000
   199   -17.129  2.00000
   200   -17.095  2.00000
   201   -17.095  2.00000
   202   -17.070  2.00000
   203   -17.070  2.00000
   204   -17.045  2.00000
   205   -17.044  2.00000
   206   -17.044  2.00000
   207   -16.983  2.00000
   208   -16.983  2.00000
   209   -16.948  2.00000
   210   -16.924  2.00000
   211   -16.911  2.00000
   212   -16.874  2.00000
   213   -16.874  2.00000
   214   -16.862  2.00000
   215   -16.848  2.00000
   216   -16.848  2.00000
   217   -16.840  2.00000
   218   -16.837  2.00000
   219   -16.837  2.00000
   220   -16.833  2.00000
   221   -16.740  2.00000
   222   -16.656  2.00000
   223   -16.656  2.00000
   224   -16.599  2.00000
   225   -16.599  2.00000
   226   -16.546  2.00000
   227   -16.500  2.00000
   228   -16.500  2.00000
   229   -16.494  2.00000
   230   -16.494  2.00000
   231   -16.465  2.00000
   232   -16.334  2.00000
   233   -16.334  2.00000
   234   -16.271  2.00000
   235   -16.139  2.00000
   236   -16.128  2.00000
   237   -16.128  2.00000
   238   -16.100  2.00000
   239   -15.852  2.00000
   240   -15.852  2.00000
   241   -15.492  2.00000
   242   -15.492  2.00000
   243   -15.473  2.00000
   244   -15.466  2.00000
   245   -15.466  2.00000
   246   -15.392  2.00000
   247   -15.390  2.00000
   248   -15.390  2.00000
   249   -15.370  2.00000
   250   -15.370  2.00000
   251   -15.357  2.00000
   252   -15.341  2.00000
   253   -15.315  2.00000
   254   -15.315  2.00000
   255   -15.290  2.00000
   256   -15.264  2.00000
   257   -15.264  2.00000
   258   -15.262  2.00000
   259   -15.257  2.00000
   260   -15.257  2.00000
   261   -15.257  2.00000
   262   -15.229  2.00000
   263   -15.178  2.00000
   264   -15.174  2.00000
   265   -15.174  2.00000
   266   -15.163  2.00000
   267   -15.151  2.00000
   268   -15.151  2.00000
   269   -15.148  2.00000
   270   -15.148  2.00000
   271   -15.136  2.00000
   272   -15.123  2.00000
   273   -15.123  2.00000
   274   -15.091  2.00000
   275   -15.085  2.00000
   276   -15.085  2.00000
   277   -15.063  2.00000
   278   -15.032  2.00000
   279   -14.999  2.00000
   280   -14.999  2.00000
   281   -14.991  2.00000
   282   -14.991  2.00000
   283   -14.976  2.00000
   284   -14.973  2.00000
   285   -14.973  2.00000
   286   -14.942  2.00000
   287   -14.942  2.00000
   288   -14.874  2.00000
   289   -14.874  2.00000
   290   -14.846  2.00000
   291   -14.846  2.00000
   292   -14.817  2.00000
   293   -14.809  2.00000
   294   -14.775  2.00000
   295   -14.775  2.00000
   296   -14.770  2.00000
   297   -14.739  2.00000
   298   -14.735  2.00000
   299   -14.731  2.00000
   300   -14.731  2.00000
   301   -14.665  2.00000
   302   -14.665  2.00000
   303   -14.637  2.00000
   304   -14.637  2.00000
   305   -14.636  2.00000
   306   -14.627  2.00000
   307   -14.566  2.00000
   308   -14.520  2.00000
   309   -14.520  2.00000
   310   -14.517  2.00000
   311   -14.517  2.00000
   312   -14.423  2.00000
   313   -14.423  2.00000
   314   -14.392  2.00000
   315   -14.392  2.00000
   316   -14.380  2.00000
   317   -14.368  2.00000
   318   -14.368  2.00000
   319   -14.343  2.00000
   320   -14.338  2.00000
   321   -14.304  2.00000
   322   -14.304  2.00000
   323   -14.261  2.00000
   324   -14.229  2.00000
   325   -14.193  2.00000
   326   -14.162  2.00000
   327   -14.142  2.00000
   328   -14.142  2.00000
   329   -14.130  2.00000
   330   -14.086  2.00000
   331   -14.053  2.00000
   332   -14.053  2.00000
   333   -14.040  2.00000
   334   -14.040  2.00000
   335   -13.953  2.00000
   336   -13.953  2.00000
   337   -13.916  2.00000
   338   -13.870  2.00000
   339   -13.870  2.00000
   340   -13.857  2.00000
   341   -13.857  2.00000
   342   -13.827  2.00000
   343   -13.827  2.00000
   344   -13.807  2.00000
   345   -13.807  2.00000
   346   -13.783  2.00000
   347   -13.654  2.00000
   348   -13.647  2.00000
   349   -13.639  2.00000
   350   -13.568  2.00000
   351   -13.516  2.00000
   352   -13.511  2.00000
   353   -13.511  2.00000
   354   -13.506  2.00000
   355   -13.506  2.00000
   356   -13.470  2.00000
   357   -13.470  2.00000
   358   -13.453  2.00000
   359   -13.453  2.00000
   360   -13.415  2.00000
   361   -13.415  2.00000
   362   -13.275  2.00000
   363   -13.232  2.00000
   364   -13.232  2.00000
   365   -13.230  2.00000
   366   -13.230  2.00000
   367   -13.156  2.00000
   368   -13.111  2.00000
   369   -13.064  2.00000
   370   -13.064  2.00000
   371   -13.054  2.00000
   372   -13.029  2.00000
   373   -13.013  2.00000
   374   -13.010  2.00000
   375   -13.003  2.00000
   376   -12.986  2.00000
   377   -12.971  2.00000
   378   -12.892  2.00000
   379   -12.892  2.00000
   380   -12.869  2.00000
   381   -12.869  2.00000
   382   -12.867  2.00000
   383   -12.867  2.00000
   384   -12.843  2.00000
   385   -12.843  2.00000
   386   -12.775  2.00000
   387   -12.775  2.00000
   388   -12.680  2.00000
   389   -12.680  2.00000
   390   -12.674  2.00000
   391   -12.641  2.00000
   392   -12.641  2.00000
   393   -12.640  2.00000
   394   -12.640  2.00000
   395   -12.632  2.00000
   396   -12.627  2.00000
   397   -12.627  2.00000
   398   -12.623  2.00000
   399   -12.603  2.00000
   400   -12.603  2.00000
   401   -12.555  2.00000
   402   -12.526  2.00000
   403   -12.473  2.00000
   404   -12.473  2.00000
   405   -12.473  2.00000
   406   -12.456  2.00000
   407   -12.418  2.00000
   408   -12.418  2.00000
   409   -12.407  2.00000
   410   -12.398  2.00000
   411   -12.368  2.00000
   412   -12.362  2.00000
   413   -12.348  2.00000
   414   -12.348  2.00000
   415   -12.255  2.00000
   416   -12.255  2.00000
   417   -12.236  2.00000
   418   -12.236  2.00000
   419   -12.213  2.00000
   420   -12.213  2.00000
   421   -12.205  2.00000
   422   -12.205  2.00000
   423   -12.180  2.00000
   424   -12.180  2.00000
   425   -12.155  2.00000
   426   -12.155  2.00000
   427   -12.109  2.00000
   428   -12.100  2.00000
   429   -12.063  2.00000
   430   -12.046  2.00000
   431   -12.046  2.00000
   432   -12.030  2.00000
   433   -12.028  2.00000
   434   -12.017  2.00000
   435   -12.017  2.00000
   436   -11.988  2.00000
   437   -11.988  2.00000
   438   -11.953  2.00000
   439   -11.953  2.00000
   440   -11.906  2.00000
   441   -11.906  2.00000
   442   -11.901  2.00000
   443   -11.843  2.00000
   444   -11.810  2.00000
   445   -11.809  2.00000
   446   -11.802  2.00000
   447   -11.802  2.00000
   448   -11.775  2.00000
   449   -11.773  2.00000
   450   -11.766  2.00000
   451   -11.766  2.00000
   452   -11.729  2.00000
   453   -11.729  2.00000
   454   -11.694  2.00000
   455   -11.685  2.00000
   456   -11.682  2.00000
   457   -11.682  2.00000
   458   -11.648  2.00000
   459   -11.640  2.00000
   460   -11.612  2.00000
   461   -11.612  2.00000
   462   -11.612  2.00000
   463   -11.606  2.00000
   464   -11.606  2.00000
   465   -11.597  2.00000
   466   -11.540  2.00000
   467   -11.540  2.00000
   468   -11.486  2.00000
   469   -11.468  2.00000
   470   -11.468  2.00000
   471   -11.456  2.00000
   472   -11.456  2.00000
   473   -11.384  2.00000
   474   -11.382  2.00000
   475   -11.382  2.00000
   476   -11.372  2.00000
   477   -11.372  2.00000
   478   -11.367  2.00000
   479   -11.367  2.00000
   480   -11.351  2.00000
   481   -11.310  2.00000
   482   -11.307  2.00000
   483   -11.307  2.00000
   484   -11.285  2.00000
   485   -11.285  2.00000
   486   -11.276  2.00000
   487   -11.237  2.00000
   488   -11.237  2.00000
   489   -11.213  2.00000
   490   -11.209  2.00000
   491   -11.208  2.00000
   492   -11.181  2.00000
   493   -11.181  2.00000
   494   -11.160  2.00000
   495   -11.160  2.00000
   496   -11.114  2.00000
   497   -11.109  2.00000
   498   -11.101  2.00000
   499   -11.101  2.00000
   500   -11.096  2.00000
   501   -11.088  2.00000
   502   -11.088  2.00000
   503   -11.058  2.00000
   504   -11.045  2.00000
   505   -11.045  2.00000
   506   -11.035  2.00000
   507   -11.035  2.00000
   508   -11.032  2.00000
   509   -11.032  2.00000
   510   -10.992  2.00000
   511   -10.992  2.00000
   512   -10.977  2.00000
   513   -10.964  2.00000
   514   -10.964  2.00000
   515   -10.940  2.00000
   516   -10.930  2.00000
   517   -10.915  2.00000
   518   -10.915  2.00000
   519   -10.914  2.00000
   520   -10.895  2.00000
   521   -10.895  2.00000
   522   -10.879  2.00000
   523   -10.861  2.00000
   524   -10.861  2.00000
   525   -10.854  2.00000
   526   -10.846  2.00000
   527   -10.829  2.00000
   528   -10.821  2.00000
   529   -10.817  2.00000
   530   -10.817  2.00000
   531   -10.811  2.00000
   532   -10.794  2.00000
   533   -10.794  2.00000
   534   -10.773  2.00000
   535   -10.773  2.00000
   536   -10.768  2.00000
   537   -10.763  2.00000
   538   -10.757  2.00000
   539   -10.757  2.00000
   540   -10.743  2.00000
   541   -10.743  2.00000
   542   -10.718  2.00000
   543   -10.707  2.00000
   544   -10.707  2.00000
   545   -10.693  2.00000
   546   -10.677  2.00000
   547   -10.677  2.00000
   548   -10.671  2.00000
   549   -10.671  2.00000
   550   -10.657  2.00000
   551   -10.649  2.00000
   552   -10.649  2.00000
   553   -10.635  2.00000
   554   -10.635  2.00000
   555   -10.627  2.00000
   556   -10.627  2.00000
   557   -10.590  2.00000
   558   -10.590  2.00000
   559   -10.581  2.00000
   560   -10.578  2.00000
   561   -10.578  2.00000
   562   -10.564  2.00000
   563   -10.552  2.00000
   564   -10.552  2.00000
   565   -10.548  2.00000
   566   -10.543  2.00000
   567   -10.543  2.00000
   568   -10.541  2.00000
   569   -10.539  2.00000
   570   -10.537  2.00000
   571   -10.529  2.00000
   572   -10.501  2.00000
   573   -10.501  2.00000
   574   -10.486  2.00000
   575   -10.486  2.00000
   576   -10.483  2.00000
   577   -10.483  2.00000
   578   -10.475  2.00000
   579   -10.474  2.00000
   580   -10.474  2.00000
   581   -10.461  2.00000
   582   -10.461  2.00000
   583   -10.428  2.00000
   584   -10.412  2.00000
   585   -10.412  2.00000
   586   -10.407  2.00000
   587   -10.403  2.00000
   588   -10.400  2.00000
   589   -10.365  2.00000
   590   -10.365  2.00000
   591   -10.362  2.00000
   592   -10.357  2.00000
   593   -10.357  2.00000
   594   -10.348  2.00000
   595   -10.348  2.00000
   596   -10.336  2.00000
   597   -10.336  2.00000
   598   -10.332  2.00000
   599   -10.328  2.00000
   600   -10.321  2.00000
   601   -10.319  2.00000
   602   -10.319  2.00000
   603   -10.317  2.00000
   604   -10.310  2.00000
   605   -10.310  2.00000
   606   -10.309  2.00000
   607   -10.309  2.00000
   608   -10.295  2.00000
   609   -10.269  2.00000
   610   -10.269  2.00000
   611   -10.264  2.00000
   612   -10.264  2.00000
   613   -10.262  2.00000
   614   -10.262  2.00000
   615   -10.259  2.00000
   616   -10.249  2.00000
   617   -10.232  2.00000
   618   -10.226  2.00000
   619   -10.226  2.00000
   620   -10.210  2.00000
   621   -10.210  2.00000
   622   -10.210  2.00000
   623   -10.201  2.00000
   624   -10.174  2.00000
   625   -10.174  2.00000
   626   -10.173  2.00000
   627   -10.171  2.00000
   628   -10.168  2.00000
   629   -10.168  2.00000
   630   -10.153  2.00000
   631   -10.153  2.00000
   632   -10.140  2.00000
   633   -10.140  2.00000
   634   -10.137  2.00000
   635   -10.136  2.00000
   636   -10.136  2.00000
   637   -10.132  2.00000
   638   -10.129  2.00000
   639   -10.116  2.00000
   640   -10.116  2.00000
   641   -10.108  2.00000
   642   -10.108  2.00000
   643   -10.089  2.00000
   644   -10.089  2.00000
   645   -10.086  2.00000
   646   -10.086  2.00000
   647   -10.071  2.00000
   648   -10.023  2.00000
   649   -10.005  2.00000
   650   -10.000  2.00000
   651   -10.000  2.00000
   652    -9.990  2.00000
   653    -9.983  2.00000
   654    -9.977  2.00000
   655    -9.973  2.00000
   656    -9.973  2.00000
   657    -9.972  2.00000
   658    -9.967  2.00000
   659    -9.967  2.00000
   660    -9.949  2.00000
   661    -9.938  2.00000
   662    -9.935  2.00000
   663    -9.931  2.00000
   664    -9.931  2.00000
   665    -9.910  2.00000
   666    -9.910  2.00000
   667    -9.900  2.00000
   668    -9.900  2.00000
   669    -9.887  2.00000
   670    -9.873  2.00000
   671    -9.844  2.00000
   672    -9.844  2.00000
   673    -9.834  2.00000
   674    -9.834  2.00000
   675    -9.827  2.00000
   676    -9.827  2.00000
   677    -9.809  2.00000
   678    -9.804  2.00000
   679    -9.804  2.00000
   680    -9.778  2.00000
   681    -9.759  2.00000
   682    -9.752  2.00000
   683    -9.752  2.00000
   684    -9.751  2.00000
   685    -9.751  2.00000
   686    -9.749  2.00000
   687    -9.749  2.00000
   688    -9.739  2.00000
   689    -9.739  2.00000
   690    -9.736  2.00000
   691    -9.736  2.00000
   692    -9.715  2.00000
   693    -9.707  2.00000
   694    -9.707  2.00000
   695    -9.706  2.00000
   696    -9.683  2.00000
   697    -9.654  2.00000
   698    -9.654  2.00000
   699    -9.639  2.00000
   700    -9.639  2.00000
   701    -9.623  2.00000
   702    -9.618  2.00000
   703    -9.601  2.00000
   704    -9.574  2.00000
   705    -9.574  2.00000
   706    -9.566  2.00000
   707    -9.566  2.00000
   708    -9.539  2.00000
   709    -9.539  2.00000
   710    -9.509  2.00000
   711    -9.509  2.00000
   712    -9.507  2.00000
   713    -9.507  2.00000
   714    -9.470  2.00000
   715    -9.454  2.00000
   716    -9.440  2.00000
   717    -9.431  2.00000
   718    -9.431  2.00000
   719    -9.427  2.00000
   720    -9.427  2.00000
   721    -9.423  2.00000
   722    -9.418  2.00000
   723    -9.408  2.00000
   724    -9.399  2.00000
   725    -9.399  2.00000
   726    -9.394  2.00000
   727    -9.391  2.00000
   728    -9.391  2.00000
   729    -9.375  2.00000
   730    -9.367  2.00000
   731    -9.362  2.00000
   732    -9.362  2.00000
   733    -9.356  2.00000
   734    -9.356  2.00000
   735    -9.349  2.00000
   736    -9.299  2.00000
   737    -9.299  2.00000
   738    -9.286  2.00000
   739    -9.276  2.00000
   740    -9.253  2.00000
   741    -9.250  2.00000
   742    -9.232  2.00000
   743    -9.232  2.00000
   744    -9.218  2.00000
   745    -9.218  2.00000
   746    -9.217  2.00000
   747    -9.187  2.00000
   748    -9.187  2.00000
   749    -9.155  2.00000
   750    -9.099  2.00000
   751    -9.099  2.00000
   752    -9.099  2.00000
   753    -9.099  2.00000
   754    -9.086  2.00000
   755    -9.086  2.00000
   756    -9.084  2.00000
   757    -9.084  2.00000
   758    -9.057  2.00000
   759    -9.057  2.00000
   760    -9.046  2.00000
   761    -9.031  2.00000
   762    -9.031  2.00000
   763    -9.025  2.00000
   764    -9.025  2.00000
   765    -9.013  2.00000
   766    -9.013  2.00000
   767    -8.997  2.00000
   768    -8.997  2.00000
   769    -8.982  2.00000
   770    -8.976  2.00000
   771    -8.976  2.00000
   772    -8.951  2.00000
   773    -8.951  2.00000
   774    -8.944  2.00000
   775    -8.912  2.00000
   776    -8.912  2.00000
   777    -8.887  2.00000
   778    -8.887  2.00000
   779    -8.839  2.00000
   780    -8.837  2.00000
   781    -8.821  2.00000
   782    -8.821  2.00000
   783    -8.778  2.00000
   784    -8.778  2.00000
   785    -8.777  2.00000
   786    -8.776  2.00000
   787    -8.763  2.00000
   788    -8.741  2.00000
   789    -8.741  2.00000
   790    -8.738  2.00000
   791    -8.738  2.00000
   792    -8.735  2.00000
   793    -8.724  2.00000
   794    -8.724  2.00000
   795    -8.672  2.00000
   796    -8.671  2.00000
   797    -8.671  2.00000
   798    -8.663  2.00000
   799    -8.642  2.00000
   800    -8.642  2.00000
   801    -8.633  2.00000
   802    -8.626  2.00000
   803    -8.623  2.00000
   804    -8.623  2.00000
   805    -8.591  2.00000
   806    -8.583  2.00000
   807    -8.583  2.00000
   808    -8.517  2.00000
   809    -8.517  2.00000
   810    -8.496  2.00000
   811    -8.493  2.00000
   812    -8.486  2.00000
   813    -8.486  2.00000
   814    -8.456  2.00000
   815    -8.456  2.00000
   816    -8.444  2.00000
   817    -8.444  2.00000
   818    -8.440  2.00000
   819    -8.437  2.00000
   820    -8.424  2.00000
   821    -8.424  2.00000
   822    -8.403  2.00000
   823    -8.387  2.00000
   824    -8.387  2.00000
   825    -8.342  2.00000
   826    -8.315  2.00000
   827    -8.315  2.00000
   828    -8.294  2.00000
   829    -8.283  2.00000
   830    -8.283  2.00000
   831    -8.283  2.00000
   832    -8.271  2.00000
   833    -8.271  2.00000
   834    -8.236  2.00000
   835    -8.236  2.00000
   836    -8.236  2.00000
   837    -8.202  2.00000
   838    -8.200  2.00000
   839    -8.200  2.00000
   840    -8.198  2.00000
   841    -8.170  2.00000
   842    -8.170  2.00000
   843    -8.149  2.00000
   844    -8.149  2.00000
   845    -8.127  2.00000
   846    -8.127  2.00000
   847    -8.107  2.00000
   848    -8.101  2.00000
   849    -8.101  2.00000
   850    -8.055  2.00000
   851    -8.051  2.00000
   852    -8.051  2.00000
   853    -8.016  2.00000
   854    -7.995  2.00000
   855    -7.995  2.00000
   856    -7.958  2.00000
   857    -7.958  2.00000
   858    -7.950  2.00000
   859    -7.950  2.00000
   860    -7.901  2.00000
   861    -7.893  2.00000
   862    -7.877  2.00000
   863    -7.877  2.00000
   864    -7.871  2.00000
   865    -7.871  2.00000
   866    -7.862  2.00000
   867    -7.862  2.00000
   868    -7.847  2.00000
   869    -7.825  2.00000
   870    -7.825  2.00000
   871    -7.818  2.00000
   872    -7.814  2.00000
   873    -7.814  2.00000
   874    -7.789  2.00000
   875    -7.788  2.00000
   876    -7.788  2.00000
   877    -7.776  2.00000
   878    -7.746  2.00000
   879    -7.705  2.00000
   880    -7.705  2.00000
   881    -7.697  2.00000
   882    -7.697  2.00000
   883    -7.676  2.00000
   884    -7.622  2.00000
   885    -7.593  2.00000
   886    -7.593  2.00000
   887    -7.585  2.00000
   888    -7.548  2.00000
   889    -7.548  2.00000
   890    -7.544  2.00000
   891    -7.519  2.00000
   892    -7.519  2.00000
   893    -7.519  2.00000
   894    -7.452  2.00000
   895    -7.452  2.00000
   896    -7.449  2.00000
   897    -7.416  2.00000
   898    -7.416  2.00000
   899    -7.396  2.00000
   900    -7.396  2.00000
   901    -7.395  2.00000
   902    -7.332  2.00000
   903    -7.332  2.00000
   904    -7.327  2.00000
   905    -7.327  2.00000
   906    -7.308  2.00000
   907    -7.259  2.00000
   908    -7.259  2.00000
   909    -7.207  2.00000
   910    -7.207  2.00000
   911    -7.190  2.00000
   912    -7.109  2.00000
   913    -7.109  2.00000
   914    -7.097  2.00000
   915    -7.097  2.00000
   916    -7.052  2.00000
   917    -7.046  2.00000
   918    -7.039  2.00000
   919    -7.014  2.00000
   920    -7.014  2.00000
   921    -7.014  2.00000
   922    -6.996  2.00000
   923    -6.996  2.00000
   924    -6.982  2.00000
   925    -6.981  2.00000
   926    -6.970  2.00000
   927    -6.969  2.00000
   928    -6.969  2.00000
   929    -6.955  2.00000
   930    -6.937  2.00000
   931    -6.937  2.00000
   932    -6.927  2.00000
   933    -6.905  2.00000
   934    -6.904  2.00000
   935    -6.904  2.00000
   936    -6.883  2.00000
   937    -6.834  2.00000
   938    -6.834  2.00000
   939    -6.761  2.00000
   940    -6.761  2.00000
   941    -6.758  2.00000
   942    -6.735  2.00000
   943    -6.735  2.00000
   944    -6.706  2.00000
   945    -6.706  2.00000
   946    -6.665  2.00000
   947    -6.659  2.00000
   948    -6.659  2.00000
   949    -6.609  2.00000
   950    -6.609  2.00000
   951    -6.604  2.00000
   952    -6.580  2.00000
   953    -6.578  2.00000
   954    -6.578  2.00000
   955    -6.573  2.00000
   956    -6.562  2.00000
   957    -6.562  2.00000
   958    -6.437  2.00000
   959    -6.437  2.00000
   960    -6.415  2.00000
   961    -6.415  2.00000
   962    -6.390  2.00000
   963    -6.325  2.00000
   964    -6.262  2.00000
   965    -6.257  2.00000
   966    -6.257  2.00000
   967    -6.143  2.00000
   968    -6.141  2.00000
   969    -6.140  2.00000
   970    -6.140  2.00000
   971    -6.139  2.00000
   972    -6.139  2.00000
   973    -6.133  2.00000
   974    -5.979  2.00000
   975    -5.923  2.00000
   976    -5.923  2.00000
   977    -5.831  2.00000
   978    -5.831  2.00000
   979    -5.736  2.00000
   980    -5.736  2.00000
   981    -5.712  2.00000
   982    -5.606  2.00000
   983    -5.567  2.00000
   984    -5.567  2.00000
   985    -5.345  2.00000
   986    -5.345  2.00000
   987    -5.321  2.00000
   988    -5.204  2.00000
   989    -4.937  2.00000
   990    -4.937  2.00000
   991    -4.166  0.00000
   992    -4.166  0.00000
   993    -3.887  0.00000
   994    -3.746  0.00000
   995    -3.732  0.00000
   996    -3.732  0.00000
   997    -3.480  0.00000
   998    -3.480  0.00000
   999    -3.441  0.00000
  1000    -3.320  0.00000
  1001    -3.296  0.00000
  1002    -3.296  0.00000
  1003    -3.184  0.00000
  1004    -3.184  0.00000
  1005    -3.066  0.00000
  1006    -3.066  0.00000
  1007    -3.011  0.00000
  1008    -2.842  0.00000
  1009    -2.824  0.00000
  1010    -2.824  0.00000
  1011    -2.820  0.00000
  1012    -2.820  0.00000
  1013    -2.818  0.00000
  1014    -2.797  0.00000
  1015    -2.680  0.00000
  1016    -2.680  0.00000
  1017    -2.674  0.00000
  1018    -2.599  0.00000
  1019    -2.507  0.00000
  1020    -2.484  0.00000
  1021    -2.484  0.00000
  1022    -2.442  0.00000
  1023    -2.442  0.00000
  1024    -2.306  0.00000
  1025    -2.306  0.00000
  1026    -2.293  0.00000
  1027    -2.285  0.00000
  1028    -2.284  0.00000
  1029    -2.284  0.00000
  1030    -2.255  0.00000
  1031    -2.255  0.00000
  1032    -2.248  0.00000
  1033    -2.183  0.00000
  1034    -2.183  0.00000
  1035    -2.173  0.00000
  1036    -2.099  0.00000
  1037    -2.099  0.00000
  1038    -2.092  0.00000
  1039    -2.092  0.00000
  1040    -2.066  0.00000
  1041    -2.042  0.00000
  1042    -2.042  0.00000
  1043    -1.968  0.00000
  1044    -1.968  0.00000
  1045    -1.902  0.00000
  1046    -1.890  0.00000
  1047    -1.890  0.00000
  1048    -1.852  0.00000
  1049    -1.845  0.00000
  1050    -1.828  0.00000
  1051    -1.828  0.00000
  1052    -1.785  0.00000
  1053    -1.785  0.00000
  1054    -1.780  0.00000
  1055    -1.773  0.00000
  1056    -1.772  0.00000
  1057    -1.747  0.00000
  1058    -1.747  0.00000
  1059    -1.730  0.00000
  1060    -1.728  0.00000
  1061    -1.725  0.00000
  1062    -1.725  0.00000
  1063    -1.702  0.00000
  1064    -1.687  0.00000
  1065    -1.680  0.00000
  1066    -1.602  0.00000
  1067    -1.602  0.00000
  1068    -1.598  0.00000
  1069    -1.598  0.00000
  1070    -1.485  0.00000
  1071    -1.429  0.00000
  1072    -1.429  0.00000
  1073    -1.387  0.00000
  1074    -1.387  0.00000
  1075    -1.317  0.00000
  1076    -1.295  0.00000
  1077    -1.295  0.00000
  1078    -1.293  0.00000
  1079    -1.293  0.00000
  1080    -1.204  0.00000
  1081    -1.204  0.00000
  1082    -1.201  0.00000
  1083    -1.180  0.00000
  1084    -1.180  0.00000
  1085    -1.127  0.00000
  1086    -1.121  0.00000
  1087    -1.121  0.00000
  1088    -1.008  0.00000
  1089    -0.983  0.00000
  1090    -0.983  0.00000
  1091    -0.982  0.00000
  1092    -0.982  0.00000
  1093    -0.965  0.00000
  1094    -0.947  0.00000
  1095    -0.887  0.00000
  1096    -0.754  0.00000
  1097    -0.754  0.00000
  1098    -0.654  0.00000
  1099    -0.636  0.00000
  1100    -0.636  0.00000
  1101    -0.611  0.00000
  1102    -0.578  0.00000
  1103    -0.533  0.00000
  1104    -0.529  0.00000
  1105    -0.529  0.00000
  1106    -0.506  0.00000
  1107    -0.506  0.00000
  1108    -0.505  0.00000
  1109    -0.505  0.00000
  1110    -0.483  0.00000
  1111    -0.452  0.00000
  1112    -0.223  0.00000
  1113    -0.182  0.00000
  1114    -0.182  0.00000
  1115    -0.161  0.00000
  1116    -0.161  0.00000
  1117    -0.104  0.00000
  1118    -0.104  0.00000
  1119    -0.052  0.00000
  1120    -0.052  0.00000
  1121    -0.008  0.00000
  1122     0.104  0.00000
  1123     0.104  0.00000
  1124     0.123  0.00000
  1125     0.125  0.00000
  1126     0.125  0.00000
  1127     0.329  0.00000
  1128     0.329  0.00000
  1129     0.352  0.00000
  1130     0.354  0.00000
  1131     0.360  0.00000
  1132     0.363  0.00000
  1133     0.389  0.00000
  1134     0.389  0.00000
  1135     0.618  0.00000
  1136     0.618  0.00000
  1137     0.705  0.00000
  1138     0.729  0.00000
  1139     0.742  0.00000
  1140     0.757  0.00000
  1141     0.757  0.00000
  1142     0.851  0.00000
  1143     0.851  0.00000
  1144     0.877  0.00000
  1145     0.877  0.00000
  1146     0.886  0.00000
  1147     0.945  0.00000
  1148     1.210  0.00000
  1149     1.210  0.00000
  1150     1.234  0.00000
  1151     1.245  0.00000
  1152     1.245  0.00000
  1153     1.329  0.00000
  1154     1.329  0.00000
  1155     1.400  0.00000
  1156     1.400  0.00000
  1157     1.408  0.00000
  1158     1.433  0.00000
  1159     1.433  0.00000
  1160     1.700  0.00000
  1161     1.700  0.00000
  1162     1.759  0.00000
  1163     1.764  0.00000
  1164     1.836  0.00000
  1165     1.862  0.00000
  1166     1.878  0.00000
  1167     1.878  0.00000
  1168     2.057  0.00000
  1169     2.057  0.00000
  1170     2.063  0.00000
  1171     2.077  0.00000
  1172     2.223  0.00000
  1173     2.279  0.00000
  1174     2.279  0.00000
  1175     2.295  0.00000
  1176     2.295  0.00000
  1177     2.455  0.00000
  1178     2.581  0.00000
  1179     2.581  0.00000
  1180     2.660  0.00000
  1181     2.660  0.00000
  1182     2.671  0.00000
  1183     2.757  0.00000
  1184     2.757  0.00000
  1185     2.775  0.00000
  1186     2.775  0.00000
  1187     3.071  0.00000
  1188     3.071  0.00000
  1189     3.138  0.00000
  1190     3.143  0.00000
  1191     3.184  0.00000
  1192     3.236  0.00000
  1193     3.254  0.00000
  1194     3.254  0.00000
  1195     3.323  0.00000
  1196     3.565  0.00000
  1197     3.584  0.00000
  1198     3.584  0.00000
  1199     3.625  0.00000
  1200     3.625  0.00000
  1201     3.786  0.00000
  1202     3.821  0.00000
  1203     3.821  0.00000
  1204     3.972  0.00000
  1205     3.972  0.00000
  1206     4.054  0.00000
  1207     4.054  0.00000
  1208     4.288  0.00000
  1209     4.288  0.00000
  1210     4.313  0.00000
  1211     4.314  0.00000
  1212     4.343  0.00000
  1213     4.464  0.00000
  1214     4.658  0.00000
  1215     4.658  0.00000
  1216     4.707  0.00000
  1217     4.737  0.00000
  1218     4.737  0.00000
  1219     4.954  0.00000
  1220     4.954  0.00000
  1221     5.078  0.00000
  1222     5.078  0.00000
  1223     5.172  0.00000
  1224     5.238  0.00000
  1225     5.366  0.00000
  1226     5.432  0.00000
  1227     5.432  0.00000
  1228     5.618  0.00000
  1229     5.618  0.00000
  1230     5.762  0.00000
  1231     7.926  0.00000
  1232     7.935  0.00000
  1233     7.935  0.00000
  1234     7.957  0.00000
  1235     7.957  0.00000
  1236     7.971  0.00000
  1237     8.112  0.00000
  1238     8.136  0.00000
  1239     8.136  0.00000
  1240     8.186  0.00000
  1241     8.186  0.00000
  1242     8.218  0.00000
  1243     8.348  0.00000
  1244     8.382  0.00000
  1245     8.382  0.00000
  1246     8.440  0.00000
  1247     8.440  0.00000
  1248     8.472  0.00000
  1249     8.608  0.00000
  1250     8.633  0.00000
  1251     8.633  0.00000
  1252     8.670  0.00000
  1253     8.670  0.00000
  1254     8.686  0.00000
  1255     8.894  0.00000
  1256     8.900  0.00000
  1257     8.900  0.00000
  1258     8.910  0.00000
  1259     8.910  0.00000
  1260     8.915  0.00000
  1261    10.235  0.00000
  1262    10.235  0.00000
  1263    10.401  0.00000
  1264    10.401  0.00000
  1265    10.416  0.00000
  1266    10.478  0.00000
  1267    10.556  0.00000
  1268    10.592  0.00000
  1269    10.679  0.00000
  1270    10.679  0.00000
  1271    10.733  0.00000
  1272    10.733  0.00000
  1273    10.799  0.00000
  1274    10.799  0.00000
  1275    10.922  0.00000
  1276    10.922  0.00000
  1277    10.933  0.00000
  1278    11.014  0.00000
  1279    11.014  0.00000
  1280    11.089  0.00000
  1281    11.089  0.00000
  1282    11.097  0.00000
  1283    11.131  0.00000
  1284    11.160  0.00000
  1285    11.160  0.00000
  1286    11.224  0.00000
  1287    11.244  0.00000
  1288    11.244  0.00000
  1289    11.255  0.00000
  1290    11.268  0.00000
  1291    11.268  0.00000
  1292    11.282  0.00000
  1293    11.292  0.00000
  1294    11.306  0.00000
  1295    11.306  0.00000
  1296    11.344  0.00000
  1297    11.364  0.00000
  1298    11.510  0.00000
  1299    11.514  0.00000
  1300    11.514  0.00000
  1301    11.595  0.00000
  1302    11.595  0.00000
  1303    11.643  0.00000
  1304    11.756  0.00000
  1305    11.756  0.00000
  1306    11.827  0.00000
  1307    11.856  0.00000
  1308    11.856  0.00000
  1309    11.934  0.00000
  1310    11.934  0.00000
  1311    12.001  0.00000
  1312    12.197  0.00000
  1313    12.197  0.00000
  1314    12.256  0.00000
  1315    12.292  0.00000
  1316    12.292  0.00000
  1317    12.410  0.00000
  1318    12.410  0.00000
  1319    12.438  0.00000
  1320    12.438  0.00000
  1321    12.438  0.00000
  1322    12.568  0.00000
  1323    12.568  0.00000
  1324    12.573  0.00000
  1325    12.754  0.00000
  1326    12.853  0.00000
  1327    12.886  0.00000
  1328    12.889  0.00000
  1329    12.889  0.00000
  1330    12.939  0.00000
  1331    12.971  0.00000
  1332    12.971  0.00000
  1333    12.982  0.00000
  1334    13.053  0.00000
  1335    13.053  0.00000
  1336    13.059  0.00000
  1337    13.079  0.00000
  1338    13.326  0.00000
  1339    13.326  0.00000
  1340    13.326  0.00000
  1341    13.326  0.00000
  1342    13.359  0.00000
  1343    13.389  0.00000
  1344    13.389  0.00000
  1345    13.418  0.00000
  1346    13.453  0.00000
  1347    13.453  0.00000
  1348    13.468  0.00000
  1349    13.468  0.00000
  1350    13.613  0.00000
  1351    13.613  0.00000
  1352    13.677  0.00000
  1353    13.677  0.00000
  1354    13.704  0.00000
  1355    13.704  0.00000
  1356    13.720  0.00000
  1357    13.755  0.00000
  1358    13.800  0.00000
  1359    13.802  0.00000
  1360    13.826  0.00000
  1361    13.845  0.00000
  1362    13.845  0.00000
  1363    13.932  0.00000
  1364    13.959  0.00000
  1365    13.963  0.00000
  1366    13.963  0.00000
  1367    13.970  0.00000
  1368    13.970  0.00000
  1369    14.101  0.00000
  1370    14.101  0.00000
  1371    14.136  0.00000
  1372    14.140  0.00000
  1373    14.143  0.00000
  1374    14.143  0.00000
  1375    14.171  0.00000
  1376    14.198  0.00000
  1377    14.198  0.00000
  1378    14.208  0.00000
  1379    14.209  0.00000
  1380    14.222  0.00000
  1381    14.241  0.00000
  1382    14.241  0.00000
  1383    14.273  0.00000
  1384    14.273  0.00000
  1385    14.287  0.00000
  1386    14.287  0.00000
  1387    14.332  0.00000
  1388    14.335  0.00000
  1389    14.335  0.00000
  1390    14.357  0.00000
  1391    14.357  0.00000
  1392    14.394  0.00000
  1393    14.394  0.00000
  1394    14.415  0.00000
  1395    14.415  0.00000
  1396    14.442  0.00000
  1397    14.504  0.00000
  1398    14.504  0.00000
  1399    14.518  0.00000
  1400    14.518  0.00000
  1401    14.519  0.00000
  1402    14.557  0.00000
  1403    14.605  0.00000
  1404    14.609  0.00000
  1405    14.609  0.00000
  1406    14.612  0.00000
  1407    14.612  0.00000
  1408    14.666  0.00000
  1409    14.687  0.00000
  1410    14.687  0.00000
  1411    14.695  0.00000
  1412    14.696  0.00000
  1413    14.726  0.00000
  1414    14.726  0.00000
  1415    14.728  0.00000
  1416    14.795  0.00000
  1417    14.805  0.00000
  1418    14.820  0.00000
  1419    14.835  0.00000
  1420    14.860  0.00000
  1421    14.860  0.00000
  1422    14.894  0.00000
  1423    14.900  0.00000
  1424    14.910  0.00000
  1425    14.910  0.00000
  1426    14.913  0.00000
  1427    14.976  0.00000
  1428    14.995  0.00000
  1429    14.995  0.00000
  1430    15.056  0.00000
  1431    15.056  0.00000
  1432    15.068  0.00000
  1433    15.070  0.00000
  1434    15.070  0.00000
  1435    15.182  0.00000
  1436    15.186  0.00000
  1437    15.193  0.00000
  1438    15.209  0.00000
  1439    15.209  0.00000
  1440    15.234  0.00000
  1441    15.260  0.00000
  1442    15.282  0.00000
  1443    15.282  0.00000
  1444    15.304  0.00000
  1445    15.304  0.00000
  1446    15.352  0.00000
  1447    15.365  0.00000
  1448    15.365  0.00000
  1449    15.470  0.00000
  1450    15.470  0.00000
  1451    15.492  0.00000
  1452    15.492  0.00000
  1453    15.511  0.00000
  1454    15.514  0.00000
  1455    15.514  0.00000
  1456    15.535  0.00000
  1457    15.566  0.00000
  1458    15.566  0.00000
  1459    15.615  0.00000
  1460    15.618  0.00000
  1461    15.618  0.00000
  1462    15.621  0.00000
  1463    15.621  0.00000
  1464    15.726  0.00000
  1465    15.802  0.00000
  1466    15.811  0.00000
  1467    15.811  0.00000
  1468    15.818  0.00000
  1469    15.818  0.00000
  1470    15.866  0.00000
  1471    15.884  0.00000
  1472    15.884  0.00000
  1473    15.917  0.00000
  1474    15.917  0.00000
  1475    16.048  0.00000
  1476    16.086  0.00000
  1477    16.121  0.00000
  1478    16.121  0.00000
  1479    16.236  0.00000
  1480    16.236  0.00000
  1481    16.238  0.00000
  1482    16.241  0.00000
  1483    16.268  0.00000
  1484    16.268  0.00000
  1485    16.301  0.00000
  1486    16.305  0.00000
  1487    16.305  0.00000
  1488    16.308  0.00000
  1489    16.353  0.00000
  1490    16.353  0.00000
  1491    16.358  0.00000
  1492    16.382  0.00000
  1493    16.382  0.00000
  1494    16.448  0.00000
  1495    16.532  0.00000
  1496    16.532  0.00000
  1497    16.550  0.00000
  1498    16.550  0.00000
  1499    16.577  0.00000
  1500    16.597  0.00000
  1501    16.617  0.00000
  1502    16.644  0.00000
  1503    16.644  0.00000
  1504    16.678  0.00000
  1505    16.678  0.00000
  1506    16.713  0.00000
  1507    16.713  0.00000
  1508    16.718  0.00000
  1509    16.779  0.00000
  1510    16.798  0.00000
  1511    16.798  0.00000
  1512    16.839  0.00000
  1513    16.932  0.00000
  1514    16.932  0.00000
  1515    16.990  0.00000
  1516    17.022  0.00000
  1517    17.036  0.00000
  1518    17.036  0.00000
  1519    17.042  0.00000
  1520    17.042  0.00000
  1521    17.116  0.00000
  1522    17.161  0.00000
  1523    17.167  0.00000
  1524    17.167  0.00000
  1525    17.179  0.00000
  1526    17.179  0.00000
  1527    17.263  0.00000
  1528    17.263  0.00000
  1529    17.287  0.00000
  1530    17.287  0.00000
  1531    17.333  0.00000
  1532    17.333  0.00000
  1533    17.353  0.00000
  1534    17.357  0.00000
  1535    17.362  0.00000
  1536    17.376  0.00000
  1537    17.460  0.00000
  1538    17.479  0.00000
  1539    17.479  0.00000
  1540    17.529  0.00000
  1541    17.535  0.00000
  1542    17.535  0.00000
  1543    17.558  0.00000
  1544    17.558  0.00000
  1545    17.586  0.00000
  1546    17.629  0.00000
  1547    17.668  0.00000
  1548    17.668  0.00000
  1549    17.717  0.00000
  1550    17.815  0.00000
  1551    17.815  0.00000
  1552    17.843  0.00000
  1553    17.879  0.00000
  1554    17.879  0.00000
  1555    17.886  0.00000
  1556    17.886  0.00000
  1557    17.886  0.00000
  1558    17.930  0.00000
  1559    18.007  0.00000
  1560    18.007  0.00000
  1561    18.072  0.00000
  1562    18.114  0.00000
  1563    18.114  0.00000
  1564    18.127  0.00000
  1565    18.127  0.00000
  1566    18.148  0.00000
  1567    18.281  0.00000
  1568    18.283  0.00000
  1569    18.283  0.00000
  1570    18.310  0.00000
  1571    18.321  0.00000
  1572    18.321  0.00000
  1573    18.349  0.00000
  1574    18.349  0.00000
  1575    18.443  0.00000
  1576    18.443  0.00000
  1577    18.453  0.00000
  1578    18.520  0.00000
  1579    18.526  0.00000
  1580    18.611  0.00000
  1581    18.611  0.00000
  1582    18.715  0.00000
  1583    18.771  0.00000
  1584    18.771  0.00000
  1585    18.855  0.00000
  1586    18.855  0.00000
  1587    18.876  0.00000
  1588    18.879  0.00000
  1589    18.934  0.00000
  1590    18.934  0.00000
  1591    18.943  0.00000
  1592    18.985  0.00000
  1593    18.985  0.00000
  1594    18.995  0.00000
  1595    18.995  0.00000
  1596    19.042  0.00000
  1597    19.042  0.00000
  1598    19.048  0.00000
  1599    19.074  0.00000
  1600    19.074  0.00000
  1601    19.188  0.00000
  1602    19.203  0.00000
  1603    19.203  0.00000
  1604    19.206  0.00000
  1605    19.206  0.00000
  1606    19.279  0.00000
  1607    19.335  0.00000
  1608    19.380  0.00000
  1609    19.451  0.00000
  1610    19.520  0.00000
  1611    19.520  0.00000
  1612    19.527  0.00000
  1613    19.546  0.00000
  1614    19.546  0.00000
  1615    19.595  0.00000
  1616    19.610  0.00000
  1617    19.623  0.00000
  1618    19.623  0.00000
  1619    19.628  0.00000
  1620    19.628  0.00000
  1621    19.679  0.00000
  1622    19.679  0.00000
  1623    19.710  0.00000
  1624    19.710  0.00000
  1625    19.734  0.00000
  1626    19.751  0.00000
  1627    19.846  0.00000
  1628    19.891  0.00000
  1629    19.897  0.00000
  1630    19.897  0.00000
  1631    19.945  0.00000
  1632    19.945  0.00000
  1633    20.024  0.00000
  1634    20.025  0.00000
  1635    20.025  0.00000
  1636    20.068  0.00000
  1637    20.068  0.00000
  1638    20.190  0.00000
  1639    20.190  0.00000
  1640    20.203  0.00000
  1641    20.236  0.00000
  1642    20.236  0.00000
  1643    20.289  0.00000
  1644    20.308  0.00000
  1645    20.315  0.00000
  1646    20.371  0.00000
  1647    20.380  0.00000
  1648    20.380  0.00000
  1649    20.418  0.00000
  1650    20.418  0.00000
  1651    20.443  0.00000
  1652    20.443  0.00000
  1653    20.455  0.00000
  1654    20.458  0.00000
  1655    20.495  0.00000
  1656    20.568  0.00000
  1657    20.572  0.00000
  1658    20.572  0.00000
  1659    20.597  0.00000
  1660    20.606  0.00000
  1661    20.606  0.00000
  1662    20.609  0.00000
  1663    20.628  0.00000
  1664    20.628  0.00000
  1665    20.648  0.00000
  1666    20.648  0.00000
  1667    20.691  0.00000
  1668    20.691  0.00000
  1669    20.764  0.00000
  1670    20.764  0.00000
  1671    20.811  0.00000
  1672    20.817  0.00000
  1673    20.817  0.00000
  1674    20.838  0.00000
  1675    20.838  0.00000
  1676    20.872  0.00000
  1677    20.955  0.00000
  1678    20.964  0.00000
  1679    20.964  0.00000
  1680    21.008  0.00000
  1681    21.008  0.00000
  1682    21.019  0.00000
  1683    21.019  0.00000
  1684    21.033  0.00000
  1685    21.046  0.00000
  1686    21.075  0.00000
  1687    21.082  0.00000
  1688    21.133  0.00000
  1689    21.133  0.00000
  1690    21.138  0.00000
  1691    21.173  0.00000
  1692    21.173  0.00000
  1693    21.191  0.00000
  1694    21.203  0.00000
  1695    21.203  0.00000
  1696    21.259  0.00000
  1697    21.259  0.00000
  1698    21.260  0.00000
  1699    21.302  0.00000
  1700    21.302  0.00000
  1701    21.331  0.00000
  1702    21.331  0.00000
  1703    21.381  0.00000
  1704    21.422  0.00000
  1705    21.422  0.00000
  1706    21.430  0.00000
  1707    21.541  0.00000
  1708    21.545  0.00000
  1709    21.545  0.00000
  1710    21.566  0.00000
  1711    21.566  0.00000
  1712    21.581  0.00000
  1713    21.581  0.00000
  1714    21.659  0.00000
  1715    21.680  0.00000
  1716    21.680  0.00000
  1717    21.711  0.00000
  1718    21.711  0.00000
  1719    21.761  0.00000
  1720    21.761  0.00000
  1721    21.764  0.00000
  1722    21.804  0.00000
  1723    21.813  0.00000
  1724    21.834  0.00000
  1725    21.845  0.00000
  1726    21.845  0.00000
  1727    21.851  0.00000
  1728    22.015  0.00000
  1729    22.015  0.00000
  1730    22.035  0.00000
  1731    22.053  0.00000
  1732    22.062  0.00000
  1733    22.071  0.00000
  1734    22.071  0.00000
  1735    22.093  0.00000
  1736    22.098  0.00000
  1737    22.098  0.00000
  1738    22.184  0.00000
  1739    22.184  0.00000
  1740    22.233  0.00000
  1741    22.237  0.00000
  1742    22.243  0.00000
  1743    22.243  0.00000
  1744    22.275  0.00000
  1745    22.275  0.00000
  1746    22.329  0.00000
  1747    22.341  0.00000
  1748    22.350  0.00000
  1749    22.392  0.00000
  1750    22.392  0.00000
  1751    22.512  0.00000
  1752    22.512  0.00000
  1753    22.520  0.00000
  1754    22.537  0.00000
  1755    22.537  0.00000
  1756    22.668  0.00000
  1757    22.711  0.00000
  1758    22.711  0.00000
  1759    22.718  0.00000
  1760    22.720  0.00000
  1761    22.752  0.00000
  1762    22.752  0.00000
  1763    22.819  0.00000
  1764    22.819  0.00000
  1765    22.827  0.00000
  1766    22.840  0.00000
  1767    22.840  0.00000
  1768    22.886  0.00000
  1769    22.924  0.00000
  1770    22.924  0.00000
  1771    22.998  0.00000
  1772    22.998  0.00000
  1773    23.039  0.00000
  1774    23.039  0.00000
  1775    23.135  0.00000
  1776    23.135  0.00000
  1777    23.141  0.00000
  1778    23.141  0.00000
  1779    23.146  0.00000
  1780    23.151  0.00000
  1781    23.275  0.00000
  1782    23.275  0.00000
  1783    23.305  0.00000
  1784    23.321  0.00000
  1785    23.321  0.00000
  1786    23.397  0.00000
  1787    23.397  0.00000
  1788    23.424  0.00000
  1789    23.471  0.00000
  1790    23.530  0.00000
  1791    23.586  0.00000
  1792    23.586  0.00000
  1793    23.587  0.00000
  1794    23.626  0.00000
  1795    23.693  0.00000
  1796    23.693  0.00000
  1797    23.786  0.00000
  1798    23.803  0.00000
  1799    23.821  0.00000
  1800    23.918  0.00000
  1801    23.918  0.00000
  1802    23.928  0.00000
  1803    23.929  0.00000
  1804    23.941  0.00000
  1805    23.941  0.00000
  1806    23.975  0.00000
  1807    23.997  0.00000
  1808    24.128  0.00000
  1809    24.129  0.00000
  1810    24.129  0.00000
  1811    24.174  0.00000
  1812    24.174  0.00000
  1813    24.287  0.00000
  1814    24.287  0.00000
  1815    24.422  0.00000
  1816    24.422  0.00000
  1817    24.440  0.00000
  1818    24.440  0.00000
  1819    24.489  0.00000
  1820    24.529  0.00000
  1821    24.625  0.00000
  1822    24.625  0.00000
  1823    24.674  0.00000
  1824    24.674  0.00000
  1825    24.707  0.00000
  1826    24.723  0.00000
  1827    24.731  0.00000
  1828    24.731  0.00000
  1829    24.876  0.00000
  1830    24.924  0.00000
  1831    25.349  0.00000
  1832    25.449  0.00000
  1833    25.494  0.00000
  1834    25.494  0.00000
  1835    25.547  0.00000
  1836    25.566  0.00000
  1837    25.566  0.00000
  1838    25.574  0.00000
  1839    25.574  0.00000
  1840    25.607  0.00000
  1841    25.612  0.00000
  1842    25.612  0.00000
  1843    25.676  0.00000
  1844    25.676  0.00000
  1845    26.180  0.00000
  1846    26.180  0.00000
  1847    26.326  0.00000
  1848    26.326  0.00000
  1849    26.369  0.00000
  1850    26.387  0.00000
  1851    26.387  0.00000
  1852    26.394  0.00000
  1853    26.433  0.00000
  1854    26.433  0.00000
  1855    26.515  0.00000
  1856    26.515  0.00000
  1857    26.522  0.00000
  1858    26.539  0.00000
  1859    26.688  0.00000
  1860    26.736  0.00000
  1861    26.786  0.00000
  1862    26.919  0.00000
  1863    27.101  0.00000
  1864    27.101  0.00000
  1865    27.149  0.00000
  1866    27.193  0.00000
  1867    27.193  0.00000
  1868    27.286  0.00000
  1869    27.286  0.00000
  1870    27.296  0.00000
  1871    27.327  0.00000
  1872    27.327  0.00000
  1873    27.335  0.00000
  1874    27.335  0.00000
  1875    27.405  0.00000
  1876    27.419  0.00000
  1877    27.419  0.00000
  1878    27.677  0.00000
  1879    27.677  0.00000
  1880    27.714  0.00000
  1881    27.714  0.00000
  1882    27.796  0.00000
  1883    27.796  0.00000
  1884    27.881  0.00000
  1885    27.881  0.00000
  1886    27.898  0.00000
  1887    27.913  0.00000
  1888    28.016  0.00000
  1889    28.083  0.00000
  1890    28.096  0.00000
  1891    28.096  0.00000
  1892    28.149  0.00000
  1893    28.150  0.00000
  1894    28.155  0.00000
  1895    28.195  0.00000
  1896    28.195  0.00000
  1897    28.235  0.00000
  1898    28.290  0.00000
  1899    28.298  0.00000
  1900    28.298  0.00000
  1901    28.298  0.00000
  1902    28.304  0.00000
  1903    28.304  0.00000
  1904    28.451  0.00000
  1905    28.517  0.00000
  1906    28.530  0.00000
  1907    28.530  0.00000
  1908    28.538  0.00000
  1909    28.538  0.00000
  1910    28.650  0.00000
  1911    28.650  0.00000
  1912    28.691  0.00000
  1913    28.691  0.00000
  1914    28.733  0.00000
  1915    28.733  0.00000
  1916    28.757  0.00000
  1917    28.787  0.00000
  1918    28.851  0.00000
  1919    28.851  0.00000
  1920    28.943  0.00000
  1921    28.964  0.00000
  1922    28.968  0.00000
  1923    28.968  0.00000
  1924    28.977  0.00000
  1925    28.977  0.00000
  1926    29.007  0.00000
  1927    29.040  0.00000
  1928    29.040  0.00000
  1929    29.136  0.00000
  1930    29.136  0.00000
  1931    29.261  0.00000
  1932    29.261  0.00000
  1933    29.337  0.00000
  1934    29.337  0.00000
  1935    29.344  0.00000
  1936    29.423  0.00000
  1937    29.440  0.00000
  1938    29.458  0.00000
  1939    29.498  0.00000
  1940    29.498  0.00000
  1941    29.576  0.00000
  1942    29.576  0.00000
  1943    29.577  0.00000
  1944    29.635  0.00000
  1945    29.655  0.00000
  1946    29.822  0.00000
  1947    29.822  0.00000
  1948    29.839  0.00000
  1949    29.853  0.00000
  1950    29.853  0.00000
  1951    29.931  0.00000
  1952    29.931  0.00000
  1953    29.949  0.00000
  1954    30.021  0.00000
  1955    30.099  0.00000
  1956    30.099  0.00000
  1957    30.189  0.00000
  1958    30.189  0.00000
  1959    30.217  0.00000
  1960    30.217  0.00000
  1961    30.361  0.00000
  1962    30.361  0.00000
  1963    30.411  0.00000
  1964    30.413  0.00000
  1965    30.442  0.00000
  1966    30.442  0.00000
  1967    30.471  0.00000
  1968    30.619  0.00000
  1969    30.672  0.00000
  1970    30.672  0.00000
  1971    30.708  0.00000
  1972    30.716  0.00000
  1973    30.782  0.00000
  1974    30.782  0.00000
  1975    30.883  0.00000
  1976    30.883  0.00000
  1977    31.005  0.00000
  1978    31.016  0.00000
  1979    31.016  0.00000
  1980    31.154  0.00000

