 KPT            1  SPIN            1  KWEIGHT    1.0000000000000000     
     1   -20.480  2.00000
     2   -18.288  2.00000
     3   -18.287  2.00000
     4   -18.109  2.00000
     5   -18.109  2.00000
     6   -17.126  2.00000
     7   -13.814  2.00000
     8   -13.703  2.00000
     9   -13.703  2.00000
    10   -11.676  2.00000
    11   -11.675  2.00000
    12   -11.662  2.00000
    13   -11.541  2.00000
    14   -10.691  2.00000
    15    -9.001  2.00000
    16    -9.001  2.00000
    17    -8.496  2.00000
    18    -8.496  2.00000
    19    -8.144  2.00000
    20    -8.143  2.00000
    21    -7.571  2.00000
    22    -7.570  2.00000
    23    -7.211  2.00000
    24    -6.633  2.00000
    25    -2.535  0.00000
    26    -1.041  0.00000
    27    -1.041  0.00000
    28     0.055  0.00000
    29     0.057  0.00000
    30     0.918  0.00000
    31     1.770  0.00000
    32     1.771  0.00000
    33     5.717  0.00000
    34    10.856  0.00000
    35    10.858  0.00000
    36    14.302  0.00000
    37    15.495  0.00000
    38    19.037  0.00000
    39    19.041  0.00000
    40    20.322  0.00000
    41    20.323  0.00000
    42    22.584  0.00000
    43    22.591  0.00000
    44    25.605  0.00000
    45    27.107  0.00000
    46    56.448  0.00000
    47    56.458  0.00000
    48    58.075  0.00000

