 Fermi distribution function

Geometry optimization step: 23


********************************************************************************
 iSCC Total electronic   Diff electronic      SCC error    
    5   -0.21069697E+02   -0.44053650E-12    0.49405755E-05
********************************************************************************

 Total charge:    -0.00000000

 Atomic gross charges (e)
 Atom           Charge
    1       0.06158044
    2       0.06158206
    3       0.06159389
    4       0.06157820
    5       0.06159410
    6       0.06158926
    7      -0.06158418
    8      -0.06158701
    9      -0.06159959
   10      -0.06157378
   11      -0.06157802
   12      -0.06159538

Nr. of electrons (up):     48.00000000
Atom populations (up)
 Atom       Population
    1       3.93841956
    2       3.93841794
    3       3.93840611
    4       3.93842180
    5       3.93840590
    6       3.93841074
    7       4.06158418
    8       4.06158701
    9       4.06159959
   10       4.06157378
   11       4.06157802
   12       4.06159538

l-shell populations (up)
 Atom Sh.   l       Population
    1   1   0       1.16006258
    1   2   1       2.77835698
    2   1   0       1.16005892
    2   2   1       2.77835901
    3   1   0       1.16006458
    3   2   1       2.77834152
    4   1   0       1.16004342
    4   2   1       2.77837838
    5   1   0       1.16006230
    5   2   1       2.77834360
    6   1   0       1.16007834
    6   2   1       2.77833240
    7   1   0       1.19093817
    7   2   1       2.87064601
    8   1   0       1.19093878
    8   2   1       2.87064823
    9   1   0       1.19093478
    9   2   1       2.87066480
   10   1   0       1.19092894
   10   2   1       2.87064484
   11   1   0       1.19090430
   11   2   1       2.87067373
   12   1   0       1.19090450
   12   2   1       2.87069087

Orbital populations (up)
 Atom Sh.   l   m       Population  Label
    1   1   0   0       1.16006258  s
    1   2   1  -1       0.89936405  p_y
    1   2   1   0       1.00530720  p_z
    1   2   1   1       0.87368573  p_x
    2   1   0   0       1.16005892  s
    2   2   1  -1       0.89934370  p_y
    2   2   1   0       1.00529398  p_z
    2   2   1   1       0.87372134  p_x
    3   1   0   0       1.16006458  s
    3   2   1  -1       0.86089931  p_y
    3   2   1   0       1.00531044  p_z
    3   2   1   1       0.91213177  p_x
    4   1   0   0       1.16004342  s
    4   2   1  -1       0.89932154  p_y
    4   2   1   0       1.00530146  p_z
    4   2   1   1       0.87375538  p_x
    5   1   0   0       1.16006230  s
    5   2   1  -1       0.89931835  p_y
    5   2   1   0       1.00529691  p_z
    5   2   1   1       0.87372833  p_x
    6   1   0   0       1.16007834  s
    6   2   1  -1       0.86090326  p_y
    6   2   1   0       1.00531388  p_z
    6   2   1   1       0.91211525  p_x
    7   1   0   0       1.19093817  s
    7   2   1  -1       0.86052730  p_y
    7   2   1   0       0.99469373  p_z
    7   2   1   1       1.01542498  p_x
    8   1   0   0       1.19093878  s
    8   2   1  -1       0.86052553  p_y
    8   2   1   0       0.99469421  p_z
    8   2   1   1       1.01542850  p_x
    9   1   0   0       1.19093478  s
    9   2   1  -1       0.97666029  p_y
    9   2   1   0       0.99469784  p_z
    9   2   1   1       0.89930667  p_x
   10   1   0   0       1.19092894  s
   10   2   1  -1       0.97666654  p_y
   10   2   1   0       0.99469112  p_z
   10   2   1   1       0.89928718  p_x
   11   1   0   0       1.19090430  s
   11   2   1  -1       0.97661836  p_y
   11   2   1   0       0.99469631  p_z
   11   2   1   1       0.89935906  p_x
   12   1   0   0       1.19090450  s
   12   2   1  -1       0.97669234  p_y
   12   2   1   0       0.99470183  p_z
   12   2   1   1       0.89929670  p_x

Fermi level:                        -0.1684563146 H           -4.5839 eV
Band energy:                       -21.2507299776 H         -578.2618 eV
TS:                                  0.0000000000 H            0.0000 eV
Band free energy (E-TS):           -21.2507299776 H         -578.2618 eV
Extrapolated E(0K):                -21.2507299776 H         -578.2618 eV
Input / Output electrons (q):     48.0000000000     48.0000000000

Energy H0:                         -21.0739524282 H         -573.4514 eV
Energy SCC:                          0.0042257955 H            0.1150 eV
Energy 3rd:                          0.0000299800 H            0.0008 eV
Total Electronic energy:           -21.0696966527 H         -573.3356 eV
Repulsive energy:                    0.6576287773 H           17.8950 eV
Dispersion energy:                  -0.0239000518 H           -0.6504 eV
Total energy:                      -20.4359679272 H         -556.0910 eV
Extrapolated to 0:                 -20.4359679272 H         -556.0910 eV
Total Mermin free energy:          -20.4359679272 H         -556.0910 eV
Force related energy:              -20.4359679272 H         -556.0910 eV

SCC converged

Full geometry written in geo_opt_out.{xyz|gen}

Total Forces
    1      0.000033957771     -0.000032396936      0.000006037088
    2      0.000030526195     -0.000016261556      0.000010849008
    3      0.000012525577     -0.000013856670     -0.000018976747
    4      0.000000060246      0.000011806024     -0.000000399281
    5     -0.000035331377      0.000032265376      0.000004438406
    6     -0.000038616856      0.000017821317     -0.000017964783
    7     -0.000022355094     -0.000011685947      0.000010188971
    8     -0.000020312701      0.000021447130      0.000011063639
    9      0.000056631231      0.000016083373     -0.000015133498
   10     -0.000084732508     -0.000057049107     -0.000002402450
   11      0.000007862330     -0.000017648963      0.000000157507
   12      0.000059785185      0.000049475960      0.000012142139

Total stress tensor
      0.000000010825     -0.000000034046     -0.000000000004
     -0.000000034046     -0.000000027649     -0.000000000042
     -0.000000000004     -0.000000000042     -0.000000000005

Total lattice derivs
     -0.000013317733      0.000041883388      0.000000004639
      0.000042928815      0.000008511114      0.000000042200
      0.000000000270      0.000000000057      0.000000000775

Maximal derivative component:        0.847325E-04 au

Volume:                              0.138704E+05 au^3
Pressure:                           -0.560956E-08 au    -0.165039E+06 Pa

Warning: dipole moment is not defined absolutely!
Dipole moment:   -1.38873495   -0.80185051   -0.00153703 au
Dipole moment:   -3.52981244   -2.03810088   -0.00390674 Debye

Geometry converged

