 KPT            1  SPIN            1  KWEIGHT    1.0000000000000000     
     1   -20.448  2.00000
     2   -20.283  2.00000
     3   -20.283  2.00000
     4   -20.283  2.00000
     5   -20.283  2.00000
     6   -20.283  2.00000
     7   -20.283  2.00000
     8   -20.162  2.00000
     9   -20.162  2.00000
    10   -19.121  2.00000
    11   -19.121  2.00000
    12   -19.121  2.00000
    13   -19.121  2.00000
    14   -19.064  2.00000
    15   -19.064  2.00000
    16   -19.064  2.00000
    17   -19.064  2.00000
    18   -19.064  2.00000
    19   -19.064  2.00000
    20   -18.704  2.00000
    21   -18.704  2.00000
    22   -18.704  2.00000
    23   -18.704  2.00000
    24   -18.704  2.00000
    25   -18.703  2.00000
    26   -18.257  2.00000
    27   -18.257  2.00000
    28   -18.092  2.00000
    29   -18.092  2.00000
    30   -17.829  2.00000
    31   -17.829  2.00000
    32   -17.829  2.00000
    33   -17.829  2.00000
    34   -17.829  2.00000
    35   -17.829  2.00000
    36   -17.550  2.00000
    37   -17.550  2.00000
    38   -17.269  2.00000
    39   -17.269  2.00000
    40   -17.269  2.00000
    41   -17.269  2.00000
    42   -17.269  2.00000
    43   -17.269  2.00000
    44   -17.145  2.00000
    45   -16.654  2.00000
    46   -16.654  2.00000
    47   -16.654  2.00000
    48   -16.654  2.00000
    49   -16.307  2.00000
    50   -16.307  2.00000
    51   -16.307  2.00000
    52   -16.307  2.00000
    53   -16.307  2.00000
    54   -16.307  2.00000
    55   -15.224  2.00000
    56   -15.224  2.00000
    57   -15.224  2.00000
    58   -15.224  2.00000
    59   -15.224  2.00000
    60   -15.224  2.00000
    61   -14.878  2.00000
    62   -14.878  2.00000
    63   -14.878  2.00000
    64   -14.878  2.00000
    65   -14.313  2.00000
    66   -14.313  2.00000
    67   -14.313  2.00000
    68   -14.313  2.00000
    69   -14.313  2.00000
    70   -14.313  2.00000
    71   -13.756  2.00000
    72   -13.710  2.00000
    73   -13.710  2.00000
    74   -13.625  2.00000
    75   -13.625  2.00000
    76   -12.689  2.00000
    77   -12.689  2.00000
    78   -12.689  2.00000
    79   -12.689  2.00000
    80   -12.689  2.00000
    81   -12.689  2.00000
    82   -12.580  2.00000
    83   -12.580  2.00000
    84   -12.580  2.00000
    85   -12.580  2.00000
    86   -12.580  2.00000
    87   -12.580  2.00000
    88   -11.665  2.00000
    89   -11.665  2.00000
    90   -11.636  2.00000
    91   -11.502  2.00000
    92   -11.440  2.00000
    93   -11.440  2.00000
    94   -11.236  2.00000
    95   -11.236  2.00000
    96   -11.236  2.00000
    97   -11.236  2.00000
    98   -11.236  2.00000
    99   -11.235  2.00000
   100   -11.078  2.00000
   101   -11.078  2.00000
   102   -11.078  2.00000
   103   -11.078  2.00000
   104   -11.078  2.00000
   105   -11.078  2.00000
   106   -11.068  2.00000
   107   -11.068  2.00000
   108   -10.737  2.00000
   109   -10.737  2.00000
   110   -10.737  2.00000
   111   -10.737  2.00000
   112   -10.651  2.00000
   113   -10.432  2.00000
   114   -10.432  2.00000
   115   -10.432  2.00000
   116   -10.432  2.00000
   117   -10.432  2.00000
   118   -10.432  2.00000
   119   -10.381  2.00000
   120   -10.381  2.00000
   121   -10.381  2.00000
   122   -10.381  2.00000
   123   -10.381  2.00000
   124   -10.381  2.00000
   125   -10.247  2.00000
   126   -10.247  2.00000
   127    -9.685  2.00000
   128    -9.685  2.00000
   129    -9.685  2.00000
   130    -9.685  2.00000
   131    -9.639  2.00000
   132    -9.639  2.00000
   133    -9.639  2.00000
   134    -9.639  2.00000
   135    -9.639  2.00000
   136    -9.639  2.00000
   137    -9.428  2.00000
   138    -9.428  2.00000
   139    -9.428  2.00000
   140    -9.428  2.00000
   141    -9.428  2.00000
   142    -9.428  2.00000
   143    -9.386  2.00000
   144    -9.385  2.00000
   145    -9.385  2.00000
   146    -9.385  2.00000
   147    -9.285  2.00000
   148    -9.285  2.00000
   149    -9.285  2.00000
   150    -9.285  2.00000
   151    -9.285  2.00000
   152    -9.285  2.00000
   153    -8.975  2.00000
   154    -8.975  2.00000
   155    -8.929  2.00000
   156    -8.929  2.00000
   157    -8.929  2.00000
   158    -8.929  2.00000
   159    -8.929  2.00000
   160    -8.929  2.00000
   161    -8.480  2.00000
   162    -8.480  2.00000
   163    -8.113  2.00000
   164    -8.113  2.00000
   165    -7.959  2.00000
   166    -7.959  2.00000
   167    -7.959  2.00000
   168    -7.959  2.00000
   169    -7.959  2.00000
   170    -7.959  2.00000
   171    -7.843  2.00000
   172    -7.843  2.00000
   173    -7.612  2.00000
   174    -7.611  2.00000
   175    -7.611  2.00000
   176    -7.611  2.00000
   177    -7.594  2.00000
   178    -7.594  2.00000
   179    -7.557  2.00000
   180    -7.557  2.00000
   181    -7.557  2.00000
   182    -7.557  2.00000
   183    -7.557  2.00000
   184    -7.557  2.00000
   185    -7.415  2.00000
   186    -7.415  2.00000
   187    -7.415  2.00000
   188    -7.415  2.00000
   189    -7.415  2.00000
   190    -7.415  2.00000
   191    -7.409  2.00000
   192    -7.409  2.00000
   193    -7.409  2.00000
   194    -7.409  2.00000
   195    -7.409  2.00000
   196    -7.409  2.00000
   197    -7.274  2.00000
   198    -7.272  2.00000
   199    -7.272  2.00000
   200    -7.272  2.00000
   201    -7.272  2.00000
   202    -7.272  2.00000
   203    -7.272  2.00000
   204    -7.213  2.00000
   205    -7.213  2.00000
   206    -6.707  2.00000
   207    -6.330  2.00000
   208    -6.330  2.00000
   209    -6.330  2.00000
   210    -6.330  2.00000
   211    -5.813  2.00000
   212    -5.813  2.00000
   213    -5.813  2.00000
   214    -5.812  2.00000
   215    -5.812  2.00000
   216    -5.812  2.00000
   217    -3.875  0.00000
   218    -3.875  0.00000
   219    -3.875  0.00000
   220    -3.875  0.00000
   221    -3.875  0.00000
   222    -3.875  0.00000
   223    -3.291  0.00000
   224    -3.291  0.00000
   225    -3.290  0.00000
   226    -3.290  0.00000
   227    -2.460  0.00000
   228    -2.019  0.00000
   229    -2.019  0.00000
   230    -2.019  0.00000
   231    -2.019  0.00000
   232    -2.019  0.00000
   233    -2.019  0.00000
   234    -1.148  0.00000
   235    -1.148  0.00000
   236    -0.332  0.00000
   237    -0.332  0.00000
   238    -0.332  0.00000
   239    -0.332  0.00000
   240    -0.332  0.00000
   241    -0.332  0.00000
   242    -0.203  0.00000
   243    -0.203  0.00000
   244     0.063  0.00000
   245     0.064  0.00000
   246     0.121  0.00000
   247     0.121  0.00000
   248     0.121  0.00000
   249     0.121  0.00000
   250     0.121  0.00000
   251     0.121  0.00000
   252     0.194  0.00000
   253     0.194  0.00000
   254     0.194  0.00000
   255     0.194  0.00000
   256     0.347  0.00000
   257     0.347  0.00000
   258     0.348  0.00000
   259     0.348  0.00000
   260     0.348  0.00000
   261     0.348  0.00000
   262     0.557  0.00000
   263     0.557  0.00000
   264     0.557  0.00000
   265     0.557  0.00000
   266     0.558  0.00000
   267     0.558  0.00000
   268     0.655  0.00000
   269     0.655  0.00000
   270     0.937  0.00000
   271     1.707  0.00000
   272     1.707  0.00000
   273     2.118  0.00000
   274     2.118  0.00000
   275     2.118  0.00000
   276     2.118  0.00000
   277     2.118  0.00000
   278     2.118  0.00000
   279     2.714  0.00000
   280     2.714  0.00000
   281     2.714  0.00000
   282     2.714  0.00000
   283     2.714  0.00000
   284     2.715  0.00000
   285     3.106  0.00000
   286     3.106  0.00000
   287     3.106  0.00000
   288     3.107  0.00000
   289     3.718  0.00000
   290     3.718  0.00000
   291     4.713  0.00000
   292     4.714  0.00000
   293     4.714  0.00000
   294     4.714  0.00000
   295     4.714  0.00000
   296     4.714  0.00000
   297     5.521  0.00000
   298     9.459  0.00000
   299     9.459  0.00000
   300     9.904  0.00000
   301     9.905  0.00000
   302     9.905  0.00000
   303     9.905  0.00000
   304     9.906  0.00000
   305     9.906  0.00000
   306    10.142  0.00000
   307    10.143  0.00000
   308    10.762  0.00000
   309    10.762  0.00000
   310    10.763  0.00000
   311    10.763  0.00000
   312    10.763  0.00000
   313    10.763  0.00000
   314    12.205  0.00000
   315    12.205  0.00000
   316    12.205  0.00000
   317    12.206  0.00000
   318    13.428  0.00000
   319    14.081  0.00000
   320    14.082  0.00000
   321    14.082  0.00000
   322    14.083  0.00000
   323    14.083  0.00000
   324    14.084  0.00000
   325    14.141  0.00000
   326    14.141  0.00000
   327    14.142  0.00000
   328    14.142  0.00000
   329    14.142  0.00000
   330    14.143  0.00000
   331    14.349  0.00000
   332    16.906  0.00000
   333    16.906  0.00000
   334    16.907  0.00000
   335    16.907  0.00000
   336    18.102  0.00000
   337    18.102  0.00000
   338    18.103  0.00000
   339    18.103  0.00000
   340    18.103  0.00000
   341    18.104  0.00000
   342    18.143  0.00000
   343    18.143  0.00000
   344    18.144  0.00000
   345    18.144  0.00000
   346    18.144  0.00000
   347    18.144  0.00000
   348    18.344  0.00000
   349    18.344  0.00000
   350    18.346  0.00000
   351    18.346  0.00000
   352    18.348  0.00000
   353    18.348  0.00000
   354    18.747  0.00000
   355    18.748  0.00000
   356    18.932  0.00000
   357    18.932  0.00000
   358    18.932  0.00000
   359    18.933  0.00000
   360    18.933  0.00000
   361    18.933  0.00000
   362    19.949  0.00000
   363    19.950  0.00000
   364    19.950  0.00000
   365    19.950  0.00000
   366    19.951  0.00000
   367    19.951  0.00000
   368    19.952  0.00000
   369    19.953  0.00000
   370    21.185  0.00000
   371    21.186  0.00000
   372    21.653  0.00000
   373    21.654  0.00000
   374    21.654  0.00000
   375    21.654  0.00000
   376    21.655  0.00000
   377    21.655  0.00000
   378    22.237  0.00000
   379    22.238  0.00000
   380    22.238  0.00000
   381    22.238  0.00000
   382    22.239  0.00000
   383    22.239  0.00000
   384    22.717  0.00000
   385    22.717  0.00000
   386    22.718  0.00000
   387    22.718  0.00000
   388    24.358  0.00000
   389    24.359  0.00000
   390    24.712  0.00000
   391    24.712  0.00000
   392    24.712  0.00000
   393    24.713  0.00000
   394    24.713  0.00000
   395    24.713  0.00000
   396    25.246  0.00000
   397    26.753  0.00000
   398    27.557  0.00000
   399    27.557  0.00000
   400    27.557  0.00000
   401    27.557  0.00000
   402    27.558  0.00000
   403    27.558  0.00000
   404    27.811  0.00000
   405    27.812  0.00000
   406    55.930  0.00000
   407    55.930  0.00000
   408    56.060  0.00000
   409    56.062  0.00000
   410    56.062  0.00000
   411    56.064  0.00000
   412    56.064  0.00000
   413    56.064  0.00000
   414    56.339  0.00000
   415    56.341  0.00000
   416    56.676  0.00000
   417    56.676  0.00000
   418    56.677  0.00000
   419    56.678  0.00000
   420    56.679  0.00000
   421    56.680  0.00000
   422    57.105  0.00000
   423    57.106  0.00000
   424    57.108  0.00000
   425    57.109  0.00000
   426    57.519  0.00000
   427    57.522  0.00000
   428    57.522  0.00000
   429    57.522  0.00000
   430    57.524  0.00000
   431    57.524  0.00000
   432    57.814  0.00000

