 Fermi distribution function

Geometry optimization step: 51


********************************************************************************
 iSCC Total electronic   Diff electronic      SCC error    
    5   -0.18895464E+03   -0.47180038E-11    0.45142280E-05
********************************************************************************

 Total charge:    -0.00000000

 Atomic gross charges (e)
 Atom           Charge
    1      -0.06186506
    2      -0.06185437
    3      -0.06184973
    4      -0.06187214
    5      -0.06185763
    6      -0.06185506
    7       0.06186467
    8       0.06186359
    9       0.06185812
   10       0.06187120
   11       0.06184655
   12       0.06185186
   13      -0.06186995
   14       0.06186934
   15      -0.06184491
   16       0.06184095
   17       0.06186064
   18       0.06187532
   19       0.06184965
   20       0.06186433
   21      -0.06185957
   22      -0.06185767
   23      -0.06185589
   24      -0.06187181
   25      -0.06186512
   26      -0.06185128
   27       0.06184689
   28       0.06186303
   29       0.06186378
   30       0.06185272
   31       0.06186581
   32       0.06186183
   33      -0.06186657
   34      -0.06186277
   35      -0.06186202
   36      -0.06185972
   37      -0.06186352
   38      -0.06185806
   39       0.06187047
   40       0.06184940
   41       0.06185977
   42       0.06186282
   43       0.06186000
   44       0.06187466
   45       0.06184991
   46       0.06185709
   47       0.06186685
   48       0.06184715
   49      -0.06186704
   50      -0.06187446
   51      -0.06185524
   52      -0.06186619
   53      -0.06186239
   54      -0.06184889
   55       0.06185046
   56       0.06187086
   57      -0.06186631
   58      -0.06186224
   59      -0.06185513
   60      -0.06185048
   61       0.06186791
   62       0.06186709
   63       0.06185337
   64       0.06185212
   65      -0.06187651
   66      -0.06184545
   67      -0.06186348
   68      -0.06185520
   69      -0.06185552
   70      -0.06186243
   71       0.06187249
   72       0.06185479
   73       0.06185423
   74       0.06186943
   75       0.06184885
   76       0.06186255
   77       0.06186852
   78       0.06187232
   79       0.06185029
   80       0.06185691
   81      -0.06187825
   82      -0.06184805
   83      -0.06185982
   84      -0.06185040
   85      -0.06185845
   86      -0.06186008
   87       0.06185753
   88       0.06186187
   89      -0.06186357
   90      -0.06185438
   91      -0.06184899
   92      -0.06186962
   93      -0.06186228
   94      -0.06186156
   95       0.06185677
   96       0.06186514
   97       0.06185569
   98       0.06185477
   99       0.06186949
  100       0.06185925
  101      -0.06185746
  102      -0.06185832
  103      -0.06185451
  104      -0.06187133
  105      -0.06185819
  106      -0.06185484
  107       0.06186991
  108       0.06184888

Nr. of electrons (up):    432.00000000
Atom populations (up)
 Atom       Population
    1       4.06186506
    2       4.06185437
    3       4.06184973
    4       4.06187214
    5       4.06185763
    6       4.06185506
    7       3.93813533
    8       3.93813641
    9       3.93814188
   10       3.93812880
   11       3.93815345
   12       3.93814814
   13       4.06186995
   14       3.93813066
   15       4.06184491
   16       3.93815905
   17       3.93813936
   18       3.93812468
   19       3.93815035
   20       3.93813567
   21       4.06185957
   22       4.06185767
   23       4.06185589
   24       4.06187181
   25       4.06186512
   26       4.06185128
   27       3.93815311
   28       3.93813697
   29       3.93813622
   30       3.93814728
   31       3.93813419
   32       3.93813817
   33       4.06186657
   34       4.06186277
   35       4.06186202
   36       4.06185972
   37       4.06186352
   38       4.06185806
   39       3.93812953
   40       3.93815060
   41       3.93814023
   42       3.93813718
   43       3.93814000
   44       3.93812534
   45       3.93815009
   46       3.93814291
   47       3.93813315
   48       3.93815285
   49       4.06186704
   50       4.06187446
   51       4.06185524
   52       4.06186619
   53       4.06186239
   54       4.06184889
   55       3.93814954
   56       3.93812914
   57       4.06186631
   58       4.06186224
   59       4.06185513
   60       4.06185048
   61       3.93813209
   62       3.93813291
   63       3.93814663
   64       3.93814788
   65       4.06187651
   66       4.06184545
   67       4.06186348
   68       4.06185520
   69       4.06185552
   70       4.06186243
   71       3.93812751
   72       3.93814521
   73       3.93814577
   74       3.93813057
   75       3.93815115
   76       3.93813745
   77       3.93813148
   78       3.93812768
   79       3.93814971
   80       3.93814309
   81       4.06187825
   82       4.06184805
   83       4.06185982
   84       4.06185040
   85       4.06185845
   86       4.06186008
   87       3.93814247
   88       3.93813813
   89       4.06186357
   90       4.06185438
   91       4.06184899
   92       4.06186962
   93       4.06186228
   94       4.06186156
   95       3.93814323
   96       3.93813486
   97       3.93814431
   98       3.93814523
   99       3.93813051
  100       3.93814075
  101       4.06185746
  102       4.06185832
  103       4.06185451
  104       4.06187133
  105       4.06185819
  106       4.06185484
  107       3.93813009
  108       3.93815112

l-shell populations (up)
 Atom Sh.   l       Population
    1   1   0       1.19467227
    1   2   1       2.86719279
    2   1   0       1.19467298
    2   2   1       2.86718138
    3   1   0       1.19463892
    3   2   1       2.86721081
    4   1   0       1.19464962
    4   2   1       2.86722252
    5   1   0       1.19467114
    5   2   1       2.86718648
    6   1   0       1.19467387
    6   2   1       2.86718119
    7   1   0       1.16949577
    7   2   1       2.76863956
    8   1   0       1.16948018
    8   2   1       2.76865622
    9   1   0       1.16949150
    9   2   1       2.76865038
   10   1   0       1.16948242
   10   2   1       2.76864638
   11   1   0       1.16950705
   11   2   1       2.76864640
   12   1   0       1.16951047
   12   2   1       2.76863767
   13   1   0       1.19467107
   13   2   1       2.86719888
   14   1   0       1.16949721
   14   2   1       2.76863345
   15   1   0       1.19464743
   15   2   1       2.86719748
   16   1   0       1.16950646
   16   2   1       2.76865259
   17   1   0       1.16948923
   17   2   1       2.76865014
   18   1   0       1.16949236
   18   2   1       2.76863233
   19   1   0       1.16947591
   19   2   1       2.76867444
   20   1   0       1.16949781
   20   2   1       2.76863786
   21   1   0       1.19467642
   21   2   1       2.86718315
   22   1   0       1.19467410
   22   2   1       2.86718358
   23   1   0       1.19464476
   23   2   1       2.86721114
   24   1   0       1.19464863
   24   2   1       2.86722319
   25   1   0       1.19467604
   25   2   1       2.86718908
   26   1   0       1.19468076
   26   2   1       2.86717052
   27   1   0       1.16949580
   27   2   1       2.76865732
   28   1   0       1.16949803
   28   2   1       2.76863895
   29   1   0       1.16948968
   29   2   1       2.76864654
   30   1   0       1.16949706
   30   2   1       2.76865023
   31   1   0       1.16949626
   31   2   1       2.76863793
   32   1   0       1.16950186
   32   2   1       2.76863630
   33   1   0       1.19467812
   33   2   1       2.86718845
   34   1   0       1.19467570
   34   2   1       2.86718706
   35   1   0       1.19466369
   35   2   1       2.86719833
   36   1   0       1.19466512
   36   2   1       2.86719460
   37   1   0       1.19467135
   37   2   1       2.86719217
   38   1   0       1.19466889
   38   2   1       2.86718917
   39   1   0       1.16948598
   39   2   1       2.76864355
   40   1   0       1.16949339
   40   2   1       2.76865722
   41   1   0       1.16949779
   41   2   1       2.76864245
   42   1   0       1.16949066
   42   2   1       2.76864652
   43   1   0       1.16948832
   43   2   1       2.76865167
   44   1   0       1.16947259
   44   2   1       2.76865276
   45   1   0       1.16949534
   45   2   1       2.76865475
   46   1   0       1.16948343
   46   2   1       2.76865948
   47   1   0       1.16950093
   47   2   1       2.76863222
   48   1   0       1.16953184
   48   2   1       2.76862101
   49   1   0       1.19470723
   49   2   1       2.86715981
   50   1   0       1.19469867
   50   2   1       2.86717580
   51   1   0       1.19466913
   51   2   1       2.86718612
   52   1   0       1.19467977
   52   2   1       2.86718642
   53   1   0       1.19465514
   53   2   1       2.86720725
   54   1   0       1.19465765
   54   2   1       2.86719125
   55   1   0       1.16951867
   55   2   1       2.76863087
   56   1   0       1.16947839
   56   2   1       2.76865075
   57   1   0       1.19468152
   57   2   1       2.86718479
   58   1   0       1.19468530
   58   2   1       2.86717694
   59   1   0       1.19465581
   59   2   1       2.86719932
   60   1   0       1.19466159
   60   2   1       2.86718889
   61   1   0       1.16945744
   61   2   1       2.76867464
   62   1   0       1.16947616
   62   2   1       2.76865675
   63   1   0       1.16951679
   63   2   1       2.76862983
   64   1   0       1.16951518
   64   2   1       2.76863271
   65   1   0       1.19467232
   65   2   1       2.86720419
   66   1   0       1.19465921
   66   2   1       2.86718624
   67   1   0       1.19468773
   67   2   1       2.86717574
   68   1   0       1.19467390
   68   2   1       2.86718130
   69   1   0       1.19465703
   69   2   1       2.86719849
   70   1   0       1.19465940
   70   2   1       2.86720303
   71   1   0       1.16948142
   71   2   1       2.76864609
   72   1   0       1.16950185
   72   2   1       2.76864336
   73   1   0       1.16949408
   73   2   1       2.76865169
   74   1   0       1.16950187
   74   2   1       2.76862870
   75   1   0       1.16951017
   75   2   1       2.76864099
   76   1   0       1.16948269
   76   2   1       2.76865476
   77   1   0       1.16947541
   77   2   1       2.76865607
   78   1   0       1.16947533
   78   2   1       2.76865235
   79   1   0       1.16948888
   79   2   1       2.76866083
   80   1   0       1.16951978
   80   2   1       2.76862331
   81   1   0       1.19468640
   81   2   1       2.86719185
   82   1   0       1.19467310
   82   2   1       2.86717494
   83   1   0       1.19465867
   83   2   1       2.86720115
   84   1   0       1.19464496
   84   2   1       2.86720544
   85   1   0       1.19465674
   85   2   1       2.86720171
   86   1   0       1.19466411
   86   2   1       2.86719597
   87   1   0       1.16948008
   87   2   1       2.76866238
   88   1   0       1.16947175
   88   2   1       2.76866638
   89   1   0       1.19464916
   89   2   1       2.86721441
   90   1   0       1.19465196
   90   2   1       2.86720242
   91   1   0       1.19465425
   91   2   1       2.86719474
   92   1   0       1.19465580
   92   2   1       2.86721381
   93   1   0       1.19468945
   93   2   1       2.86717283
   94   1   0       1.19469339
   94   2   1       2.86716817
   95   1   0       1.16948285
   95   2   1       2.76866038
   96   1   0       1.16951382
   96   2   1       2.76862104
   97   1   0       1.16952183
   97   2   1       2.76862248
   98   1   0       1.16949929
   98   2   1       2.76864594
   99   1   0       1.16949671
   99   2   1       2.76863380
  100   1   0       1.16947363
  100   2   1       2.76866712
  101   1   0       1.19465288
  101   2   1       2.86720458
  102   1   0       1.19465578
  102   2   1       2.86720253
  103   1   0       1.19467239
  103   2   1       2.86718212
  104   1   0       1.19468080
  104   2   1       2.86719053
  105   1   0       1.19466637
  105   2   1       2.86719182
  106   1   0       1.19465996
  106   2   1       2.86719488
  107   1   0       1.16949092
  107   2   1       2.76863917
  108   1   0       1.16947161
  108   2   1       2.76867951

Orbital populations (up)
 Atom Sh.   l   m       Population  Label
    1   1   0   0       1.19467227  s
    1   2   1  -1       0.85936131  p_y
    1   2   1   0       0.99412113  p_z
    1   2   1   1       1.01371035  p_x
    2   1   0   0       1.19467298  s
    2   2   1  -1       0.85936797  p_y
    2   2   1   0       0.99410967  p_z
    2   2   1   1       1.01370374  p_x
    3   1   0   0       1.19463892  s
    3   2   1  -1       0.97491796  p_y
    3   2   1   0       0.99411060  p_z
    3   2   1   1       0.89818225  p_x
    4   1   0   0       1.19464962  s
    4   2   1  -1       0.97497034  p_y
    4   2   1   0       0.99411974  p_z
    4   2   1   1       0.89813244  p_x
    5   1   0   0       1.19467114  s
    5   2   1  -1       0.97516952  p_y
    5   2   1   0       0.99411318  p_z
    5   2   1   1       0.89790378  p_x
    6   1   0   0       1.19467387  s
    6   2   1  -1       0.97518678  p_y
    6   2   1   0       0.99411536  p_z
    6   2   1   1       0.89787905  p_x
    7   1   0   0       1.16949577  s
    7   2   1  -1       0.88979737  p_y
    7   2   1   0       1.00587649  p_z
    7   2   1   1       0.87296570  p_x
    8   1   0   0       1.16948018  s
    8   2   1  -1       0.88979388  p_y
    8   2   1   0       1.00587816  p_z
    8   2   1   1       0.87298418  p_x
    9   1   0   0       1.16949150  s
    9   2   1  -1       0.86456610  p_y
    9   2   1   0       1.00589324  p_z
    9   2   1   1       0.89819105  p_x
   10   1   0   0       1.16948242  s
   10   2   1  -1       0.88979552  p_y
   10   2   1   0       1.00588247  p_z
   10   2   1   1       0.87296838  p_x
   11   1   0   0       1.16950705  s
   11   2   1  -1       0.88977273  p_y
   11   2   1   0       1.00589629  p_z
   11   2   1   1       0.87297738  p_x
   12   1   0   0       1.16951047  s
   12   2   1  -1       0.86455783  p_y
   12   2   1   0       1.00588224  p_z
   12   2   1   1       0.89819760  p_x
   13   1   0   0       1.19467107  s
   13   2   1  -1       0.85937239  p_y
   13   2   1   0       0.99411264  p_z
   13   2   1   1       1.01371385  p_x
   14   1   0   0       1.16949721  s
   14   2   1  -1       0.88979366  p_y
   14   2   1   0       1.00586640  p_z
   14   2   1   1       0.87297340  p_x
   15   1   0   0       1.19464743  s
   15   2   1  -1       0.85937519  p_y
   15   2   1   0       0.99411843  p_z
   15   2   1   1       1.01370386  p_x
   16   1   0   0       1.16950646  s
   16   2   1  -1       0.88978155  p_y
   16   2   1   0       1.00590768  p_z
   16   2   1   1       0.87296336  p_x
   17   1   0   0       1.16948923  s
   17   2   1  -1       0.86458695  p_y
   17   2   1   0       1.00587163  p_z
   17   2   1   1       0.89819156  p_x
   18   1   0   0       1.16949236  s
   18   2   1  -1       0.88979179  p_y
   18   2   1   0       1.00588773  p_z
   18   2   1   1       0.87295280  p_x
   19   1   0   0       1.16947591  s
   19   2   1  -1       0.88978351  p_y
   19   2   1   0       1.00588074  p_z
   19   2   1   1       0.87301019  p_x
   20   1   0   0       1.16949781  s
   20   2   1  -1       0.86454395  p_y
   20   2   1   0       1.00589124  p_z
   20   2   1   1       0.89820267  p_x
   21   1   0   0       1.19467642  s
   21   2   1  -1       0.85935911  p_y
   21   2   1   0       0.99411572  p_z
   21   2   1   1       1.01370832  p_x
   22   1   0   0       1.19467410  s
   22   2   1  -1       0.85936377  p_y
   22   2   1   0       0.99411493  p_z
   22   2   1   1       1.01370488  p_x
   23   1   0   0       1.19464476  s
   23   2   1  -1       0.97508862  p_y
   23   2   1   0       0.99411264  p_z
   23   2   1   1       0.89800987  p_x
   24   1   0   0       1.19464863  s
   24   2   1  -1       0.97511601  p_y
   24   2   1   0       0.99411898  p_z
   24   2   1   1       0.89798820  p_x
   25   1   0   0       1.19467604  s
   25   2   1  -1       0.97506611  p_y
   25   2   1   0       0.99412046  p_z
   25   2   1   1       0.89800251  p_x
   26   1   0   0       1.19468076  s
   26   2   1  -1       0.97509220  p_y
   26   2   1   0       0.99410920  p_z
   26   2   1   1       0.89796911  p_x
   27   1   0   0       1.16949580  s
   27   2   1  -1       0.88979951  p_y
   27   2   1   0       1.00588618  p_z
   27   2   1   1       0.87297162  p_x
   28   1   0   0       1.16949803  s
   28   2   1  -1       0.88974681  p_y
   28   2   1   0       1.00589415  p_z
   28   2   1   1       0.87299800  p_x
   29   1   0   0       1.16948968  s
   29   2   1  -1       0.86458203  p_y
   29   2   1   0       1.00587703  p_z
   29   2   1   1       0.89818747  p_x
   30   1   0   0       1.16949706  s
   30   2   1  -1       0.88981711  p_y
   30   2   1   0       1.00589415  p_z
   30   2   1   1       0.87293897  p_x
   31   1   0   0       1.16949626  s
   31   2   1  -1       0.88975434  p_y
   31   2   1   0       1.00587829  p_z
   31   2   1   1       0.87300529  p_x
   32   1   0   0       1.16950186  s
   32   2   1  -1       0.86455747  p_y
   32   2   1   0       1.00587900  p_z
   32   2   1   1       0.89819983  p_x
   33   1   0   0       1.19467812  s
   33   2   1  -1       0.85936250  p_y
   33   2   1   0       0.99411724  p_z
   33   2   1   1       1.01370871  p_x
   34   1   0   0       1.19467570  s
   34   2   1  -1       0.85936905  p_y
   34   2   1   0       0.99411391  p_z
   34   2   1   1       1.01370410  p_x
   35   1   0   0       1.19466369  s
   35   2   1  -1       0.97512309  p_y
   35   2   1   0       0.99411870  p_z
   35   2   1   1       0.89795654  p_x
   36   1   0   0       1.19466512  s
   36   2   1  -1       0.97530651  p_y
   36   2   1   0       0.99411141  p_z
   36   2   1   1       0.89777668  p_x
   37   1   0   0       1.19467135  s
   37   2   1  -1       0.97504224  p_y
   37   2   1   0       0.99411008  p_z
   37   2   1   1       0.89803985  p_x
   38   1   0   0       1.19466889  s
   38   2   1  -1       0.97489906  p_y
   38   2   1   0       0.99411824  p_z
   38   2   1   1       0.89817187  p_x
   39   1   0   0       1.16948598  s
   39   2   1  -1       0.88979087  p_y
   39   2   1   0       1.00587246  p_z
   39   2   1   1       0.87298023  p_x
   40   1   0   0       1.16949339  s
   40   2   1  -1       0.88979297  p_y
   40   2   1   0       1.00589623  p_z
   40   2   1   1       0.87296802  p_x
   41   1   0   0       1.16949779  s
   41   2   1  -1       0.86455314  p_y
   41   2   1   0       1.00588230  p_z
   41   2   1   1       0.89820702  p_x
   42   1   0   0       1.16949066  s
   42   2   1  -1       0.88979553  p_y
   42   2   1   0       1.00588417  p_z
   42   2   1   1       0.87296682  p_x
   43   1   0   0       1.16948832  s
   43   2   1  -1       0.88980528  p_y
   43   2   1   0       1.00588217  p_z
   43   2   1   1       0.87296422  p_x
   44   1   0   0       1.16947259  s
   44   2   1  -1       0.88976645  p_y
   44   2   1   0       1.00587846  p_z
   44   2   1   1       0.87300785  p_x
   45   1   0   0       1.16949534  s
   45   2   1  -1       0.86457442  p_y
   45   2   1   0       1.00589279  p_z
   45   2   1   1       0.89818753  p_x
   46   1   0   0       1.16948343  s
   46   2   1  -1       0.88982425  p_y
   46   2   1   0       1.00588526  p_z
   46   2   1   1       0.87294997  p_x
   47   1   0   0       1.16950093  s
   47   2   1  -1       0.88976948  p_y
   47   2   1   0       1.00587944  p_z
   47   2   1   1       0.87298329  p_x
   48   1   0   0       1.16953184  s
   48   2   1  -1       0.86454239  p_y
   48   2   1   0       1.00589134  p_z
   48   2   1   1       0.89818727  p_x
   49   1   0   0       1.19470723  s
   49   2   1  -1       0.85935137  p_y
   49   2   1   0       0.99411297  p_z
   49   2   1   1       1.01369548  p_x
   50   1   0   0       1.19469867  s
   50   2   1  -1       0.85934642  p_y
   50   2   1   0       0.99411514  p_z
   50   2   1   1       1.01371424  p_x
   51   1   0   0       1.19466913  s
   51   2   1  -1       0.97490390  p_y
   51   2   1   0       0.99411789  p_z
   51   2   1   1       0.89816432  p_x
   52   1   0   0       1.19467977  s
   52   2   1  -1       0.97513465  p_y
   52   2   1   0       0.99411114  p_z
   52   2   1   1       0.89794062  p_x
   53   1   0   0       1.19465514  s
   53   2   1  -1       0.97515560  p_y
   53   2   1   0       0.99411140  p_z
   53   2   1   1       0.89794025  p_x
   54   1   0   0       1.19465765  s
   54   2   1  -1       0.97501324  p_y
   54   2   1   0       0.99411814  p_z
   54   2   1   1       0.89805986  p_x
   55   1   0   0       1.16951867  s
   55   2   1  -1       0.88977478  p_y
   55   2   1   0       1.00589746  p_z
   55   2   1   1       0.87295863  p_x
   56   1   0   0       1.16947839  s
   56   2   1  -1       0.88979961  p_y
   56   2   1   0       1.00587281  p_z
   56   2   1   1       0.87297833  p_x
   57   1   0   0       1.19468152  s
   57   2   1  -1       0.97508205  p_y
   57   2   1   0       0.99411143  p_z
   57   2   1   1       0.89799132  p_x
   58   1   0   0       1.19468530  s
   58   2   1  -1       0.97508824  p_y
   58   2   1   0       0.99411598  p_z
   58   2   1   1       0.89797272  p_x
   59   1   0   0       1.19465581  s
   59   2   1  -1       0.97501348  p_y
   59   2   1   0       0.99411724  p_z
   59   2   1   1       0.89806860  p_x
   60   1   0   0       1.19466159  s
   60   2   1  -1       0.97507708  p_y
   60   2   1   0       0.99411276  p_z
   60   2   1   1       0.89799905  p_x
   61   1   0   0       1.16945744  s
   61   2   1  -1       0.86458284  p_y
   61   2   1   0       1.00587964  p_z
   61   2   1   1       0.89821216  p_x
   62   1   0   0       1.16947616  s
   62   2   1  -1       0.88976808  p_y
   62   2   1   0       1.00587191  p_z
   62   2   1   1       0.87301676  p_x
   63   1   0   0       1.16951679  s
   63   2   1  -1       0.88979447  p_y
   63   2   1   0       1.00589829  p_z
   63   2   1   1       0.87293708  p_x
   64   1   0   0       1.16951518  s
   64   2   1  -1       0.86454903  p_y
   64   2   1   0       1.00588601  p_z
   64   2   1   1       0.89819767  p_x
   65   1   0   0       1.19467232  s
   65   2   1  -1       0.85936731  p_y
   65   2   1   0       0.99410956  p_z
   65   2   1   1       1.01372732  p_x
   66   1   0   0       1.19465921  s
   66   2   1  -1       0.85937583  p_y
   66   2   1   0       0.99411816  p_z
   66   2   1   1       1.01369225  p_x
   67   1   0   0       1.19468773  s
   67   2   1  -1       0.97525800  p_y
   67   2   1   0       0.99411289  p_z
   67   2   1   1       0.89780485  p_x
   68   1   0   0       1.19467390  s
   68   2   1  -1       0.97502111  p_y
   68   2   1   0       0.99411749  p_z
   68   2   1   1       0.89804270  p_x
   69   1   0   0       1.19465703  s
   69   2   1  -1       0.97526510  p_y
   69   2   1   0       0.99411810  p_z
   69   2   1   1       0.89781529  p_x
   70   1   0   0       1.19465940  s
   70   2   1  -1       0.97538185  p_y
   70   2   1   0       0.99411196  p_z
   70   2   1   1       0.89770922  p_x
   71   1   0   0       1.16948142  s
   71   2   1  -1       0.88977488  p_y
   71   2   1   0       1.00587232  p_z
   71   2   1   1       0.87299889  p_x
   72   1   0   0       1.16950185  s
   72   2   1  -1       0.88980829  p_y
   72   2   1   0       1.00589751  p_z
   72   2   1   1       0.87293755  p_x
   73   1   0   0       1.16949408  s
   73   2   1  -1       0.86456253  p_y
   73   2   1   0       1.00588626  p_z
   73   2   1   1       0.89820290  p_x
   74   1   0   0       1.16950187  s
   74   2   1  -1       0.88976582  p_y
   74   2   1   0       1.00587998  p_z
   74   2   1   1       0.87298290  p_x
   75   1   0   0       1.16951017  s
   75   2   1  -1       0.88979889  p_y
   75   2   1   0       1.00589020  p_z
   75   2   1   1       0.87295189  p_x
   76   1   0   0       1.16948269  s
   76   2   1  -1       0.88977804  p_y
   76   2   1   0       1.00588458  p_z
   76   2   1   1       0.87299214  p_x
   77   1   0   0       1.16947541  s
   77   2   1  -1       0.86458325  p_y
   77   2   1   0       1.00587573  p_z
   77   2   1   1       0.89819709  p_x
   78   1   0   0       1.16947533  s
   78   2   1  -1       0.88980530  p_y
   78   2   1   0       1.00587735  p_z
   78   2   1   1       0.87296970  p_x
   79   1   0   0       1.16948888  s
   79   2   1  -1       0.88978981  p_y
   79   2   1   0       1.00588762  p_z
   79   2   1   1       0.87298340  p_x
   80   1   0   0       1.16951978  s
   80   2   1  -1       0.86453273  p_y
   80   2   1   0       1.00589277  p_z
   80   2   1   1       0.89819781  p_x
   81   1   0   0       1.19468640  s
   81   2   1  -1       0.85935556  p_y
   81   2   1   0       0.99411637  p_z
   81   2   1   1       1.01371991  p_x
   82   1   0   0       1.19467310  s
   82   2   1  -1       0.85936521  p_y
   82   2   1   0       0.99411516  p_z
   82   2   1   1       1.01369458  p_x
   83   1   0   0       1.19465867  s
   83   2   1  -1       0.97528577  p_y
   83   2   1   0       0.99410976  p_z
   83   2   1   1       0.89780562  p_x
   84   1   0   0       1.19464496  s
   84   2   1  -1       0.97520953  p_y
   84   2   1   0       0.99411980  p_z
   84   2   1   1       0.89787610  p_x
   85   1   0   0       1.19465674  s
   85   2   1  -1       0.97492248  p_y
   85   2   1   0       0.99412191  p_z
   85   2   1   1       0.89815732  p_x
   86   1   0   0       1.19466411  s
   86   2   1  -1       0.97499676  p_y
   86   2   1   0       0.99410843  p_z
   86   2   1   1       0.89809077  p_x
   87   1   0   0       1.16948008  s
   87   2   1  -1       0.88980555  p_y
   87   2   1   0       1.00588263  p_z
   87   2   1   1       0.87297421  p_x
   88   1   0   0       1.16947175  s
   88   2   1  -1       0.86457753  p_y
   88   2   1   0       1.00588267  p_z
   88   2   1   1       0.89820618  p_x
   89   1   0   0       1.19464916  s
   89   2   1  -1       0.85937954  p_y
   89   2   1   0       0.99411630  p_z
   89   2   1   1       1.01371857  p_x
   90   1   0   0       1.19465196  s
   90   2   1  -1       0.85938544  p_y
   90   2   1   0       0.99411417  p_z
   90   2   1   1       1.01370281  p_x
   91   1   0   0       1.19465425  s
   91   2   1  -1       0.97508681  p_y
   91   2   1   0       0.99411377  p_z
   91   2   1   1       0.89799416  p_x
   92   1   0   0       1.19465580  s
   92   2   1  -1       0.97494249  p_y
   92   2   1   0       0.99411798  p_z
   92   2   1   1       0.89815334  p_x
   93   1   0   0       1.19468945  s
   93   2   1  -1       0.97539749  p_y
   93   2   1   0       0.99412012  p_z
   93   2   1   1       0.89765522  p_x
   94   1   0   0       1.19469339  s
   94   2   1  -1       0.97544735  p_y
   94   2   1   0       0.99410976  p_z
   94   2   1   1       0.89761105  p_x
   95   1   0   0       1.16948285  s
   95   2   1  -1       0.88979572  p_y
   95   2   1   0       1.00587831  p_z
   95   2   1   1       0.87298635  p_x
   96   1   0   0       1.16951382  s
   96   2   1  -1       0.88977745  p_y
   96   2   1   0       1.00588567  p_z
   96   2   1   1       0.87295793  p_x
   97   1   0   0       1.16952183  s
   97   2   1  -1       0.86453261  p_y
   97   2   1   0       1.00589291  p_z
   97   2   1   1       0.89819695  p_x
   98   1   0   0       1.16949929  s
   98   2   1  -1       0.88979118  p_y
   98   2   1   0       1.00588895  p_z
   98   2   1   1       0.87296581  p_x
   99   1   0   0       1.16949671  s
   99   2   1  -1       0.88976623  p_y
   99   2   1   0       1.00588700  p_z
   99   2   1   1       0.87298056  p_x
  100   1   0   0       1.16947363  s
  100   2   1  -1       0.86458095  p_y
  100   2   1   0       1.00587939  p_z
  100   2   1   1       0.89820678  p_x
  101   1   0   0       1.19465288  s
  101   2   1  -1       0.85937758  p_y
  101   2   1   0       0.99411418  p_z
  101   2   1   1       1.01371283  p_x
  102   1   0   0       1.19465578  s
  102   2   1  -1       0.85937776  p_y
  102   2   1   0       0.99411701  p_z
  102   2   1   1       1.01370777  p_x
  103   1   0   0       1.19467239  s
  103   2   1  -1       0.97510784  p_y
  103   2   1   0       0.99412315  p_z
  103   2   1   1       0.89795113  p_x
  104   1   0   0       1.19468080  s
  104   2   1  -1       0.97514265  p_y
  104   2   1   0       0.99411003  p_z
  104   2   1   1       0.89793786  p_x
  105   1   0   0       1.19466637  s
  105   2   1  -1       0.97540182  p_y
  105   2   1   0       0.99411014  p_z
  105   2   1   1       0.89767987  p_x
  106   1   0   0       1.19465996  s
  106   2   1  -1       0.97526174  p_y
  106   2   1   0       0.99411946  p_z
  106   2   1   1       0.89781369  p_x
  107   1   0   0       1.16949092  s
  107   2   1  -1       0.86454786  p_y
  107   2   1   0       1.00588529  p_z
  107   2   1   1       0.89820602  p_x
  108   1   0   0       1.16947161  s
  108   2   1  -1       0.88980220  p_y
  108   2   1   0       1.00588162  p_z
  108   2   1   1       0.87299570  p_x

Fermi level:                        -0.1780088416 H           -4.8439 eV
Band energy:                      -190.6080984997 H        -5186.7103 eV
TS:                                  0.0000000000 H            0.0000 eV
Band free energy (E-TS):          -190.6080984997 H        -5186.7103 eV
Extrapolated E(0K):               -190.6080984997 H        -5186.7103 eV
Input / Output electrons (q):    432.0000000000    432.0000000000

Energy H0:                        -188.9938693263 H        -5142.7848 eV
Energy SCC:                          0.0389528695 H            1.0600 eV
Energy 3rd:                          0.0002739141 H            0.0075 eV
Total Electronic energy:          -188.9546425428 H        -5141.7174 eV
Repulsive energy:                    5.7434748470 H          156.2879 eV
Dispersion energy:                  -0.2133911940 H           -5.8067 eV
Total energy:                     -183.4245588898 H        -4991.2362 eV
Extrapolated to 0:                -183.4245588898 H        -4991.2362 eV
Total Mermin free energy:         -183.4245588898 H        -4991.2362 eV
Force related energy:             -183.4245588898 H        -4991.2362 eV

SCC converged

Full geometry written in geo_opt_out.{xyz|gen}

Total Forces
    1     -0.000004826065     -0.000009239458     -0.000000297551
    2     -0.000001031912     -0.000016852100     -0.000001059838
    3      0.000008494091      0.000020643304     -0.000002753801
    4      0.000037081399     -0.000000032347      0.000009797974
    5      0.000012336742      0.000001101152      0.000011568117
    6     -0.000009677161     -0.000005461283      0.000008868133
    7      0.000013660989      0.000014170765      0.000011642093
    8      0.000000426448      0.000014688552     -0.000002589841
    9     -0.000016540008     -0.000009347490      0.000006417703
   10     -0.000028939050      0.000035093899      0.000007628010
   11     -0.000012851326      0.000036475275      0.000017995215
   12      0.000000982394      0.000007669181      0.000003649158
   13      0.000014620639     -0.000049939065     -0.000014776799
   14     -0.000010055087     -0.000003953815     -0.000005845048
   15      0.000008584066     -0.000029048804     -0.000033980724
   16     -0.000010803475      0.000001954608     -0.000007140405
   17     -0.000018510610      0.000002438026     -0.000012659038
   18     -0.000018009417      0.000010060182     -0.000006262551
   19      0.000006529589      0.000014114364     -0.000001542463
   20     -0.000006407425     -0.000005891713     -0.000003734007
   21      0.000010081640     -0.000025361266     -0.000004489322
   22     -0.000003162487     -0.000000058189     -0.000007310125
   23      0.000020199580      0.000005781646     -0.000007812799
   24      0.000029381483     -0.000001152171     -0.000005795037
   25     -0.000009121546      0.000013979855      0.000010665821
   26     -0.000007981181      0.000011485707     -0.000000330859
   27      0.000011272675      0.000013881088      0.000010649117
   28      0.000006107580      0.000030383019      0.000021146212
   29     -0.000007467951      0.000022340989      0.000014390469
   30     -0.000000783948      0.000001740157      0.000000991138
   31      0.000005923876     -0.000007007414     -0.000001401750
   32      0.000013263215     -0.000006541534      0.000012587015
   33      0.000043462058      0.000015438886     -0.000005950417
   34     -0.000020212536     -0.000048034068     -0.000001819772
   35     -0.000005388786     -0.000043745524     -0.000002794231
   36      0.000024621366      0.000001390258     -0.000003826847
   37     -0.000019169193     -0.000022766680     -0.000015342021
   38     -0.000011700408      0.000000870558     -0.000000406866
   39      0.000001494262     -0.000006195155     -0.000005145008
   40     -0.000004186078     -0.000008775804     -0.000002862353
   41     -0.000008587068     -0.000011731299     -0.000007520848
   42     -0.000014110367      0.000005920191      0.000003116007
   43      0.000052169578      0.000042255291      0.000005568101
   44      0.000036182535      0.000042343331     -0.000001560663
   45     -0.000008983690     -0.000016358553      0.000001247892
   46     -0.000027406642      0.000015364570     -0.000014248065
   47     -0.000033271406      0.000028522687     -0.000006542539
   48      0.000010537513      0.000065130966      0.000010234174
   49      0.000030300978      0.000012392815      0.000015072796
   50     -0.000018633052     -0.000016383721      0.000011440911
   51      0.000005825811     -0.000015495789     -0.000014652382
   52      0.000032434117     -0.000017193404     -0.000006344776
   53     -0.000019608792     -0.000019002934     -0.000010202889
   54     -0.000003501571     -0.000004750800     -0.000012289726
   55     -0.000008101837      0.000021434557      0.000008353616
   56     -0.000017235466      0.000020286527      0.000015202328
   57      0.000042546855      0.000010005859      0.000014480183
   58     -0.000019825826     -0.000015911713     -0.000039181834
   59      0.000021626110     -0.000016134995     -0.000013628898
   60     -0.000015832709      0.000007257043     -0.000012567897
   61      0.000010546799      0.000026249246     -0.000013374672
   62      0.000019209194      0.000045184112      0.000017500586
   63     -0.000002005720      0.000032624962     -0.000024876965
   64     -0.000006499633     -0.000003221086      0.000001472886
   65     -0.000019048804     -0.000039076401      0.000006538662
   66     -0.000005286162     -0.000031049303      0.000020335159
   67     -0.000023037394      0.000011594582     -0.000032933517
   68     -0.000038016333      0.000017968719     -0.000003155110
   69      0.000060268267      0.000003316524      0.000008958643
   70     -0.000023487453      0.000009726336      0.000014185874
   71     -0.000008140986     -0.000035055503      0.000000859432
   72     -0.000013678018     -0.000045012148      0.000014599383
   73      0.000021030405     -0.000014933515      0.000012742082
   74      0.000026598162      0.000005976966      0.000007880522
   75     -0.000002057667      0.000027968944     -0.000000592495
   76      0.000002842689      0.000023719948      0.000004081954
   77     -0.000006795396     -0.000008629237      0.000013373686
   78     -0.000013270717      0.000015069631      0.000009238455
   79     -0.000016903647      0.000015075779      0.000005334124
   80     -0.000004294020      0.000006657295      0.000007975178
   81      0.000011275431     -0.000037250446      0.000012412058
   82      0.000008732967     -0.000036065368      0.000004164810
   83      0.000001792714      0.000001824558     -0.000006113132
   84     -0.000032213589      0.000000740850     -0.000004202812
   85      0.000011140055     -0.000016711493      0.000009320002
   86     -0.000007310503      0.000001834764     -0.000005234704
   87      0.000006931245      0.000008355742     -0.000003862257
   88     -0.000010339571     -0.000015706192     -0.000006536963
   89     -0.000022490577     -0.000019960900      0.000012542065
   90     -0.000003785044      0.000010109658     -0.000012843999
   91     -0.000009313546      0.000019629000      0.000031680624
   92      0.000022141724      0.000024365244     -0.000003220990
   93      0.000022986857      0.000025822779     -0.000032272905
   94     -0.000004788743     -0.000017024050     -0.000011817979
   95      0.000001126044     -0.000047865325      0.000032471686
   96      0.000005383713     -0.000038875239     -0.000006078476
   97      0.000003596051     -0.000029621416      0.000022005645
   98     -0.000009219050      0.000003161951     -0.000007936889
   99      0.000003782243      0.000005544593     -0.000009769043
  100     -0.000012419807     -0.000022682694     -0.000027645452
  101      0.000034142757      0.000023791606     -0.000009275543
  102     -0.000030716941     -0.000015939445     -0.000002763413
  103      0.000021480495     -0.000004945337      0.000033330264
  104      0.000019445065      0.000008485925      0.000006895558
  105     -0.000012072990      0.000004296214      0.000011959295
  106     -0.000018511821     -0.000019136349     -0.000025489651
  107     -0.000013349532     -0.000003720568     -0.000003270702
  108     -0.000023622725      0.000009137869     -0.000004633158

Total stress tensor
     -0.000000012189      0.000000010243      0.000000000005
      0.000000010243     -0.000000018939     -0.000000000026
      0.000000000005     -0.000000000026     -0.000000000026

Total lattice derivs
      0.000045179468     -0.000037961248     -0.000000018056
     -0.000055484839      0.000079792395      0.000000091297
     -0.000000002285      0.000000027125      0.000000034468

Maximal derivative component:        0.651310E-04 au

Volume:                              0.125974E+06 au^3
Pressure:                           -0.103845E-07 au    -0.305522E+06 Pa

Warning: dipole moment is not defined absolutely!
Dipole moment:  -12.60974568   -7.28502125   -0.00157566 au
Dipole moment:  -32.05077914  -18.51667853   -0.00400492 Debye

Geometry converged

