 KPT            1  SPIN            1  KWEIGHT    1.0000000000000000     
     1   -20.243  2.00000
     2   -19.868  2.00000
     3   -19.868  2.00000
     4   -19.867  2.00000
     5   -19.867  2.00000
     6   -19.867  2.00000
     7   -19.867  2.00000
     8   -19.081  2.00000
     9   -19.080  2.00000
    10   -18.960  2.00000
    11   -18.948  2.00000
    12   -18.948  2.00000
    13   -18.916  2.00000
    14   -18.916  2.00000
    15   -18.891  2.00000
    16   -18.885  2.00000
    17   -18.884  2.00000
    18   -18.877  2.00000
    19   -18.860  2.00000
    20   -18.802  2.00000
    21   -18.802  2.00000
    22   -18.773  2.00000
    23   -18.723  2.00000
    24   -18.723  2.00000
    25   -18.625  2.00000
    26   -18.625  2.00000
    27   -18.591  2.00000
    28   -18.591  2.00000
    29   -18.569  2.00000
    30   -18.531  2.00000
    31   -18.527  2.00000
    32   -18.459  2.00000
    33   -18.430  2.00000
    34   -18.430  2.00000
    35   -18.350  2.00000
    36   -18.350  2.00000
    37   -18.200  2.00000
    38   -18.200  2.00000
    39   -18.193  2.00000
    40   -18.193  2.00000
    41   -18.157  2.00000
    42   -18.143  2.00000
    43   -17.994  2.00000
    44   -17.994  2.00000
    45   -17.989  2.00000
    46   -17.989  2.00000
    47   -17.805  2.00000
    48   -17.805  2.00000
    49   -17.783  2.00000
    50   -17.783  2.00000
    51   -17.722  2.00000
    52   -17.561  2.00000
    53   -17.560  2.00000
    54   -17.558  2.00000
    55   -17.419  2.00000
    56   -17.419  2.00000
    57   -17.412  2.00000
    58   -17.353  2.00000
    59   -17.258  2.00000
    60   -17.258  2.00000
    61   -17.023  2.00000
    62   -16.970  2.00000
    63   -16.970  2.00000
    64   -16.969  2.00000
    65   -16.969  2.00000
    66   -16.934  2.00000
    67   -16.783  2.00000
    68   -16.741  2.00000
    69   -16.741  2.00000
    70   -16.552  2.00000
    71   -16.472  2.00000
    72   -16.472  2.00000
    73   -16.397  2.00000
    74   -16.397  2.00000
    75   -16.380  2.00000
    76   -16.274  2.00000
    77   -16.274  2.00000
    78   -16.269  2.00000
    79   -16.230  2.00000
    80   -16.130  2.00000
    81   -16.130  2.00000
    82   -15.289  2.00000
    83   -15.289  2.00000
    84   -15.119  2.00000
    85   -15.014  2.00000
    86   -15.014  2.00000
    87   -14.978  2.00000
    88   -14.973  2.00000
    89   -14.973  2.00000
    90   -14.937  2.00000
    91   -14.806  2.00000
    92   -14.806  2.00000
    93   -14.748  2.00000
    94   -14.590  2.00000
    95   -14.589  2.00000
    96   -14.490  2.00000
    97   -14.392  2.00000
    98   -14.321  2.00000
    99   -14.321  2.00000
   100   -14.308  2.00000
   101   -14.308  2.00000
   102   -14.212  2.00000
   103   -13.994  2.00000
   104   -13.993  2.00000
   105   -13.928  2.00000
   106   -13.927  2.00000
   107   -13.922  2.00000
   108   -13.721  2.00000
   109   -13.565  2.00000
   110   -13.505  2.00000
   111   -13.505  2.00000
   112   -13.380  2.00000
   113   -13.250  2.00000
   114   -13.250  2.00000
   115   -13.214  2.00000
   116   -13.214  2.00000
   117   -13.073  2.00000
   118   -13.060  2.00000
   119   -13.060  2.00000
   120   -12.764  2.00000
   121   -12.640  2.00000
   122   -12.547  2.00000
   123   -12.531  2.00000
   124   -12.531  2.00000
   125   -12.371  2.00000
   126   -12.371  2.00000
   127   -12.238  2.00000
   128   -12.238  2.00000
   129   -12.150  2.00000
   130   -12.150  2.00000
   131   -12.096  2.00000
   132   -11.960  2.00000
   133   -11.815  2.00000
   134   -11.781  2.00000
   135   -11.739  2.00000
   136   -11.739  2.00000
   137   -11.537  2.00000
   138   -11.537  2.00000
   139   -11.497  2.00000
   140   -11.497  2.00000
   141   -11.378  2.00000
   142   -11.378  2.00000
   143   -11.367  2.00000
   144   -11.281  2.00000
   145   -11.220  2.00000
   146   -11.219  2.00000
   147   -11.175  2.00000
   148   -11.089  2.00000
   149   -11.089  2.00000
   150   -11.057  2.00000
   151   -11.056  2.00000
   152   -10.952  2.00000
   153   -10.948  2.00000
   154   -10.947  2.00000
   155   -10.917  2.00000
   156   -10.917  2.00000
   157   -10.886  2.00000
   158   -10.862  2.00000
   159   -10.758  2.00000
   160   -10.757  2.00000
   161   -10.757  2.00000
   162   -10.756  2.00000
   163   -10.756  2.00000
   164   -10.755  2.00000
   165   -10.452  2.00000
   166   -10.452  2.00000
   167   -10.390  2.00000
   168   -10.124  2.00000
   169   -10.116  2.00000
   170   -10.116  2.00000
   171   -10.101  2.00000
   172   -10.101  2.00000
   173   -10.094  2.00000
   174   -10.031  2.00000
   175   -10.030  2.00000
   176   -10.029  2.00000
   177   -10.027  2.00000
   178   -10.027  2.00000
   179   -10.025  2.00000
   180    -9.939  2.00000
   181    -9.938  2.00000
   182    -9.938  2.00000
   183    -9.937  2.00000
   184    -9.937  2.00000
   185    -9.936  2.00000
   186    -9.663  2.00000
   187    -9.661  2.00000
   188    -9.535  2.00000
   189    -9.535  2.00000
   190    -9.522  2.00000
   191    -9.507  2.00000
   192    -9.507  2.00000
   193    -9.484  2.00000
   194    -9.476  2.00000
   195    -9.476  2.00000
   196    -9.463  2.00000
   197    -9.462  2.00000
   198    -9.456  2.00000
   199    -9.456  2.00000
   200    -9.451  2.00000
   201    -9.450  2.00000
   202    -9.450  2.00000
   203    -9.446  2.00000
   204    -9.446  2.00000
   205    -9.433  2.00000
   206    -9.433  2.00000
   207    -9.427  2.00000
   208    -9.417  2.00000
   209    -9.383  2.00000
   210    -9.381  2.00000
   211    -9.381  2.00000
   212    -9.248  2.00000
   213    -9.248  2.00000
   214    -9.227  2.00000
   215    -9.159  2.00000
   216    -9.159  2.00000
   217    -9.113  2.00000
   218    -9.095  2.00000
   219    -9.095  2.00000
   220    -9.081  2.00000
   221    -9.081  2.00000
   222    -9.065  2.00000
   223    -9.012  2.00000
   224    -9.011  2.00000
   225    -9.001  2.00000
   226    -9.000  2.00000
   227    -8.984  2.00000
   228    -8.984  2.00000
   229    -8.974  2.00000
   230    -8.948  2.00000
   231    -8.946  2.00000
   232    -8.934  2.00000
   233    -8.934  2.00000
   234    -8.928  2.00000
   235    -8.916  2.00000
   236    -8.785  2.00000
   237    -8.755  2.00000
   238    -8.741  2.00000
   239    -8.741  2.00000
   240    -8.731  2.00000
   241    -8.731  2.00000
   242    -8.660  2.00000
   243    -8.660  2.00000
   244    -8.637  2.00000
   245    -8.635  2.00000
   246    -8.635  2.00000
   247    -8.621  2.00000
   248    -8.620  2.00000
   249    -8.616  2.00000
   250    -8.601  2.00000
   251    -8.600  2.00000
   252    -8.589  2.00000
   253    -8.478  2.00000
   254    -8.478  2.00000
   255    -8.445  2.00000
   256    -8.440  2.00000
   257    -8.439  2.00000
   258    -8.306  2.00000
   259    -8.275  2.00000
   260    -8.159  2.00000
   261    -8.154  2.00000
   262    -8.153  2.00000
   263    -8.149  2.00000
   264    -8.149  2.00000
   265    -8.111  2.00000
   266    -8.107  2.00000
   267    -8.104  2.00000
   268    -8.102  2.00000
   269    -8.100  2.00000
   270    -8.098  2.00000
   271    -8.093  2.00000
   272    -8.084  2.00000
   273    -8.080  2.00000
   274    -8.055  2.00000
   275    -7.936  2.00000
   276    -7.935  2.00000
   277    -7.865  2.00000
   278    -7.864  2.00000
   279    -7.816  2.00000
   280    -7.629  2.00000
   281    -7.628  2.00000
   282    -7.540  2.00000
   283    -7.442  2.00000
   284    -7.355  2.00000
   285    -7.354  2.00000
   286    -7.345  2.00000
   287    -7.208  2.00000
   288    -7.205  2.00000
   289    -7.191  2.00000
   290    -7.174  2.00000
   291    -7.173  2.00000
   292    -7.154  2.00000
   293    -7.153  2.00000
   294    -7.152  2.00000
   295    -7.152  2.00000
   296    -7.133  2.00000
   297    -7.132  2.00000
   298    -7.122  2.00000
   299    -7.094  2.00000
   300    -7.082  2.00000
   301    -6.841  2.00000
   302    -6.818  2.00000
   303    -6.818  2.00000
   304    -6.780  2.00000
   305    -6.780  2.00000
   306    -6.763  2.00000
   307    -6.583  2.00000
   308    -6.483  2.00000
   309    -6.483  2.00000
   310    -6.151  2.00000
   311    -6.100  2.00000
   312    -6.096  2.00000
   313    -6.075  2.00000
   314    -6.059  2.00000
   315    -6.059  2.00000
   316    -6.036  2.00000
   317    -6.036  2.00000
   318    -6.025  2.00000
   319    -6.024  2.00000
   320    -6.017  2.00000
   321    -6.016  2.00000
   322    -6.015  2.00000
   323    -5.988  2.00000
   324    -5.975  2.00000
   325    -5.972  2.00000
   326    -5.971  2.00000
   327    -5.961  2.00000
   328    -5.869  2.00000
   329    -5.827  2.00000
   330    -5.827  2.00000
   331    -5.672  2.00000
   332    -5.575  2.00000
   333    -5.575  2.00000
   334    -3.803  0.00000
   335    -3.803  0.00000
   336    -3.601  0.00000
   337    -3.460  0.00000
   338    -3.460  0.00000
   339    -3.432  0.00000
   340    -3.312  0.00000
   341    -3.311  0.00000
   342    -3.216  0.00000
   343    -3.100  0.00000
   344    -3.099  0.00000
   345    -2.931  0.00000
   346    -2.929  0.00000
   347    -2.918  0.00000
   348    -2.918  0.00000
   349    -2.902  0.00000
   350    -2.901  0.00000
   351    -2.894  0.00000
   352    -2.893  0.00000
   353    -2.870  0.00000
   354    -2.865  0.00000
   355    -2.863  0.00000
   356    -2.857  0.00000
   357    -2.813  0.00000
   358    -2.753  0.00000
   359    -2.749  0.00000
   360    -2.653  0.00000
   361    -2.155  0.00000
   362    -2.150  0.00000
   363    -2.150  0.00000
   364    -2.147  0.00000
   365    -2.147  0.00000
   366    -2.084  0.00000
   367    -1.643  0.00000
   368    -1.642  0.00000
   369    -1.502  0.00000
   370    -1.488  0.00000
   371    -1.488  0.00000
   372    -1.032  0.00000
   373    -1.012  0.00000
   374    -1.006  0.00000
   375    -1.005  0.00000
   376    -1.004  0.00000
   377    -1.000  0.00000
   378    -0.966  0.00000
   379    -0.961  0.00000
   380    -0.939  0.00000
   381    -0.936  0.00000
   382    -0.934  0.00000
   383    -0.894  0.00000
   384    -0.865  0.00000
   385    -0.807  0.00000
   386    -0.570  0.00000
   387    -0.569  0.00000
   388    -0.439  0.00000
   389    -0.365  0.00000
   390    -0.364  0.00000
   391    -0.164  0.00000
   392    -0.163  0.00000
   393     0.077  0.00000
   394     0.078  0.00000
   395     0.154  0.00000
   396     0.463  0.00000
   397     0.997  0.00000
   398     0.998  0.00000
   399     1.000  0.00000
   400     1.182  0.00000
   401     1.210  0.00000
   402     1.213  0.00000
   403     1.235  0.00000
   404     1.236  0.00000
   405     1.249  0.00000
   406     1.250  0.00000
   407     1.259  0.00000
   408     1.264  0.00000
   409     1.289  0.00000
   410     1.290  0.00000
   411     1.310  0.00000
   412     1.315  0.00000
   413     1.320  0.00000
   414     1.359  0.00000
   415     1.838  0.00000
   416     1.839  0.00000
   417     1.991  0.00000
   418     1.992  0.00000
   419     2.060  0.00000
   420     2.291  0.00000
   421     2.540  0.00000
   422     2.604  0.00000
   423     2.605  0.00000
   424     3.011  0.00000
   425     3.013  0.00000
   426     3.366  0.00000
   427     3.389  0.00000
   428     3.393  0.00000
   429     3.422  0.00000
   430     3.424  0.00000
   431     3.425  0.00000
   432     3.426  0.00000
   433     3.435  0.00000
   434     3.435  0.00000
   435     3.456  0.00000
   436     3.477  0.00000
   437     3.483  0.00000
   438     3.498  0.00000
   439     3.667  0.00000
   440     3.712  0.00000
   441     3.713  0.00000
   442     3.857  0.00000
   443     3.859  0.00000
   444     3.871  0.00000
   445     4.251  0.00000
   446     4.252  0.00000
   447     4.366  0.00000
   448     4.368  0.00000
   449     4.437  0.00000
   450     4.595  0.00000
   451     5.030  0.00000
   452     5.037  0.00000
   453     5.038  0.00000
   454     5.052  0.00000
   455     5.053  0.00000
   456     5.060  0.00000
   457     5.080  0.00000
   458     5.081  0.00000
   459     5.082  0.00000
   460     5.084  0.00000
   461     5.104  0.00000
   462     5.105  0.00000
   463     5.170  0.00000
   464     5.172  0.00000
   465     5.183  0.00000
   466     5.192  0.00000
   467     5.194  0.00000
   468     5.248  0.00000
   469     5.286  0.00000
   470     5.293  0.00000
   471     5.293  0.00000
   472     5.360  0.00000
   473     5.362  0.00000
   474     5.503  0.00000
   475     8.389  0.00000
   476     8.391  0.00000
   477     8.391  0.00000
   478     8.394  0.00000
   479     8.395  0.00000
   480     8.397  0.00000
   481     9.794  0.00000
   482     9.811  0.00000
   483     9.813  0.00000
   484     9.853  0.00000
   485     9.856  0.00000
   486     9.875  0.00000
   487     9.881  0.00000
   488    10.269  0.00000
   489    10.312  0.00000
   490    10.316  0.00000
   491    10.356  0.00000
   492    10.360  0.00000
   493    10.480  0.00000
   494    10.713  0.00000
   495    10.722  0.00000
   496    11.225  0.00000
   497    11.279  0.00000
   498    11.283  0.00000
   499    11.505  0.00000
   500    11.508  0.00000
   501    11.510  0.00000
   502    11.944  0.00000
   503    11.945  0.00000
   504    11.950  0.00000
   505    12.007  0.00000
   506    12.199  0.00000
   507    12.201  0.00000
   508    12.915  0.00000
   509    12.916  0.00000
   510    13.054  0.00000
   511    13.162  0.00000
   512    13.165  0.00000
   513    13.167  0.00000
   514    13.300  0.00000
   515    13.486  0.00000
   516    13.488  0.00000
   517    13.739  0.00000
   518    13.928  0.00000
   519    13.929  0.00000
   520    13.971  0.00000
   521    13.985  0.00000
   522    13.987  0.00000
   523    14.735  0.00000
   524    14.741  0.00000
   525    15.001  0.00000
   526    15.013  0.00000
   527    15.223  0.00000
   528    15.228  0.00000
   529    15.777  0.00000
   530    15.933  0.00000
   531    15.936  0.00000
   532    16.946  0.00000
   533    16.950  0.00000
   534    17.065  0.00000
   535    17.068  0.00000
   536    17.138  0.00000
   537    17.191  0.00000
   538    17.248  0.00000
   539    17.486  0.00000
   540    17.488  0.00000
   541    17.985  0.00000
   542    17.998  0.00000
   543    18.559  0.00000
   544    18.589  0.00000
   545    18.593  0.00000
   546    18.599  0.00000
   547    18.601  0.00000
   548    18.603  0.00000
   549    18.617  0.00000
   550    18.629  0.00000
   551    18.631  0.00000
   552    18.657  0.00000
   553    18.662  0.00000
   554    18.760  0.00000
   555    19.078  0.00000
   556    19.082  0.00000
   557    19.386  0.00000
   558    19.525  0.00000
   559    19.679  0.00000
   560    19.682  0.00000
   561    19.762  0.00000
   562    19.763  0.00000
   563    19.783  0.00000
   564    20.592  0.00000
   565    20.596  0.00000
   566    20.719  0.00000
   567    20.748  0.00000
   568    20.751  0.00000
   569    20.897  0.00000
   570    21.282  0.00000
   571    21.316  0.00000
   572    21.320  0.00000
   573    21.469  0.00000
   574    21.694  0.00000
   575    21.697  0.00000
   576    21.727  0.00000
   577    21.730  0.00000
   578    21.888  0.00000
   579    21.893  0.00000
   580    21.904  0.00000
   581    23.582  0.00000
   582    23.669  0.00000
   583    23.673  0.00000
   584    23.675  0.00000
   585    23.761  0.00000
   586    23.819  0.00000
   587    23.822  0.00000
   588    23.853  0.00000
   589    23.885  0.00000
   590    24.007  0.00000
   591    24.014  0.00000
   592    24.030  0.00000
   593    24.037  0.00000
   594    24.604  0.00000
   595    24.607  0.00000
   596    24.610  0.00000
   597    24.615  0.00000
   598    24.619  0.00000
   599    24.623  0.00000
   600    26.814  0.00000
   601    28.077  0.00000
   602    28.085  0.00000
   603    28.088  0.00000
   604    28.103  0.00000
   605    28.105  0.00000
   606    28.114  0.00000
   607    45.155  0.00000
   608    45.213  0.00000
   609    45.218  0.00000
   610    45.218  0.00000
   611    45.220  0.00000
   612    45.222  0.00000
   613    45.292  0.00000
   614    45.307  0.00000
   615    45.311  0.00000
   616    45.359  0.00000
   617    45.363  0.00000
   618    45.396  0.00000
   619    49.923  0.00000
   620    50.063  0.00000
   621    50.067  0.00000
   622    50.206  0.00000
   623    50.211  0.00000
   624    50.283  0.00000
   625    50.322  0.00000
   626    50.365  0.00000
   627    50.369  0.00000
   628    50.390  0.00000
   629    50.395  0.00000
   630    50.409  0.00000
   631    55.724  0.00000
   632    55.799  0.00000
   633    55.808  0.00000
   634    55.811  0.00000
   635    55.818  0.00000
   636    55.823  0.00000
   637    55.955  0.00000
   638    56.008  0.00000
   639    56.012  0.00000
   640    56.148  0.00000
   641    56.153  0.00000
   642    56.226  0.00000
   643    61.095  0.00000
   644    61.167  0.00000
   645    61.174  0.00000
   646    61.252  0.00000
   647    61.258  0.00000
   648    61.289  0.00000
   649    61.349  0.00000
   650    61.378  0.00000
   651    61.384  0.00000
   652    61.417  0.00000
   653    61.425  0.00000
   654    61.447  0.00000
   655    64.952  0.00000
   656    64.959  0.00000
   657    64.962  0.00000
   658    64.970  0.00000
   659    64.973  0.00000
   660    64.981  0.00000
   661    65.017  0.00000
   662    65.047  0.00000
   663    65.056  0.00000
   664    65.086  0.00000
   665    65.096  0.00000
   666    65.108  0.00000

