 Fermi distribution function

Calculation with static geometry


********************************************************************************
 iSCC Total electronic   Diff electronic      SCC error    
  153   -0.29048757E+03   -0.14210855E-11    0.98170814E-05
********************************************************************************

 Total charge:    -0.00000000

 Atomic gross charges (e)
 Atom           Charge
    1       0.05961077
    2       0.05969933
    3       0.05972457
    4       0.05969051
    5       0.05970915
    6       0.05966534
    7      -0.06731444
    8       0.00681025
    9      -0.00133018
   10      -0.00161985
   11      -0.00431948
   12       0.00028473
   13      -0.00712662
   14       0.00324862
   15       0.00025317
   16      -0.06716769
   17       0.06792536
   18      -0.06732486
   19       0.00681057
   20      -0.00133744
   21      -0.00161459
   22      -0.00432675
   23       0.00029020
   24      -0.00714221
   25       0.00327352
   26       0.00021951
   27      -0.06713918
   28       0.06789572
   29      -0.06731997
   30       0.00680642
   31      -0.00134359
   32      -0.00160701
   33      -0.00433962
   34       0.00030403
   35      -0.00715578
   36       0.00327915
   37       0.00021091
   38      -0.06711417
   39       0.06794929
   40      -0.06733788
   41       0.00682350
   42      -0.00135620
   43      -0.00159400
   44      -0.00434890
   45       0.00031033
   46      -0.00715792
   47       0.00329496
   48       0.00018542
   49      -0.06709792
   50       0.06791872
   51      -0.06733299
   52       0.00682240
   53      -0.00134687
   54      -0.00161979
   55      -0.00432599
   56       0.00030132
   57      -0.00715098
   58       0.00327128
   59       0.00021897
   60      -0.06712306
   61       0.06792638
   62      -0.06731609
   63       0.00679391
   64      -0.00133619
   65      -0.00162469
   66      -0.00433368
   67       0.00028770
   68      -0.00714713
   69       0.00328128
   70       0.00018325
   71      -0.06708866
   72       0.06793411
   73       0.09214069
   74      -0.09631287
   75      -0.07125713
   76      -0.09629524
   77       0.09215273
   78       0.09219346
   79       0.09211936
   80      -0.09632983
   81      -0.07127625
   82      -0.09631152
   83       0.09217456
   84      -0.09633648
   85      -0.07126419
   86      -0.09636955
   87       0.09213968
   88       0.09215556
   89      -0.09630527
   90      -0.07127857
   91      -0.09638285
   92       0.09218754
   93       0.09214675
   94      -0.09636190
   95      -0.07126946
   96      -0.09636257
   97       0.09215886
   98       0.09217112
   99      -0.09632491
  100      -0.07124228
  101      -0.09630973
  102       0.09215458
  103       0.08982377
  104       0.08350730
  105       0.08982722
  106       0.08981696
  107       0.08347837
  108       0.08982672
  109       0.08980434
  110       0.08984621
  111       0.08981718
  112       0.08350887
  113       0.08983260
  114       0.08981062
  115       0.08350069
  116       0.08982798
  117       0.08349274
  118      -0.07444268
  119       0.08981714
  120       0.08348006
  121      -0.07433887
  122      -0.00221492
  123       0.00004276
  124      -0.00666979
  125      -0.00324567
  126      -0.00662328
  127       0.00001288
  128      -0.00207607
  129      -0.07446911
  130      -0.00326585
  131      -0.07437895
  132      -0.00218042
  133       0.00004157
  134      -0.00666171
  135      -0.00324900
  136      -0.00326118
  137      -0.00664558
  138       0.00001897
  139      -0.00214816
  140      -0.07441377
  141      -0.07438660
  142      -0.00215721
  143       0.00002133
  144      -0.00664259
  145      -0.00325323
  146      -0.00324453
  147      -0.00664829
  148      -0.00211407
  149       0.00003645
  150      -0.07441917
  151      -0.07446090
  152      -0.00208949
  153       0.00001916
  154      -0.00663217
  155      -0.00326186
  156      -0.00324804
  157      -0.00665571
  158       0.00003382
  159      -0.00216284
  160      -0.07440161
  161      -0.07438887
  162      -0.00214821
  163       0.00002028
  164      -0.00664083
  165      -0.00325848
  166      -0.00325307
  167      -0.00666671
  168       0.00003924
  169      -0.00219152
  170      -0.07436683
  171      -0.07451793
  172      -0.00204336
  173       0.00001087
  174      -0.00660590
  175      -0.00326864
  176      -0.00323940
  177      -0.00664428
  178       0.00003113
  179      -0.00211356
  180       0.08982705

Nr. of electrons (up):    666.00000000
Atom populations (up)
 Atom       Population
    1       3.94038923
    2       3.94030067
    3       3.94027543
    4       3.94030949
    5       3.94029085
    6       3.94033466
    7       4.06731444
    8       3.99318975
    9       4.00133018
   10       4.00161985
   11       4.00431948
   12       3.99971527
   13       4.00712662
   14       3.99675138
   15       3.99974683
   16       4.06716769
   17       3.93207464
   18       4.06732486
   19       3.99318943
   20       4.00133744
   21       4.00161459
   22       4.00432675
   23       3.99970980
   24       4.00714221
   25       3.99672648
   26       3.99978049
   27       4.06713918
   28       3.93210428
   29       4.06731997
   30       3.99319358
   31       4.00134359
   32       4.00160701
   33       4.00433962
   34       3.99969597
   35       4.00715578
   36       3.99672085
   37       3.99978909
   38       4.06711417
   39       3.93205071
   40       4.06733788
   41       3.99317650
   42       4.00135620
   43       4.00159400
   44       4.00434890
   45       3.99968967
   46       4.00715792
   47       3.99670504
   48       3.99981458
   49       4.06709792
   50       3.93208128
   51       4.06733299
   52       3.99317760
   53       4.00134687
   54       4.00161979
   55       4.00432599
   56       3.99969868
   57       4.00715098
   58       3.99672872
   59       3.99978103
   60       4.06712306
   61       3.93207362
   62       4.06731609
   63       3.99320609
   64       4.00133619
   65       4.00162469
   66       4.00433368
   67       3.99971230
   68       4.00714713
   69       3.99671872
   70       3.99981675
   71       4.06708866
   72       3.93206589
   73       3.90785931
   74       4.09631287
   75       4.07125713
   76       4.09629524
   77       3.90784727
   78       3.90780654
   79       3.90788064
   80       4.09632983
   81       4.07127625
   82       4.09631152
   83       3.90782544
   84       4.09633648
   85       4.07126419
   86       4.09636955
   87       3.90786032
   88       3.90784444
   89       4.09630527
   90       4.07127857
   91       4.09638285
   92       3.90781246
   93       3.90785325
   94       4.09636190
   95       4.07126946
   96       4.09636257
   97       3.90784114
   98       3.90782888
   99       4.09632491
  100       4.07124228
  101       4.09630973
  102       3.90784542
  103       0.91017623
  104       0.91649270
  105       0.91017278
  106       0.91018304
  107       0.91652163
  108       0.91017328
  109       0.91019566
  110       0.91015379
  111       0.91018282
  112       0.91649113
  113       0.91016740
  114       0.91018938
  115       0.91649931
  116       0.91017202
  117       0.91650726
  118       4.07444268
  119       0.91018286
  120       0.91651994
  121       4.07433887
  122       4.00221492
  123       3.99995724
  124       4.00666979
  125       4.00324567
  126       4.00662328
  127       3.99998712
  128       4.00207607
  129       4.07446911
  130       4.00326585
  131       4.07437895
  132       4.00218042
  133       3.99995843
  134       4.00666171
  135       4.00324900
  136       4.00326118
  137       4.00664558
  138       3.99998103
  139       4.00214816
  140       4.07441377
  141       4.07438660
  142       4.00215721
  143       3.99997867
  144       4.00664259
  145       4.00325323
  146       4.00324453
  147       4.00664829
  148       4.00211407
  149       3.99996355
  150       4.07441917
  151       4.07446090
  152       4.00208949
  153       3.99998084
  154       4.00663217
  155       4.00326186
  156       4.00324804
  157       4.00665571
  158       3.99996618
  159       4.00216284
  160       4.07440161
  161       4.07438887
  162       4.00214821
  163       3.99997972
  164       4.00664083
  165       4.00325848
  166       4.00325307
  167       4.00666671
  168       3.99996076
  169       4.00219152
  170       4.07436683
  171       4.07451793
  172       4.00204336
  173       3.99998913
  174       4.00660590
  175       4.00326864
  176       4.00323940
  177       4.00664428
  178       3.99996887
  179       4.00211356
  180       0.91017295

l-shell populations (up)
 Atom Sh.   l       Population
    1   1   0       1.17160553
    1   2   1       2.76878370
    2   1   0       1.17166406
    2   2   1       2.76863661
    3   1   0       1.17162602
    3   2   1       2.76864940
    4   1   0       1.17158698
    4   2   1       2.76872250
    5   1   0       1.17165667
    5   2   1       2.76863418
    6   1   0       1.17163699
    6   2   1       2.76869767
    7   1   0       1.20075769
    7   2   1       2.86655674
    8   1   0       1.15731639
    8   2   1       2.83587335
    9   1   0       1.16249996
    9   2   1       2.83883022
   10   1   0       1.16090015
   10   2   1       2.84071970
   11   1   0       1.16122128
   11   2   1       2.84309819
   12   1   0       1.16146748
   12   2   1       2.83824780
   13   1   0       1.16070218
   13   2   1       2.84642444
   14   1   0       1.16294226
   14   2   1       2.83380912
   15   1   0       1.15737097
   15   2   1       2.84237586
   16   1   0       1.20413062
   16   2   1       2.86303707
   17   1   0       1.17197978
   17   2   1       2.76009486
   18   1   0       1.20076125
   18   2   1       2.86656362
   19   1   0       1.15730687
   19   2   1       2.83588256
   20   1   0       1.16249246
   20   2   1       2.83884499
   21   1   0       1.16088819
   21   2   1       2.84072640
   22   1   0       1.16120929
   22   2   1       2.84311746
   23   1   0       1.16145458
   23   2   1       2.83825522
   24   1   0       1.16068640
   24   2   1       2.84645581
   25   1   0       1.16291126
   25   2   1       2.83381523
   26   1   0       1.15736695
   26   2   1       2.84241354
   27   1   0       1.20411551
   27   2   1       2.86302367
   28   1   0       1.17192248
   28   2   1       2.76018180
   29   1   0       1.20072056
   29   2   1       2.86659941
   30   1   0       1.15727469
   30   2   1       2.83591890
   31   1   0       1.16245855
   31   2   1       2.83888504
   32   1   0       1.16085799
   32   2   1       2.84074902
   33   1   0       1.16118314
   33   2   1       2.84315648
   34   1   0       1.16142705
   34   2   1       2.83826892
   35   1   0       1.16066794
   35   2   1       2.84648785
   36   1   0       1.16289516
   36   2   1       2.83382569
   37   1   0       1.15732384
   37   2   1       2.84246525
   38   1   0       1.20408140
   38   2   1       2.86303277
   39   1   0       1.17194346
   39   2   1       2.76010725
   40   1   0       1.20075816
   40   2   1       2.86657972
   41   1   0       1.15730183
   41   2   1       2.83587466
   42   1   0       1.16248857
   42   2   1       2.83886764
   43   1   0       1.16088361
   43   2   1       2.84071038
   44   1   0       1.16120881
   44   2   1       2.84314009
   45   1   0       1.16145181
   45   2   1       2.83823786
   46   1   0       1.16068041
   46   2   1       2.84647750
   47   1   0       1.16290818
   47   2   1       2.83379686
   48   1   0       1.15738150
   48   2   1       2.84243309
   49   1   0       1.20410311
   49   2   1       2.86299482
   50   1   0       1.17190512
   50   2   1       2.76017616
   51   1   0       1.20078051
   51   2   1       2.86655247
   52   1   0       1.15733503
   52   2   1       2.83584257
   53   1   0       1.16252221
   53   2   1       2.83882466
   54   1   0       1.16091760
   54   2   1       2.84070219
   55   1   0       1.16121204
   55   2   1       2.84311395
   56   1   0       1.16145893
   56   2   1       2.83823975
   57   1   0       1.16070369
   57   2   1       2.84644729
   58   1   0       1.16294694
   58   2   1       2.83378178
   59   1   0       1.15737720
   59   2   1       2.84240383
   60   1   0       1.20411873
   60   2   1       2.86300432
   61   1   0       1.17198144
   61   2   1       2.76009219
   62   1   0       1.20074390
   62   2   1       2.86657219
   63   1   0       1.15729741
   63   2   1       2.83590868
   64   1   0       1.16248104
   64   2   1       2.83885515
   65   1   0       1.16087714
   65   2   1       2.84074755
   66   1   0       1.16119925
   66   2   1       2.84313443
   67   1   0       1.16144312
   67   2   1       2.83826918
   68   1   0       1.16066758
   68   2   1       2.84647956
   69   1   0       1.16290032
   69   2   1       2.83381839
   70   1   0       1.15736712
   70   2   1       2.84244963
   71   1   0       1.20408383
   71   2   1       2.86300483
   72   1   0       1.17195595
   72   2   1       2.76010994
   73   1   0       1.16454616
   73   2   1       2.74331316
   74   1   0       1.23095910
   74   2   1       2.86535377
   75   1   0       1.22306475
   75   2   1       2.84819238
   76   1   0       1.23098826
   76   2   1       2.86530698
   77   1   0       1.16457710
   77   2   1       2.74327017
   78   1   0       1.16459392
   78   2   1       2.74321262
   79   1   0       1.16455267
   79   2   1       2.74332797
   80   1   0       1.23097524
   80   2   1       2.86535458
   81   1   0       1.22308672
   81   2   1       2.84818953
   82   1   0       1.23097385
   82   2   1       2.86533767
   83   1   0       1.16457514
   83   2   1       2.74325030
   84   1   0       1.23096011
   84   2   1       2.86537637
   85   1   0       1.22306378
   85   2   1       2.84820040
   86   1   0       1.23096023
   86   2   1       2.86540932
   87   1   0       1.16453517
   87   2   1       2.74332515
   88   1   0       1.16454348
   88   2   1       2.74330096
   89   1   0       1.23097092
   89   2   1       2.86533436
   90   1   0       1.22307814
   90   2   1       2.84820043
   91   1   0       1.23093617
   91   2   1       2.86544668
   92   1   0       1.16454107
   92   2   1       2.74327139
   93   1   0       1.16455896
   93   2   1       2.74329429
   94   1   0       1.23099541
   94   2   1       2.86536649
   95   1   0       1.22307860
   95   2   1       2.84819086
   96   1   0       1.23093715
   96   2   1       2.86542542
   97   1   0       1.16455852
   97   2   1       2.74328262
   98   1   0       1.16454280
   98   2   1       2.74328608
   99   1   0       1.23094804
   99   2   1       2.86537687
  100   1   0       1.22306135
  100   2   1       2.84818092
  101   1   0       1.23094202
  101   2   1       2.86536771
  102   1   0       1.16453591
  102   2   1       2.74330950
  103   1   0       0.91017623
  104   1   0       0.91649270
  105   1   0       0.91017278
  106   1   0       0.91018304
  107   1   0       0.91652163
  108   1   0       0.91017328
  109   1   0       0.91019566
  110   1   0       0.91015379
  111   1   0       0.91018282
  112   1   0       0.91649113
  113   1   0       0.91016740
  114   1   0       0.91018938
  115   1   0       0.91649931
  116   1   0       0.91017202
  117   1   0       0.91650726
  118   1   0       1.20761343
  118   2   1       2.86682925
  119   1   0       0.91018286
  120   1   0       0.91651994
  121   1   0       1.20759386
  121   2   1       2.86674501
  122   1   0       1.15807942
  122   2   1       2.84413550
  123   1   0       1.16317744
  123   2   1       2.83677980
  124   1   0       1.16094243
  124   2   1       2.84572736
  125   1   0       1.16154766
  125   2   1       2.84169801
  126   1   0       1.16094075
  126   2   1       2.84568253
  127   1   0       1.16318228
  127   2   1       2.83680484
  128   1   0       1.15807047
  128   2   1       2.84400560
  129   1   0       1.20760133
  129   2   1       2.86686777
  130   1   0       1.16154873
  130   2   1       2.84171712
  131   1   0       1.20760574
  131   2   1       2.86677321
  132   1   0       1.15809319
  132   2   1       2.84408723
  133   1   0       1.16319033
  133   2   1       2.83676810
  134   1   0       1.16095670
  134   2   1       2.84570501
  135   1   0       1.16156074
  135   2   1       2.84168826
  136   1   0       1.16156362
  136   2   1       2.84169755
  137   1   0       1.16096171
  137   2   1       2.84568387
  138   1   0       1.16320503
  138   2   1       2.83677600
  139   1   0       1.15808876
  139   2   1       2.84405940
  140   1   0       1.20761231
  140   2   1       2.86680146
  141   1   0       1.20761283
  141   2   1       2.86677378
  142   1   0       1.15809923
  142   2   1       2.84405798
  143   1   0       1.16321233
  143   2   1       2.83676634
  144   1   0       1.16096825
  144   2   1       2.84567434
  145   1   0       1.16156527
  145   2   1       2.84168796
  146   1   0       1.16156860
  146   2   1       2.84167593
  147   1   0       1.16097000
  147   2   1       2.84567829
  148   1   0       1.15809622
  148   2   1       2.84401785
  149   1   0       1.16320147
  149   2   1       2.83676208
  150   1   0       1.20762830
  150   2   1       2.86679086
  151   1   0       1.20760673
  151   2   1       2.86685417
  152   1   0       1.15807173
  152   2   1       2.84401776
  153   1   0       1.16318031
  153   2   1       2.83680053
  154   1   0       1.16094027
  154   2   1       2.84569190
  155   1   0       1.16154680
  155   2   1       2.84171506
  156   1   0       1.16154345
  156   2   1       2.84170459
  157   1   0       1.16093887
  157   2   1       2.84571684
  158   1   0       1.16317554
  158   2   1       2.83679064
  159   1   0       1.15807351
  159   2   1       2.84408933
  160   1   0       1.20760432
  160   2   1       2.86679729
  161   1   0       1.20759055
  161   2   1       2.86679832
  162   1   0       1.15809562
  162   2   1       2.84405258
  163   1   0       1.16320129
  163   2   1       2.83677843
  164   1   0       1.16094958
  164   2   1       2.84569125
  165   1   0       1.16155501
  165   2   1       2.84170347
  166   1   0       1.16156165
  166   2   1       2.84169143
  167   1   0       1.16096015
  167   2   1       2.84570656
  168   1   0       1.16318575
  168   2   1       2.83677501
  169   1   0       1.15808777
  169   2   1       2.84410375
  170   1   0       1.20760880
  170   2   1       2.86675803
  171   1   0       1.20761021
  171   2   1       2.86690772
  172   1   0       1.15806792
  172   2   1       2.84397544
  173   1   0       1.16316876
  173   2   1       2.83682037
  174   1   0       1.16092364
  174   2   1       2.84568226
  175   1   0       1.16154586
  175   2   1       2.84172278
  176   1   0       1.16153673
  176   2   1       2.84170267
  177   1   0       1.16092965
  177   2   1       2.84571463
  178   1   0       1.16316664
  178   2   1       2.83680222
  179   1   0       1.15806221
  179   2   1       2.84405135
  180   1   0       0.91017295

Orbital populations (up)
 Atom Sh.   l   m       Population  Label
    1   1   0   0       1.17160553  s
    1   2   1  -1       0.88620049  p_y
    1   2   1   0       1.01359911  p_z
    1   2   1   1       0.86898410  p_x
    2   1   0   0       1.17166406  s
    2   2   1  -1       0.88437970  p_y
    2   2   1   0       1.01357858  p_z
    2   2   1   1       0.87067834  p_x
    3   1   0   0       1.17162602  s
    3   2   1  -1       0.86159561  p_y
    3   2   1   0       1.01366978  p_z
    3   2   1   1       0.89338401  p_x
    4   1   0   0       1.17158698  s
    4   2   1  -1       0.88615016  p_y
    4   2   1   0       1.01366814  p_z
    4   2   1   1       0.86890421  p_x
    5   1   0   0       1.17165667  s
    5   2   1  -1       0.88439561  p_y
    5   2   1   0       1.01368515  p_z
    5   2   1   1       0.87055343  p_x
    6   1   0   0       1.17163699  s
    6   2   1  -1       0.86156940  p_y
    6   2   1   0       1.01367782  p_z
    6   2   1   1       0.89345044  p_x
    7   1   0   0       1.20075769  s
    7   2   1  -1       0.86036172  p_y
    7   2   1   0       1.01057175  p_z
    7   2   1   1       0.99562327  p_x
    8   1   0   0       1.15731639  s
    8   2   1  -1       0.83693592  p_y
    8   2   1   0       0.98592044  p_z
    8   2   1   1       1.01301700  p_x
    9   1   0   0       1.16249996  s
    9   2   1  -1       0.83918343  p_y
    9   2   1   0       0.99979171  p_z
    9   2   1   1       0.99985507  p_x
   10   1   0   0       1.16090015  s
   10   2   1  -1       0.83935321  p_y
   10   2   1   0       0.99497922  p_z
   10   2   1   1       1.00638728  p_x
   11   1   0   0       1.16122128  s
   11   2   1  -1       0.83905524  p_y
   11   2   1   0       0.99988641  p_z
   11   2   1   1       1.00415655  p_x
   12   1   0   0       1.16146748  s
   12   2   1  -1       0.83936323  p_y
   12   2   1   0       0.99687016  p_z
   12   2   1   1       1.00201441  p_x
   13   1   0   0       1.16070218  s
   13   2   1  -1       0.83927587  p_y
   13   2   1   0       0.99844849  p_z
   13   2   1   1       1.00870008  p_x
   14   1   0   0       1.16294226  s
   14   2   1  -1       0.83990302  p_y
   14   2   1   0       0.99662623  p_z
   14   2   1   1       0.99727987  p_x
   15   1   0   0       1.15737097  s
   15   2   1  -1       0.83713542  p_y
   15   2   1   0       0.98960885  p_z
   15   2   1   1       1.01563159  p_x
   16   1   0   0       1.20413062  s
   16   2   1  -1       0.86445844  p_y
   16   2   1   0       1.00676053  p_z
   16   2   1   1       0.99181809  p_x
   17   1   0   0       1.17197978  s
   17   2   1  -1       0.85759243  p_y
   17   2   1   0       1.00657010  p_z
   17   2   1   1       0.89593233  p_x
   18   1   0   0       1.20076125  s
   18   2   1  -1       0.95762480  p_y
   18   2   1   0       1.01025006  p_z
   18   2   1   1       0.89868876  p_x
   19   1   0   0       1.15730687  s
   19   2   1  -1       0.96273651  p_y
   19   2   1   0       0.98528507  p_z
   19   2   1   1       0.88786098  p_x
   20   1   0   0       1.16249246  s
   20   2   1  -1       0.95397246  p_y
   20   2   1   0       0.99915800  p_z
   20   2   1   1       0.88571453  p_x
   21   1   0   0       1.16088819  s
   21   2   1  -1       0.95861926  p_y
   21   2   1   0       0.99415538  p_z
   21   2   1   1       0.88795176  p_x
   22   1   0   0       1.16120929  s
   22   2   1  -1       0.95714564  p_y
   22   2   1   0       0.99911883  p_z
   22   2   1   1       0.88685298  p_x
   23   1   0   0       1.16145458  s
   23   2   1  -1       0.95608149  p_y
   23   2   1   0       0.99601260  p_z
   23   2   1   1       0.88616114  p_x
   24   1   0   0       1.16068640  s
   24   2   1  -1       0.96117919  p_y
   24   2   1   0       0.99769280  p_z
   24   2   1   1       0.88758383  p_x
   25   1   0   0       1.16291126  s
   25   2   1  -1       0.95373694  p_y
   25   2   1   0       0.99584450  p_z
   25   2   1   1       0.88423378  p_x
   26   1   0   0       1.15736695  s
   26   2   1  -1       0.96663932  p_y
   26   2   1   0       0.98898847  p_z
   26   2   1   1       0.88678574  p_x
   27   1   0   0       1.20411551  s
   27   2   1  -1       0.95730813  p_y
   27   2   1   0       1.00616602  p_z
   27   2   1   1       0.89954952  p_x
   28   1   0   0       1.17192248  s
   28   2   1  -1       0.88522405  p_y
   28   2   1   0       1.00583080  p_z
   28   2   1   1       0.86912694  p_x
   29   1   0   0       1.20072056  s
   29   2   1  -1       0.96542268  p_y
   29   2   1   0       1.01048698  p_z
   29   2   1   1       0.89068975  p_x
   30   1   0   0       1.15727469  s
   30   2   1  -1       0.97390576  p_y
   30   2   1   0       0.98586956  p_z
   30   2   1   1       0.87614357  p_x
   31   1   0   0       1.16245855  s
   31   2   1  -1       0.96443096  p_y
   31   2   1   0       0.99980888  p_z
   31   2   1   1       0.87464520  p_x
   32   1   0   0       1.16085799  s
   32   2   1  -1       0.96973425  p_y
   32   2   1   0       0.99493867  p_z
   32   2   1   1       0.87607610  p_x
   33   1   0   0       1.16118314  s
   33   2   1  -1       0.96815697  p_y
   33   2   1   0       0.99987582  p_z
   33   2   1   1       0.87512369  p_x
   34   1   0   0       1.16142705  s
   34   2   1  -1       0.96634945  p_y
   34   2   1   0       0.99672408  p_z
   34   2   1   1       0.87519539  p_x
   35   1   0   0       1.16066794  s
   35   2   1  -1       0.97142782  p_y
   35   2   1   0       0.99831993  p_z
   35   2   1   1       0.87674010  p_x
   36   1   0   0       1.16289516  s
   36   2   1  -1       0.96197472  p_y
   36   2   1   0       0.99636725  p_z
   36   2   1   1       0.87548372  p_x
   37   1   0   0       1.15732384  s
   37   2   1  -1       0.97526824  p_y
   37   2   1   0       0.98939735  p_z
   37   2   1   1       0.87779966  p_x
   38   1   0   0       1.20408140  s
   38   2   1  -1       0.96210824  p_y
   38   2   1   0       1.00654845  p_z
   38   2   1   1       0.89437608  p_x
   39   1   0   0       1.17194346  s
   39   2   1  -1       0.88661891  p_y
   39   2   1   0       1.00638768  p_z
   39   2   1   1       0.86710067  p_x
   40   1   0   0       1.20075816  s
   40   2   1  -1       0.95819384  p_y
   40   2   1   0       1.01053859  p_z
   40   2   1   1       0.89784728  p_x
   41   1   0   0       1.15730183  s
   41   2   1  -1       0.96461697  p_y
   41   2   1   0       0.98585621  p_z
   41   2   1   1       0.88540148  p_x
   42   1   0   0       1.16248857  s
   42   2   1  -1       0.95557978  p_y
   42   2   1   0       0.99981212  p_z
   42   2   1   1       0.88347574  p_x
   43   1   0   0       1.16088361  s
   43   2   1  -1       0.96049930  p_y
   43   2   1   0       0.99485813  p_z
   43   2   1   1       0.88535296  p_x
   44   1   0   0       1.16120881  s
   44   2   1  -1       0.95890974  p_y
   44   2   1   0       0.99978853  p_z
   44   2   1   1       0.88444182  p_x
   45   1   0   0       1.16145181  s
   45   2   1  -1       0.95742476  p_y
   45   2   1   0       0.99664621  p_z
   45   2   1   1       0.88416689  p_x
   46   1   0   0       1.16068041  s
   46   2   1  -1       0.96213896  p_y
   46   2   1   0       0.99824214  p_z
   46   2   1   1       0.88609640  p_x
   47   1   0   0       1.16290818  s
   47   2   1  -1       0.95376524  p_y
   47   2   1   0       0.99650321  p_z
   47   2   1   1       0.88352840  p_x
   48   1   0   0       1.15738150  s
   48   2   1  -1       0.96602400  p_y
   48   2   1   0       0.98950685  p_z
   48   2   1   1       0.88690224  p_x
   49   1   0   0       1.20410311  s
   49   2   1  -1       0.95611508  p_y
   49   2   1   0       1.00718117  p_z
   49   2   1   1       0.89969857  p_x
   50   1   0   0       1.17190512  s
   50   2   1  -1       0.88493547  p_y
   50   2   1   0       1.00752365  p_z
   50   2   1   1       0.86771704  p_x
   51   1   0   0       1.20078051  s
   51   2   1  -1       0.86032138  p_y
   51   2   1   0       1.01054073  p_z
   51   2   1   1       0.99569037  p_x
   52   1   0   0       1.15733503  s
   52   2   1  -1       0.83690761  p_y
   52   2   1   0       0.98586715  p_z
   52   2   1   1       1.01306782  p_x
   53   1   0   0       1.16252221  s
   53   2   1  -1       0.83921443  p_y
   53   2   1   0       0.99970723  p_z
   53   2   1   1       0.99990300  p_x
   54   1   0   0       1.16091760  s
   54   2   1  -1       0.83945971  p_y
   54   2   1   0       0.99483330  p_z
   54   2   1   1       1.00640919  p_x
   55   1   0   0       1.16121204  s
   55   2   1  -1       0.83922053  p_y
   55   2   1   0       0.99972852  p_z
   55   2   1   1       1.00416490  p_x
   56   1   0   0       1.16145893  s
   56   2   1  -1       0.83956422  p_y
   56   2   1   0       0.99669132  p_z
   56   2   1   1       1.00198421  p_x
   57   1   0   0       1.16070369  s
   57   2   1  -1       0.83952917  p_y
   57   2   1   0       0.99827158  p_z
   57   2   1   1       1.00864654  p_x
   58   1   0   0       1.16294694  s
   58   2   1  -1       0.84004316  p_y
   58   2   1   0       0.99655423  p_z
   58   2   1   1       0.99718438  p_x
   59   1   0   0       1.15737720  s
   59   2   1  -1       0.83736810  p_y
   59   2   1   0       0.98951035  p_z
   59   2   1   1       1.01552538  p_x
   60   1   0   0       1.20411873  s
   60   2   1  -1       0.86416429  p_y
   60   2   1   0       1.00711417  p_z
   60   2   1   1       0.99172586  p_x
   61   1   0   0       1.17198144  s
   61   2   1  -1       0.85695801  p_y
   61   2   1   0       1.00740924  p_z
   61   2   1   1       0.89572493  p_x
   62   1   0   0       1.20074390  s
   62   2   1  -1       0.96592402  p_y
   62   2   1   0       1.01023367  p_z
   62   2   1   1       0.89041450  p_x
   63   1   0   0       1.15729741  s
   63   2   1  -1       0.97507102  p_y
   63   2   1   0       0.98542172  p_z
   63   2   1   1       0.87541594  p_x
   64   1   0   0       1.16248104  s
   64   2   1  -1       0.96498566  p_y
   64   2   1   0       0.99924419  p_z
   64   2   1   1       0.87462530  p_x
   65   1   0   0       1.16087714  s
   65   2   1  -1       0.97010671  p_y
   65   2   1   0       0.99432735  p_z
   65   2   1   1       0.87631349  p_x
   66   1   0   0       1.16119925  s
   66   2   1  -1       0.96792261  p_y
   66   2   1   0       0.99921026  p_z
   66   2   1   1       0.87600156  p_x
   67   1   0   0       1.16144312  s
   67   2   1  -1       0.96601216  p_y
   67   2   1   0       0.99618561  p_z
   67   2   1   1       0.87607140  p_x
   68   1   0   0       1.16066758  s
   68   2   1  -1       0.97105900  p_y
   68   2   1   0       0.99781636  p_z
   68   2   1   1       0.87760420  p_x
   69   1   0   0       1.16290032  s
   69   2   1  -1       0.96194390  p_y
   69   2   1   0       0.99613485  p_z
   69   2   1   1       0.87573964  p_x
   70   1   0   0       1.15736712  s
   70   2   1  -1       0.97526172  p_y
   70   2   1   0       0.98918274  p_z
   70   2   1   1       0.87800518  p_x
   71   1   0   0       1.20408383  s
   71   2   1  -1       0.96278734  p_y
   71   2   1   0       1.00675238  p_z
   71   2   1   1       0.89346511  p_x
   72   1   0   0       1.17195595  s
   72   2   1  -1       0.88693069  p_y
   72   2   1   0       1.00681069  p_z
   72   2   1   1       0.86636857  p_x
   73   1   0   0       1.16454616  s
   73   2   1  -1       0.88447359  p_y
   73   2   1   0       0.98950976  p_z
   73   2   1   1       0.86932981  p_x
   74   1   0   0       1.23095910  s
   74   2   1  -1       0.94204248  p_y
   74   2   1   0       1.01166656  p_z
   74   2   1   1       0.91164474  p_x
   75   1   0   0       1.22306475  s
   75   2   1  -1       0.92027845  p_y
   75   2   1   0       0.99485742  p_z
   75   2   1   1       0.93305652  p_x
   76   1   0   0       1.23098826  s
   76   2   1  -1       0.92056513  p_y
   76   2   1   0       1.01195605  p_z
   76   2   1   1       0.93278580  p_x
   77   1   0   0       1.16457710  s
   77   2   1  -1       0.85321662  p_y
   77   2   1   0       0.98996436  p_z
   77   2   1   1       0.90008919  p_x
   78   1   0   0       1.16459392  s
   78   2   1  -1       0.89074091  p_y
   78   2   1   0       0.99044790  p_z
   78   2   1   1       0.86202380  p_x
   79   1   0   0       1.16455267  s
   79   2   1  -1       0.89385101  p_y
   79   2   1   0       0.99015371  p_z
   79   2   1   1       0.85932325  p_x
   80   1   0   0       1.23097524  s
   80   2   1  -1       0.91655420  p_y
   80   2   1   0       1.01219526  p_z
   80   2   1   1       0.93660512  p_x
   81   1   0   0       1.22308672  s
   81   2   1  -1       0.93947615  p_y
   81   2   1   0       0.99520022  p_z
   81   2   1   1       0.91351315  p_x
   82   1   0   0       1.23097385  s
   82   2   1  -1       0.91444248  p_y
   82   2   1   0       1.01240422  p_z
   82   2   1   1       0.93849097  p_x
   83   1   0   0       1.16457514  s
   83   2   1  -1       0.88251850  p_y
   83   2   1   0       0.99006145  p_z
   83   2   1   1       0.87067035  p_x
   84   1   0   0       1.23096011  s
   84   2   1  -1       0.94235348  p_y
   84   2   1   0       1.01211815  p_z
   84   2   1   1       0.91090474  p_x
   85   1   0   0       1.22306378  s
   85   2   1  -1       0.91929909  p_y
   85   2   1   0       0.99513244  p_z
   85   2   1   1       0.93376888  p_x
   86   1   0   0       1.23096023  s
   86   2   1  -1       0.92199665  p_y
   86   2   1   0       1.01233449  p_z
   86   2   1   1       0.93107817  p_x
   87   1   0   0       1.16453517  s
   87   2   1  -1       0.85277884  p_y
   87   2   1   0       0.99036405  p_z
   87   2   1   1       0.90018225  p_x
   88   1   0   0       1.16454348  s
   88   2   1  -1       0.89038176  p_y
   88   2   1   0       0.99108418  p_z
   88   2   1   1       0.86183502  p_x
   89   1   0   0       1.23097092  s
   89   2   1  -1       0.91402862  p_y
   89   2   1   0       1.01293871  p_z
   89   2   1   1       0.93836703  p_x
   90   1   0   0       1.22307814  s
   90   2   1  -1       0.93917097  p_y
   90   2   1   0       0.99566048  p_z
   90   2   1   1       0.91336898  p_x
   91   1   0   0       1.23093617  s
   91   2   1  -1       0.91601981  p_y
   91   2   1   0       1.01294487  p_z
   91   2   1   1       0.93648200  p_x
   92   1   0   0       1.16454107  s
   92   2   1  -1       0.89313926  p_y
   92   2   1   0       0.99102754  p_z
   92   2   1   1       0.85910460  p_x
   93   1   0   0       1.16455896  s
   93   2   1  -1       0.88214848  p_y
   93   2   1   0       0.99050149  p_z
   93   2   1   1       0.87064432  p_x
   94   1   0   0       1.23099541  s
   94   2   1  -1       0.94241328  p_y
   94   2   1   0       1.01249799  p_z
   94   2   1   1       0.91045522  p_x
   95   1   0   0       1.22307860  s
   95   2   1  -1       0.91911163  p_y
   95   2   1   0       0.99536827  p_z
   95   2   1   1       0.93371095  p_x
   96   1   0   0       1.23093715  s
   96   2   1  -1       0.92228865  p_y
   96   2   1   0       1.01262930  p_z
   96   2   1   1       0.93050748  p_x
   97   1   0   0       1.16455852  s
   97   2   1  -1       0.85274080  p_y
   97   2   1   0       0.99067009  p_z
   97   2   1   1       0.89987173  p_x
   98   1   0   0       1.16454280  s
   98   2   1  -1       0.88490615  p_y
   98   2   1   0       0.99116625  p_z
   98   2   1   1       0.86721367  p_x
   99   1   0   0       1.23094804  s
   99   2   1  -1       0.94195936  p_y
   99   2   1   0       1.01304164  p_z
   99   2   1   1       0.91037587  p_x
  100   1   0   0       1.22306135  s
  100   2   1  -1       0.92050970  p_y
  100   2   1   0       0.99572912  p_z
  100   2   1   1       0.93194210  p_x
  101   1   0   0       1.23094202  s
  101   2   1  -1       0.92031792  p_y
  101   2   1   0       1.01303377  p_z
  101   2   1   1       0.93201602  p_x
  102   1   0   0       1.16453591  s
  102   2   1  -1       0.85334270  p_y
  102   2   1   0       0.99117114  p_z
  102   2   1   1       0.89879566  p_x
  103   1   0   0       0.91017623  s
  104   1   0   0       0.91649270  s
  105   1   0   0       0.91017278  s
  106   1   0   0       0.91018304  s
  107   1   0   0       0.91652163  s
  108   1   0   0       0.91017328  s
  109   1   0   0       0.91019566  s
  110   1   0   0       0.91015379  s
  111   1   0   0       0.91018282  s
  112   1   0   0       0.91649113  s
  113   1   0   0       0.91016740  s
  114   1   0   0       0.91018938  s
  115   1   0   0       0.91649931  s
  116   1   0   0       0.91017202  s
  117   1   0   0       0.91650726  s
  118   1   0   0       1.20761343  s
  118   2   1  -1       0.96369294  p_y
  118   2   1   0       1.00867141  p_z
  118   2   1   1       0.89446489  p_x
  119   1   0   0       0.91018286  s
  120   1   0   0       0.91651994  s
  121   1   0   0       1.20759386  s
  121   2   1  -1       0.86583968  p_y
  121   2   1   0       1.00841721  p_z
  121   2   1   1       0.99248812  p_x
  122   1   0   0       1.15807942  s
  122   2   1  -1       0.83706648  p_y
  122   2   1   0       0.99119791  p_z
  122   2   1   1       1.01587112  p_x
  123   1   0   0       1.16317744  s
  123   2   1  -1       0.83937165  p_y
  123   2   1   0       0.99889238  p_z
  123   2   1   1       0.99851577  p_x
  124   1   0   0       1.16094243  s
  124   2   1  -1       0.83921784  p_y
  124   2   1   0       0.99859801  p_z
  124   2   1   1       1.00791151  p_x
  125   1   0   0       1.16154766  s
  125   2   1  -1       0.83915909  p_y
  125   2   1   0       0.99938430  p_z
  125   2   1   1       1.00315461  p_x
  126   1   0   0       1.16094075  s
  126   2   1  -1       0.83929682  p_y
  126   2   1   0       0.99848922  p_z
  126   2   1   1       1.00789649  p_x
  127   1   0   0       1.16318228  s
  127   2   1  -1       0.83944219  p_y
  127   2   1   0       0.99891873  p_z
  127   2   1   1       0.99844392  p_x
  128   1   0   0       1.15807047  s
  128   2   1  -1       0.83713469  p_y
  128   2   1   0       0.99095112  p_z
  128   2   1   1       1.01591979  p_x
  129   1   0   0       1.20760133  s
  129   2   1  -1       0.86580408  p_y
  129   2   1   0       1.00859534  p_z
  129   2   1   1       0.99246835  p_x
  130   1   0   0       1.16154873  s
  130   2   1  -1       0.83917285  p_y
  130   2   1   0       0.99942457  p_z
  130   2   1   1       1.00311969  p_x
  131   1   0   0       1.20760574  s
  131   2   1  -1       0.96226958  p_y
  131   2   1   0       1.00700764  p_z
  131   2   1   1       0.89749599  p_x
  132   1   0   0       1.15809319  s
  132   2   1  -1       0.97498013  p_y
  132   2   1   0       0.98915696  p_z
  132   2   1   1       0.87995014  p_x
  133   1   0   0       1.16319033  s
  133   2   1  -1       0.96189649  p_y
  133   2   1   0       0.99707488  p_z
  133   2   1   1       0.87779672  p_x
  134   1   0   0       1.16095670  s
  134   2   1  -1       0.97003133  p_y
  134   2   1   0       0.99666945  p_z
  134   2   1   1       0.87900423  p_x
  135   1   0   0       1.16156074  s
  135   2   1  -1       0.96628332  p_y
  135   2   1   0       0.99749378  p_z
  135   2   1   1       0.87791116  p_x
  136   1   0   0       1.16156362  s
  136   2   1  -1       0.96722613  p_y
  136   2   1   0       0.99757786  p_z
  136   2   1   1       0.87689357  p_x
  137   1   0   0       1.16096171  s
  137   2   1  -1       0.97102738  p_y
  137   2   1   0       0.99668841  p_z
  137   2   1   1       0.87796808  p_x
  138   1   0   0       1.16320503  s
  138   2   1  -1       0.96465691  p_y
  138   2   1   0       0.99730294  p_z
  138   2   1   1       0.87481615  p_x
  139   1   0   0       1.15808876  s
  139   2   1  -1       0.97810407  p_y
  139   2   1   0       0.98931617  p_z
  139   2   1   1       0.87663916  p_x
  140   1   0   0       1.20761231  s
  140   2   1  -1       0.96678129  p_y
  140   2   1   0       1.00749710  p_z
  140   2   1   1       0.89252307  p_x
  141   1   0   0       1.20761283  s
  141   2   1  -1       0.95721014  p_y
  141   2   1   0       1.00850524  p_z
  141   2   1   1       0.90105840  p_x
  142   1   0   0       1.15809923  s
  142   2   1  -1       0.96570562  p_y
  142   2   1   0       0.99085861  p_z
  142   2   1   1       0.88749374  p_x
  143   1   0   0       1.16321233  s
  143   2   1  -1       0.95384290  p_y
  143   2   1   0       0.99872410  p_z
  143   2   1   1       0.88419934  p_x
  144   1   0   0       1.16096825  s
  144   2   1  -1       0.96086351  p_y
  144   2   1   0       0.99815767  p_z
  144   2   1   1       0.88665316  p_x
  145   1   0   0       1.16156527  s
  145   2   1  -1       0.95777427  p_y
  145   2   1   0       0.99895549  p_z
  145   2   1   1       0.88495820  p_x
  146   1   0   0       1.16156860  s
  146   2   1  -1       0.95817685  p_y
  146   2   1   0       0.99872818  p_z
  146   2   1   1       0.88477091  p_x
  147   1   0   0       1.16097000  s
  147   2   1  -1       0.96237065  p_y
  147   2   1   0       0.99773902  p_z
  147   2   1   1       0.88556861  p_x
  148   1   0   0       1.15809622  s
  148   2   1  -1       0.96840640  p_y
  148   2   1   0       0.98981352  p_z
  148   2   1   1       0.88579793  p_x
  149   1   0   0       1.16320147  s
  149   2   1  -1       0.95573935  p_y
  149   2   1   0       0.99791883  p_z
  149   2   1   1       0.88310390  p_x
  150   1   0   0       1.20762830  s
  150   2   1  -1       0.95792295  p_y
  150   2   1   0       1.00751243  p_z
  150   2   1   1       0.90135547  p_x
  151   1   0   0       1.20760673  s
  151   2   1  -1       0.86573093  p_y
  151   2   1   0       1.00852072  p_z
  151   2   1   1       0.99260252  p_x
  152   1   0   0       1.15807173  s
  152   2   1  -1       0.83697920  p_y
  152   2   1   0       0.99107072  p_z
  152   2   1   1       1.01596785  p_x
  153   1   0   0       1.16318031  s
  153   2   1  -1       0.83929577  p_y
  153   2   1   0       0.99889471  p_z
  153   2   1   1       0.99861005  p_x
  154   1   0   0       1.16094027  s
  154   2   1  -1       0.83914433  p_y
  154   2   1   0       0.99856010  p_z
  154   2   1   1       1.00798746  p_x
  155   1   0   0       1.16154680  s
  155   2   1  -1       0.83905019  p_y
  155   2   1   0       0.99937284  p_z
  155   2   1   1       1.00329203  p_x
  156   1   0   0       1.16154345  s
  156   2   1  -1       0.83908065  p_y
  156   2   1   0       0.99942535  p_z
  156   2   1   1       1.00319859  p_x
  157   1   0   0       1.16093887  s
  157   2   1  -1       0.83916421  p_y
  157   2   1   0       0.99845013  p_z
  157   2   1   1       1.00810250  p_x
  158   1   0   0       1.16317554  s
  158   2   1  -1       0.83937466  p_y
  158   2   1   0       0.99893984  p_z
  158   2   1   1       0.99847614  p_x
  159   1   0   0       1.15807351  s
  159   2   1  -1       0.83706078  p_y
  159   2   1   0       0.99083280  p_z
  159   2   1   1       1.01619575  p_x
  160   1   0   0       1.20760432  s
  160   2   1  -1       0.86591544  p_y
  160   2   1   0       1.00867505  p_z
  160   2   1   1       0.99220680  p_x
  161   1   0   0       1.20759055  s
  161   2   1  -1       0.95675764  p_y
  161   2   1   0       1.00801775  p_z
  161   2   1   1       0.90202293  p_x
  162   1   0   0       1.15809562  s
  162   2   1  -1       0.96692989  p_y
  162   2   1   0       0.99044095  p_z
  162   2   1   1       0.88668174  p_x
  163   1   0   0       1.16320129  s
  163   2   1  -1       0.95460300  p_y
  163   2   1   0       0.99853485  p_z
  163   2   1   1       0.88364058  p_x
  164   1   0   0       1.16094958  s
  164   2   1  -1       0.96161935  p_y
  164   2   1   0       0.99827849  p_z
  164   2   1   1       0.88579341  p_x
  165   1   0   0       1.16155501  s
  165   2   1  -1       0.95791632  p_y
  165   2   1   0       0.99923967  p_z
  165   2   1   1       0.88454747  p_x
  166   1   0   0       1.16156165  s
  166   2   1  -1       0.95784057  p_y
  166   2   1   0       0.99934298  p_z
  166   2   1   1       0.88450788  p_x
  167   1   0   0       1.16096015  s
  167   2   1  -1       0.96109486  p_y
  167   2   1   0       0.99846089  p_z
  167   2   1   1       0.88615081  p_x
  168   1   0   0       1.16318575  s
  168   2   1  -1       0.95415219  p_y
  168   2   1   0       0.99892798  p_z
  168   2   1   1       0.88369485  p_x
  169   1   0   0       1.15808777  s
  169   2   1  -1       0.96635182  p_y
  169   2   1   0       0.99090710  p_z
  169   2   1   1       0.88684483  p_x
  170   1   0   0       1.20760880  s
  170   2   1  -1       0.95740513  p_y
  170   2   1   0       1.00862311  p_z
  170   2   1   1       0.90072979  p_x
  171   1   0   0       1.20761021  s
  171   2   1  -1       0.96534484  p_y
  171   2   1   0       1.00856679  p_z
  171   2   1   1       0.89299609  p_x
  172   1   0   0       1.15806792  s
  172   2   1  -1       0.97526473  p_y
  172   2   1   0       0.99073509  p_z
  172   2   1   1       0.87797561  p_x
  173   1   0   0       1.16316876  s
  173   2   1  -1       0.96247276  p_y
  173   2   1   0       0.99883703  p_z
  173   2   1   1       0.87551058  p_x
  174   1   0   0       1.16092364  s
  174   2   1  -1       0.96911605  p_y
  174   2   1   0       0.99842198  p_z
  174   2   1   1       0.87814424  p_x
  175   1   0   0       1.16154586  s
  175   2   1  -1       0.96580315  p_y
  175   2   1   0       0.99935332  p_z
  175   2   1   1       0.87656631  p_x
  176   1   0   0       1.16153673  s
  176   2   1  -1       0.96580597  p_y
  176   2   1   0       0.99938327  p_z
  176   2   1   1       0.87651343  p_x
  177   1   0   0       1.16092965  s
  177   2   1  -1       0.97026951  p_y
  177   2   1   0       0.99846313  p_z
  177   2   1   1       0.87698199  p_x
  178   1   0   0       1.16316664  s
  178   2   1  -1       0.96300967  p_y
  178   2   1   0       0.99893763  p_z
  178   2   1   1       0.87485492  p_x
  179   1   0   0       1.15806221  s
  179   2   1  -1       0.97663124  p_y
  179   2   1   0       0.99083371  p_z
  179   2   1   1       0.87658639  p_x
  180   1   0   0       0.91017295  s

Fermi level:                        -0.1723035750 H           -4.6886 eV
Band energy:                      -287.5762100032 H        -7825.3468 eV
TS:                                  0.0000000000 H            0.0000 eV
Band free energy (E-TS):          -287.5762100032 H        -7825.3468 eV
Extrapolated E(0K):               -287.5762100032 H        -7825.3468 eV
Input / Output electrons (q):    666.0000000000    666.0000000000

Energy H0:                        -290.5103878495 H        -7905.1899 eV
Energy SCC:                          0.0228217845 H            0.6210 eV
Total Electronic energy:          -290.4875660649 H        -7904.5689 eV
Repulsive energy:                   10.0867912438 H          274.4756 eV
Dispersion energy:                   0.8574804673 H           23.3332 eV
Total energy:                     -279.5432943538 H        -7606.7601 eV
Extrapolated to 0:                -279.5432943538 H        -7606.7601 eV
Total Mermin free energy:         -279.5432943538 H        -7606.7601 eV
Force related energy:             -279.5432943538 H        -7606.7601 eV

SCC converged

Dipole moment:   -0.00105962    0.00253690    0.24456669 au
Dipole moment:   -0.00269328    0.00644814    0.62162656 Debye


