 KPT            1  SPIN            1  KWEIGHT    1.0000000000000000     
     1   -19.979  2.00000
     2   -19.681  2.00000
     3   -19.674  2.00000
     4   -19.674  2.00000
     5   -19.654  2.00000
     6   -19.654  2.00000
     7   -19.643  2.00000
     8   -18.774  2.00000
     9   -18.774  2.00000
    10   -18.628  2.00000
    11   -18.567  2.00000
    12   -18.567  2.00000
    13   -18.400  2.00000
    14   -18.400  2.00000
    15   -18.339  2.00000
    16   -18.338  2.00000
    17   -18.298  2.00000
    18   -18.238  2.00000
    19   -18.184  2.00000
    20   -18.099  2.00000
    21   -18.057  2.00000
    22   -18.057  2.00000
    23   -17.830  2.00000
    24   -17.829  2.00000
    25   -17.738  2.00000
    26   -17.738  2.00000
    27   -17.649  2.00000
    28   -17.384  2.00000
    29   -17.384  2.00000
    30   -17.382  2.00000
    31   -17.131  2.00000
    32   -17.131  2.00000
    33   -17.129  2.00000
    34   -16.967  2.00000
    35   -16.831  2.00000
    36   -16.831  2.00000
    37   -16.382  2.00000
    38   -16.309  2.00000
    39   -16.309  2.00000
    40   -16.273  2.00000
    41   -16.273  2.00000
    42   -16.202  2.00000
    43   -16.164  2.00000
    44   -15.976  2.00000
    45   -15.976  2.00000
    46   -14.893  2.00000
    47   -14.893  2.00000
    48   -14.647  2.00000
    49   -14.555  2.00000
    50   -14.546  2.00000
    51   -14.545  2.00000
    52   -14.476  2.00000
    53   -14.476  2.00000
    54   -14.366  2.00000
    55   -13.988  2.00000
    56   -13.988  2.00000
    57   -13.909  2.00000
    58   -13.909  2.00000
    59   -13.867  2.00000
    60   -13.591  2.00000
    61   -13.307  2.00000
    62   -13.187  2.00000
    63   -13.187  2.00000
    64   -13.015  2.00000
    65   -12.718  2.00000
    66   -12.718  2.00000
    67   -12.688  2.00000
    68   -12.688  2.00000
    69   -12.390  2.00000
    70   -12.390  2.00000
    71   -12.367  2.00000
    72   -11.939  2.00000
    73   -11.763  2.00000
    74   -11.613  2.00000
    75   -11.563  2.00000
    76   -11.563  2.00000
    77   -11.329  2.00000
    78   -11.329  2.00000
    79   -11.068  2.00000
    80   -11.067  2.00000
    81   -11.040  2.00000
    82   -11.038  2.00000
    83   -11.038  2.00000
    84   -10.955  2.00000
    85   -10.864  2.00000
    86   -10.786  2.00000
    87   -10.576  2.00000
    88   -10.568  2.00000
    89   -10.568  2.00000
    90   -10.549  2.00000
    91   -10.549  2.00000
    92   -10.543  2.00000
    93   -10.266  2.00000
    94   -10.266  2.00000
    95   -10.143  2.00000
    96   -10.128  2.00000
    97   -10.020  2.00000
    98   -10.020  2.00000
    99    -9.869  2.00000
   100    -9.868  2.00000
   101    -9.851  2.00000
   102    -9.842  2.00000
   103    -9.842  2.00000
   104    -9.792  2.00000
   105    -9.792  2.00000
   106    -9.771  2.00000
   107    -9.763  2.00000
   108    -9.762  2.00000
   109    -9.761  2.00000
   110    -9.761  2.00000
   111    -9.730  2.00000
   112    -9.711  2.00000
   113    -9.710  2.00000
   114    -9.351  2.00000
   115    -9.351  2.00000
   116    -9.119  2.00000
   117    -9.119  2.00000
   118    -9.079  2.00000
   119    -8.996  2.00000
   120    -8.995  2.00000
   121    -8.896  2.00000
   122    -8.846  2.00000
   123    -8.845  2.00000
   124    -8.768  2.00000
   125    -8.768  2.00000
   126    -8.748  2.00000
   127    -8.748  2.00000
   128    -8.738  2.00000
   129    -8.727  2.00000
   130    -8.726  2.00000
   131    -8.671  2.00000
   132    -8.671  2.00000
   133    -8.654  2.00000
   134    -8.645  2.00000
   135    -8.631  2.00000
   136    -8.578  2.00000
   137    -8.578  2.00000
   138    -8.550  2.00000
   139    -8.467  2.00000
   140    -8.452  2.00000
   141    -8.372  2.00000
   142    -8.371  2.00000
   143    -8.312  2.00000
   144    -8.312  2.00000
   145    -8.271  2.00000
   146    -8.223  2.00000
   147    -8.208  2.00000
   148    -8.208  2.00000
   149    -8.185  2.00000
   150    -8.184  2.00000
   151    -8.183  2.00000
   152    -8.183  2.00000
   153    -8.182  2.00000
   154    -8.161  2.00000
   155    -7.977  2.00000
   156    -7.977  2.00000
   157    -7.808  2.00000
   158    -7.808  2.00000
   159    -7.739  2.00000
   160    -7.470  2.00000
   161    -7.469  2.00000
   162    -7.319  2.00000
   163    -7.110  2.00000
   164    -7.023  2.00000
   165    -7.007  2.00000
   166    -7.007  2.00000
   167    -6.758  2.00000
   168    -6.757  2.00000
   169    -6.618  2.00000
   170    -6.581  2.00000
   171    -6.581  2.00000
   172    -6.533  2.00000
   173    -6.533  2.00000
   174    -6.512  2.00000
   175    -6.512  2.00000
   176    -6.507  2.00000
   177    -6.507  2.00000
   178    -6.472  2.00000
   179    -6.418  2.00000
   180    -6.380  2.00000
   181    -6.096  2.00000
   182    -6.096  2.00000
   183    -6.033  2.00000
   184    -5.938  2.00000
   185    -5.938  2.00000
   186    -5.938  2.00000
   187    -5.871  2.00000
   188    -5.567  2.00000
   189    -5.567  2.00000
   190    -3.429  0.00000
   191    -3.429  0.00000
   192    -3.033  0.00000
   193    -2.976  0.00000
   194    -2.939  0.00000
   195    -2.938  0.00000
   196    -2.819  0.00000
   197    -2.818  0.00000
   198    -2.726  0.00000
   199    -1.977  0.00000
   200    -1.976  0.00000
   201    -1.785  0.00000
   202    -1.784  0.00000
   203    -1.767  0.00000
   204    -1.311  0.00000
   205    -1.271  0.00000
   206    -1.271  0.00000
   207    -1.262  0.00000
   208    -1.262  0.00000
   209    -1.189  0.00000
   210    -1.185  0.00000
   211    -1.141  0.00000
   212    -1.130  0.00000
   213    -1.128  0.00000
   214    -1.077  0.00000
   215    -1.049  0.00000
   216    -0.992  0.00000
   217    -0.793  0.00000
   218    -0.401  0.00000
   219    -0.400  0.00000
   220    -0.182  0.00000
   221    -0.046  0.00000
   222    -0.045  0.00000
   223     0.232  0.00000
   224     0.232  0.00000
   225     0.739  0.00000
   226     0.739  0.00000
   227     0.867  0.00000
   228     1.119  0.00000
   229     2.184  0.00000
   230     2.185  0.00000
   231     2.565  0.00000
   232     2.568  0.00000
   233     2.569  0.00000
   234     2.736  0.00000
   235     3.222  0.00000
   236     3.273  0.00000
   237     3.274  0.00000
   238     3.329  0.00000
   239     3.330  0.00000
   240     3.337  0.00000
   241     3.339  0.00000
   242     3.372  0.00000
   243     3.373  0.00000
   244     3.420  0.00000
   245     3.465  0.00000
   246     3.506  0.00000
   247     4.086  0.00000
   248     4.087  0.00000
   249     4.226  0.00000
   250     4.227  0.00000
   251     4.259  0.00000
   252     4.454  0.00000
   253     4.743  0.00000
   254     4.744  0.00000
   255     4.757  0.00000
   256     5.059  0.00000
   257     5.060  0.00000
   258     5.478  0.00000
   259     8.487  0.00000
   260     8.515  0.00000
   261     8.516  0.00000
   262     8.572  0.00000
   263     8.573  0.00000
   264     8.600  0.00000
   265     9.801  0.00000
   266     9.859  0.00000
   267     9.860  0.00000
   268    10.018  0.00000
   269    10.052  0.00000
   270    10.055  0.00000
   271    10.300  0.00000
   272    10.377  0.00000
   273    10.598  0.00000
   274    10.606  0.00000
   275    10.686  0.00000
   276    10.688  0.00000
   277    11.839  0.00000
   278    11.843  0.00000
   279    11.850  0.00000
   280    12.404  0.00000
   281    12.608  0.00000
   282    12.614  0.00000
   283    13.049  0.00000
   284    13.175  0.00000
   285    13.178  0.00000
   286    13.609  0.00000
   287    13.681  0.00000
   288    13.683  0.00000
   289    13.903  0.00000
   290    14.074  0.00000
   291    14.075  0.00000
   292    15.353  0.00000
   293    15.357  0.00000
   294    15.458  0.00000
   295    15.461  0.00000
   296    15.465  0.00000
   297    15.564  0.00000
   298    16.136  0.00000
   299    16.557  0.00000
   300    16.561  0.00000
   301    18.040  0.00000
   302    18.049  0.00000
   303    18.479  0.00000
   304    18.481  0.00000
   305    18.571  0.00000
   306    18.669  0.00000
   307    18.670  0.00000
   308    18.793  0.00000
   309    18.801  0.00000
   310    18.806  0.00000
   311    18.827  0.00000
   312    18.850  0.00000
   313    18.851  0.00000
   314    18.856  0.00000
   315    18.952  0.00000
   316    18.955  0.00000
   317    19.210  0.00000
   318    19.525  0.00000
   319    19.679  0.00000
   320    19.682  0.00000
   321    19.801  0.00000
   322    19.865  0.00000
   323    19.868  0.00000
   324    20.945  0.00000
   325    20.947  0.00000
   326    21.086  0.00000
   327    21.088  0.00000
   328    21.185  0.00000
   329    21.299  0.00000
   330    21.837  0.00000
   331    21.926  0.00000
   332    21.929  0.00000
   333    22.034  0.00000
   334    22.397  0.00000
   335    22.404  0.00000
   336    22.481  0.00000
   337    22.487  0.00000
   338    22.591  0.00000
   339    22.688  0.00000
   340    22.697  0.00000
   341    24.142  0.00000
   342    24.784  0.00000
   343    24.795  0.00000
   344    24.796  0.00000
   345    24.819  0.00000
   346    24.820  0.00000
   347    24.832  0.00000
   348    26.992  0.00000
   349    28.172  0.00000
   350    28.229  0.00000
   351    28.232  0.00000
   352    28.332  0.00000
   353    28.335  0.00000
   354    28.399  0.00000
   355    50.084  0.00000
   356    50.357  0.00000
   357    50.366  0.00000
   358    50.640  0.00000
   359    50.644  0.00000
   360    50.788  0.00000
   361    50.868  0.00000
   362    50.954  0.00000
   363    50.961  0.00000
   364    51.007  0.00000
   365    51.016  0.00000
   366    51.047  0.00000
   367    61.597  0.00000
   368    61.621  0.00000
   369    61.635  0.00000
   370    61.643  0.00000
   371    61.668  0.00000
   372    61.675  0.00000
   373    61.804  0.00000
   374    61.914  0.00000
   375    61.922  0.00000
   376    62.127  0.00000
   377    62.141  0.00000
   378    62.234  0.00000

