 Fermi distribution function

Calculation with static geometry


********************************************************************************
 iSCC Total electronic   Diff electronic      SCC error    
  152   -0.16386442E+03   -0.15631940E-11    0.99759282E-05
********************************************************************************

 Total charge:    -0.00000000

 Atomic gross charges (e)
 Atom           Charge
    1       0.05974424
    2       0.05976974
    3       0.05979472
    4       0.05973579
    5       0.05975843
    6       0.05979949
    7      -0.07223613
    8       0.00772335
    9       0.00308955
   10      -0.07308760
   11       0.06921650
   12      -0.07221865
   13       0.00769389
   14       0.00308307
   15      -0.07308039
   16       0.06923739
   17      -0.07223271
   18       0.00770624
   19       0.00307732
   20      -0.07307761
   21       0.06922718
   22      -0.07223222
   23       0.00772314
   24       0.00309052
   25      -0.07308226
   26       0.06921159
   27      -0.07222280
   28       0.00769206
   29       0.00308497
   30      -0.07309395
   31       0.06925387
   32      -0.07224051
   33       0.00770932
   34       0.00308761
   35      -0.07310179
   36       0.06925007
   37       0.09295575
   38      -0.09841980
   39      -0.07342720
   40      -0.09840568
   41       0.09295702
   42       0.09296361
   43      -0.09845281
   44      -0.07344988
   45      -0.09841864
   46       0.09296837
   47       0.09295027
   48      -0.09842968
   49      -0.07343882
   50      -0.09843714
   51       0.09297807
   52       0.08770783
   53      -0.08245747
   54       0.08120473
   55       0.08769358
   56       0.08119185
   57       0.08769951
   58       0.08770371
   59       0.08771583
   60       0.08769850
   61       0.09294978
   62      -0.09844024
   63      -0.07343150
   64      -0.09844502
   65       0.09299102
   66       0.09295529
   67      -0.09843136
   68      -0.07344187
   69      -0.09840427
   70       0.09297000
   71       0.09296051
   72      -0.09839702
   73      -0.07342905
   74      -0.09840768
   75       0.09294584
   76       0.08119949
   77       0.08769078
   78       0.08118672
   79       0.08770373
   80       0.08769909
   81       0.08119982
   82       0.08769927
   83       0.08769151
   84       0.08119170
   85      -0.08245043
   86      -0.00090107
   87      -0.00096569
   88      -0.08238708
   89      -0.08237346
   90      -0.00099617
   91      -0.00095282
   92      -0.08241346
   93      -0.08242911
   94      -0.00092268
   95      -0.00098063
   96      -0.08236813
   97      -0.08245476
   98      -0.00090799
   99      -0.00096924
  100      -0.08239404
  101      -0.08236602
  102      -0.00099828
  103      -0.00093349
  104      -0.08241491
  105      -0.08237158
  106      -0.00097225
  107      -0.00089187
  108       0.08770373

Nr. of electrons (up):    378.00000000
Atom populations (up)
 Atom       Population
    1       3.94025576
    2       3.94023026
    3       3.94020528
    4       3.94026421
    5       3.94024157
    6       3.94020051
    7       4.07223613
    8       3.99227665
    9       3.99691045
   10       4.07308760
   11       3.93078350
   12       4.07221865
   13       3.99230611
   14       3.99691693
   15       4.07308039
   16       3.93076261
   17       4.07223271
   18       3.99229376
   19       3.99692268
   20       4.07307761
   21       3.93077282
   22       4.07223222
   23       3.99227686
   24       3.99690948
   25       4.07308226
   26       3.93078841
   27       4.07222280
   28       3.99230794
   29       3.99691503
   30       4.07309395
   31       3.93074613
   32       4.07224051
   33       3.99229068
   34       3.99691239
   35       4.07310179
   36       3.93074993
   37       3.90704425
   38       4.09841980
   39       4.07342720
   40       4.09840568
   41       3.90704298
   42       3.90703639
   43       4.09845281
   44       4.07344988
   45       4.09841864
   46       3.90703163
   47       3.90704973
   48       4.09842968
   49       4.07343882
   50       4.09843714
   51       3.90702193
   52       0.91229217
   53       4.08245747
   54       0.91879527
   55       0.91230642
   56       0.91880815
   57       0.91230049
   58       0.91229629
   59       0.91228417
   60       0.91230150
   61       3.90705022
   62       4.09844024
   63       4.07343150
   64       4.09844502
   65       3.90700898
   66       3.90704471
   67       4.09843136
   68       4.07344187
   69       4.09840427
   70       3.90703000
   71       3.90703949
   72       4.09839702
   73       4.07342905
   74       4.09840768
   75       3.90705416
   76       0.91880051
   77       0.91230922
   78       0.91881328
   79       0.91229627
   80       0.91230091
   81       0.91880018
   82       0.91230073
   83       0.91230849
   84       0.91880830
   85       4.08245043
   86       4.00090107
   87       4.00096569
   88       4.08238708
   89       4.08237346
   90       4.00099617
   91       4.00095282
   92       4.08241346
   93       4.08242911
   94       4.00092268
   95       4.00098063
   96       4.08236813
   97       4.08245476
   98       4.00090799
   99       4.00096924
  100       4.08239404
  101       4.08236602
  102       4.00099828
  103       4.00093349
  104       4.08241491
  105       4.08237158
  106       4.00097225
  107       4.00089187
  108       0.91229627

l-shell populations (up)
 Atom Sh.   l       Population
    1   1   0       1.17191795
    1   2   1       2.76833782
    2   1   0       1.17194228
    2   2   1       2.76828799
    3   1   0       1.17195642
    3   2   1       2.76824887
    4   1   0       1.17192607
    4   2   1       2.76833815
    5   1   0       1.17193637
    5   2   1       2.76830520
    6   1   0       1.17195108
    6   2   1       2.76824943
    7   1   0       1.19992224
    7   2   1       2.87231389
    8   1   0       1.15881351
    8   2   1       2.83346314
    9   1   0       1.15867791
    9   2   1       2.83823253
   10   1   0       1.20285521
   10   2   1       2.87023239
   11   1   0       1.17210641
   11   2   1       2.75867709
   12   1   0       1.19986868
   12   2   1       2.87234997
   13   1   0       1.15876433
   13   2   1       2.83354179
   14   1   0       1.15863031
   14   2   1       2.83828662
   15   1   0       1.20280615
   15   2   1       2.87027424
   16   1   0       1.17206436
   16   2   1       2.75869825
   17   1   0       1.19988089
   17   2   1       2.87235182
   18   1   0       1.15876582
   18   2   1       2.83352794
   19   1   0       1.15862670
   19   2   1       2.83829598
   20   1   0       1.20280615
   20   2   1       2.87027146
   21   1   0       1.17207351
   21   2   1       2.75869931
   22   1   0       1.19992324
   22   2   1       2.87230899
   23   1   0       1.15881490
   23   2   1       2.83346196
   24   1   0       1.15867973
   24   2   1       2.83822975
   25   1   0       1.20285353
   25   2   1       2.87022873
   26   1   0       1.17211294
   26   2   1       2.75867547
   27   1   0       1.19986010
   27   2   1       2.87236271
   28   1   0       1.15875324
   28   2   1       2.83355470
   29   1   0       1.15861556
   29   2   1       2.83829947
   30   1   0       1.20280369
   30   2   1       2.87029026
   31   1   0       1.17206310
   31   2   1       2.75868303
   32   1   0       1.19989102
   32   2   1       2.87234949
   33   1   0       1.15877552
   33   2   1       2.83351517
   34   1   0       1.15863694
   34   2   1       2.83827545
   35   1   0       1.20282789
   35   2   1       2.87027390
   36   1   0       1.17208514
   36   2   1       2.75866479
   37   1   0       1.16482384
   37   2   1       2.74222042
   38   1   0       1.23077297
   38   2   1       2.86764683
   39   1   0       1.22291947
   39   2   1       2.85050773
   40   1   0       1.23076675
   40   2   1       2.86763893
   41   1   0       1.16479707
   41   2   1       2.74224591
   42   1   0       1.16480637
   42   2   1       2.74223002
   43   1   0       1.23076619
   43   2   1       2.86768662
   44   1   0       1.22291804
   44   2   1       2.85053184
   45   1   0       1.23076037
   45   2   1       2.86765828
   46   1   0       1.16478755
   46   2   1       2.74224408
   47   1   0       1.16476464
   47   2   1       2.74228509
   48   1   0       1.23076209
   48   2   1       2.86766760
   49   1   0       1.22291857
   49   2   1       2.85052025
   50   1   0       1.23075732
   50   2   1       2.86767982
   51   1   0       1.16479390
   51   2   1       2.74222803
   52   1   0       0.91229217
   53   1   0       1.20676097
   53   2   1       2.87569650
   54   1   0       0.91879527
   55   1   0       0.91230642
   56   1   0       0.91880815
   57   1   0       0.91230049
   58   1   0       0.91229629
   59   1   0       0.91228417
   60   1   0       0.91230150
   61   1   0       1.16478939
   61   2   1       2.74226084
   62   1   0       1.23076782
   62   2   1       2.86767242
   63   1   0       1.22291162
   63   2   1       2.85051988
   64   1   0       1.23073929
   64   2   1       2.86770573
   65   1   0       1.16477943
   65   2   1       2.74222955
   66   1   0       1.16479899
   66   2   1       2.74224572
   67   1   0       1.23076606
   67   2   1       2.86766530
   68   1   0       1.22291919
   68   2   1       2.85052268
   69   1   0       1.23076266
   69   2   1       2.86764161
   70   1   0       1.16479455
   70   2   1       2.74223545
   71   1   0       1.16481763
   71   2   1       2.74222186
   72   1   0       1.23076697
   72   2   1       2.86763005
   73   1   0       1.22292166
   73   2   1       2.85050739
   74   1   0       1.23077540
   74   2   1       2.86763228
   75   1   0       1.16482692
   75   2   1       2.74222724
   76   1   0       0.91880051
   77   1   0       0.91230922
   78   1   0       0.91881328
   79   1   0       0.91229627
   80   1   0       0.91230091
   81   1   0       0.91880018
   82   1   0       0.91230073
   83   1   0       0.91230849
   84   1   0       0.91880830
   85   1   0       1.20676576
   85   2   1       2.87568468
   86   1   0       1.15996826
   86   2   1       2.84093281
   87   1   0       1.15997344
   87   2   1       2.84099225
   88   1   0       1.20675846
   88   2   1       2.87562862
   89   1   0       1.20671670
   89   2   1       2.87565676
   90   1   0       1.15993001
   90   2   1       2.84106616
   91   1   0       1.15992547
   91   2   1       2.84102735
   92   1   0       1.20671686
   92   2   1       2.87569659
   93   1   0       1.20673769
   93   2   1       2.87569143
   94   1   0       1.15994416
   94   2   1       2.84097852
   95   1   0       1.15995011
   95   2   1       2.84103053
   96   1   0       1.20672950
   96   2   1       2.87563863
   97   1   0       1.20675313
   97   2   1       2.87570163
   98   1   0       1.15994618
   98   2   1       2.84096181
   99   1   0       1.15994929
   99   2   1       2.84101995
  100   1   0       1.20674914
  100   2   1       2.87564490
  101   1   0       1.20674237
  101   2   1       2.87562364
  102   1   0       1.15995952
  102   2   1       2.84103876
  103   1   0       1.15994920
  103   2   1       2.84098428
  104   1   0       1.20673657
  104   2   1       2.87567834
  105   1   0       1.20674163
  105   2   1       2.87562995
  106   1   0       1.15995244
  106   2   1       2.84101981
  107   1   0       1.15994728
  107   2   1       2.84094460
  108   1   0       0.91229627

Orbital populations (up)
 Atom Sh.   l   m       Population  Label
    1   1   0   0       1.17191795  s
    1   2   1  -1       0.88736280  p_y
    1   2   1   0       1.01187405  p_z
    1   2   1   1       0.86910097  p_x
    2   1   0   0       1.17194228  s
    2   2   1  -1       0.88495166  p_y
    2   2   1   0       1.01187084  p_z
    2   2   1   1       0.87146549  p_x
    3   1   0   0       1.17195642  s
    3   2   1  -1       0.86228160  p_y
    3   2   1   0       1.01187425  p_z
    3   2   1   1       0.89409302  p_x
    4   1   0   0       1.17192607  s
    4   2   1  -1       0.88736410  p_y
    4   2   1   0       1.01189292  p_z
    4   2   1   1       0.86908113  p_x
    5   1   0   0       1.17193637  s
    5   2   1  -1       0.88494310  p_y
    5   2   1   0       1.01187158  p_z
    5   2   1   1       0.87149052  p_x
    6   1   0   0       1.17195108  s
    6   2   1  -1       0.86227457  p_y
    6   2   1   0       1.01187863  p_z
    6   2   1   1       0.89409623  p_x
    7   1   0   0       1.19992224  s
    7   2   1  -1       0.86083088  p_y
    7   2   1   0       1.00708277  p_z
    7   2   1   1       1.00440024  p_x
    8   1   0   0       1.15881351  s
    8   2   1  -1       0.83764479  p_y
    8   2   1   0       0.98404359  p_z
    8   2   1   1       1.01177476  p_x
    9   1   0   0       1.15867791  s
    9   2   1  -1       0.83747765  p_y
    9   2   1   0       0.98679415  p_z
    9   2   1   1       1.01396073  p_x
   10   1   0   0       1.20285521  s
   10   2   1  -1       0.86380427  p_y
   10   2   1   0       1.00454622  p_z
   10   2   1   1       1.00188190  p_x
   11   1   0   0       1.17210641  s
   11   2   1  -1       0.85786130  p_y
   11   2   1   0       1.00474901  p_z
   11   2   1   1       0.89606678  p_x
   12   1   0   0       1.19986868  s
   12   2   1  -1       0.97384356  p_y
   12   2   1   0       1.00708018  p_z
   12   2   1   1       0.89142623  p_x
   13   1   0   0       1.15876433  s
   13   2   1  -1       0.97440757  p_y
   13   2   1   0       0.98409439  p_z
   13   2   1   1       0.87503983  p_x
   14   1   0   0       1.15863031  s
   14   2   1  -1       0.97584551  p_y
   14   2   1   0       0.98680709  p_z
   14   2   1   1       0.87563402  p_x
   15   1   0   0       1.20280615  s
   15   2   1  -1       0.97224507  p_y
   15   2   1   0       1.00458872  p_z
   15   2   1   1       0.89344045  p_x
   16   1   0   0       1.17206436  s
   16   2   1  -1       0.88791810  p_y
   16   2   1   0       1.00478661  p_z
   16   2   1   1       0.86599354  p_x
   17   1   0   0       1.19988089  s
   17   2   1  -1       0.96280094  p_y
   17   2   1   0       1.00707330  p_z
   17   2   1   1       0.90247758  p_x
   18   1   0   0       1.15876582  s
   18   2   1  -1       0.96140991  p_y
   18   2   1   0       0.98398968  p_z
   18   2   1   1       0.88812835  p_x
   19   1   0   0       1.15862670  s
   19   2   1  -1       0.96307912  p_y
   19   2   1   0       0.98673615  p_z
   19   2   1   1       0.88848071  p_x
   20   1   0   0       1.20280615  s
   20   2   1  -1       0.96249764  p_y
   20   2   1   0       1.00444188  p_z
   20   2   1   1       0.90333194  p_x
   21   1   0   0       1.17207351  s
   21   2   1  -1       0.88521373  p_y
   21   2   1   0       1.00465091  p_z
   21   2   1   1       0.86883467  p_x
   22   1   0   0       1.19992324  s
   22   2   1  -1       0.86080499  p_y
   22   2   1   0       1.00711124  p_z
   22   2   1   1       1.00439275  p_x
   23   1   0   0       1.15881490  s
   23   2   1  -1       0.83761778  p_y
   23   2   1   0       0.98407185  p_z
   23   2   1   1       1.01177233  p_x
   24   1   0   0       1.15867973  s
   24   2   1  -1       0.83743884  p_y
   24   2   1   0       0.98685418  p_z
   24   2   1   1       1.01393674  p_x
   25   1   0   0       1.20285353  s
   25   2   1  -1       0.86381573  p_y
   25   2   1   0       1.00453727  p_z
   25   2   1   1       1.00187573  p_x
   26   1   0   0       1.17211294  s
   26   2   1  -1       0.85790209  p_y
   26   2   1   0       1.00464044  p_z
   26   2   1   1       0.89613294  p_x
   27   1   0   0       1.19986010  s
   27   2   1  -1       0.97387558  p_y
   27   2   1   0       1.00708515  p_z
   27   2   1   1       0.89140198  p_x
   28   1   0   0       1.15875324  s
   28   2   1  -1       0.97456040  p_y
   28   2   1   0       0.98403566  p_z
   28   2   1   1       0.87495864  p_x
   29   1   0   0       1.15861556  s
   29   2   1  -1       0.97610937  p_y
   29   2   1   0       0.98675906  p_z
   29   2   1   1       0.87543104  p_x
   30   1   0   0       1.20280369  s
   30   2   1  -1       0.97242624  p_y
   30   2   1   0       1.00438447  p_z
   30   2   1   1       0.89347955  p_x
   31   1   0   0       1.17206310  s
   31   2   1  -1       0.88807475  p_y
   31   2   1   0       1.00443176  p_z
   31   2   1   1       0.86617652  p_x
   32   1   0   0       1.19989102  s
   32   2   1  -1       0.96292083  p_y
   32   2   1   0       1.00709551  p_z
   32   2   1   1       0.90233315  p_x
   33   1   0   0       1.15877552  s
   33   2   1  -1       0.96173453  p_y
   33   2   1   0       0.98387661  p_z
   33   2   1   1       0.88790402  p_x
   34   1   0   0       1.15863694  s
   34   2   1  -1       0.96339260  p_y
   34   2   1   0       0.98662520  p_z
   34   2   1   1       0.88825765  p_x
   35   1   0   0       1.20282789  s
   35   2   1  -1       0.96279477  p_y
   35   2   1   0       1.00403569  p_z
   35   2   1   1       0.90344343  p_x
   36   1   0   0       1.17208514  s
   36   2   1  -1       0.88551218  p_y
   36   2   1   0       1.00406363  p_z
   36   2   1   1       0.86908898  p_x
   37   1   0   0       1.16482384  s
   37   2   1  -1       0.89284119  p_y
   37   2   1   0       0.98942920  p_z
   37   2   1   1       0.85995003  p_x
   38   1   0   0       1.23077297  s
   38   2   1  -1       0.91694490  p_y
   38   2   1   0       1.01534856  p_z
   38   2   1   1       0.93535338  p_x
   39   1   0   0       1.22291947  s
   39   2   1  -1       0.93782937  p_y
   39   2   1   0       0.99862278  p_z
   39   2   1   1       0.91405559  p_x
   40   1   0   0       1.23076675  s
   40   2   1  -1       0.91503835  p_y
   40   2   1   0       1.01533098  p_z
   40   2   1   1       0.93726960  p_x
   41   1   0   0       1.16479707  s
   41   2   1  -1       0.88983193  p_y
   41   2   1   0       0.98943863  p_z
   41   2   1   1       0.86297535  p_x
   42   1   0   0       1.16480637  s
   42   2   1  -1       0.88633571  p_y
   42   2   1   0       0.98897385  p_z
   42   2   1   1       0.86692046  p_x
   43   1   0   0       1.23076619  s
   43   2   1  -1       0.94113496  p_y
   43   2   1   0       1.01487805  p_z
   43   2   1   1       0.91167361  p_x
   44   1   0   0       1.22291804  s
   44   2   1  -1       0.92101241  p_y
   44   2   1   0       0.99827872  p_z
   44   2   1   1       0.93124071  p_x
   45   1   0   0       1.23076037  s
   45   2   1  -1       0.92046203  p_y
   45   2   1   0       1.01476662  p_z
   45   2   1   1       0.93242962  p_x
   46   1   0   0       1.16478755  s
   46   2   1  -1       0.85422974  p_y
   46   2   1   0       0.98881055  p_z
   46   2   1   1       0.89920379  p_x
   47   1   0   0       1.16476464  s
   47   2   1  -1       0.88243894  p_y
   47   2   1   0       0.98949671  p_z
   47   2   1   1       0.87034944  p_x
   48   1   0   0       1.23076209  s
   48   2   1  -1       0.94139961  p_y
   48   2   1   0       1.01538147  p_z
   48   2   1   1       0.91088652  p_x
   49   1   0   0       1.22291857  s
   49   2   1  -1       0.91905074  p_y
   49   2   1   0       0.99867377  p_z
   49   2   1   1       0.93279573  p_x
   50   1   0   0       1.23075732  s
   50   2   1  -1       0.92254128  p_y
   50   2   1   0       1.01540051  p_z
   50   2   1   1       0.92973804  p_x
   51   1   0   0       1.16479390  s
   51   2   1  -1       0.85310714  p_y
   51   2   1   0       0.98948712  p_z
   51   2   1   1       0.89963378  p_x
   52   1   0   0       0.91229217  s
   53   1   0   0       1.20676097  s
   53   2   1  -1       0.86642595  p_y
   53   2   1   0       1.00675790  p_z
   53   2   1   1       1.00251266  p_x
   54   1   0   0       0.91879527  s
   55   1   0   0       0.91230642  s
   56   1   0   0       0.91880815  s
   57   1   0   0       0.91230049  s
   58   1   0   0       0.91229629  s
   59   1   0   0       0.91228417  s
   60   1   0   0       0.91230150  s
   61   1   0   0       1.16478939  s
   61   2   1  -1       0.88255264  p_y
   61   2   1   0       0.98924359  p_z
   61   2   1   1       0.87046460  p_x
   62   1   0   0       1.23076782  s
   62   2   1  -1       0.94149542  p_y
   62   2   1   0       1.01515638  p_z
   62   2   1   1       0.91102062  p_x
   63   1   0   0       1.22291162  s
   63   2   1  -1       0.91916726  p_y
   63   2   1   0       0.99846966  p_z
   63   2   1   1       0.93288295  p_x
   64   1   0   0       1.23073929  s
   64   2   1  -1       0.92272535  p_y
   64   2   1   0       1.01509932  p_z
   64   2   1   1       0.92988106  p_x
   65   1   0   0       1.16477943  s
   65   2   1  -1       0.85336393  p_y
   65   2   1   0       0.98909835  p_z
   65   2   1   1       0.89976726  p_x
   66   1   0   0       1.16479899  s
   66   2   1  -1       0.88615093  p_y
   66   2   1   0       0.98942123  p_z
   66   2   1   1       0.86667356  p_x
   67   1   0   0       1.23076606  s
   67   2   1  -1       0.94093837  p_y
   67   2   1   0       1.01529296  p_z
   67   2   1   1       0.91143397  p_x
   68   1   0   0       1.22291919  s
   68   2   1  -1       0.92082347  p_y
   68   2   1   0       0.99862080  p_z
   68   2   1   1       0.93107841  p_x
   69   1   0   0       1.23076266  s
   69   2   1  -1       0.92014690  p_y
   69   2   1   0       1.01526950  p_z
   69   2   1   1       0.93222522  p_x
   70   1   0   0       1.16479455  s
   70   2   1  -1       0.85382712  p_y
   70   2   1   0       0.98939695  p_z
   70   2   1   1       0.89901138  p_x
   71   1   0   0       1.16481763  s
   71   2   1  -1       0.88981034  p_y
   71   2   1   0       0.98928548  p_z
   71   2   1   1       0.86312603  p_x
   72   1   0   0       1.23076697  s
   72   2   1  -1       0.91502527  p_y
   72   2   1   0       1.01522805  p_z
   72   2   1   1       0.93737672  p_x
   73   1   0   0       1.22292166  s
   73   2   1  -1       0.93785347  p_y
   73   2   1   0       0.99853862  p_z
   73   2   1   1       0.91411530  p_x
   74   1   0   0       1.23077540  s
   74   2   1  -1       0.91702115  p_y
   74   2   1   0       1.01526607  p_z
   74   2   1   1       0.93534506  p_x
   75   1   0   0       1.16482692  s
   75   2   1  -1       0.89291630  p_y
   75   2   1   0       0.98934852  p_z
   75   2   1   1       0.85996242  p_x
   76   1   0   0       0.91880051  s
   77   1   0   0       0.91230922  s
   78   1   0   0       0.91881328  s
   79   1   0   0       0.91229627  s
   80   1   0   0       0.91230091  s
   81   1   0   0       0.91880018  s
   82   1   0   0       0.91230073  s
   83   1   0   0       0.91230849  s
   84   1   0   0       0.91880830  s
   85   1   0   0       1.20676576  s
   85   2   1  -1       0.97215285  p_y
   85   2   1   0       1.00706662  p_z
   85   2   1   1       0.89646520  p_x
   86   1   0   0       1.15996826  s
   86   2   1  -1       0.97711690  p_y
   86   2   1   0       0.98882051  p_z
   86   2   1   1       0.87499540  p_x
   87   1   0   0       1.15997344  s
   87   2   1  -1       0.97672030  p_y
   87   2   1   0       0.98868944  p_z
   87   2   1   1       0.87558251  p_x
   88   1   0   0       1.20675846  s
   88   2   1  -1       0.97441138  p_y
   88   2   1   0       1.00718399  p_z
   88   2   1   1       0.89403325  p_x
   89   1   0   0       1.20671670  s
   89   2   1  -1       0.96466946  p_y
   89   2   1   0       1.00719433  p_z
   89   2   1   1       0.90379297  p_x
   90   1   0   0       1.15993001  s
   90   2   1  -1       0.96396545  p_y
   90   2   1   0       0.98885954  p_z
   90   2   1   1       0.88824116  p_x
   91   1   0   0       1.15992547  s
   91   2   1  -1       0.96403210  p_y
   91   2   1   0       0.98884568  p_z
   91   2   1   1       0.88814958  p_x
   92   1   0   0       1.20671686  s
   92   2   1  -1       0.96199523  p_y
   92   2   1   0       1.00725079  p_z
   92   2   1   1       0.90645057  p_x
   93   1   0   0       1.20673769  s
   93   2   1  -1       0.86593354  p_y
   93   2   1   0       1.00724599  p_z
   93   2   1   1       1.00251189  p_x
   94   1   0   0       1.15994416  s
   94   2   1  -1       0.83761442  p_y
   94   2   1   0       0.98880957  p_z
   94   2   1   1       1.01455452  p_x
   95   1   0   0       1.15995011  s
   95   2   1  -1       0.83756476  p_y
   95   2   1   0       0.98884396  p_z
   95   2   1   1       1.01462180  p_x
   96   1   0   0       1.20672950  s
   96   2   1  -1       0.86612836  p_y
   96   2   1   0       1.00717752  p_z
   96   2   1   1       1.00233275  p_x
   97   1   0   0       1.20675313  s
   97   2   1  -1       0.97221484  p_y
   97   2   1   0       1.00724938  p_z
   97   2   1   1       0.89623742  p_x
   98   1   0   0       1.15994618  s
   98   2   1  -1       0.97736514  p_y
   98   2   1   0       0.98884267  p_z
   98   2   1   1       0.87475400  p_x
   99   1   0   0       1.15994929  s
   99   2   1  -1       0.97695053  p_y
   99   2   1   0       0.98886522  p_z
   99   2   1   1       0.87520419  p_x
  100   1   0   0       1.20674914  s
  100   2   1  -1       0.97463820  p_y
  100   2   1   0       1.00717954  p_z
  100   2   1   1       0.89382715  p_x
  101   1   0   0       1.20674237  s
  101   2   1  -1       0.96453652  p_y
  101   2   1   0       1.00697937  p_z
  101   2   1   1       0.90410775  p_x
  102   1   0   0       1.15995952  s
  102   2   1  -1       0.96384232  p_y
  102   2   1   0       0.98866153  p_z
  102   2   1   1       0.88853492  p_x
  103   1   0   0       1.15994920  s
  103   2   1  -1       0.96387632  p_y
  103   2   1   0       0.98872449  p_z
  103   2   1   1       0.88838348  p_x
  104   1   0   0       1.20673657  s
  104   2   1  -1       0.96195614  p_y
  104   2   1   0       1.00716150  p_z
  104   2   1   1       0.90656071  p_x
  105   1   0   0       1.20674163  s
  105   2   1  -1       0.86679233  p_y
  105   2   1   0       1.00651447  p_z
  105   2   1   1       1.00232316  p_x
  106   1   0   0       1.15995244  s
  106   2   1  -1       0.83841260  p_y
  106   2   1   0       0.98804533  p_z
  106   2   1   1       1.01456188  p_x
  107   1   0   0       1.15994728  s
  107   2   1  -1       0.83847017  p_y
  107   2   1   0       0.98796153  p_z
  107   2   1   1       1.01451291  p_x
  108   1   0   0       0.91229627  s

Fermi level:                        -0.1652999920 H           -4.4980 eV
Band energy:                      -160.6147228466 H        -4370.5490 eV
TS:                                  0.0000000000 H            0.0000 eV
Band free energy (E-TS):          -160.6147228466 H        -4370.5490 eV
Extrapolated E(0K):               -160.6147228466 H        -4370.5490 eV
Input / Output electrons (q):    378.0000000000    378.0000000000

Energy H0:                        -163.8878099329 H        -4459.6142 eV
Energy SCC:                          0.0233849504 H            0.6363 eV
Total Electronic energy:          -163.8644249825 H        -4458.9779 eV
Repulsive energy:                    4.5457095917 H          123.6951 eV
Dispersion energy:                   0.5689945656 H           15.4831 eV
Total energy:                     -158.7497208252 H        -4319.7997 eV
Extrapolated to 0:                -158.7497208252 H        -4319.7997 eV
Total Mermin free energy:         -158.7497208252 H        -4319.7997 eV
Force related energy:             -158.7497208252 H        -4319.7997 eV

SCC converged

Dipole moment:    0.00013922    0.00047391    0.05519539 au
Dipole moment:    0.00035386    0.00120456    0.14029270 Debye


